#
# A fatal error has been detected by the Java Runtime Environment:
#
#  SIGSEGV (0xb) at pc=0x00007f5089afde99, pid=8950, tid=0x00007f50b20a5700
#
# JRE version: OpenJDK Runtime Environment (8.0_151-b12) (build 1.8.0_151-8u151-b12-1-b12)
# Java VM: OpenJDK 64-Bit Server VM (25.151-b12 mixed mode linux-amd64 compressed oops)
# Problematic frame:
# C  [liblwjgl_opengl.so+0x45e99]  Java_org_lwjgl_opengl_GL20_glCreateShader+0x9
#
# Failed to write core dump. Core dumps have been disabled. To enable core dumping, try "ulimit -c unlimited" before starting Java again
#
# If you would like to submit a bug report, please visit:
#   http://bugreport.java.com/bugreport/crash.jsp
# The crash happened outside the Java Virtual Machine in native code.
# See problematic frame for where to report the bug.
#

---------------  T H R E A D  ---------------

Current thread (0x00007f50a800b800):  JavaThread "main" [_thread_in_native, id=8951, stack(0x00007f50b1fa5000,0x00007f50b20a6000)]

siginfo: si_signo: 11 (SIGSEGV), si_code: 1 (SEGV_MAPERR), si_addr: 0x00000000000008a8

Registers:
RAX=0x0000000000000000, RBX=0x00007f5098c0adc0, RCX=0x0000000000000018, RDX=0x0000000000008b31
RSP=0x00007f50b20a46f8, RBP=0x00007f50b20a4748, RSI=0x00007f50b20a4758, RDI=0x0000000000008b31
R8 =0x00007f5098c0adc0, R9 =0x0000000000000004, R10=0x00007f5099017108, R11=0x00007f50b0cd81e0
R12=0x0000000000000000, R13=0x00007f5098c0adb0, R14=0x00007f50b20a4768, R15=0x00007f50a800b800
RIP=0x00007f5089afde99, EFLAGS=0x0000000000010283, CSGSFS=0x002b000000000033, ERR=0x0000000000000004
  TRAPNO=0x000000000000000e

Top of Stack: (sp=0x00007f50b20a46f8)
0x00007f50b20a46f8:   00007f5099017134 00007f5099016e82
0x00007f50b20a4708:   00007f50b20a4708 00007f5098c0adb0
0x00007f50b20a4718:   00007f50b20a4768 00007f5098c1dbd0
0x00007f50b20a4728:   0000000000000000 00007f5098c0adc0
0x00007f50b20a4738:   0000000000000000 00007f50b20a4768
0x00007f50b20a4748:   00007f50b20a47b0 00007f5099007a40
0x00007f50b20a4758:   000000076ccede48 00007f5099011276
0x00007f50b20a4768:   0000000000008b31 00007f50b20a4770
0x00007f50b20a4778:   00007f5098c07102 00007f50b20a47e0
0x00007f50b20a4788:   00007f5098c07238 0000000000000000
0x00007f50b20a4798:   00007f5098c071b0 00007f50b20a4768
0x00007f50b20a47a8:   00007f50b20a47d8 00007f50b20a4830
0x00007f50b20a47b8:   00007f5099007a40 0000000000000000
0x00007f50b20a47c8:   000000076ccb4780 000000076ccb4578
0x00007f50b20a47d8:   0000000000008b31 000000076ccb3c50
0x00007f50b20a47e8:   000000076ccb43a0 00007f50b20a47f0
0x00007f50b20a47f8:   00007f5098c06c60 00007f50b20a4850
0x00007f50b20a4808:   00007f5098c07238 0000000000000000
0x00007f50b20a4818:   00007f5098c06cd8 00007f50b20a47d8
0x00007f50b20a4828:   00007f50b20a4840 00007f50b20a4898
0x00007f50b20a4838:   00007f5099007ffd 000000076ccb3cb8
0x00007f50b20a4848:   000000076ccb3c50 000000076ccb43a0
0x00007f50b20a4858:   00007f50b20a4858 00007f5098c0645d
0x00007f50b20a4868:   00007f50b20a48a8 00007f5098c07660
0x00007f50b20a4878:   0000000000000000 00007f5098c06480
0x00007f50b20a4888:   00007f50b20a4840 00007f50b20a48a8
0x00007f50b20a4898:   00007f50b20a4900 00007f5099007ffd
0x00007f50b20a48a8:   000000076ccb43a0 000000076ccb43a0
0x00007f50b20a48b8:   000000076cca37a8 00007f50b20a48c0
0x00007f50b20a48c8:   00007f5098c03b73 00007f50b20a4948
0x00007f50b20a48d8:   00007f5098c04150 0000000000000000
0x00007f50b20a48e8:   00007f5098c03d00 00007f50b20a48a8 

Instructions: (pc=0x00007f5089afde99)
0x00007f5089afde79:   48 8b 80 00 0a 00 00 ff e0 66 66 66 66 66 2e 0f
0x00007f5089afde89:   1f 84 00 00 00 00 00 48 8b 07 89 d7 48 8b 40 18
0x00007f5089afde99:   48 8b 80 a8 08 00 00 ff e0 66 66 66 66 66 2e 0f
0x00007f5089afdea9:   1f 84 00 00 00 00 00 48 8b 07 89 d7 48 8b 40 18 

Register to memory mapping:

RAX=0x0000000000000000 is an unknown value
RBX={method} {0x00007f5098c0adc0} 'glCreateShader' '(I)I' in 'org/lwjgl/opengl/GL20'
RCX=0x0000000000000018 is an unknown value
RDX=0x0000000000008b31 is an unknown value
RSP=0x00007f50b20a46f8 is pointing into the stack for thread: 0x00007f50a800b800
RBP=0x00007f50b20a4748 is pointing into the stack for thread: 0x00007f50a800b800
RSI=0x00007f50b20a4758 is pointing into the stack for thread: 0x00007f50a800b800
RDI=0x0000000000008b31 is an unknown value
R8 ={method} {0x00007f5098c0adc0} 'glCreateShader' '(I)I' in 'org/lwjgl/opengl/GL20'
R9 =0x0000000000000004 is an unknown value
R10=0x00007f5099017108 is at code_begin+808 in an Interpreter codelet
method entry point (kind = native)  [0x00007f5099016de0, 0x00007f50990176e0]  2304 bytes
R11=0x00007f50b0cd81e0: <offset 0x9901e0> in /usr/lib/jvm/java-8-openjdk-amd64/jre/lib/amd64/server/libjvm.so at 0x00007f50b0348000
R12=0x0000000000000000 is an unknown value
R13=0x00007f5098c0adb0 is pointing into metadata
R14=0x00007f50b20a4768 is pointing into the stack for thread: 0x00007f50a800b800
R15=0x00007f50a800b800 is a thread


Stack: [0x00007f50b1fa5000,0x00007f50b20a6000],  sp=0x00007f50b20a46f8,  free space=1021k
Native frames: (J=compiled Java code, j=interpreted, Vv=VM code, C=native code)
C  [liblwjgl_opengl.so+0x45e99]  Java_org_lwjgl_opengl_GL20_glCreateShader+0x9
j  Shaders.ShaderProgram.loadShader(Ljava/lang/String;I)I+66
j  Shaders.ShaderProgram.<init>(Ljava/lang/String;Ljava/lang/String;)V+8
j  Shaders.StaticShader.<init>()V+5
j  Engine.Main.init()V+27
j  Engine.Main.run()V+1
j  Engine.Main.main([Ljava/lang/String;)V+7
v  ~StubRoutines::call_stub
V  [libjvm.so+0x67b49b]
V  [libjvm.so+0x69f617]
V  [libjvm.so+0x6a1fd3]
C  [libjli.so+0x3726]
C  [libjli.so+0x76dd]
C  [libpthread.so.0+0x7519]  start_thread+0xd9

Java frames: (J=compiled Java code, j=interpreted, Vv=VM code)
j  org.lwjgl.opengl.GL20.glCreateShader(I)I+0
j  Shaders.ShaderProgram.loadShader(Ljava/lang/String;I)I+66
j  Shaders.ShaderProgram.<init>(Ljava/lang/String;Ljava/lang/String;)V+8
j  Shaders.StaticShader.<init>()V+5
j  Engine.Main.init()V+27
j  Engine.Main.run()V+1
j  Engine.Main.main([Ljava/lang/String;)V+7
v  ~StubRoutines::call_stub

---------------  P R O C E S S  ---------------

Java Threads: ( => current thread )
  0x00007f50a8388000 JavaThread "Service Thread" daemon [_thread_blocked, id=8988, stack(0x00007f508a297000,0x00007f508a398000)]
  0x00007f50a8369000 JavaThread "C1 CompilerThread3" daemon [_thread_blocked, id=8987, stack(0x00007f508a5b2000,0x00007f508a6b3000)]
  0x00007f50a8367000 JavaThread "C2 CompilerThread2" daemon [_thread_blocked, id=8986, stack(0x00007f508a6b3000,0x00007f508a7b4000)]
  0x00007f50a8364800 JavaThread "C2 CompilerThread1" daemon [_thread_blocked, id=8985, stack(0x00007f508a7b4000,0x00007f508a8b5000)]
  0x00007f50a8362800 JavaThread "C2 CompilerThread0" daemon [_thread_blocked, id=8984, stack(0x00007f508a8b5000,0x00007f508a9b6000)]
  0x00007f50a8361000 JavaThread "Monitor Ctrl-Break" daemon [_thread_in_native, id=8983, stack(0x00007f508a9b6000,0x00007f508aab7000)]
  0x00007f50a8200000 JavaThread "Signal Dispatcher" daemon [_thread_blocked, id=8981, stack(0x00007f508aab7000,0x00007f508abb8000)]
  0x00007f50a81d4800 JavaThread "Finalizer" daemon [_thread_blocked, id=8972, stack(0x00007f508aced000,0x00007f508adee000)]
  0x00007f50a81d0000 JavaThread "Reference Handler" daemon [_thread_blocked, id=8971, stack(0x00007f508adee000,0x00007f508aeef000)]
=>0x00007f50a800b800 JavaThread "main" [_thread_in_native, id=8951, stack(0x00007f50b1fa5000,0x00007f50b20a6000)]

Other Threads:
  0x00007f50a81c8800 VMThread [stack: 0x00007f508aeef000,0x00007f508aff0000] [id=8969]
  0x00007f50a838a800 WatcherThread [stack: 0x00007f508a196000,0x00007f508a297000] [id=8989]

VM state:not at safepoint (normal execution)

VM Mutex/Monitor currently owned by a thread: None

Heap:
 PSYoungGen      total 74752K, used 10380K [0x000000076cb00000, 0x0000000771e00000, 0x00000007c0000000)
  eden space 64512K, 16% used [0x000000076cb00000,0x000000076d523070,0x0000000770a00000)
  from space 10240K, 0% used [0x0000000771400000,0x0000000771400000,0x0000000771e00000)
  to   space 10240K, 0% used [0x0000000770a00000,0x0000000770a00000,0x0000000771400000)
 ParOldGen       total 171008K, used 0K [0x00000006c6000000, 0x00000006d0700000, 0x000000076cb00000)
  object space 171008K, 0% used [0x00000006c6000000,0x00000006c6000000,0x00000006d0700000)
 Metaspace       used 5752K, capacity 5922K, committed 6144K, reserved 1056768K
  class space    used 635K, capacity 703K, committed 768K, reserved 1048576K

Card table byte_map: [0x00007f50adc4f000,0x00007f50ae420000] byte_map_base: 0x00007f50aa61f000

Marking Bits: (ParMarkBitMap*) 0x00007f50b12a10e0
 Begin Bits: [0x00007f506c300000, 0x00007f5070180000)
 End Bits:   [0x00007f5070180000, 0x00007f5074000000)

Polling page: 0x00007f50b20e5000

CodeCache: size=245760Kb used=1898Kb max_used=1898Kb free=243861Kb
 bounds [0x00007f5099000000, 0x00007f5099270000, 0x00007f50a8000000]
 total_blobs=729 nmethods=407 adapters=238
 compilation: enabled

Compilation events (10 events):
Event: 0.283 Thread 0x00007f50a8369000 nmethod 397 0x00007f50991d80d0 code [0x00007f50991d8240, 0x00007f50991d83d0]
Event: 0.283 Thread 0x00007f50a8369000  398       3       java.util.zip.ZipFile::access$400 (5 bytes)
Event: 0.283 Thread 0x00007f50a8369000 nmethod 398 0x00007f50991d8450 code [0x00007f50991d85a0, 0x00007f50991d86d0]
Event: 0.286 Thread 0x00007f50a8369000  400       3       java.lang.ref.Finalizer::register (10 bytes)
Event: 0.286 Thread 0x00007f50a8369000 nmethod 400 0x00007f50991d8b10 code [0x00007f50991d8ca0, 0x00007f50991d90c8]
Event: 0.286 Thread 0x00007f50a8369000  401       3       java.lang.ref.Finalizer::<init> (23 bytes)
Event: 0.286 Thread 0x00007f50a8369000 nmethod 401 0x00007f50991d9290 code [0x00007f50991d9420, 0x00007f50991d97a8]
Event: 0.293 Thread 0x00007f50a8369000  405       3       java.lang.StringCoding::deref (19 bytes)
Event: 0.293 Thread 0x00007f50a8369000 nmethod 405 0x00007f50991d9910 code [0x00007f50991d9aa0, 0x00007f50991d9f48]
Event: 0.293 Thread 0x00007f50a8369000  406       3       java.lang.StringCoding::access$000 (6 bytes)

GC Heap History (0 events):
No events

Deoptimization events (0 events):
No events

Internal exceptions (10 events):
Event: 0.182 Thread 0x00007f50a800b800 Exception <a 'java/lang/NoSuchFieldError': method resolution failed> (0x000000076d1165b0) thrown at [/build/openjdk-8-O5BLDv/openjdk-8-8u151-b12/src/hotspot/src/share/vm/prims/methodHandles.cpp, line 1146]
Event: 0.185 Thread 0x00007f50a800b800 Exception <a 'java/lang/NoSuchFieldError': method resolution failed> (0x000000076d124458) thrown at [/build/openjdk-8-O5BLDv/openjdk-8-8u151-b12/src/hotspot/src/share/vm/prims/methodHandles.cpp, line 1146]
Event: 0.227 Thread 0x00007f50a800b800 Exception <a 'java/lang/NoSuchMethodError': java.lang.Object.lambda$static$0(Ljava/lang/String;)Ljava/lang/Boolean;> (0x000000076d279488) thrown at [/build/openjdk-8-O5BLDv/openjdk-8-8u151-b12/src/hotspot/src/share/vm/interpreter/linkResolver.cpp, line 61
Event: 0.237 Thread 0x00007f50a800b800 Exception <a 'java/security/PrivilegedActionException'> (0x000000076d2cb288) thrown at [/build/openjdk-8-O5BLDv/openjdk-8-8u151-b12/src/hotspot/src/share/vm/prims/jvm.cpp, line 1390]
Event: 0.237 Thread 0x00007f50a800b800 Exception <a 'java/security/PrivilegedActionException'> (0x000000076d2cb498) thrown at [/build/openjdk-8-O5BLDv/openjdk-8-8u151-b12/src/hotspot/src/share/vm/prims/jvm.cpp, line 1390]
Event: 0.237 Thread 0x00007f50a800b800 Exception <a 'java/security/PrivilegedActionException'> (0x000000076d2cd520) thrown at [/build/openjdk-8-O5BLDv/openjdk-8-8u151-b12/src/hotspot/src/share/vm/prims/jvm.cpp, line 1390]
Event: 0.237 Thread 0x00007f50a800b800 Exception <a 'java/security/PrivilegedActionException'> (0x000000076d2cd730) thrown at [/build/openjdk-8-O5BLDv/openjdk-8-8u151-b12/src/hotspot/src/share/vm/prims/jvm.cpp, line 1390]
Event: 0.237 Thread 0x00007f50a800b800 Exception <a 'java/security/PrivilegedActionException'> (0x000000076d2ce208) thrown at [/build/openjdk-8-O5BLDv/openjdk-8-8u151-b12/src/hotspot/src/share/vm/prims/jvm.cpp, line 1390]
Event: 0.237 Thread 0x00007f50a800b800 Exception <a 'java/security/PrivilegedActionException'> (0x000000076d2ce418) thrown at [/build/openjdk-8-O5BLDv/openjdk-8-8u151-b12/src/hotspot/src/share/vm/prims/jvm.cpp, line 1390]
Event: 0.277 Thread 0x00007f50a800b800 Exception <a 'sun/nio/fs/UnixException'> (0x000000076d3ad1a0) thrown at [/build/openjdk-8-O5BLDv/openjdk-8-8u151-b12/src/hotspot/src/share/vm/prims/jni.cpp, line 709]

Events (10 events):
Event: 0.289 loading class org/lwjgl/system/jni/JNINativeInterface
Event: 0.289 loading class org/lwjgl/system/jni/JNINativeInterface done
Event: 0.290 loading class org/lwjgl/system/linux/DynamicLinkLoader
Event: 0.290 loading class org/lwjgl/system/linux/DynamicLinkLoader done
Event: 0.292 loading class org/lwjgl/opengl/GL$2
Event: 0.292 loading class org/lwjgl/opengl/GL$2 done
Event: 0.293 loading class org/lwjgl/opengl/GL$SharedLibraryGL
Event: 0.293 loading class org/lwjgl/opengl/GL$SharedLibraryGL done
Event: 0.293 loading class org/lwjgl/system/SharedLibrary$Delegate
Event: 0.293 loading class org/lwjgl/system/SharedLibrary$Delegate done


Dynamic libraries:
6c6000000-6d0700000 rw-p 00000000 00:00 0 
6d0700000-76cb00000 ---p 00000000 00:00 0 
76cb00000-771e00000 rw-p 00000000 00:00 0 
771e00000-7c0000000 ---p 00000000 00:00 0 
7c0000000-7c00c0000 rw-p 00000000 00:00 0 
7c00c0000-800000000 ---p 00000000 00:00 0 
56129b830000-56129b831000 r-xp 00000000 08:02 6162004                    /usr/lib/jvm/java-8-openjdk-amd64/jre/bin/java
56129ba30000-56129ba31000 r--p 00000000 08:02 6162004                    /usr/lib/jvm/java-8-openjdk-amd64/jre/bin/java
56129ba31000-56129ba32000 rw-p 00001000 08:02 6162004                    /usr/lib/jvm/java-8-openjdk-amd64/jre/bin/java
56129cef4000-56129cf15000 rw-p 00000000 00:00 0                          [heap]
7f5038000000-7f5038021000 rw-p 00000000 00:00 0 
7f5038021000-7f503c000000 ---p 00000000 00:00 0 
7f5040000000-7f5040185000 rw-p 00000000 00:00 0 
7f5040185000-7f5044000000 ---p 00000000 00:00 0 
7f5044000000-7f5044021000 rw-p 00000000 00:00 0 
7f5044021000-7f5048000000 ---p 00000000 00:00 0 
7f5048000000-7f5048026000 rw-p 00000000 00:00 0 
7f5048026000-7f504c000000 ---p 00000000 00:00 0 
7f504c000000-7f504c03c000 rw-p 00000000 00:00 0 
7f504c03c000-7f5050000000 ---p 00000000 00:00 0 
7f5050000000-7f5050041000 rw-p 00000000 00:00 0 
7f5050041000-7f5054000000 ---p 00000000 00:00 0 
7f5054000000-7f505404c000 rw-p 00000000 00:00 0 
7f505404c000-7f5058000000 ---p 00000000 00:00 0 
7f5058000000-7f5058021000 rw-p 00000000 00:00 0 
7f5058021000-7f505c000000 ---p 00000000 00:00 0 
7f505c000000-7f505c021000 rw-p 00000000 00:00 0 
7f505c021000-7f5060000000 ---p 00000000 00:00 0 
7f5060000000-7f5060021000 rw-p 00000000 00:00 0 
7f5060021000-7f5064000000 ---p 00000000 00:00 0 
7f5064000000-7f5064021000 rw-p 00000000 00:00 0 
7f5064021000-7f5068000000 ---p 00000000 00:00 0 
7f5068000000-7f5068021000 rw-p 00000000 00:00 0 
7f5068021000-7f506c000000 ---p 00000000 00:00 0 
7f506c300000-7f5074000000 rw-p 00000000 00:00 0 
7f5074000000-7f5074021000 rw-p 00000000 00:00 0 
7f5074021000-7f5078000000 ---p 00000000 00:00 0 
7f5078000000-7f5078021000 rw-p 00000000 00:00 0 
7f5078021000-7f507c000000 ---p 00000000 00:00 0 
7f507c000000-7f507c021000 rw-p 00000000 00:00 0 
7f507c021000-7f5080000000 ---p 00000000 00:00 0 
7f5080fff000-7f5084000000 rw-p 00000000 00:00 0 
7f5084000000-7f5084021000 rw-p 00000000 00:00 0 
7f5084021000-7f5088000000 ---p 00000000 00:00 0 
7f5088558000-7f508856b000 r-xp 00000000 08:02 1443817                    /lib/x86_64-linux-gnu/libbsd.so.0.8.6
7f508856b000-7f508876a000 ---p 00013000 08:02 1443817                    /lib/x86_64-linux-gnu/libbsd.so.0.8.6
7f508876a000-7f508876b000 r--p 00012000 08:02 1443817                    /lib/x86_64-linux-gnu/libbsd.so.0.8.6
7f508876b000-7f508876c000 rw-p 00013000 08:02 1443817                    /lib/x86_64-linux-gnu/libbsd.so.0.8.6
7f508876c000-7f508876d000 rw-p 00000000 00:00 0 
7f5088770000-7f5088775000 r-xp 00000000 08:02 5518031                    /usr/lib/x86_64-linux-gnu/libXdmcp.so.6.0.0
7f5088775000-7f5088974000 ---p 00005000 08:02 5518031                    /usr/lib/x86_64-linux-gnu/libXdmcp.so.6.0.0
7f5088974000-7f5088975000 r--p 00004000 08:02 5518031                    /usr/lib/x86_64-linux-gnu/libXdmcp.so.6.0.0
7f5088975000-7f5088976000 rw-p 00005000 08:02 5518031                    /usr/lib/x86_64-linux-gnu/libXdmcp.so.6.0.0
7f5088978000-7f508897a000 r-xp 00000000 08:02 5518016                    /usr/lib/x86_64-linux-gnu/libXau.so.6.0.0
7f508897a000-7f5088b7a000 ---p 00002000 08:02 5518016                    /usr/lib/x86_64-linux-gnu/libXau.so.6.0.0
7f5088b7a000-7f5088b7b000 r--p 00002000 08:02 5518016                    /usr/lib/x86_64-linux-gnu/libXau.so.6.0.0
7f5088b7b000-7f5088b7c000 rw-p 00003000 08:02 5518016                    /usr/lib/x86_64-linux-gnu/libXau.so.6.0.0
7f5088b80000-7f5088ba7000 r-xp 00000000 08:02 5520824                    /usr/lib/x86_64-linux-gnu/libxcb.so.1.1.0
7f5088ba7000-7f5088da6000 ---p 00027000 08:02 5520824                    /usr/lib/x86_64-linux-gnu/libxcb.so.1.1.0
7f5088da6000-7f5088da7000 r--p 00026000 08:02 5520824                    /usr/lib/x86_64-linux-gnu/libxcb.so.1.1.0
7f5088da7000-7f5088da8000 rw-p 00027000 08:02 5520824                    /usr/lib/x86_64-linux-gnu/libxcb.so.1.1.0
7f5088da8000-7f5088db9000 r-xp 00000000 08:02 5518035                    /usr/lib/x86_64-linux-gnu/libXext.so.6.4.0
7f5088db9000-7f5088fb8000 ---p 00011000 08:02 5518035                    /usr/lib/x86_64-linux-gnu/libXext.so.6.4.0
7f5088fb8000-7f5088fb9000 r--p 00010000 08:02 5518035                    /usr/lib/x86_64-linux-gnu/libXext.so.6.4.0
7f5088fb9000-7f5088fba000 rw-p 00011000 08:02 5518035                    /usr/lib/x86_64-linux-gnu/libXext.so.6.4.0
7f5088fc0000-7f50890fa000 r-xp 00000000 08:02 5518010                    /usr/lib/x86_64-linux-gnu/libX11.so.6.3.0
7f50890fa000-7f50892fa000 ---p 0013a000 08:02 5518010                    /usr/lib/x86_64-linux-gnu/libX11.so.6.3.0
7f50892fa000-7f50892fb000 r--p 0013a000 08:02 5518010                    /usr/lib/x86_64-linux-gnu/libX11.so.6.3.0
7f50892fb000-7f5089300000 rw-p 0013b000 08:02 5518010                    /usr/lib/x86_64-linux-gnu/libX11.so.6.3.0
7f5089300000-7f508936e000 r-xp 00000000 08:02 5509326                    /usr/lib/x86_64-linux-gnu/libGLdispatch.so.0.0.0
7f508936e000-7f508956d000 ---p 0006e000 08:02 5509326                    /usr/lib/x86_64-linux-gnu/libGLdispatch.so.0.0.0
7f508956d000-7f5089595000 r--p 0006d000 08:02 5509326                    /usr/lib/x86_64-linux-gnu/libGLdispatch.so.0.0.0
7f5089595000-7f5089596000 rw-p 00095000 08:02 5509326                    /usr/lib/x86_64-linux-gnu/libGLdispatch.so.0.0.0
7f5089596000-7f50895b6000 rw-p 00000000 00:00 0 
7f50895b8000-7f50895c8000 r-xp 00000000 08:02 5509319                    /usr/lib/x86_64-linux-gnu/libGLX.so.0.0.0
7f50895c8000-7f50897c7000 ---p 00010000 08:02 5509319                    /usr/lib/x86_64-linux-gnu/libGLX.so.0.0.0
7f50897c7000-7f50897c8000 r--p 0000f000 08:02 5509319                    /usr/lib/x86_64-linux-gnu/libGLX.so.0.0.0
7f50897c8000-7f50897c9000 rw-p 00010000 08:02 5509319                    /usr/lib/x86_64-linux-gnu/libGLX.so.0.0.0
7f50897c9000-7f50897e9000 rw-p 00000000 00:00 0 
7f50897f0000-7f5089861000 r-xp 00000000 08:02 5509294                    /usr/lib/mesa-diverted/x86_64-linux-gnu/libGL.so.1.0.0
7f5089861000-7f5089a60000 ---p 00071000 08:02 5509294                    /usr/lib/mesa-diverted/x86_64-linux-gnu/libGL.so.1.0.0
7f5089a60000-7f5089a7a000 r--p 00070000 08:02 5509294                    /usr/lib/mesa-diverted/x86_64-linux-gnu/libGL.so.1.0.0
7f5089a7a000-7f5089a7b000 rw-p 0008a000 08:02 5509294                    /usr/lib/mesa-diverted/x86_64-linux-gnu/libGL.so.1.0.0
7f5089a7b000-7f5089a7c000 rw-p 00000000 00:00 0 
7f5089ab8000-7f5089b23000 r-xp 00000000 08:12 390920                     /tmp/lwjglmart/3.1.4-build-8/liblwjgl_opengl.so
7f5089b23000-7f5089d22000 ---p 0006b000 08:12 390920                     /tmp/lwjglmart/3.1.4-build-8/liblwjgl_opengl.so
7f5089d22000-7f5089d23000 r--p 0006a000 08:12 390920                     /tmp/lwjglmart/3.1.4-build-8/liblwjgl_opengl.so
7f5089d23000-7f5089d24000 rw-p 0006b000 08:12 390920                     /tmp/lwjglmart/3.1.4-build-8/liblwjgl_opengl.so
7f5089d28000-7f5089d7e000 r-xp 00000000 08:12 390918                     /tmp/lwjglmart/3.1.4-build-8/liblwjgl.so
7f5089d7e000-7f5089f7d000 ---p 00056000 08:12 390918                     /tmp/lwjglmart/3.1.4-build-8/liblwjgl.so
7f5089f7d000-7f5089f7e000 r--p 00055000 08:12 390918                     /tmp/lwjglmart/3.1.4-build-8/liblwjgl.so
7f5089f7e000-7f5089f7f000 rw-p 00056000 08:12 390918                     /tmp/lwjglmart/3.1.4-build-8/liblwjgl.so
7f5089f80000-7f5089f91000 r-xp 00000000 08:02 6162049                    /usr/lib/jvm/java-8-openjdk-amd64/jre/lib/amd64/libnio.so
7f5089f91000-7f508a191000 ---p 00011000 08:02 6162049                    /usr/lib/jvm/java-8-openjdk-amd64/jre/lib/amd64/libnio.so
7f508a191000-7f508a192000 r--p 00011000 08:02 6162049                    /usr/lib/jvm/java-8-openjdk-amd64/jre/lib/amd64/libnio.so
7f508a192000-7f508a193000 rw-p 00012000 08:02 6162049                    /usr/lib/jvm/java-8-openjdk-amd64/jre/lib/amd64/libnio.so
7f508a196000-7f508a197000 ---p 00000000 00:00 0 
7f508a197000-7f508a297000 rw-p 00000000 00:00 0 
7f508a297000-7f508a29a000 ---p 00000000 00:00 0 
7f508a29a000-7f508a398000 rw-p 00000000 00:00 0 
7f508a398000-7f508a3af000 r-xp 00000000 08:02 6162048                    /usr/lib/jvm/java-8-openjdk-amd64/jre/lib/amd64/libnet.so
7f508a3af000-7f508a5ae000 ---p 00017000 08:02 6162048                    /usr/lib/jvm/java-8-openjdk-amd64/jre/lib/amd64/libnet.so
7f508a5ae000-7f508a5af000 r--p 00016000 08:02 6162048                    /usr/lib/jvm/java-8-openjdk-amd64/jre/lib/amd64/libnet.so
7f508a5af000-7f508a5b0000 rw-p 00017000 08:02 6162048                    /usr/lib/jvm/java-8-openjdk-amd64/jre/lib/amd64/libnet.so
7f508a5b2000-7f508a5b5000 ---p 00000000 00:00 0 
7f508a5b5000-7f508a6b3000 rw-p 00000000 00:00 0 
7f508a6b3000-7f508a6b6000 ---p 00000000 00:00 0 
7f508a6b6000-7f508a7b4000 rw-p 00000000 00:00 0 
7f508a7b4000-7f508a7b7000 ---p 00000000 00:00 0 
7f508a7b7000-7f508a8b5000 rw-p 00000000 00:00 0 
7f508a8b5000-7f508a8b8000 ---p 00000000 00:00 0 
7f508a8b8000-7f508a9b6000 rw-p 00000000 00:00 0 
7f508a9b6000-7f508a9b9000 ---p 00000000 00:00 0 
7f508a9b9000-7f508aab7000 rw-p 00000000 00:00 0 
7f508aab7000-7f508aaba000 ---p 00000000 00:00 0 
7f508aaba000-7f508abb8000 rw-p 00000000 00:00 0 
7f508abb8000-7f508ace8000 r--p 00000000 08:02 6162747                    /usr/lib/locale/aa_DJ.utf8/LC_COLLATE
7f508aced000-7f508acf0000 ---p 00000000 00:00 0 
7f508acf0000-7f508adee000 rw-p 00000000 00:00 0 
7f508adee000-7f508adf1000 ---p 00000000 00:00 0 
7f508adf1000-7f508aeef000 rw-p 00000000 00:00 0 
7f508aeef000-7f508aef0000 ---p 00000000 00:00 0 
7f508aef0000-7f508c000000 rw-p 00000000 00:00 0 
7f508c000000-7f508c021000 rw-p 00000000 00:00 0 
7f508c021000-7f5090000000 ---p 00000000 00:00 0 
7f5090000000-7f5090021000 rw-p 00000000 00:00 0 
7f5090021000-7f5094000000 ---p 00000000 00:00 0 
7f5094000000-7f5094021000 rw-p 00000000 00:00 0 
7f5094021000-7f5098000000 ---p 00000000 00:00 0 
7f5098022000-7f5098024000 r--s 0001a000 08:02 1055240                    /opt/intellij/lib/idea_rt.jar
7f5098027000-7f509802b000 r--s 00017000 08:14 13768678                   /home/mart/IdeaProjects/silorex/lwjgl/lwjgl-glfw.jar
7f509802d000-7f509802e000 r--s 0003d000 08:14 13768676                   /home/mart/IdeaProjects/silorex/lwjgl/lwjgl-glfw-natives-windows.jar
7f5098035000-7f5098036000 r--s 0000d000 08:14 13768675                   /home/mart/IdeaProjects/silorex/lwjgl/lwjgl-glfw-natives-macos.jar
7f5098037000-7f5098038000 r--s 0001f000 08:14 13768674                   /home/mart/IdeaProjects/silorex/lwjgl/lwjgl-glfw-natives-linux.jar
7f509803e000-7f5098048000 r--s 000be000 08:14 13769182                   /home/mart/IdeaProjects/silorex/lwjgl/lwjgl-opengl.jar
7f509804a000-7f509804b000 r--s 0002a000 08:14 13769186                   /home/mart/IdeaProjects/silorex/lwjgl/lwjgl-opengl-natives-windows.jar
7f509804b000-7f509804c000 r--s 0000b000 08:14 13769185                   /home/mart/IdeaProjects/silorex/lwjgl/lwjgl-opengl-natives-macos.jar
7f509804e000-7f509804f000 r--s 00016000 08:14 13769184                   /home/mart/IdeaProjects/silorex/lwjgl/lwjgl-opengl-natives-linux.jar
7f5098052000-7f5098057000 r--s 00042000 08:14 13768649                   /home/mart/IdeaProjects/silorex/lwjgl/lwjgl.jar
7f5098059000-7f509805a000 r--s 00039000 08:14 13768647                   /home/mart/IdeaProjects/silorex/lwjgl/lwjgl-natives-windows.jar
7f5098061000-7f5098062000 r--s 00009000 08:14 13768646                   /home/mart/IdeaProjects/silorex/lwjgl/lwjgl-natives-macos.jar
7f5098063000-7f5098064000 r--s 00013000 08:14 13768645                   /home/mart/IdeaProjects/silorex/lwjgl/lwjgl-natives-linux.jar
7f5098066000-7f5098079000 r--s 00346000 08:02 6162100                    /usr/lib/jvm/java-8-openjdk-amd64/jre/lib/resources.jar
7f5098080000-7f5098081000 r--s 00000000 08:02 6162098                    /usr/lib/jvm/java-8-openjdk-amd64/jre/lib/management-agent.jar
7f5098082000-7f5098087000 r--s 0009a000 08:02 6162095                    /usr/lib/jvm/java-8-openjdk-amd64/jre/lib/jsse.jar
7f509808d000-7f5098090000 r--s 00015000 08:02 6162093                    /usr/lib/jvm/java-8-openjdk-amd64/jre/lib/jce.jar
7f5098097000-7f5098099000 r--s 00007000 08:02 1711658                    /usr/share/java/java-atk-wrapper.jar
7f5098099000-7f509809e000 r--s 002f9000 08:02 6162062                    /usr/lib/jvm/java-8-openjdk-amd64/jre/lib/charsets.jar
7f509809f000-7f50980a2000 r--s 0000f000 08:02 6162074                    /usr/lib/jvm/java-8-openjdk-amd64/jre/lib/ext/icedtea-sound.jar
7f50980a6000-7f50980c1000 r--s 001d6000 08:02 6162077                    /usr/lib/jvm/java-8-openjdk-amd64/jre/lib/ext/nashorn.jar
7f50980c7000-7f50980cb000 r--s 00037000 08:02 6162080                    /usr/lib/jvm/java-8-openjdk-amd64/jre/lib/ext/sunpkcs11.jar
7f50980d2000-7f50980d8000 r--s 0003a000 08:02 6162079                    /usr/lib/jvm/java-8-openjdk-amd64/jre/lib/ext/sunjce_provider.jar
7f50980dc000-7f50980f7000 r--s 00394000 08:02 6162072                    /usr/lib/jvm/java-8-openjdk-amd64/jre/lib/ext/cldrdata.jar
7f50980f9000-7f5098800000 rw-p 00000000 00:00 0 
7f5098800000-7f5098d40000 rw-p 00000000 00:00 0 
7f5098d40000-7f5099000000 ---p 00000000 00:00 0 
7f5099000000-7f5099270000 rwxp 00000000 00:00 0 
7f5099270000-7f50a8000000 ---p 00000000 00:00 0 
7f50a8000000-7f50a8506000 rw-p 00000000 00:00 0 
7f50a8506000-7f50ac000000 ---p 00000000 00:00 0 
7f50ac006000-7f50ac010000 r--s 00116000 08:02 6162076                    /usr/lib/jvm/java-8-openjdk-amd64/jre/lib/ext/localedata.jar
7f50ac017000-7f50ac019000 r--s 00007000 08:02 1711658                    /usr/share/java/java-atk-wrapper.jar
7f50ac01a000-7f50ac01b000 r--s 0000a000 08:02 6162075                    /usr/lib/jvm/java-8-openjdk-amd64/jre/lib/ext/jaccess.jar
7f50ac021000-7f50ac023000 r--s 00001000 08:02 6162073                    /usr/lib/jvm/java-8-openjdk-amd64/jre/lib/ext/dnsns.jar
7f50ac028000-7f50ac029000 r--s 00010000 08:02 6162081                    /usr/lib/jvm/java-8-openjdk-amd64/jre/lib/ext/zipfs.jar
7f50ac030000-7f50ac032000 r--s 00008000 08:02 6162078                    /usr/lib/jvm/java-8-openjdk-amd64/jre/lib/ext/sunec.jar
7f50ac038000-7f50ac089000 r--p 00000000 08:02 6162749                    /usr/lib/locale/aa_DJ.utf8/LC_CTYPE
7f50ac090000-7f50ac091000 r--p 00000000 08:02 6162778                    /usr/lib/locale/aa_ET/LC_NUMERIC
7f50ac098000-7f50ac099000 r--p 00000000 08:02 6165421                    /usr/lib/locale/en_GB.utf8/LC_TIME
7f50ac0a0000-7f50ac0a1000 r--p 00000000 08:02 6165204                    /usr/lib/locale/cy_GB.utf8/LC_MONETARY
7f50ac0a7000-7f50ac4f9000 rw-p 00000000 00:00 0 
7f50ac4f9000-7f50ac6c8000 r--s 03c21000 08:02 6162101                    /usr/lib/jvm/java-8-openjdk-amd64/jre/lib/rt.jar
7f50ac6cb000-7f50ac741000 rw-p 00000000 00:00 0 
7f50ac741000-7f50acf11000 rw-p 00000000 00:00 0 
7f50acf11000-7f50acf12000 ---p 00000000 00:00 0 
7f50acf12000-7f50ad012000 rw-p 00000000 00:00 0 
7f50ad012000-7f50ad013000 ---p 00000000 00:00 0 
7f50ad013000-7f50ad113000 rw-p 00000000 00:00 0 
7f50ad113000-7f50ad114000 ---p 00000000 00:00 0 
7f50ad114000-7f50ad214000 rw-p 00000000 00:00 0 
7f50ad214000-7f50ad215000 ---p 00000000 00:00 0 
7f50ad215000-7f50ad315000 rw-p 00000000 00:00 0 
7f50ad315000-7f50ad316000 ---p 00000000 00:00 0 
7f50ad316000-7f50ad416000 rw-p 00000000 00:00 0 
7f50ad416000-7f50ad417000 ---p 00000000 00:00 0 
7f50ad417000-7f50ad517000 rw-p 00000000 00:00 0 
7f50ad517000-7f50ad518000 ---p 00000000 00:00 0 
7f50ad518000-7f50ad618000 rw-p 00000000 00:00 0 
7f50ad618000-7f50ad619000 ---p 00000000 00:00 0 
7f50ad619000-7f50ad719000 rw-p 00000000 00:00 0 
7f50ad719000-7f50ad76d000 rw-p 00000000 00:00 0 
7f50ad76d000-7f50adc4f000 ---p 00000000 00:00 0 
7f50adc4f000-7f50adca3000 rw-p 00000000 00:00 0 
7f50adca3000-7f50ae184000 ---p 00000000 00:00 0 
7f50ae184000-7f50ae1ae000 rw-p 00000000 00:00 0 
7f50ae1ae000-7f50ae41f000 ---p 00000000 00:00 0 
7f50ae41f000-7f50ae42a000 rw-p 00000000 00:00 0 
7f50ae42a000-7f50ae7e0000 ---p 00000000 00:00 0 
7f50ae7e0000-7f50ae7e8000 r-xp 00000000 08:02 6162057                    /usr/lib/jvm/java-8-openjdk-amd64/jre/lib/amd64/libzip.so
7f50ae7e8000-7f50ae9e7000 ---p 00008000 08:02 6162057                    /usr/lib/jvm/java-8-openjdk-amd64/jre/lib/amd64/libzip.so
7f50ae9e7000-7f50ae9e8000 r--p 00007000 08:02 6162057                    /usr/lib/jvm/java-8-openjdk-amd64/jre/lib/amd64/libzip.so
7f50ae9e8000-7f50ae9e9000 rw-p 00008000 08:02 6162057                    /usr/lib/jvm/java-8-openjdk-amd64/jre/lib/amd64/libzip.so
7f50ae9f0000-7f50ae9fb000 r-xp 00000000 08:02 1465569                    /lib/x86_64-linux-gnu/libnss_files-2.25.so
7f50ae9fb000-7f50aebfa000 ---p 0000b000 08:02 1465569                    /lib/x86_64-linux-gnu/libnss_files-2.25.so
7f50aebfa000-7f50aebfb000 r--p 0000a000 08:02 1465569                    /lib/x86_64-linux-gnu/libnss_files-2.25.so
7f50aebfb000-7f50aebfc000 rw-p 0000b000 08:02 1465569                    /lib/x86_64-linux-gnu/libnss_files-2.25.so
7f50aebfc000-7f50aec02000 rw-p 00000000 00:00 0 
7f50aec08000-7f50aec13000 r-xp 00000000 08:02 1465571                    /lib/x86_64-linux-gnu/libnss_nis-2.25.so
7f50aec13000-7f50aee12000 ---p 0000b000 08:02 1465571                    /lib/x86_64-linux-gnu/libnss_nis-2.25.so
7f50aee12000-7f50aee13000 r--p 0000a000 08:02 1465571                    /lib/x86_64-linux-gnu/libnss_nis-2.25.so
7f50aee13000-7f50aee14000 rw-p 0000b000 08:02 1465571                    /lib/x86_64-linux-gnu/libnss_nis-2.25.so
7f50aee18000-7f50aee2d000 r-xp 00000000 08:02 1465566                    /lib/x86_64-linux-gnu/libnsl-2.25.so
7f50aee2d000-7f50af02c000 ---p 00015000 08:02 1465566                    /lib/x86_64-linux-gnu/libnsl-2.25.so
7f50af02c000-7f50af02d000 r--p 00014000 08:02 1465566                    /lib/x86_64-linux-gnu/libnsl-2.25.so
7f50af02d000-7f50af02e000 rw-p 00015000 08:02 1465566                    /lib/x86_64-linux-gnu/libnsl-2.25.so
7f50af02e000-7f50af030000 rw-p 00000000 00:00 0 
7f50af030000-7f50af037000 r-xp 00000000 08:02 1465567                    /lib/x86_64-linux-gnu/libnss_compat-2.25.so
7f50af037000-7f50af236000 ---p 00007000 08:02 1465567                    /lib/x86_64-linux-gnu/libnss_compat-2.25.so
7f50af236000-7f50af237000 r--p 00006000 08:02 1465567                    /lib/x86_64-linux-gnu/libnss_compat-2.25.so
7f50af237000-7f50af238000 rw-p 00007000 08:02 1465567                    /lib/x86_64-linux-gnu/libnss_compat-2.25.so
7f50af238000-7f50af242000 r-xp 00000000 08:02 6162031                    /usr/lib/jvm/java-8-openjdk-amd64/jre/lib/amd64/libinstrument.so
7f50af242000-7f50af441000 ---p 0000a000 08:02 6162031                    /usr/lib/jvm/java-8-openjdk-amd64/jre/lib/amd64/libinstrument.so
7f50af441000-7f50af442000 r--p 00009000 08:02 6162031                    /usr/lib/jvm/java-8-openjdk-amd64/jre/lib/amd64/libinstrument.so
7f50af442000-7f50af443000 rw-p 0000a000 08:02 6162031                    /usr/lib/jvm/java-8-openjdk-amd64/jre/lib/amd64/libinstrument.so
7f50af448000-7f50af475000 r-xp 00000000 08:02 6162036                    /usr/lib/jvm/java-8-openjdk-amd64/jre/lib/amd64/libjava.so
7f50af475000-7f50af675000 ---p 0002d000 08:02 6162036                    /usr/lib/jvm/java-8-openjdk-amd64/jre/lib/amd64/libjava.so
7f50af675000-7f50af676000 r--p 0002d000 08:02 6162036                    /usr/lib/jvm/java-8-openjdk-amd64/jre/lib/amd64/libjava.so
7f50af676000-7f50af678000 rw-p 0002e000 08:02 6162036                    /usr/lib/jvm/java-8-openjdk-amd64/jre/lib/amd64/libjava.so
7f50af678000-7f50af688000 r-xp 00000000 08:02 6162056                    /usr/lib/jvm/java-8-openjdk-amd64/jre/lib/amd64/libverify.so
7f50af688000-7f50af887000 ---p 00010000 08:02 6162056                    /usr/lib/jvm/java-8-openjdk-amd64/jre/lib/amd64/libverify.so
7f50af887000-7f50af889000 r--p 0000f000 08:02 6162056                    /usr/lib/jvm/java-8-openjdk-amd64/jre/lib/amd64/libverify.so
7f50af889000-7f50af88a000 rw-p 00011000 08:02 6162056                    /usr/lib/jvm/java-8-openjdk-amd64/jre/lib/amd64/libverify.so
7f50af890000-7f50af897000 r-xp 00000000 08:02 1465576                    /lib/x86_64-linux-gnu/librt-2.25.so
7f50af897000-7f50afa96000 ---p 00007000 08:02 1465576                    /lib/x86_64-linux-gnu/librt-2.25.so
7f50afa96000-7f50afa97000 r--p 00006000 08:02 1465576                    /lib/x86_64-linux-gnu/librt-2.25.so
7f50afa97000-7f50afa98000 rw-p 00007000 08:02 1465576                    /lib/x86_64-linux-gnu/librt-2.25.so
7f50afa98000-7f50afaae000 r-xp 00000000 08:02 1444262                    /lib/x86_64-linux-gnu/libgcc_s.so.1
7f50afaae000-7f50afcad000 ---p 00016000 08:02 1444262                    /lib/x86_64-linux-gnu/libgcc_s.so.1
7f50afcad000-7f50afcae000 r--p 00015000 08:02 1444262                    /lib/x86_64-linux-gnu/libgcc_s.so.1
7f50afcae000-7f50afcaf000 rw-p 00016000 08:02 1444262                    /lib/x86_64-linux-gnu/libgcc_s.so.1
7f50afcb0000-7f50afdc2000 r-xp 00000000 08:02 1465563                    /lib/x86_64-linux-gnu/libm-2.25.so
7f50afdc2000-7f50affc1000 ---p 00112000 08:02 1465563                    /lib/x86_64-linux-gnu/libm-2.25.so
7f50affc1000-7f50affc2000 r--p 00111000 08:02 1465563                    /lib/x86_64-linux-gnu/libm-2.25.so
7f50affc2000-7f50affc3000 rw-p 00112000 08:02 1465563                    /lib/x86_64-linux-gnu/libm-2.25.so
7f50affc8000-7f50b0138000 r-xp 00000000 08:02 5508933                    /usr/lib/x86_64-linux-gnu/libstdc++.so.6.0.24
7f50b0138000-7f50b0338000 ---p 00170000 08:02 5508933                    /usr/lib/x86_64-linux-gnu/libstdc++.so.6.0.24
7f50b0338000-7f50b0342000 r--p 00170000 08:02 5508933                    /usr/lib/x86_64-linux-gnu/libstdc++.so.6.0.24
7f50b0342000-7f50b0344000 rw-p 0017a000 08:02 5508933                    /usr/lib/x86_64-linux-gnu/libstdc++.so.6.0.24
7f50b0344000-7f50b0347000 rw-p 00000000 00:00 0 
7f50b0348000-7f50b0fd2000 r-xp 00000000 08:02 6162061                    /usr/lib/jvm/java-8-openjdk-amd64/jre/lib/amd64/server/libjvm.so
7f50b0fd2000-7f50b11d2000 ---p 00c8a000 08:02 6162061                    /usr/lib/jvm/java-8-openjdk-amd64/jre/lib/amd64/server/libjvm.so
7f50b11d2000-7f50b1265000 r--p 00c8a000 08:02 6162061                    /usr/lib/jvm/java-8-openjdk-amd64/jre/lib/amd64/server/libjvm.so
7f50b1265000-7f50b128d000 rw-p 00d1d000 08:02 6162061                    /usr/lib/jvm/java-8-openjdk-amd64/jre/lib/amd64/server/libjvm.so
7f50b128d000-7f50b12be000 rw-p 00000000 00:00 0 
7f50b12c0000-7f50b1459000 r-xp 00000000 08:02 1465559                    /lib/x86_64-linux-gnu/libc-2.25.so
7f50b1459000-7f50b1659000 ---p 00199000 08:02 1465559                    /lib/x86_64-linux-gnu/libc-2.25.so
7f50b1659000-7f50b165d000 r--p 00199000 08:02 1465559                    /lib/x86_64-linux-gnu/libc-2.25.so
7f50b165d000-7f50b165f000 rw-p 0019d000 08:02 1465559                    /lib/x86_64-linux-gnu/libc-2.25.so
7f50b165f000-7f50b1663000 rw-p 00000000 00:00 0 
7f50b1668000-7f50b166b000 r-xp 00000000 08:02 1465562                    /lib/x86_64-linux-gnu/libdl-2.25.so
7f50b166b000-7f50b186a000 ---p 00003000 08:02 1465562                    /lib/x86_64-linux-gnu/libdl-2.25.so
7f50b186a000-7f50b186b000 r--p 00002000 08:02 1465562                    /lib/x86_64-linux-gnu/libdl-2.25.so
7f50b186b000-7f50b186c000 rw-p 00003000 08:02 1465562                    /lib/x86_64-linux-gnu/libdl-2.25.so
7f50b1870000-7f50b187e000 r-xp 00000000 08:02 6162021                    /usr/lib/jvm/java-8-openjdk-amd64/jre/lib/amd64/jli/libjli.so
7f50b187e000-7f50b1a7d000 ---p 0000e000 08:02 6162021                    /usr/lib/jvm/java-8-openjdk-amd64/jre/lib/amd64/jli/libjli.so
7f50b1a7d000-7f50b1a7e000 r--p 0000d000 08:02 6162021                    /usr/lib/jvm/java-8-openjdk-amd64/jre/lib/amd64/jli/libjli.so
7f50b1a7e000-7f50b1a7f000 rw-p 0000e000 08:02 6162021                    /usr/lib/jvm/java-8-openjdk-amd64/jre/lib/amd64/jli/libjli.so
7f50b1a80000-7f50b1a99000 r-xp 00000000 08:02 1444460                    /lib/x86_64-linux-gnu/libz.so.1.2.8
7f50b1a99000-7f50b1c98000 ---p 00019000 08:02 1444460                    /lib/x86_64-linux-gnu/libz.so.1.2.8
7f50b1c98000-7f50b1c99000 r--p 00018000 08:02 1444460                    /lib/x86_64-linux-gnu/libz.so.1.2.8
7f50b1c99000-7f50b1c9a000 rw-p 00019000 08:02 1444460                    /lib/x86_64-linux-gnu/libz.so.1.2.8
7f50b1ca0000-7f50b1cb9000 r-xp 00000000 08:02 1465574                    /lib/x86_64-linux-gnu/libpthread-2.25.so
7f50b1cb9000-7f50b1eb8000 ---p 00019000 08:02 1465574                    /lib/x86_64-linux-gnu/libpthread-2.25.so
7f50b1eb8000-7f50b1eb9000 r--p 00018000 08:02 1465574                    /lib/x86_64-linux-gnu/libpthread-2.25.so
7f50b1eb9000-7f50b1eba000 rw-p 00019000 08:02 1465574                    /lib/x86_64-linux-gnu/libpthread-2.25.so
7f50b1eba000-7f50b1ebe000 rw-p 00000000 00:00 0 
7f50b1ec0000-7f50b1ee3000 r-xp 00000000 08:02 1459620                    /lib/x86_64-linux-gnu/ld-2.25.so
7f50b1ee8000-7f50b1ee9000 r--p 00000000 08:02 6165354                    /usr/lib/locale/en_AG/LC_MESSAGES/SYS_LC_MESSAGES
7f50b1ef0000-7f50b1ef1000 r--p 00000000 08:02 6162757                    /usr/lib/locale/aa_DJ.utf8/LC_PAPER
7f50b1ef8000-7f50b1ef9000 r--p 00000000 08:02 6165139                    /usr/lib/locale/chr_US/LC_NAME
7f50b1efb000-7f50b1f56000 rw-p 00000000 00:00 0 
7f50b1f56000-7f50b1fa5000 rw-p 00000000 00:00 0 
7f50b1fa5000-7f50b1fa8000 ---p 00000000 00:00 0 
7f50b1fa8000-7f50b20a8000 rw-p 00000000 00:00 0 
7f50b20a8000-7f50b20a9000 r--p 00000000 08:02 6165419                    /usr/lib/locale/en_GB.utf8/LC_ADDRESS
7f50b20b0000-7f50b20b1000 r--p 00000000 08:02 6165205                    /usr/lib/locale/cy_GB.utf8/LC_TELEPHONE
7f50b20b8000-7f50b20b9000 r--p 00000000 08:02 6162751                    /usr/lib/locale/aa_DJ.utf8/LC_MEASUREMENT
7f50b20c0000-7f50b20c7000 r--s 00000000 08:02 6164888                    /usr/lib/x86_64-linux-gnu/gconv/gconv-modules.cache
7f50b20c8000-7f50b20c9000 r--p 00000000 08:02 6165420                    /usr/lib/locale/en_GB.utf8/LC_IDENTIFICATION
7f50b20d0000-7f50b20d8000 rw-s 00000000 08:12 260616                     /tmp/hsperfdata_mart/8950
7f50b20df000-7f50b20e2000 rw-p 00000000 00:00 0 
7f50b20e2000-7f50b20e3000 r--p 00022000 08:02 1459620                    /lib/x86_64-linux-gnu/ld-2.25.so
7f50b20e3000-7f50b20e4000 rw-p 00023000 08:02 1459620                    /lib/x86_64-linux-gnu/ld-2.25.so
7f50b20e4000-7f50b20e5000 rw-p 00000000 00:00 0 
7f50b20e5000-7f50b20e6000 r--p 00000000 00:00 0 
7ffe00bcc000-7ffe00bed000 rw-p 00000000 00:00 0                          [stack]
7ffe00bf0000-7ffe00bf3000 r--p 00000000 00:00 0                          [vvar]
7ffe00bf3000-7ffe00bf5000 r-xp 00000000 00:00 0                          [vdso]

VM Arguments:
jvm_args: -javaagent:/opt/intellij/lib/idea_rt.jar=36383:/opt/intellij/bin -Dfile.encoding=UTF-8 
java_command: Engine.Main
java_class_path (initial): /usr/lib/jvm/java-1.8.0-openjdk-amd64/jre/lib/charsets.jar:/usr/lib/jvm/java-1.8.0-openjdk-amd64/jre/lib/ext/cldrdata.jar:/usr/lib/jvm/java-1.8.0-openjdk-amd64/jre/lib/ext/dnsns.jar:/usr/lib/jvm/java-1.8.0-openjdk-amd64/jre/lib/ext/icedtea-sound.jar:/usr/lib/jvm/java-1.8.0-openjdk-amd64/jre/lib/ext/jaccess.jar:/usr/lib/jvm/java-1.8.0-openjdk-amd64/jre/lib/ext/java-atk-wrapper.jar:/usr/lib/jvm/java-1.8.0-openjdk-amd64/jre/lib/ext/localedata.jar:/usr/lib/jvm/java-1.8.0-openjdk-amd64/jre/lib/ext/nashorn.jar:/usr/lib/jvm/java-1.8.0-openjdk-amd64/jre/lib/ext/sunec.jar:/usr/lib/jvm/java-1.8.0-openjdk-amd64/jre/lib/ext/sunjce_provider.jar:/usr/lib/jvm/java-1.8.0-openjdk-amd64/jre/lib/ext/sunpkcs11.jar:/usr/lib/jvm/java-1.8.0-openjdk-amd64/jre/lib/ext/zipfs.jar:/usr/lib/jvm/java-1.8.0-openjdk-amd64/jre/lib/jce.jar:/usr/lib/jvm/java-1.8.0-openjdk-amd64/jre/lib/jsse.jar:/usr/lib/jvm/java-1.8.0-openjdk-amd64/jre/lib/management-agent.jar:/usr/lib/jvm/java-1.8.0-openjdk-amd64/jre/lib/resources.jar:/usr/lib/jvm/java-1.8.0-openjdk-amd64/jre/lib/rt.jar:/home/mart/IdeaProjects/silorex/out/production/silorex:/home/mart/IdeaProjects/silorex/lwjgl/lwjgl-natives-linux.jar:/home/mart/IdeaProjects/silorex/lwjgl/lwjgl-natives-macos.jar:/home/mart/IdeaProjects/silorex/lwjgl/lwjgl-natives-windows.jar:/home/mart/IdeaProjects/silorex/lwjgl/lwjgl.jar:/home/mart/IdeaProjects/silorex/lwjgl/lwjgl-opengl-natives-linux.jar:/home/mart/IdeaProjects/silorex/lwjgl/lwjgl-opengl-natives-macos.jar:/home/mart/IdeaProjects/silorex/lwjgl/lwjgl-opengl-natives-windows.jar:/home/mart/IdeaProjects/silorex/lwjgl/lwjgl-opengl.jar:/home/mart/IdeaProjects/silorex/lwjgl/lwjgl-glfw-natives-linux.jar:/home/mart/IdeaProjects/silorex/lwjgl/lwjgl-glfw-natives-macos.jar:/home/mart/IdeaProjects/silorex/lwjgl/lwjgl-glfw-natives-windows.jar:/home/mart/IdeaProjects/silorex/lwjgl/lwjgl-glfw.jar:/opt/intellij/lib/idea_rt.jar
Launcher Type: SUN_STANDARD

Environment Variables:
PATH=/usr/local/bin:/usr/bin:/bin:/usr/local/games:/usr/games
USERNAME=mart
SHELL=/bin/bash
DISPLAY=:1

Signal Handlers:
SIGSEGV: [libjvm.so+0xaa6ae0], sa_mask[0]=11111111011111111101111111111110, sa_flags=SA_RESTART|SA_SIGINFO
SIGBUS: [libjvm.so+0xaa6ae0], sa_mask[0]=11111111011111111101111111111110, sa_flags=SA_RESTART|SA_SIGINFO
SIGFPE: [libjvm.so+0x8ddf00], sa_mask[0]=11111111011111111101111111111110, sa_flags=SA_RESTART|SA_SIGINFO
SIGPIPE: [libjvm.so+0x8ddf00], sa_mask[0]=11111111011111111101111111111110, sa_flags=SA_RESTART|SA_SIGINFO
SIGXFSZ: [libjvm.so+0x8ddf00], sa_mask[0]=11111111011111111101111111111110, sa_flags=SA_RESTART|SA_SIGINFO
SIGILL: [libjvm.so+0x8ddf00], sa_mask[0]=11111111011111111101111111111110, sa_flags=SA_RESTART|SA_SIGINFO
SIGUSR1: SIG_DFL, sa_mask[0]=00000000000000000000000000000000, sa_flags=none
SIGUSR2: [libjvm.so+0x8dddb0], sa_mask[0]=00100000000000000000000000000000, sa_flags=SA_RESTART|SA_SIGINFO
SIGHUP: [libjvm.so+0x8de260], sa_mask[0]=11111111011111111101111111111110, sa_flags=SA_RESTART|SA_SIGINFO
SIGINT: [libjvm.so+0x8de260], sa_mask[0]=11111111011111111101111111111110, sa_flags=SA_RESTART|SA_SIGINFO
SIGTERM: [libjvm.so+0x8de260], sa_mask[0]=11111111011111111101111111111110, sa_flags=SA_RESTART|SA_SIGINFO
SIGQUIT: [libjvm.so+0x8de260], sa_mask[0]=11111111011111111101111111111110, sa_flags=SA_RESTART|SA_SIGINFO


---------------  S Y S T E M  ---------------

OS:DISTRIB_ID=Kali
DISTRIB_RELEASE=kali-rolling
DISTRIB_CODENAME=kali-rolling
DISTRIB_DESCRIPTION="Kali GNU/Linux Rolling"

uname:Linux 4.14.0-kali1-amd64 #1 SMP Debian 4.14.2-1kali1 (2017-12-04) x86_64
libc:glibc 2.25 NPTL 2.25 
rlimit: STACK 8192k, CORE 0k, NPROC 63609, NOFILE 1048576, AS infinity
load average:3.05 1.69 1.52

/proc/meminfo:
MemTotal:       16383060 kB
MemFree:         7027688 kB
MemAvailable:    9206916 kB
Buffers:          366968 kB
Cached:          2137056 kB
SwapCached:            0 kB
Active:          7262276 kB
Inactive:        1551364 kB
Active(anon):    6310960 kB
Inactive(anon):   249960 kB
Active(file):     951316 kB
Inactive(file):  1301404 kB
Unevictable:          16 kB
Mlocked:              16 kB
SwapTotal:      19530748 kB
SwapFree:       19530748 kB
Dirty:               964 kB
Writeback:            20 kB
AnonPages:       5080164 kB
Mapped:           706548 kB
Shmem:            251324 kB
Slab:             330656 kB
SReclaimable:     264704 kB
SUnreclaim:        65952 kB
KernelStack:       16184 kB
PageTables:        53608 kB
NFS_Unstable:          0 kB
Bounce:                0 kB
WritebackTmp:          0 kB
CommitLimit:    27722276 kB
Committed_AS:   12367368 kB
VmallocTotal:   34359738367 kB
VmallocUsed:           0 kB
VmallocChunk:          0 kB
HardwareCorrupted:     0 kB
AnonHugePages:   2234368 kB
ShmemHugePages:        0 kB
ShmemPmdMapped:        0 kB
HugePages_Total:       0
HugePages_Free:        0
HugePages_Rsvd:        0
HugePages_Surp:        0
Hugepagesize:       2048 kB
DirectMap4k:      260532 kB
DirectMap2M:    10172416 kB
DirectMap1G:     6291456 kB


CPU:total 8 (initial active 8) (8 cores per cpu, 1 threads per core) family 21 model 2 stepping 0, cmov, cx8, fxsr, mmx, sse, sse2, sse3, ssse3, sse4.1, sse4.2, popcnt, avx, aes, clmul, mmxext, 3dnowpref, lzcnt, sse4a, tsc, tscinvbit, tscinv, bmi1

/proc/cpuinfo:
processor	: 0
vendor_id	: AuthenticAMD
cpu family	: 21
model		: 2
model name	: AMD FX(tm)-8320 Eight-Core Processor
stepping	: 0
microcode	: 0x600084f
cpu MHz		: 2300.000
cache size	: 2048 KB
physical id	: 0
siblings	: 8
core id		: 0
cpu cores	: 4
apicid		: 16
initial apicid	: 0
fpu		: yes
fpu_exception	: yes
cpuid level	: 13
wp		: yes
flags		: fpu vme de pse tsc msr pae mce cx8 apic sep mtrr pge mca cmov pat pse36 clflush mmx fxsr sse sse2 ht syscall nx mmxext fxsr_opt pdpe1gb rdtscp lm constant_tsc rep_good nopl nonstop_tsc cpuid extd_apicid aperfmperf pni pclmulqdq monitor ssse3 fma cx16 sse4_1 sse4_2 popcnt aes xsave avx f16c lahf_lm cmp_legacy svm extapic cr8_legacy abm sse4a misalignsse 3dnowprefetch osvw ibs xop skinit wdt lwp fma4 tce nodeid_msr tbm topoext perfctr_core perfctr_nb cpb hw_pstate vmmcall bmi1 arat npt lbrv svm_lock nrip_save tsc_scale vmcb_clean flushbyasid decodeassists pausefilter pfthreshold
bugs		: fxsave_leak sysret_ss_attrs null_seg
bogomips	: 7000.67
TLB size	: 1536 4K pages
clflush size	: 64
cache_alignment	: 64
address sizes	: 48 bits physical, 48 bits virtual
power management: ts ttp tm 100mhzsteps hwpstate cpb eff_freq_ro

processor	: 1
vendor_id	: AuthenticAMD
cpu family	: 21
model		: 2
model name	: AMD FX(tm)-8320 Eight-Core Processor
stepping	: 0
microcode	: 0x600084f
cpu MHz		: 2300.000
cache size	: 2048 KB
physical id	: 0
siblings	: 8
core id		: 1
cpu cores	: 4
apicid		: 17
initial apicid	: 1
fpu		: yes
fpu_exception	: yes
cpuid level	: 13
wp		: yes
flags		: fpu vme de pse tsc msr pae mce cx8 apic sep mtrr pge mca cmov pat pse36 clflush mmx fxsr sse sse2 ht syscall nx mmxext fxsr_opt pdpe1gb rdtscp lm constant_tsc rep_good nopl nonstop_tsc cpuid extd_apicid aperfmperf pni pclmulqdq monitor ssse3 fma cx16 sse4_1 sse4_2 popcnt aes xsave avx f16c lahf_lm cmp_legacy svm extapic cr8_legacy abm sse4a misalignsse 3dnowprefetch osvw ibs xop skinit wdt lwp fma4 tce nodeid_msr tbm topoext perfctr_core perfctr_nb cpb hw_pstate vmmcall bmi1 arat npt lbrv svm_lock nrip_save tsc_scale vmcb_clean flushbyasid decodeassists pausefilter pfthreshold
bugs		: fxsave_leak sysret_ss_attrs null_seg
bogomips	: 7000.67
TLB size	: 1536 4K pages
clflush size	: 64
cache_alignment	: 64
address sizes	: 48 bits physical, 48 bits virtual
power management: ts ttp tm 100mhzsteps hwpstate cpb eff_freq_ro

processor	: 2
vendor_id	: AuthenticAMD
cpu family	: 21
model		: 2
model name	: AMD FX(tm)-8320 Eight-Core Processor
stepping	: 0
microcode	: 0x600084f
cpu MHz		: 1700.000
cache size	: 2048 KB
physical id	: 0
siblings	: 8
core id		: 2
cpu cores	: 4
apicid		: 18
initial apicid	: 2
fpu		: yes
fpu_exception	: yes
cpuid level	: 13
wp		: yes
flags		: fpu vme de pse tsc msr pae mce cx8 apic sep mtrr pge mca cmov pat pse36 clflush mmx fxsr sse sse2 ht syscall nx mmxext fxsr_opt pdpe1gb rdtscp lm constant_tsc rep_good nopl nonstop_tsc cpuid extd_apicid aperfmperf pni pclmulqdq monitor ssse3 fma cx16 sse4_1 sse4_2 popcnt aes xsave avx f16c lahf_lm cmp_legacy svm extapic cr8_legacy abm sse4a misalignsse 3dnowprefetch osvw ibs xop skinit wdt lwp fma4 tce nodeid_msr tbm topoext perfctr_core perfctr_nb cpb hw_pstate vmmcall bmi1 arat npt lbrv svm_lock nrip_save tsc_scale vmcb_clean flushbyasid decodeassists pausefilter pfthreshold
bugs		: fxsave_leak sysret_ss_attrs null_seg
bogomips	: 7000.67
TLB size	: 1536 4K pages
clflush size	: 64
cache_alignment	: 64
address sizes	: 48 bits physical, 48 bits virtual
power management: ts ttp tm 100mhzsteps hwpstate cpb eff_freq_ro

processor	: 3
vendor_id	: AuthenticAMD
cpu family	: 21
model		: 2
model name	: AMD FX(tm)-8320 Eight-Core Processor
stepping	: 0
microcode	: 0x600084f
cpu MHz		: 3500.000
cache size	: 2048 KB
physical id	: 0
siblings	: 8
core id		: 3
cpu cores	: 4
apicid		: 19
initial apicid	: 3
fpu		: yes
fpu_exception	: yes
cpuid level	: 13
wp		: yes
flags		: fpu vme de pse tsc msr pae mce cx8 apic sep mtrr pge mca cmov pat pse36 clflush mmx fxsr sse sse2 ht syscall nx mmxext fxsr_opt pdpe1gb rdtscp lm constant_tsc rep_good nopl nonstop_tsc cpuid extd_apicid aperfmperf pni pclmulqdq monitor ssse3 fma cx16 sse4_1 sse4_2 popcnt aes xsave avx f16c lahf_lm cmp_legacy svm extapic cr8_legacy abm sse4a misalignsse 3dnowprefetch osvw ibs xop skinit wdt lwp fma4 tce nodeid_msr tbm topoext perfctr_core perfctr_nb cpb hw_pstate vmmcall bmi1 arat npt lbrv svm_lock nrip_save tsc_scale vmcb_clean flushbyasid decodeassists pausefilter pfthreshold
bugs		: fxsave_leak sysret_ss_attrs null_seg
bogomips	: 7000.67
TLB size	: 1536 4K pages
clflush size	: 64
cache_alignment	: 64
address sizes	: 48 bits physical, 48 bits virtual
power management: ts ttp tm 100mhzsteps hwpstate cpb eff_freq_ro

processor	: 4
vendor_id	: AuthenticAMD
cpu family	: 21
model		: 2
model name	: AMD FX(tm)-8320 Eight-Core Processor
stepping	: 0
microcode	: 0x600084f
cpu MHz		: 3500.000
cache size	: 2048 KB
physical id	: 0
siblings	: 8
core id		: 4
cpu cores	: 4
apicid		: 20
initial apicid	: 4
fpu		: yes
fpu_exception	: yes
cpuid level	: 13
wp		: yes
flags		: fpu vme de pse tsc msr pae mce cx8 apic sep mtrr pge mca cmov pat pse36 clflush mmx fxsr sse sse2 ht syscall nx mmxext fxsr_opt pdpe1gb rdtscp lm constant_tsc rep_good nopl nonstop_tsc cpuid extd_apicid aperfmperf pni pclmulqdq monitor ssse3 fma cx16 sse4_1 sse4_2 popcnt aes xsave avx f16c lahf_lm cmp_legacy svm extapic cr8_legacy abm sse4a misalignsse 3dnowprefetch osvw ibs xop skinit wdt lwp fma4 tce nodeid_msr tbm topoext perfctr_core perfctr_nb cpb hw_pstate vmmcall bmi1 arat npt lbrv svm_lock nrip_save tsc_scale vmcb_clean flushbyasid decodeassists pausefilter pfthreshold
bugs		: fxsave_leak sysret_ss_attrs null_seg
bogomips	: 7000.67
TLB size	: 1536 4K pages
clflush size	: 64
cache_alignment	: 64
address sizes	: 48 bits physical, 48 bits virtual
power management: ts ttp tm 100mhzsteps hwpstate cpb eff_freq_ro

processor	: 5
vendor_id	: AuthenticAMD
cpu family	: 21
model		: 2
model name	: AMD FX(tm)-8320 Eight-Core Processor
stepping	: 0
microcode	: 0x600084f
cpu MHz		: 1700.000
cache size	: 2048 KB
physical id	: 0
siblings	: 8
core id		: 5
cpu cores	: 4
apicid		: 21
initial apicid	: 5
fpu		: yes
fpu_exception	: yes
cpuid level	: 13
wp		: yes
flags		: fpu vme de pse tsc msr pae mce cx8 apic sep mtrr pge mca cmov pat pse36 clflush mmx fxsr sse sse2 ht syscall nx mmxext fxsr_opt pdpe1gb rdtscp lm constant_tsc rep_good nopl nonstop_tsc cpuid extd_apicid aperfmperf pni pclmulqdq monitor ssse3 fma cx16 sse4_1 sse4_2 popcnt aes xsave avx f16c lahf_lm cmp_legacy svm extapic cr8_legacy abm sse4a misalignsse 3dnowprefetch osvw ibs xop skinit wdt lwp fma4 tce nodeid_msr tbm topoext perfctr_core perfctr_nb cpb hw_pstate vmmcall bmi1 arat npt lbrv svm_lock nrip_save tsc_scale vmcb_clean flushbyasid decodeassists pausefilter pfthreshold
bugs		: fxsave_leak sysret_ss_attrs null_seg
bogomips	: 7000.67
TLB size	: 1536 4K pages
clflush size	: 64
cache_alignment	: 64
address sizes	: 48 bits physical, 48 bits virtual
power management: ts ttp tm 100mhzsteps hwpstate cpb eff_freq_ro

processor	: 6
vendor_id	: AuthenticAMD
cpu family	: 21
model		: 2
model name	: AMD FX(tm)-8320 Eight-Core Processor
stepping	: 0
microcode	: 0x600084f
cpu MHz		: 3500.000
cache size	: 2048 KB
physical id	: 0
siblings	: 8
core id		: 6
cpu cores	: 4
apicid		: 22
initial apicid	: 6
fpu		: yes
fpu_exception	: yes
cpuid level	: 13
wp		: yes
flags		: fpu vme de pse tsc msr pae mce cx8 apic sep mtrr pge mca cmov pat pse36 clflush mmx fxsr sse sse2 ht syscall nx mmxext fxsr_opt pdpe1gb rdtscp lm constant_tsc rep_good nopl nonstop_tsc cpuid extd_apicid aperfmperf pni pclmulqdq monitor ssse3 fma cx16 sse4_1 sse4_2 popcnt aes xsave avx f16c lahf_lm cmp_legacy svm extapic cr8_legacy abm sse4a misalignsse 3dnowprefetch osvw ibs xop skinit wdt lwp fma4 tce nodeid_msr tbm topoext perfctr_core perfctr_nb cpb hw_pstate vmmcall bmi1 arat npt lbrv svm_lock nrip_save tsc_scale vmcb_clean flushbyasid decodeassists pausefilter pfthreshold
bugs		: fxsave_leak sysret_ss_attrs null_seg
bogomips	: 7000.67
TLB size	: 1536 4K pages
clflush size	: 64
cache_alignment	: 64
address sizes	: 48 bits physical, 48 bits virtual
power management: ts ttp tm 100mhzsteps hwpstate cpb eff_freq_ro

processor	: 7
vendor_id	: AuthenticAMD
cpu family	: 21
model		: 2
model name	: AMD FX(tm)-8320 Eight-Core Processor
stepping	: 0
microcode	: 0x600084f
cpu MHz		: 3500.000
cache size	: 2048 KB
physical id	: 0
siblings	: 8
core id		: 7
cpu cores	: 4
apicid		: 23
initial apicid	: 7
fpu		: yes
fpu_exception	: yes
cpuid level	: 13
wp		: yes
flags		: fpu vme de pse tsc msr pae mce cx8 apic sep mtrr pge mca cmov pat pse36 clflush mmx fxsr sse sse2 ht syscall nx mmxext fxsr_opt pdpe1gb rdtscp lm constant_tsc rep_good nopl nonstop_tsc cpuid extd_apicid aperfmperf pni pclmulqdq monitor ssse3 fma cx16 sse4_1 sse4_2 popcnt aes xsave avx f16c lahf_lm cmp_legacy svm extapic cr8_legacy abm sse4a misalignsse 3dnowprefetch osvw ibs xop skinit wdt lwp fma4 tce nodeid_msr tbm topoext perfctr_core perfctr_nb cpb hw_pstate vmmcall bmi1 arat npt lbrv svm_lock nrip_save tsc_scale vmcb_clean flushbyasid decodeassists pausefilter pfthreshold
bugs		: fxsave_leak sysret_ss_attrs null_seg
bogomips	: 7000.67
TLB size	: 1536 4K pages
clflush size	: 64
cache_alignment	: 64
address sizes	: 48 bits physical, 48 bits virtual
power management: ts ttp tm 100mhzsteps hwpstate cpb eff_freq_ro



Memory: 4k page, physical 16383060k(7027316k free), swap 19530748k(19530748k free)

vm_info: OpenJDK 64-Bit Server VM (25.151-b12) for linux-amd64 JRE (1.8.0_151-8u151-b12-1-b12), built on Nov  1 2017 06:12:56 by "buildd" with gcc 7.2.1 20171025

time: Sat Jan  6 21:51:15 2018
elapsed time: 0 seconds (0d 0h 0m 0s)

