#
# A fatal error has been detected by the Java Runtime Environment:
#
#  SIGSEGV (0xb) at pc=0x00007fe1fc34de99, pid=9447, tid=0x00007fe263fd1700
#
# JRE version: OpenJDK Runtime Environment (8.0_151-b12) (build 1.8.0_151-8u151-b12-1-b12)
# Java VM: OpenJDK 64-Bit Server VM (25.151-b12 mixed mode linux-amd64 compressed oops)
# Problematic frame:
# C  [liblwjgl_opengl.so+0x45e99]  Java_org_lwjgl_opengl_GL20_glCreateShader+0x9
#
# Failed to write core dump. Core dumps have been disabled. To enable core dumping, try "ulimit -c unlimited" before starting Java again
#
# If you would like to submit a bug report, please visit:
#   http://bugreport.java.com/bugreport/crash.jsp
# The crash happened outside the Java Virtual Machine in native code.
# See problematic frame for where to report the bug.
#

---------------  T H R E A D  ---------------

Current thread (0x00007fe25c012000):  JavaThread "main" [_thread_in_native, id=9449, stack(0x00007fe263ed1000,0x00007fe263fd2000)]

siginfo: si_signo: 11 (SIGSEGV), si_code: 1 (SEGV_MAPERR), si_addr: 0x00000000000008a8

Registers:
RAX=0x0000000000000000, RBX=0x00007fe24ac79288, RCX=0x0000000000000018, RDX=0x0000000000008b31
RSP=0x00007fe263fd06f8, RBP=0x00007fe263fd0748, RSI=0x00007fe263fd0758, RDI=0x0000000000008b31
R8 =0x00007fe24ac79288, R9 =0x0000000000000004, R10=0x00007fe24d01f378, R11=0x00007fe262bc81e0
R12=0x0000000000000000, R13=0x00007fe24ac79278, R14=0x00007fe263fd0768, R15=0x00007fe25c012000
RIP=0x00007fe1fc34de99, EFLAGS=0x0000000000010283, CSGSFS=0x002b000000000033, ERR=0x0000000000000004
  TRAPNO=0x000000000000000e

Top of Stack: (sp=0x00007fe263fd06f8)
0x00007fe263fd06f8:   00007fe24d01f3a4 00007fe24d01ef79
0x00007fe263fd0708:   00007fe263fd0708 00007fe24ac79278
0x00007fe263fd0718:   00007fe263fd0768 00007fe24ac8c598
0x00007fe263fd0728:   0000000000000000 00007fe24ac79288
0x00007fe263fd0738:   0000000000000000 00007fe263fd0768
0x00007fe263fd0748:   00007fe263fd07b0 00007fe24d007ac0
0x00007fe263fd0758:   000000076ceba3b8 00007fe24d0161b6
0x00007fe263fd0768:   0000000000008b31 00007fe263fd0770
0x00007fe263fd0778:   00007fe24ac73e32 00007fe263fd07e0
0x00007fe263fd0788:   00007fe24ac73fa0 0000000000000000
0x00007fe263fd0798:   00007fe24ac73ee0 00007fe263fd0768
0x00007fe263fd07a8:   00007fe263fd07d8 00007fe263fd0830
0x00007fe263fd07b8:   00007fe24d007ac0 0000000000000000
0x00007fe263fd07c8:   000000076ce80878 000000076ce80670
0x00007fe263fd07d8:   0000000000008b31 000000076ce80550
0x00007fe263fd07e8:   000000076ce80658 00007fe263fd07f0
0x00007fe263fd07f8:   00007fe24ac73990 00007fe263fd0850
0x00007fe263fd0808:   00007fe24ac73fa0 0000000000000000
0x00007fe263fd0818:   00007fe24ac73a08 00007fe263fd07d8
0x00007fe263fd0828:   00007fe263fd0840 00007fe263fd0898
0x00007fe263fd0838:   00007fe24d00807d 000000076ce805b8
0x00007fe263fd0848:   000000076ce80550 000000076ce80658
0x00007fe263fd0858:   00007fe263fd0858 00007fe24ac73195
0x00007fe263fd0868:   00007fe263fd08a8 00007fe24ac743e8
0x00007fe263fd0878:   0000000000000000 00007fe24ac731b0
0x00007fe263fd0888:   00007fe263fd0840 00007fe263fd08a8
0x00007fe263fd0898:   00007fe263fd0900 00007fe24d00807d
0x00007fe263fd08a8:   000000076ce80658 000000076ce80658
0x00007fe263fd08b8:   000000076ce703e8 00007fe263fd08c0
0x00007fe263fd08c8:   00007fe24ac708ab 00007fe263fd0948
0x00007fe263fd08d8:   00007fe24ac70e58 0000000000000000
0x00007fe263fd08e8:   00007fe24ac70a38 00007fe263fd08a8 

Instructions: (pc=0x00007fe1fc34de99)
0x00007fe1fc34de79:   48 8b 80 00 0a 00 00 ff e0 66 66 66 66 66 2e 0f
0x00007fe1fc34de89:   1f 84 00 00 00 00 00 48 8b 07 89 d7 48 8b 40 18
0x00007fe1fc34de99:   48 8b 80 a8 08 00 00 ff e0 66 66 66 66 66 2e 0f
0x00007fe1fc34dea9:   1f 84 00 00 00 00 00 48 8b 07 89 d7 48 8b 40 18 

Register to memory mapping:

RAX=0x0000000000000000 is an unknown value
RBX={method} {0x00007fe24ac79288} 'glCreateShader' '(I)I' in 'org/lwjgl/opengl/GL20'
RCX=0x0000000000000018 is an unknown value
RDX=0x0000000000008b31 is an unknown value
RSP=0x00007fe263fd06f8 is pointing into the stack for thread: 0x00007fe25c012000
RBP=0x00007fe263fd0748 is pointing into the stack for thread: 0x00007fe25c012000
RSI=0x00007fe263fd0758 is pointing into the stack for thread: 0x00007fe25c012000
RDI=0x0000000000008b31 is an unknown value
R8 ={method} {0x00007fe24ac79288} 'glCreateShader' '(I)I' in 'org/lwjgl/opengl/GL20'
R9 =0x0000000000000004 is an unknown value
R10=0x00007fe24d01f378 is at code_begin+1528 in an Interpreter codelet
method entry point (kind = native)  [0x00007fe24d01ed80, 0x00007fe24d01fcc0]  3904 bytes
R11=0x00007fe262bc81e0: <offset 0x9901e0> in /usr/lib/jvm/java-8-openjdk-amd64/jre/lib/amd64/server/libjvm.so at 0x00007fe262238000
R12=0x0000000000000000 is an unknown value
R13=0x00007fe24ac79278 is pointing into metadata
R14=0x00007fe263fd0768 is pointing into the stack for thread: 0x00007fe25c012000
R15=0x00007fe25c012000 is a thread


Stack: [0x00007fe263ed1000,0x00007fe263fd2000],  sp=0x00007fe263fd06f8,  free space=1021k
Native frames: (J=compiled Java code, j=interpreted, Vv=VM code, C=native code)
C  [liblwjgl_opengl.so+0x45e99]  Java_org_lwjgl_opengl_GL20_glCreateShader+0x9
j  Shaders.ShaderProgram.loadShader(Ljava/lang/String;I)I+66
j  Shaders.ShaderProgram.<init>(Ljava/lang/String;Ljava/lang/String;)V+8
j  Shaders.StaticShader.<init>()V+5
j  Engine.Main.init()V+27
j  Engine.Main.run()V+1
j  Engine.Main.main([Ljava/lang/String;)V+7
v  ~StubRoutines::call_stub
V  [libjvm.so+0x67b49b]
V  [libjvm.so+0x69f617]
V  [libjvm.so+0x6a1fd3]
C  [libjli.so+0x3726]
C  [libjli.so+0x76dd]
C  [libpthread.so.0+0x7519]  start_thread+0xd9

Java frames: (J=compiled Java code, j=interpreted, Vv=VM code)
j  org.lwjgl.opengl.GL20.glCreateShader(I)I+0
j  Shaders.ShaderProgram.loadShader(Ljava/lang/String;I)I+66
j  Shaders.ShaderProgram.<init>(Ljava/lang/String;Ljava/lang/String;)V+8
j  Shaders.StaticShader.<init>()V+5
j  Engine.Main.init()V+27
j  Engine.Main.run()V+1
j  Engine.Main.main([Ljava/lang/String;)V+7
v  ~StubRoutines::call_stub

---------------  P R O C E S S  ---------------

Java Threads: ( => current thread )
  0x00007fe25c3ac000 JavaThread "Service Thread" daemon [_thread_blocked, id=9489, stack(0x00007fe1ffcfd000,0x00007fe1ffdfe000)]
  0x00007fe25c3a0800 JavaThread "C1 CompilerThread3" daemon [_thread_blocked, id=9488, stack(0x00007fe1ffdfe000,0x00007fe1ffeff000)]
  0x00007fe25c39e800 JavaThread "C2 CompilerThread2" daemon [_thread_blocked, id=9487, stack(0x00007fe1ffeff000,0x00007fe200000000)]
  0x00007fe25c398000 JavaThread "C2 CompilerThread1" daemon [_thread_blocked, id=9486, stack(0x00007fe21c0fe000,0x00007fe21c1ff000)]
  0x00007fe25c395800 JavaThread "C2 CompilerThread0" daemon [_thread_blocked, id=9485, stack(0x00007fe21c1ff000,0x00007fe21c300000)]
  0x00007fe208001000 JavaThread "JDWP Command Reader" daemon [_thread_in_native, id=9484, stack(0x00007fe248145000,0x00007fe248246000)]
  0x00007fe25c214800 JavaThread "JDWP Event Helper Thread" daemon [_thread_blocked, id=9481, stack(0x00007fe248246000,0x00007fe248347000)]
  0x00007fe25c210800 JavaThread "JDWP Transport Listener: dt_socket" daemon [_thread_blocked, id=9480, stack(0x00007fe248347000,0x00007fe248448000)]
  0x00007fe25c201800 JavaThread "Signal Dispatcher" daemon [_thread_blocked, id=9479, stack(0x00007fe248654000,0x00007fe248755000)]
  0x00007fe25c1db000 JavaThread "Finalizer" daemon [_thread_blocked, id=9471, stack(0x00007fe248755000,0x00007fe248856000)]
  0x00007fe25c1d6800 JavaThread "Reference Handler" daemon [_thread_blocked, id=9470, stack(0x00007fe248856000,0x00007fe248957000)]
=>0x00007fe25c012000 JavaThread "main" [_thread_in_native, id=9449, stack(0x00007fe263ed1000,0x00007fe263fd2000)]

Other Threads:
  0x00007fe25c1ce800 VMThread [stack: 0x00007fe248957000,0x00007fe248a58000] [id=9469]
  0x00007fe25c3af000 WatcherThread [stack: 0x00007fe1ffbfc000,0x00007fe1ffcfd000] [id=9490]

VM state:not at safepoint (normal execution)

VM Mutex/Monitor currently owned by a thread: None

Heap:
 PSYoungGen      total 74752K, used 10350K [0x000000076cb00000, 0x0000000771e00000, 0x00000007c0000000)
  eden space 64512K, 16% used [0x000000076cb00000,0x000000076d51ba08,0x0000000770a00000)
  from space 10240K, 0% used [0x0000000771400000,0x0000000771400000,0x0000000771e00000)
  to   space 10240K, 0% used [0x0000000770a00000,0x0000000770a00000,0x0000000771400000)
 ParOldGen       total 171008K, used 0K [0x00000006c6000000, 0x00000006d0700000, 0x000000076cb00000)
  object space 171008K, 0% used [0x00000006c6000000,0x00000006c6000000,0x00000006d0700000)
 Metaspace       used 5457K, capacity 5654K, committed 5888K, reserved 1056768K
  class space    used 616K, capacity 703K, committed 768K, reserved 1048576K

Card table byte_map: [0x00007fe24c46f000,0x00007fe24cc40000] byte_map_base: 0x00007fe248e3f000

Marking Bits: (ParMarkBitMap*) 0x00007fe2631910e0
 Begin Bits: [0x00007fe21c300000, 0x00007fe220180000)
 End Bits:   [0x00007fe220180000, 0x00007fe224000000)

Polling page: 0x00007fe263fd7000

CodeCache: size=245760Kb used=1197Kb max_used=1197Kb free=244562Kb
 bounds [0x00007fe24d000000, 0x00007fe24d270000, 0x00007fe25c000000]
 total_blobs=403 nmethods=94 adapters=234
 compilation: enabled

Compilation events (10 events):
Event: 0.211 Thread 0x00007fe25c3a0800   31       1       java.net.URL::getRef (5 bytes)
Event: 0.211 Thread 0x00007fe25c3a0800 nmethod 31 0x00007fe24d117f10 code [0x00007fe24d118060, 0x00007fe24d118170]
Event: 0.211 Thread 0x00007fe25c3a0800   29       1       java.net.URL::getPort (5 bytes)
Event: 0.211 Thread 0x00007fe25c3a0800 nmethod 29 0x00007fe24d1181d0 code [0x00007fe24d118320, 0x00007fe24d118430]
Event: 0.211 Thread 0x00007fe25c3a0800   19       1       java.lang.StringCoding$StringDecoder::requestedCharsetName (5 bytes)
Event: 0.211 Thread 0x00007fe25c3a0800 nmethod 19 0x00007fe24d118490 code [0x00007fe24d1185e0, 0x00007fe24d1186f0]
Event: 0.215 Thread 0x00007fe25c3a0800   32   !   3       java.io.BufferedReader::readLine (304 bytes)
Event: 0.217 Thread 0x00007fe25c3a0800 nmethod 32 0x00007fe24d118750 code [0x00007fe24d118a00, 0x00007fe24d11a328]
Event: 0.217 Thread 0x00007fe25c3a0800   33       3       java.lang.AbstractStringBuilder::ensureCapacityInternal (27 bytes)
Event: 0.217 Thread 0x00007fe25c3a0800 nmethod 33 0x00007fe24d11b1d0 code [0x00007fe24d11b360, 0x00007fe24d11b7d8]

GC Heap History (0 events):
No events

Deoptimization events (0 events):
No events

Internal exceptions (10 events):
Event: 3.104 Thread 0x00007fe25c012000 Exception <a 'java/lang/NoSuchFieldError': method resolution failed> (0x000000076d19de08) thrown at [/build/openjdk-8-O5BLDv/openjdk-8-8u151-b12/src/hotspot/src/share/vm/prims/methodHandles.cpp, line 1146]
Event: 3.143 Thread 0x00007fe25c012000 Exception <a 'java/lang/NoSuchFieldError': method resolution failed> (0x000000076d1abcb0) thrown at [/build/openjdk-8-O5BLDv/openjdk-8-8u151-b12/src/hotspot/src/share/vm/prims/methodHandles.cpp, line 1146]
Event: 3.751 Thread 0x00007fe25c012000 Exception <a 'java/lang/NoSuchMethodError': java.lang.Object.lambda$static$0(Ljava/lang/String;)Ljava/lang/Boolean;> (0x000000076d301e48) thrown at [/build/openjdk-8-O5BLDv/openjdk-8-8u151-b12/src/hotspot/src/share/vm/interpreter/linkResolver.cpp, line 61
Event: 3.820 Thread 0x00007fe25c012000 Exception <a 'java/security/PrivilegedActionException'> (0x000000076d35b548) thrown at [/build/openjdk-8-O5BLDv/openjdk-8-8u151-b12/src/hotspot/src/share/vm/prims/jvm.cpp, line 1390]
Event: 3.820 Thread 0x00007fe25c012000 Exception <a 'java/security/PrivilegedActionException'> (0x000000076d35b758) thrown at [/build/openjdk-8-O5BLDv/openjdk-8-8u151-b12/src/hotspot/src/share/vm/prims/jvm.cpp, line 1390]
Event: 3.825 Thread 0x00007fe25c012000 Exception <a 'java/security/PrivilegedActionException'> (0x000000076d35d7e0) thrown at [/build/openjdk-8-O5BLDv/openjdk-8-8u151-b12/src/hotspot/src/share/vm/prims/jvm.cpp, line 1390]
Event: 3.825 Thread 0x00007fe25c012000 Exception <a 'java/security/PrivilegedActionException'> (0x000000076d35d9f0) thrown at [/build/openjdk-8-O5BLDv/openjdk-8-8u151-b12/src/hotspot/src/share/vm/prims/jvm.cpp, line 1390]
Event: 3.826 Thread 0x00007fe25c012000 Exception <a 'java/security/PrivilegedActionException'> (0x000000076d35e4c8) thrown at [/build/openjdk-8-O5BLDv/openjdk-8-8u151-b12/src/hotspot/src/share/vm/prims/jvm.cpp, line 1390]
Event: 3.826 Thread 0x00007fe25c012000 Exception <a 'java/security/PrivilegedActionException'> (0x000000076d35e6d8) thrown at [/build/openjdk-8-O5BLDv/openjdk-8-8u151-b12/src/hotspot/src/share/vm/prims/jvm.cpp, line 1390]
Event: 4.070 Thread 0x00007fe25c012000 Exception <a 'sun/nio/fs/UnixException'> (0x000000076d441868) thrown at [/build/openjdk-8-O5BLDv/openjdk-8-8u151-b12/src/hotspot/src/share/vm/prims/jni.cpp, line 709]

Events (10 events):
Event: 4.226 loading class org/lwjgl/opengl/GL$SharedLibraryGL
Event: 4.226 loading class org/lwjgl/opengl/GL$SharedLibraryGL done
Event: 4.234 loading class org/lwjgl/system/SharedLibrary$Delegate
Event: 4.234 loading class org/lwjgl/system/SharedLibrary$Delegate done
Event: 4.243 Executing VM operation: ChangeSingleStep
Event: 4.243 Executing VM operation: ChangeSingleStep done
Event: 4.243 Executing VM operation: GetCurrentLocation
Event: 4.243 Executing VM operation: GetCurrentLocation done
Event: 4.243 Executing VM operation: ChangeSingleStep
Event: 4.243 Executing VM operation: ChangeSingleStep done


Dynamic libraries:
6c6000000-6d0700000 rw-p 00000000 00:00 0 
6d0700000-76cb00000 ---p 00000000 00:00 0 
76cb00000-771e00000 rw-p 00000000 00:00 0 
771e00000-7c0000000 ---p 00000000 00:00 0 
7c0000000-7c00c0000 rw-p 00000000 00:00 0 
7c00c0000-800000000 ---p 00000000 00:00 0 
55ae403c9000-55ae403ca000 r-xp 00000000 08:02 6162004                    /usr/lib/jvm/java-8-openjdk-amd64/jre/bin/java
55ae405c9000-55ae405ca000 r--p 00000000 08:02 6162004                    /usr/lib/jvm/java-8-openjdk-amd64/jre/bin/java
55ae405ca000-55ae405cb000 rw-p 00001000 08:02 6162004                    /usr/lib/jvm/java-8-openjdk-amd64/jre/bin/java
55ae411d3000-55ae411f4000 rw-p 00000000 00:00 0                          [heap]
7fe1e4000000-7fe1e4021000 rw-p 00000000 00:00 0 
7fe1e4021000-7fe1e8000000 ---p 00000000 00:00 0 
7fe1ead68000-7fe1ead7b000 r-xp 00000000 08:02 1443817                    /lib/x86_64-linux-gnu/libbsd.so.0.8.6
7fe1ead7b000-7fe1eaf7a000 ---p 00013000 08:02 1443817                    /lib/x86_64-linux-gnu/libbsd.so.0.8.6
7fe1eaf7a000-7fe1eaf7b000 r--p 00012000 08:02 1443817                    /lib/x86_64-linux-gnu/libbsd.so.0.8.6
7fe1eaf7b000-7fe1eaf7c000 rw-p 00013000 08:02 1443817                    /lib/x86_64-linux-gnu/libbsd.so.0.8.6
7fe1eaf7c000-7fe1eaf7d000 rw-p 00000000 00:00 0 
7fe1eaf80000-7fe1eaf85000 r-xp 00000000 08:02 5518031                    /usr/lib/x86_64-linux-gnu/libXdmcp.so.6.0.0
7fe1eaf85000-7fe1eb184000 ---p 00005000 08:02 5518031                    /usr/lib/x86_64-linux-gnu/libXdmcp.so.6.0.0
7fe1eb184000-7fe1eb185000 r--p 00004000 08:02 5518031                    /usr/lib/x86_64-linux-gnu/libXdmcp.so.6.0.0
7fe1eb185000-7fe1eb186000 rw-p 00005000 08:02 5518031                    /usr/lib/x86_64-linux-gnu/libXdmcp.so.6.0.0
7fe1eb188000-7fe1eb18a000 r-xp 00000000 08:02 5518016                    /usr/lib/x86_64-linux-gnu/libXau.so.6.0.0
7fe1eb18a000-7fe1eb38a000 ---p 00002000 08:02 5518016                    /usr/lib/x86_64-linux-gnu/libXau.so.6.0.0
7fe1eb38a000-7fe1eb38b000 r--p 00002000 08:02 5518016                    /usr/lib/x86_64-linux-gnu/libXau.so.6.0.0
7fe1eb38b000-7fe1eb38c000 rw-p 00003000 08:02 5518016                    /usr/lib/x86_64-linux-gnu/libXau.so.6.0.0
7fe1eb390000-7fe1eb3b7000 r-xp 00000000 08:02 5520824                    /usr/lib/x86_64-linux-gnu/libxcb.so.1.1.0
7fe1eb3b7000-7fe1eb5b6000 ---p 00027000 08:02 5520824                    /usr/lib/x86_64-linux-gnu/libxcb.so.1.1.0
7fe1eb5b6000-7fe1eb5b7000 r--p 00026000 08:02 5520824                    /usr/lib/x86_64-linux-gnu/libxcb.so.1.1.0
7fe1eb5b7000-7fe1eb5b8000 rw-p 00027000 08:02 5520824                    /usr/lib/x86_64-linux-gnu/libxcb.so.1.1.0
7fe1eb5b8000-7fe1eb5c9000 r-xp 00000000 08:02 5518035                    /usr/lib/x86_64-linux-gnu/libXext.so.6.4.0
7fe1eb5c9000-7fe1eb7c8000 ---p 00011000 08:02 5518035                    /usr/lib/x86_64-linux-gnu/libXext.so.6.4.0
7fe1eb7c8000-7fe1eb7c9000 r--p 00010000 08:02 5518035                    /usr/lib/x86_64-linux-gnu/libXext.so.6.4.0
7fe1eb7c9000-7fe1eb7ca000 rw-p 00011000 08:02 5518035                    /usr/lib/x86_64-linux-gnu/libXext.so.6.4.0
7fe1eb7d0000-7fe1eb90a000 r-xp 00000000 08:02 5518010                    /usr/lib/x86_64-linux-gnu/libX11.so.6.3.0
7fe1eb90a000-7fe1ebb0a000 ---p 0013a000 08:02 5518010                    /usr/lib/x86_64-linux-gnu/libX11.so.6.3.0
7fe1ebb0a000-7fe1ebb0b000 r--p 0013a000 08:02 5518010                    /usr/lib/x86_64-linux-gnu/libX11.so.6.3.0
7fe1ebb0b000-7fe1ebb10000 rw-p 0013b000 08:02 5518010                    /usr/lib/x86_64-linux-gnu/libX11.so.6.3.0
7fe1ebb10000-7fe1ebb7e000 r-xp 00000000 08:02 5509326                    /usr/lib/x86_64-linux-gnu/libGLdispatch.so.0.0.0
7fe1ebb7e000-7fe1ebd7d000 ---p 0006e000 08:02 5509326                    /usr/lib/x86_64-linux-gnu/libGLdispatch.so.0.0.0
7fe1ebd7d000-7fe1ebda5000 r--p 0006d000 08:02 5509326                    /usr/lib/x86_64-linux-gnu/libGLdispatch.so.0.0.0
7fe1ebda5000-7fe1ebda6000 rw-p 00095000 08:02 5509326                    /usr/lib/x86_64-linux-gnu/libGLdispatch.so.0.0.0
7fe1ebda6000-7fe1ebdc6000 rw-p 00000000 00:00 0 
7fe1ebdc8000-7fe1ebdd8000 r-xp 00000000 08:02 5509319                    /usr/lib/x86_64-linux-gnu/libGLX.so.0.0.0
7fe1ebdd8000-7fe1ebfd7000 ---p 00010000 08:02 5509319                    /usr/lib/x86_64-linux-gnu/libGLX.so.0.0.0
7fe1ebfd7000-7fe1ebfd8000 r--p 0000f000 08:02 5509319                    /usr/lib/x86_64-linux-gnu/libGLX.so.0.0.0
7fe1ebfd8000-7fe1ebfd9000 rw-p 00010000 08:02 5509319                    /usr/lib/x86_64-linux-gnu/libGLX.so.0.0.0
7fe1ebfd9000-7fe1ebff9000 rw-p 00000000 00:00 0 
7fe1ec000000-7fe1ec028000 rw-p 00000000 00:00 0 
7fe1ec028000-7fe1f0000000 ---p 00000000 00:00 0 
7fe1f0000000-7fe1f0021000 rw-p 00000000 00:00 0 
7fe1f0021000-7fe1f4000000 ---p 00000000 00:00 0 
7fe1f4000000-7fe1f404d000 rw-p 00000000 00:00 0 
7fe1f404d000-7fe1f8000000 ---p 00000000 00:00 0 
7fe1f8000000-7fe1f8043000 rw-p 00000000 00:00 0 
7fe1f8043000-7fe1fc000000 ---p 00000000 00:00 0 
7fe1fc078000-7fe1fc0e9000 r-xp 00000000 08:02 5509294                    /usr/lib/mesa-diverted/x86_64-linux-gnu/libGL.so.1.0.0
7fe1fc0e9000-7fe1fc2e8000 ---p 00071000 08:02 5509294                    /usr/lib/mesa-diverted/x86_64-linux-gnu/libGL.so.1.0.0
7fe1fc2e8000-7fe1fc302000 r--p 00070000 08:02 5509294                    /usr/lib/mesa-diverted/x86_64-linux-gnu/libGL.so.1.0.0
7fe1fc302000-7fe1fc303000 rw-p 0008a000 08:02 5509294                    /usr/lib/mesa-diverted/x86_64-linux-gnu/libGL.so.1.0.0
7fe1fc303000-7fe1fc304000 rw-p 00000000 00:00 0 
7fe1fc308000-7fe1fc373000 r-xp 00000000 08:12 390920                     /tmp/lwjglmart/3.1.4-build-8/liblwjgl_opengl.so
7fe1fc373000-7fe1fc572000 ---p 0006b000 08:12 390920                     /tmp/lwjglmart/3.1.4-build-8/liblwjgl_opengl.so
7fe1fc572000-7fe1fc573000 r--p 0006a000 08:12 390920                     /tmp/lwjglmart/3.1.4-build-8/liblwjgl_opengl.so
7fe1fc573000-7fe1fc574000 rw-p 0006b000 08:12 390920                     /tmp/lwjglmart/3.1.4-build-8/liblwjgl_opengl.so
7fe1fc578000-7fe1fc5ce000 r-xp 00000000 08:12 390918                     /tmp/lwjglmart/3.1.4-build-8/liblwjgl.so
7fe1fc5ce000-7fe1fc7cd000 ---p 00056000 08:12 390918                     /tmp/lwjglmart/3.1.4-build-8/liblwjgl.so
7fe1fc7cd000-7fe1fc7ce000 r--p 00055000 08:12 390918                     /tmp/lwjglmart/3.1.4-build-8/liblwjgl.so
7fe1fc7ce000-7fe1fc7cf000 rw-p 00056000 08:12 390918                     /tmp/lwjglmart/3.1.4-build-8/liblwjgl.so
7fe1fc7cf000-7fe1ff7d0000 rw-p 00000000 00:00 0 
7fe1ff7d0000-7fe1ff7e7000 r-xp 00000000 08:02 6162048                    /usr/lib/jvm/java-8-openjdk-amd64/jre/lib/amd64/libnet.so
7fe1ff7e7000-7fe1ff9e6000 ---p 00017000 08:02 6162048                    /usr/lib/jvm/java-8-openjdk-amd64/jre/lib/amd64/libnet.so
7fe1ff9e6000-7fe1ff9e7000 r--p 00016000 08:02 6162048                    /usr/lib/jvm/java-8-openjdk-amd64/jre/lib/amd64/libnet.so
7fe1ff9e7000-7fe1ff9e8000 rw-p 00017000 08:02 6162048                    /usr/lib/jvm/java-8-openjdk-amd64/jre/lib/amd64/libnet.so
7fe1ff9e8000-7fe1ff9f9000 r-xp 00000000 08:02 6162049                    /usr/lib/jvm/java-8-openjdk-amd64/jre/lib/amd64/libnio.so
7fe1ff9f9000-7fe1ffbf9000 ---p 00011000 08:02 6162049                    /usr/lib/jvm/java-8-openjdk-amd64/jre/lib/amd64/libnio.so
7fe1ffbf9000-7fe1ffbfa000 r--p 00011000 08:02 6162049                    /usr/lib/jvm/java-8-openjdk-amd64/jre/lib/amd64/libnio.so
7fe1ffbfa000-7fe1ffbfb000 rw-p 00012000 08:02 6162049                    /usr/lib/jvm/java-8-openjdk-amd64/jre/lib/amd64/libnio.so
7fe1ffbfc000-7fe1ffbfd000 ---p 00000000 00:00 0 
7fe1ffbfd000-7fe1ffcfd000 rw-p 00000000 00:00 0 
7fe1ffcfd000-7fe1ffd00000 ---p 00000000 00:00 0 
7fe1ffd00000-7fe1ffdfe000 rw-p 00000000 00:00 0 
7fe1ffdfe000-7fe1ffe01000 ---p 00000000 00:00 0 
7fe1ffe01000-7fe1ffeff000 rw-p 00000000 00:00 0 
7fe1ffeff000-7fe1fff02000 ---p 00000000 00:00 0 
7fe1fff02000-7fe200000000 rw-p 00000000 00:00 0 
7fe200000000-7fe200021000 rw-p 00000000 00:00 0 
7fe200021000-7fe204000000 ---p 00000000 00:00 0 
7fe204000000-7fe204066000 rw-p 00000000 00:00 0 
7fe204066000-7fe208000000 ---p 00000000 00:00 0 
7fe208000000-7fe208021000 rw-p 00000000 00:00 0 
7fe208021000-7fe20c000000 ---p 00000000 00:00 0 
7fe20c000000-7fe20c021000 rw-p 00000000 00:00 0 
7fe20c021000-7fe210000000 ---p 00000000 00:00 0 
7fe210000000-7fe210021000 rw-p 00000000 00:00 0 
7fe210021000-7fe214000000 ---p 00000000 00:00 0 
7fe214000000-7fe214021000 rw-p 00000000 00:00 0 
7fe214021000-7fe218000000 ---p 00000000 00:00 0 
7fe218000000-7fe218021000 rw-p 00000000 00:00 0 
7fe218021000-7fe21c000000 ---p 00000000 00:00 0 
7fe21c0fe000-7fe21c101000 ---p 00000000 00:00 0 
7fe21c101000-7fe21c1ff000 rw-p 00000000 00:00 0 
7fe21c1ff000-7fe21c202000 ---p 00000000 00:00 0 
7fe21c202000-7fe21c300000 rw-p 00000000 00:00 0 
7fe21c300000-7fe224000000 rw-p 00000000 00:00 0 
7fe224000000-7fe224021000 rw-p 00000000 00:00 0 
7fe224021000-7fe228000000 ---p 00000000 00:00 0 
7fe228000000-7fe228021000 rw-p 00000000 00:00 0 
7fe228021000-7fe22c000000 ---p 00000000 00:00 0 
7fe22c000000-7fe22c021000 rw-p 00000000 00:00 0 
7fe22c021000-7fe230000000 ---p 00000000 00:00 0 
7fe230000000-7fe230021000 rw-p 00000000 00:00 0 
7fe230021000-7fe234000000 ---p 00000000 00:00 0 
7fe234000000-7fe234021000 rw-p 00000000 00:00 0 
7fe234021000-7fe238000000 ---p 00000000 00:00 0 
7fe238000000-7fe238021000 rw-p 00000000 00:00 0 
7fe238021000-7fe23c000000 ---p 00000000 00:00 0 
7fe23c000000-7fe23c021000 rw-p 00000000 00:00 0 
7fe23c021000-7fe240000000 ---p 00000000 00:00 0 
7fe240000000-7fe240021000 rw-p 00000000 00:00 0 
7fe240021000-7fe244000000 ---p 00000000 00:00 0 
7fe244000000-7fe244021000 rw-p 00000000 00:00 0 
7fe244021000-7fe248000000 ---p 00000000 00:00 0 
7fe24806e000-7fe248075000 r--s 0005e000 08:02 1055194                    /opt/intellij/lib/asm-all.jar
7fe24807b000-7fe24807d000 r--s 00003000 08:02 1055306                    /opt/intellij/lib/rt/debugger-agent.jar
7fe248082000-7fe248084000 r--s 0001a000 08:02 1055240                    /opt/intellij/lib/idea_rt.jar
7fe248087000-7fe24808b000 r--s 00017000 08:14 13768678                   /home/mart/IdeaProjects/silorex/lwjgl/lwjgl-glfw.jar
7fe24808d000-7fe24808e000 r--s 0003d000 08:14 13768676                   /home/mart/IdeaProjects/silorex/lwjgl/lwjgl-glfw-natives-windows.jar
7fe248095000-7fe248096000 r--s 0000d000 08:14 13768675                   /home/mart/IdeaProjects/silorex/lwjgl/lwjgl-glfw-natives-macos.jar
7fe248097000-7fe248098000 r--s 0001f000 08:14 13768674                   /home/mart/IdeaProjects/silorex/lwjgl/lwjgl-glfw-natives-linux.jar
7fe24809e000-7fe2480a8000 r--s 000be000 08:14 13769182                   /home/mart/IdeaProjects/silorex/lwjgl/lwjgl-opengl.jar
7fe2480aa000-7fe2480ab000 r--s 0002a000 08:14 13769186                   /home/mart/IdeaProjects/silorex/lwjgl/lwjgl-opengl-natives-windows.jar
7fe2480ab000-7fe2480ac000 r--s 0000b000 08:14 13769185                   /home/mart/IdeaProjects/silorex/lwjgl/lwjgl-opengl-natives-macos.jar
7fe2480ae000-7fe2480af000 r--s 00016000 08:14 13769184                   /home/mart/IdeaProjects/silorex/lwjgl/lwjgl-opengl-natives-linux.jar
7fe2480b2000-7fe2480b7000 r--s 00042000 08:14 13768649                   /home/mart/IdeaProjects/silorex/lwjgl/lwjgl.jar
7fe2480b9000-7fe2480ba000 r--s 00039000 08:14 13768647                   /home/mart/IdeaProjects/silorex/lwjgl/lwjgl-natives-windows.jar
7fe2480c1000-7fe2480c2000 r--s 00009000 08:14 13768646                   /home/mart/IdeaProjects/silorex/lwjgl/lwjgl-natives-macos.jar
7fe2480c3000-7fe2480c4000 r--s 00013000 08:14 13768645                   /home/mart/IdeaProjects/silorex/lwjgl/lwjgl-natives-linux.jar
7fe2480c6000-7fe2480d9000 r--s 00346000 08:02 6162100                    /usr/lib/jvm/java-8-openjdk-amd64/jre/lib/resources.jar
7fe2480da000-7fe2480df000 r--s 0009a000 08:02 6162095                    /usr/lib/jvm/java-8-openjdk-amd64/jre/lib/jsse.jar
7fe2480e5000-7fe2480e8000 r--s 00015000 08:02 6162093                    /usr/lib/jvm/java-8-openjdk-amd64/jre/lib/jce.jar
7fe2480ef000-7fe2480f1000 r--s 00007000 08:02 1711658                    /usr/share/java/java-atk-wrapper.jar
7fe2480f1000-7fe2480f6000 r--s 002f9000 08:02 6162062                    /usr/lib/jvm/java-8-openjdk-amd64/jre/lib/charsets.jar
7fe2480f7000-7fe2480fa000 r--s 0000f000 08:02 6162074                    /usr/lib/jvm/java-8-openjdk-amd64/jre/lib/ext/icedtea-sound.jar
7fe2480fe000-7fe248119000 r--s 001d6000 08:02 6162077                    /usr/lib/jvm/java-8-openjdk-amd64/jre/lib/ext/nashorn.jar
7fe24811f000-7fe248123000 r--s 00037000 08:02 6162080                    /usr/lib/jvm/java-8-openjdk-amd64/jre/lib/ext/sunpkcs11.jar
7fe24812a000-7fe248130000 r--s 0003a000 08:02 6162079                    /usr/lib/jvm/java-8-openjdk-amd64/jre/lib/ext/sunjce_provider.jar
7fe248136000-7fe248140000 r--s 00116000 08:02 6162076                    /usr/lib/jvm/java-8-openjdk-amd64/jre/lib/ext/localedata.jar
7fe248145000-7fe248148000 ---p 00000000 00:00 0 
7fe248148000-7fe248246000 rw-p 00000000 00:00 0 
7fe248246000-7fe248249000 ---p 00000000 00:00 0 
7fe248249000-7fe248347000 rw-p 00000000 00:00 0 
7fe248347000-7fe24834a000 ---p 00000000 00:00 0 
7fe24834a000-7fe248448000 rw-p 00000000 00:00 0 
7fe248448000-7fe24844c000 r-xp 00000000 08:02 6162027                    /usr/lib/jvm/java-8-openjdk-amd64/jre/lib/amd64/libdt_socket.so
7fe24844c000-7fe24864b000 ---p 00004000 08:02 6162027                    /usr/lib/jvm/java-8-openjdk-amd64/jre/lib/amd64/libdt_socket.so
7fe24864b000-7fe24864c000 r--p 00003000 08:02 6162027                    /usr/lib/jvm/java-8-openjdk-amd64/jre/lib/amd64/libdt_socket.so
7fe24864c000-7fe24864d000 rw-p 00004000 08:02 6162027                    /usr/lib/jvm/java-8-openjdk-amd64/jre/lib/amd64/libdt_socket.so
7fe248654000-7fe248657000 ---p 00000000 00:00 0 
7fe248657000-7fe248755000 rw-p 00000000 00:00 0 
7fe248755000-7fe248758000 ---p 00000000 00:00 0 
7fe248758000-7fe248856000 rw-p 00000000 00:00 0 
7fe248856000-7fe248859000 ---p 00000000 00:00 0 
7fe248859000-7fe248957000 rw-p 00000000 00:00 0 
7fe248957000-7fe248958000 ---p 00000000 00:00 0 
7fe248958000-7fe24a5c1000 rw-p 00000000 00:00 0 
7fe24a5c1000-7fe24a790000 r--s 03c21000 08:02 6162101                    /usr/lib/jvm/java-8-openjdk-amd64/jre/lib/rt.jar
7fe24a791000-7fe24a862000 rw-p 00000000 00:00 0 
7fe24a862000-7fe24ad62000 rw-p 00000000 00:00 0 
7fe24ad62000-7fe24b062000 ---p 00000000 00:00 0 
7fe24b062000-7fe24b832000 rw-p 00000000 00:00 0 
7fe24b832000-7fe24b833000 ---p 00000000 00:00 0 
7fe24b833000-7fe24b933000 rw-p 00000000 00:00 0 
7fe24b933000-7fe24b934000 ---p 00000000 00:00 0 
7fe24b934000-7fe24ba34000 rw-p 00000000 00:00 0 
7fe24ba34000-7fe24ba35000 ---p 00000000 00:00 0 
7fe24ba35000-7fe24bb35000 rw-p 00000000 00:00 0 
7fe24bb35000-7fe24bb36000 ---p 00000000 00:00 0 
7fe24bb36000-7fe24bc36000 rw-p 00000000 00:00 0 
7fe24bc36000-7fe24bc37000 ---p 00000000 00:00 0 
7fe24bc37000-7fe24bd37000 rw-p 00000000 00:00 0 
7fe24bd37000-7fe24bd38000 ---p 00000000 00:00 0 
7fe24bd38000-7fe24be38000 rw-p 00000000 00:00 0 
7fe24be38000-7fe24be39000 ---p 00000000 00:00 0 
7fe24be39000-7fe24bf39000 rw-p 00000000 00:00 0 
7fe24bf39000-7fe24bf8d000 rw-p 00000000 00:00 0 
7fe24bf8d000-7fe24c46f000 ---p 00000000 00:00 0 
7fe24c46f000-7fe24c4c3000 rw-p 00000000 00:00 0 
7fe24c4c3000-7fe24c9a4000 ---p 00000000 00:00 0 
7fe24c9a4000-7fe24c9ce000 rw-p 00000000 00:00 0 
7fe24c9ce000-7fe24cc3f000 ---p 00000000 00:00 0 
7fe24cc3f000-7fe24cc4a000 rw-p 00000000 00:00 0 
7fe24cc4a000-7fe24d000000 ---p 00000000 00:00 0 
7fe24d000000-7fe24d270000 rwxp 00000000 00:00 0 
7fe24d270000-7fe25c000000 ---p 00000000 00:00 0 
7fe25c000000-7fe25c4ea000 rw-p 00000000 00:00 0 
7fe25c4ea000-7fe260000000 ---p 00000000 00:00 0 
7fe260000000-7fe260001000 r--s 00000000 08:02 6162098                    /usr/lib/jvm/java-8-openjdk-amd64/jre/lib/management-agent.jar
7fe260008000-7fe260057000 rw-p 00000000 00:00 0 
7fe260057000-7fe260058000 ---p 00000000 00:00 0 
7fe260058000-7fe260158000 rw-p 00000000 00:00 0 
7fe260158000-7fe260160000 r-xp 00000000 08:02 6162057                    /usr/lib/jvm/java-8-openjdk-amd64/jre/lib/amd64/libzip.so
7fe260160000-7fe26035f000 ---p 00008000 08:02 6162057                    /usr/lib/jvm/java-8-openjdk-amd64/jre/lib/amd64/libzip.so
7fe26035f000-7fe260360000 r--p 00007000 08:02 6162057                    /usr/lib/jvm/java-8-openjdk-amd64/jre/lib/amd64/libzip.so
7fe260360000-7fe260361000 rw-p 00008000 08:02 6162057                    /usr/lib/jvm/java-8-openjdk-amd64/jre/lib/amd64/libzip.so
7fe260368000-7fe260373000 r-xp 00000000 08:02 1465569                    /lib/x86_64-linux-gnu/libnss_files-2.25.so
7fe260373000-7fe260572000 ---p 0000b000 08:02 1465569                    /lib/x86_64-linux-gnu/libnss_files-2.25.so
7fe260572000-7fe260573000 r--p 0000a000 08:02 1465569                    /lib/x86_64-linux-gnu/libnss_files-2.25.so
7fe260573000-7fe260574000 rw-p 0000b000 08:02 1465569                    /lib/x86_64-linux-gnu/libnss_files-2.25.so
7fe260574000-7fe26057a000 rw-p 00000000 00:00 0 
7fe260580000-7fe26058b000 r-xp 00000000 08:02 1465571                    /lib/x86_64-linux-gnu/libnss_nis-2.25.so
7fe26058b000-7fe26078a000 ---p 0000b000 08:02 1465571                    /lib/x86_64-linux-gnu/libnss_nis-2.25.so
7fe26078a000-7fe26078b000 r--p 0000a000 08:02 1465571                    /lib/x86_64-linux-gnu/libnss_nis-2.25.so
7fe26078b000-7fe26078c000 rw-p 0000b000 08:02 1465571                    /lib/x86_64-linux-gnu/libnss_nis-2.25.so
7fe260790000-7fe2607a5000 r-xp 00000000 08:02 1465566                    /lib/x86_64-linux-gnu/libnsl-2.25.so
7fe2607a5000-7fe2609a4000 ---p 00015000 08:02 1465566                    /lib/x86_64-linux-gnu/libnsl-2.25.so
7fe2609a4000-7fe2609a5000 r--p 00014000 08:02 1465566                    /lib/x86_64-linux-gnu/libnsl-2.25.so
7fe2609a5000-7fe2609a6000 rw-p 00015000 08:02 1465566                    /lib/x86_64-linux-gnu/libnsl-2.25.so
7fe2609a6000-7fe2609a8000 rw-p 00000000 00:00 0 
7fe2609a8000-7fe2609af000 r-xp 00000000 08:02 1465567                    /lib/x86_64-linux-gnu/libnss_compat-2.25.so
7fe2609af000-7fe260bae000 ---p 00007000 08:02 1465567                    /lib/x86_64-linux-gnu/libnss_compat-2.25.so
7fe260bae000-7fe260baf000 r--p 00006000 08:02 1465567                    /lib/x86_64-linux-gnu/libnss_compat-2.25.so
7fe260baf000-7fe260bb0000 rw-p 00007000 08:02 1465567                    /lib/x86_64-linux-gnu/libnss_compat-2.25.so
7fe260bb0000-7fe260bba000 r-xp 00000000 08:02 6162031                    /usr/lib/jvm/java-8-openjdk-amd64/jre/lib/amd64/libinstrument.so
7fe260bba000-7fe260db9000 ---p 0000a000 08:02 6162031                    /usr/lib/jvm/java-8-openjdk-amd64/jre/lib/amd64/libinstrument.so
7fe260db9000-7fe260dba000 r--p 00009000 08:02 6162031                    /usr/lib/jvm/java-8-openjdk-amd64/jre/lib/amd64/libinstrument.so
7fe260dba000-7fe260dbb000 rw-p 0000a000 08:02 6162031                    /usr/lib/jvm/java-8-openjdk-amd64/jre/lib/amd64/libinstrument.so
7fe260dc0000-7fe260ef0000 r--p 00000000 08:02 6162747                    /usr/lib/locale/aa_DJ.utf8/LC_COLLATE
7fe260ef0000-7fe260ef2000 r-xp 00000000 08:02 6162050                    /usr/lib/jvm/java-8-openjdk-amd64/jre/lib/amd64/libnpt.so
7fe260ef2000-7fe2610f2000 ---p 00002000 08:02 6162050                    /usr/lib/jvm/java-8-openjdk-amd64/jre/lib/amd64/libnpt.so
7fe2610f2000-7fe2610f3000 r--p 00002000 08:02 6162050                    /usr/lib/jvm/java-8-openjdk-amd64/jre/lib/amd64/libnpt.so
7fe2610f3000-7fe2610f4000 rw-p 00003000 08:02 6162050                    /usr/lib/jvm/java-8-openjdk-amd64/jre/lib/amd64/libnpt.so
7fe2610f8000-7fe261133000 r-xp 00000000 08:02 6162041                    /usr/lib/jvm/java-8-openjdk-amd64/jre/lib/amd64/libjdwp.so
7fe261133000-7fe261332000 ---p 0003b000 08:02 6162041                    /usr/lib/jvm/java-8-openjdk-amd64/jre/lib/amd64/libjdwp.so
7fe261332000-7fe261333000 r--p 0003a000 08:02 6162041                    /usr/lib/jvm/java-8-openjdk-amd64/jre/lib/amd64/libjdwp.so
7fe261333000-7fe261334000 rw-p 0003b000 08:02 6162041                    /usr/lib/jvm/java-8-openjdk-amd64/jre/lib/amd64/libjdwp.so
7fe261338000-7fe261365000 r-xp 00000000 08:02 6162036                    /usr/lib/jvm/java-8-openjdk-amd64/jre/lib/amd64/libjava.so
7fe261365000-7fe261565000 ---p 0002d000 08:02 6162036                    /usr/lib/jvm/java-8-openjdk-amd64/jre/lib/amd64/libjava.so
7fe261565000-7fe261566000 r--p 0002d000 08:02 6162036                    /usr/lib/jvm/java-8-openjdk-amd64/jre/lib/amd64/libjava.so
7fe261566000-7fe261568000 rw-p 0002e000 08:02 6162036                    /usr/lib/jvm/java-8-openjdk-amd64/jre/lib/amd64/libjava.so
7fe261568000-7fe261578000 r-xp 00000000 08:02 6162056                    /usr/lib/jvm/java-8-openjdk-amd64/jre/lib/amd64/libverify.so
7fe261578000-7fe261777000 ---p 00010000 08:02 6162056                    /usr/lib/jvm/java-8-openjdk-amd64/jre/lib/amd64/libverify.so
7fe261777000-7fe261779000 r--p 0000f000 08:02 6162056                    /usr/lib/jvm/java-8-openjdk-amd64/jre/lib/amd64/libverify.so
7fe261779000-7fe26177a000 rw-p 00011000 08:02 6162056                    /usr/lib/jvm/java-8-openjdk-amd64/jre/lib/amd64/libverify.so
7fe261780000-7fe261787000 r-xp 00000000 08:02 1465576                    /lib/x86_64-linux-gnu/librt-2.25.so
7fe261787000-7fe261986000 ---p 00007000 08:02 1465576                    /lib/x86_64-linux-gnu/librt-2.25.so
7fe261986000-7fe261987000 r--p 00006000 08:02 1465576                    /lib/x86_64-linux-gnu/librt-2.25.so
7fe261987000-7fe261988000 rw-p 00007000 08:02 1465576                    /lib/x86_64-linux-gnu/librt-2.25.so
7fe261988000-7fe26199e000 r-xp 00000000 08:02 1444262                    /lib/x86_64-linux-gnu/libgcc_s.so.1
7fe26199e000-7fe261b9d000 ---p 00016000 08:02 1444262                    /lib/x86_64-linux-gnu/libgcc_s.so.1
7fe261b9d000-7fe261b9e000 r--p 00015000 08:02 1444262                    /lib/x86_64-linux-gnu/libgcc_s.so.1
7fe261b9e000-7fe261b9f000 rw-p 00016000 08:02 1444262                    /lib/x86_64-linux-gnu/libgcc_s.so.1
7fe261ba0000-7fe261cb2000 r-xp 00000000 08:02 1465563                    /lib/x86_64-linux-gnu/libm-2.25.so
7fe261cb2000-7fe261eb1000 ---p 00112000 08:02 1465563                    /lib/x86_64-linux-gnu/libm-2.25.so
7fe261eb1000-7fe261eb2000 r--p 00111000 08:02 1465563                    /lib/x86_64-linux-gnu/libm-2.25.so
7fe261eb2000-7fe261eb3000 rw-p 00112000 08:02 1465563                    /lib/x86_64-linux-gnu/libm-2.25.so
7fe261eb8000-7fe262028000 r-xp 00000000 08:02 5508933                    /usr/lib/x86_64-linux-gnu/libstdc++.so.6.0.24
7fe262028000-7fe262228000 ---p 00170000 08:02 5508933                    /usr/lib/x86_64-linux-gnu/libstdc++.so.6.0.24
7fe262228000-7fe262232000 r--p 00170000 08:02 5508933                    /usr/lib/x86_64-linux-gnu/libstdc++.so.6.0.24
7fe262232000-7fe262234000 rw-p 0017a000 08:02 5508933                    /usr/lib/x86_64-linux-gnu/libstdc++.so.6.0.24
7fe262234000-7fe262237000 rw-p 00000000 00:00 0 
7fe262238000-7fe262ec2000 r-xp 00000000 08:02 6162061                    /usr/lib/jvm/java-8-openjdk-amd64/jre/lib/amd64/server/libjvm.so
7fe262ec2000-7fe2630c2000 ---p 00c8a000 08:02 6162061                    /usr/lib/jvm/java-8-openjdk-amd64/jre/lib/amd64/server/libjvm.so
7fe2630c2000-7fe263155000 r--p 00c8a000 08:02 6162061                    /usr/lib/jvm/java-8-openjdk-amd64/jre/lib/amd64/server/libjvm.so
7fe263155000-7fe26317d000 rw-p 00d1d000 08:02 6162061                    /usr/lib/jvm/java-8-openjdk-amd64/jre/lib/amd64/server/libjvm.so
7fe26317d000-7fe2631ae000 rw-p 00000000 00:00 0 
7fe2631b0000-7fe263349000 r-xp 00000000 08:02 1465559                    /lib/x86_64-linux-gnu/libc-2.25.so
7fe263349000-7fe263549000 ---p 00199000 08:02 1465559                    /lib/x86_64-linux-gnu/libc-2.25.so
7fe263549000-7fe26354d000 r--p 00199000 08:02 1465559                    /lib/x86_64-linux-gnu/libc-2.25.so
7fe26354d000-7fe26354f000 rw-p 0019d000 08:02 1465559                    /lib/x86_64-linux-gnu/libc-2.25.so
7fe26354f000-7fe263553000 rw-p 00000000 00:00 0 
7fe263558000-7fe26355b000 r-xp 00000000 08:02 1465562                    /lib/x86_64-linux-gnu/libdl-2.25.so
7fe26355b000-7fe26375a000 ---p 00003000 08:02 1465562                    /lib/x86_64-linux-gnu/libdl-2.25.so
7fe26375a000-7fe26375b000 r--p 00002000 08:02 1465562                    /lib/x86_64-linux-gnu/libdl-2.25.so
7fe26375b000-7fe26375c000 rw-p 00003000 08:02 1465562                    /lib/x86_64-linux-gnu/libdl-2.25.so
7fe263760000-7fe26376e000 r-xp 00000000 08:02 6162021                    /usr/lib/jvm/java-8-openjdk-amd64/jre/lib/amd64/jli/libjli.so
7fe26376e000-7fe26396d000 ---p 0000e000 08:02 6162021                    /usr/lib/jvm/java-8-openjdk-amd64/jre/lib/amd64/jli/libjli.so
7fe26396d000-7fe26396e000 r--p 0000d000 08:02 6162021                    /usr/lib/jvm/java-8-openjdk-amd64/jre/lib/amd64/jli/libjli.so
7fe26396e000-7fe26396f000 rw-p 0000e000 08:02 6162021                    /usr/lib/jvm/java-8-openjdk-amd64/jre/lib/amd64/jli/libjli.so
7fe263970000-7fe263989000 r-xp 00000000 08:02 1444460                    /lib/x86_64-linux-gnu/libz.so.1.2.8
7fe263989000-7fe263b88000 ---p 00019000 08:02 1444460                    /lib/x86_64-linux-gnu/libz.so.1.2.8
7fe263b88000-7fe263b89000 r--p 00018000 08:02 1444460                    /lib/x86_64-linux-gnu/libz.so.1.2.8
7fe263b89000-7fe263b8a000 rw-p 00019000 08:02 1444460                    /lib/x86_64-linux-gnu/libz.so.1.2.8
7fe263b90000-7fe263ba9000 r-xp 00000000 08:02 1465574                    /lib/x86_64-linux-gnu/libpthread-2.25.so
7fe263ba9000-7fe263da8000 ---p 00019000 08:02 1465574                    /lib/x86_64-linux-gnu/libpthread-2.25.so
7fe263da8000-7fe263da9000 r--p 00018000 08:02 1465574                    /lib/x86_64-linux-gnu/libpthread-2.25.so
7fe263da9000-7fe263daa000 rw-p 00019000 08:02 1465574                    /lib/x86_64-linux-gnu/libpthread-2.25.so
7fe263daa000-7fe263dae000 rw-p 00000000 00:00 0 
7fe263db0000-7fe263dd3000 r-xp 00000000 08:02 1459620                    /lib/x86_64-linux-gnu/ld-2.25.so
7fe263dd7000-7fe263dd9000 r--s 00007000 08:02 1711658                    /usr/share/java/java-atk-wrapper.jar
7fe263ddc000-7fe263df7000 r--s 00394000 08:02 6162072                    /usr/lib/jvm/java-8-openjdk-amd64/jre/lib/ext/cldrdata.jar
7fe263dfa000-7fe263dfb000 r--s 0000a000 08:02 6162075                    /usr/lib/jvm/java-8-openjdk-amd64/jre/lib/ext/jaccess.jar
7fe263e01000-7fe263e03000 r--s 00001000 08:02 6162073                    /usr/lib/jvm/java-8-openjdk-amd64/jre/lib/ext/dnsns.jar
7fe263e08000-7fe263e09000 r--s 00010000 08:02 6162081                    /usr/lib/jvm/java-8-openjdk-amd64/jre/lib/ext/zipfs.jar
7fe263e10000-7fe263e12000 r--s 00008000 08:02 6162078                    /usr/lib/jvm/java-8-openjdk-amd64/jre/lib/ext/sunec.jar
7fe263e19000-7fe263e1a000 r--s 00001000 08:02 1055305                    /opt/intellij/lib/rt/debugger-agent-storage.jar
7fe263e20000-7fe263e28000 rw-s 00000000 08:12 260617                     /tmp/hsperfdata_mart/9447
7fe263e28000-7fe263e79000 r--p 00000000 08:02 6162749                    /usr/lib/locale/aa_DJ.utf8/LC_CTYPE
7fe263e80000-7fe263e81000 r--p 00000000 08:02 6162778                    /usr/lib/locale/aa_ET/LC_NUMERIC
7fe263e88000-7fe263e89000 r--p 00000000 08:02 6165421                    /usr/lib/locale/en_GB.utf8/LC_TIME
7fe263e90000-7fe263e91000 r--p 00000000 08:02 6165204                    /usr/lib/locale/cy_GB.utf8/LC_MONETARY
7fe263e98000-7fe263e99000 r--p 00000000 08:02 6165354                    /usr/lib/locale/en_AG/LC_MESSAGES/SYS_LC_MESSAGES
7fe263ea0000-7fe263ea1000 r--p 00000000 08:02 6162757                    /usr/lib/locale/aa_DJ.utf8/LC_PAPER
7fe263ea8000-7fe263ea9000 r--p 00000000 08:02 6165139                    /usr/lib/locale/chr_US/LC_NAME
7fe263eb0000-7fe263eb1000 r--p 00000000 08:02 6165419                    /usr/lib/locale/en_GB.utf8/LC_ADDRESS
7fe263eb8000-7fe263eb9000 r--p 00000000 08:02 6165205                    /usr/lib/locale/cy_GB.utf8/LC_TELEPHONE
7fe263ec0000-7fe263ec1000 r--p 00000000 08:02 6162751                    /usr/lib/locale/aa_DJ.utf8/LC_MEASUREMENT
7fe263ec8000-7fe263ecf000 r--s 00000000 08:02 6164888                    /usr/lib/x86_64-linux-gnu/gconv/gconv-modules.cache
7fe263ed0000-7fe263ed1000 r--p 00000000 08:02 6165420                    /usr/lib/locale/en_GB.utf8/LC_IDENTIFICATION
7fe263ed1000-7fe263ed4000 ---p 00000000 00:00 0 
7fe263ed4000-7fe263fd2000 rw-p 00000000 00:00 0 
7fe263fd2000-7fe263fd3000 r--p 00022000 08:02 1459620                    /lib/x86_64-linux-gnu/ld-2.25.so
7fe263fd3000-7fe263fd4000 rw-p 00023000 08:02 1459620                    /lib/x86_64-linux-gnu/ld-2.25.so
7fe263fd4000-7fe263fd5000 rw-p 00000000 00:00 0 
7fe263fd6000-7fe263fd7000 rw-p 00000000 00:00 0 
7fe263fd7000-7fe263fd8000 r--p 00000000 00:00 0 
7fe263fd8000-7fe263fdc000 rw-p 00000000 00:00 0 
7ffde0979000-7ffde099a000 rw-p 00000000 00:00 0                          [stack]
7ffde09b8000-7ffde09bb000 r--p 00000000 00:00 0                          [vvar]
7ffde09bb000-7ffde09bd000 r-xp 00000000 00:00 0                          [vdso]

VM Arguments:
jvm_args: -agentlib:jdwp=transport=dt_socket,address=127.0.0.1:44767,suspend=y,server=n -javaagent:/opt/intellij/lib/rt/debugger-agent.jar=/tmp/capture.props -Dfile.encoding=UTF-8 
java_command: Engine.Main
java_class_path (initial): /usr/lib/jvm/java-1.8.0-openjdk-amd64/jre/lib/charsets.jar:/usr/lib/jvm/java-1.8.0-openjdk-amd64/jre/lib/ext/cldrdata.jar:/usr/lib/jvm/java-1.8.0-openjdk-amd64/jre/lib/ext/dnsns.jar:/usr/lib/jvm/java-1.8.0-openjdk-amd64/jre/lib/ext/icedtea-sound.jar:/usr/lib/jvm/java-1.8.0-openjdk-amd64/jre/lib/ext/jaccess.jar:/usr/lib/jvm/java-1.8.0-openjdk-amd64/jre/lib/ext/java-atk-wrapper.jar:/usr/lib/jvm/java-1.8.0-openjdk-amd64/jre/lib/ext/localedata.jar:/usr/lib/jvm/java-1.8.0-openjdk-amd64/jre/lib/ext/nashorn.jar:/usr/lib/jvm/java-1.8.0-openjdk-amd64/jre/lib/ext/sunec.jar:/usr/lib/jvm/java-1.8.0-openjdk-amd64/jre/lib/ext/sunjce_provider.jar:/usr/lib/jvm/java-1.8.0-openjdk-amd64/jre/lib/ext/sunpkcs11.jar:/usr/lib/jvm/java-1.8.0-openjdk-amd64/jre/lib/ext/zipfs.jar:/usr/lib/jvm/java-1.8.0-openjdk-amd64/jre/lib/jce.jar:/usr/lib/jvm/java-1.8.0-openjdk-amd64/jre/lib/jsse.jar:/usr/lib/jvm/java-1.8.0-openjdk-amd64/jre/lib/management-agent.jar:/usr/lib/jvm/java-1.8.0-openjdk-amd64/jre/lib/resources.jar:/usr/lib/jvm/java-1.8.0-openjdk-amd64/jre/lib/rt.jar:/home/mart/IdeaProjects/silorex/out/production/silorex:/home/mart/IdeaProjects/silorex/lwjgl/lwjgl-natives-linux.jar:/home/mart/IdeaProjects/silorex/lwjgl/lwjgl-natives-macos.jar:/home/mart/IdeaProjects/silorex/lwjgl/lwjgl-natives-windows.jar:/home/mart/IdeaProjects/silorex/lwjgl/lwjgl.jar:/home/mart/IdeaProjects/silorex/lwjgl/lwjgl-opengl-natives-linux.jar:/home/mart/IdeaProjects/silorex/lwjgl/lwjgl-opengl-natives-macos.jar:/home/mart/IdeaProjects/silorex/lwjgl/lwjgl-opengl-natives-windows.jar:/home/mart/IdeaProjects/silorex/lwjgl/lwjgl-opengl.jar:/home/mart/IdeaProjects/silorex/lwjgl/lwjgl-glfw-natives-linux.jar:/home/mart/IdeaProjects/silorex/lwjgl/lwjgl-glfw-natives-macos.jar:/home/mart/IdeaProjects/silorex/lwjgl/lwjgl-glfw-natives-windows.jar:/home/mart/IdeaProjects/silorex/lwjgl/lwjgl-glfw.jar:/opt/intellij/lib/idea_rt.jar:/opt/intellij/lib/rt/debugger-agent.jar
Launcher Type: SUN_STANDARD

Environment Variables:
PATH=/usr/local/bin:/usr/bin:/bin:/usr/local/games:/usr/games
USERNAME=mart
SHELL=/bin/bash
DISPLAY=:1

Signal Handlers:
SIGSEGV: [libjvm.so+0xaa6ae0], sa_mask[0]=11111111011111111101111111111110, sa_flags=SA_RESTART|SA_SIGINFO
SIGBUS: [libjvm.so+0xaa6ae0], sa_mask[0]=11111111011111111101111111111110, sa_flags=SA_RESTART|SA_SIGINFO
SIGFPE: [libjvm.so+0x8ddf00], sa_mask[0]=11111111011111111101111111111110, sa_flags=SA_RESTART|SA_SIGINFO
SIGPIPE: [libjvm.so+0x8ddf00], sa_mask[0]=11111111011111111101111111111110, sa_flags=SA_RESTART|SA_SIGINFO
SIGXFSZ: [libjvm.so+0x8ddf00], sa_mask[0]=11111111011111111101111111111110, sa_flags=SA_RESTART|SA_SIGINFO
SIGILL: [libjvm.so+0x8ddf00], sa_mask[0]=11111111011111111101111111111110, sa_flags=SA_RESTART|SA_SIGINFO
SIGUSR1: SIG_DFL, sa_mask[0]=00000000000000000000000000000000, sa_flags=none
SIGUSR2: [libjvm.so+0x8dddb0], sa_mask[0]=00100000000000000000000000000000, sa_flags=SA_RESTART|SA_SIGINFO
SIGHUP: [libjvm.so+0x8de260], sa_mask[0]=11111111011111111101111111111110, sa_flags=SA_RESTART|SA_SIGINFO
SIGINT: [libjvm.so+0x8de260], sa_mask[0]=11111111011111111101111111111110, sa_flags=SA_RESTART|SA_SIGINFO
SIGTERM: [libjvm.so+0x8de260], sa_mask[0]=11111111011111111101111111111110, sa_flags=SA_RESTART|SA_SIGINFO
SIGQUIT: [libjvm.so+0x8de260], sa_mask[0]=11111111011111111101111111111110, sa_flags=SA_RESTART|SA_SIGINFO


---------------  S Y S T E M  ---------------

OS:DISTRIB_ID=Kali
DISTRIB_RELEASE=kali-rolling
DISTRIB_CODENAME=kali-rolling
DISTRIB_DESCRIPTION="Kali GNU/Linux Rolling"

uname:Linux 4.14.0-kali1-amd64 #1 SMP Debian 4.14.2-1kali1 (2017-12-04) x86_64
libc:glibc 2.25 NPTL 2.25 
rlimit: STACK 8192k, CORE 0k, NPROC 63609, NOFILE 1048576, AS infinity
load average:0.92 1.43 1.49

/proc/meminfo:
MemTotal:       16383060 kB
MemFree:         6806436 kB
MemAvailable:    8991588 kB
Buffers:          368392 kB
Cached:          2139944 kB
SwapCached:            0 kB
Active:          7480156 kB
Inactive:        1551420 kB
Active(anon):    6524592 kB
Inactive(anon):   248432 kB
Active(file):     955564 kB
Inactive(file):  1302988 kB
Unevictable:          16 kB
Mlocked:              16 kB
SwapTotal:      19530748 kB
SwapFree:       19530748 kB
Dirty:               756 kB
Writeback:             0 kB
AnonPages:       5290396 kB
Mapped:           707464 kB
Shmem:            249804 kB
Slab:             331236 kB
SReclaimable:     264796 kB
SUnreclaim:        66440 kB
KernelStack:       16144 kB
PageTables:        54616 kB
NFS_Unstable:          0 kB
Bounce:                0 kB
WritebackTmp:          0 kB
CommitLimit:    27722276 kB
Committed_AS:   12633344 kB
VmallocTotal:   34359738367 kB
VmallocUsed:           0 kB
VmallocChunk:          0 kB
HardwareCorrupted:     0 kB
AnonHugePages:   2314240 kB
ShmemHugePages:        0 kB
ShmemPmdMapped:        0 kB
HugePages_Total:       0
HugePages_Free:        0
HugePages_Rsvd:        0
HugePages_Surp:        0
Hugepagesize:       2048 kB
DirectMap4k:      260532 kB
DirectMap2M:    10172416 kB
DirectMap1G:     6291456 kB


CPU:total 8 (initial active 8) (8 cores per cpu, 1 threads per core) family 21 model 2 stepping 0, cmov, cx8, fxsr, mmx, sse, sse2, sse3, ssse3, sse4.1, sse4.2, popcnt, avx, aes, clmul, mmxext, 3dnowpref, lzcnt, sse4a, tsc, tscinvbit, tscinv, bmi1

/proc/cpuinfo:
processor	: 0
vendor_id	: AuthenticAMD
cpu family	: 21
model		: 2
model name	: AMD FX(tm)-8320 Eight-Core Processor
stepping	: 0
microcode	: 0x600084f
cpu MHz		: 1400.000
cache size	: 2048 KB
physical id	: 0
siblings	: 8
core id		: 0
cpu cores	: 4
apicid		: 16
initial apicid	: 0
fpu		: yes
fpu_exception	: yes
cpuid level	: 13
wp		: yes
flags		: fpu vme de pse tsc msr pae mce cx8 apic sep mtrr pge mca cmov pat pse36 clflush mmx fxsr sse sse2 ht syscall nx mmxext fxsr_opt pdpe1gb rdtscp lm constant_tsc rep_good nopl nonstop_tsc cpuid extd_apicid aperfmperf pni pclmulqdq monitor ssse3 fma cx16 sse4_1 sse4_2 popcnt aes xsave avx f16c lahf_lm cmp_legacy svm extapic cr8_legacy abm sse4a misalignsse 3dnowprefetch osvw ibs xop skinit wdt lwp fma4 tce nodeid_msr tbm topoext perfctr_core perfctr_nb cpb hw_pstate vmmcall bmi1 arat npt lbrv svm_lock nrip_save tsc_scale vmcb_clean flushbyasid decodeassists pausefilter pfthreshold
bugs		: fxsave_leak sysret_ss_attrs null_seg
bogomips	: 7000.67
TLB size	: 1536 4K pages
clflush size	: 64
cache_alignment	: 64
address sizes	: 48 bits physical, 48 bits virtual
power management: ts ttp tm 100mhzsteps hwpstate cpb eff_freq_ro

processor	: 1
vendor_id	: AuthenticAMD
cpu family	: 21
model		: 2
model name	: AMD FX(tm)-8320 Eight-Core Processor
stepping	: 0
microcode	: 0x600084f
cpu MHz		: 1700.000
cache size	: 2048 KB
physical id	: 0
siblings	: 8
core id		: 1
cpu cores	: 4
apicid		: 17
initial apicid	: 1
fpu		: yes
fpu_exception	: yes
cpuid level	: 13
wp		: yes
flags		: fpu vme de pse tsc msr pae mce cx8 apic sep mtrr pge mca cmov pat pse36 clflush mmx fxsr sse sse2 ht syscall nx mmxext fxsr_opt pdpe1gb rdtscp lm constant_tsc rep_good nopl nonstop_tsc cpuid extd_apicid aperfmperf pni pclmulqdq monitor ssse3 fma cx16 sse4_1 sse4_2 popcnt aes xsave avx f16c lahf_lm cmp_legacy svm extapic cr8_legacy abm sse4a misalignsse 3dnowprefetch osvw ibs xop skinit wdt lwp fma4 tce nodeid_msr tbm topoext perfctr_core perfctr_nb cpb hw_pstate vmmcall bmi1 arat npt lbrv svm_lock nrip_save tsc_scale vmcb_clean flushbyasid decodeassists pausefilter pfthreshold
bugs		: fxsave_leak sysret_ss_attrs null_seg
bogomips	: 7000.67
TLB size	: 1536 4K pages
clflush size	: 64
cache_alignment	: 64
address sizes	: 48 bits physical, 48 bits virtual
power management: ts ttp tm 100mhzsteps hwpstate cpb eff_freq_ro

processor	: 2
vendor_id	: AuthenticAMD
cpu family	: 21
model		: 2
model name	: AMD FX(tm)-8320 Eight-Core Processor
stepping	: 0
microcode	: 0x600084f
cpu MHz		: 3500.000
cache size	: 2048 KB
physical id	: 0
siblings	: 8
core id		: 2
cpu cores	: 4
apicid		: 18
initial apicid	: 2
fpu		: yes
fpu_exception	: yes
cpuid level	: 13
wp		: yes
flags		: fpu vme de pse tsc msr pae mce cx8 apic sep mtrr pge mca cmov pat pse36 clflush mmx fxsr sse sse2 ht syscall nx mmxext fxsr_opt pdpe1gb rdtscp lm constant_tsc rep_good nopl nonstop_tsc cpuid extd_apicid aperfmperf pni pclmulqdq monitor ssse3 fma cx16 sse4_1 sse4_2 popcnt aes xsave avx f16c lahf_lm cmp_legacy svm extapic cr8_legacy abm sse4a misalignsse 3dnowprefetch osvw ibs xop skinit wdt lwp fma4 tce nodeid_msr tbm topoext perfctr_core perfctr_nb cpb hw_pstate vmmcall bmi1 arat npt lbrv svm_lock nrip_save tsc_scale vmcb_clean flushbyasid decodeassists pausefilter pfthreshold
bugs		: fxsave_leak sysret_ss_attrs null_seg
bogomips	: 7000.67
TLB size	: 1536 4K pages
clflush size	: 64
cache_alignment	: 64
address sizes	: 48 bits physical, 48 bits virtual
power management: ts ttp tm 100mhzsteps hwpstate cpb eff_freq_ro

processor	: 3
vendor_id	: AuthenticAMD
cpu family	: 21
model		: 2
model name	: AMD FX(tm)-8320 Eight-Core Processor
stepping	: 0
microcode	: 0x600084f
cpu MHz		: 1400.000
cache size	: 2048 KB
physical id	: 0
siblings	: 8
core id		: 3
cpu cores	: 4
apicid		: 19
initial apicid	: 3
fpu		: yes
fpu_exception	: yes
cpuid level	: 13
wp		: yes
flags		: fpu vme de pse tsc msr pae mce cx8 apic sep mtrr pge mca cmov pat pse36 clflush mmx fxsr sse sse2 ht syscall nx mmxext fxsr_opt pdpe1gb rdtscp lm constant_tsc rep_good nopl nonstop_tsc cpuid extd_apicid aperfmperf pni pclmulqdq monitor ssse3 fma cx16 sse4_1 sse4_2 popcnt aes xsave avx f16c lahf_lm cmp_legacy svm extapic cr8_legacy abm sse4a misalignsse 3dnowprefetch osvw ibs xop skinit wdt lwp fma4 tce nodeid_msr tbm topoext perfctr_core perfctr_nb cpb hw_pstate vmmcall bmi1 arat npt lbrv svm_lock nrip_save tsc_scale vmcb_clean flushbyasid decodeassists pausefilter pfthreshold
bugs		: fxsave_leak sysret_ss_attrs null_seg
bogomips	: 7000.67
TLB size	: 1536 4K pages
clflush size	: 64
cache_alignment	: 64
address sizes	: 48 bits physical, 48 bits virtual
power management: ts ttp tm 100mhzsteps hwpstate cpb eff_freq_ro

processor	: 4
vendor_id	: AuthenticAMD
cpu family	: 21
model		: 2
model name	: AMD FX(tm)-8320 Eight-Core Processor
stepping	: 0
microcode	: 0x600084f
cpu MHz		: 3500.000
cache size	: 2048 KB
physical id	: 0
siblings	: 8
core id		: 4
cpu cores	: 4
apicid		: 20
initial apicid	: 4
fpu		: yes
fpu_exception	: yes
cpuid level	: 13
wp		: yes
flags		: fpu vme de pse tsc msr pae mce cx8 apic sep mtrr pge mca cmov pat pse36 clflush mmx fxsr sse sse2 ht syscall nx mmxext fxsr_opt pdpe1gb rdtscp lm constant_tsc rep_good nopl nonstop_tsc cpuid extd_apicid aperfmperf pni pclmulqdq monitor ssse3 fma cx16 sse4_1 sse4_2 popcnt aes xsave avx f16c lahf_lm cmp_legacy svm extapic cr8_legacy abm sse4a misalignsse 3dnowprefetch osvw ibs xop skinit wdt lwp fma4 tce nodeid_msr tbm topoext perfctr_core perfctr_nb cpb hw_pstate vmmcall bmi1 arat npt lbrv svm_lock nrip_save tsc_scale vmcb_clean flushbyasid decodeassists pausefilter pfthreshold
bugs		: fxsave_leak sysret_ss_attrs null_seg
bogomips	: 7000.67
TLB size	: 1536 4K pages
clflush size	: 64
cache_alignment	: 64
address sizes	: 48 bits physical, 48 bits virtual
power management: ts ttp tm 100mhzsteps hwpstate cpb eff_freq_ro

processor	: 5
vendor_id	: AuthenticAMD
cpu family	: 21
model		: 2
model name	: AMD FX(tm)-8320 Eight-Core Processor
stepping	: 0
microcode	: 0x600084f
cpu MHz		: 1700.000
cache size	: 2048 KB
physical id	: 0
siblings	: 8
core id		: 5
cpu cores	: 4
apicid		: 21
initial apicid	: 5
fpu		: yes
fpu_exception	: yes
cpuid level	: 13
wp		: yes
flags		: fpu vme de pse tsc msr pae mce cx8 apic sep mtrr pge mca cmov pat pse36 clflush mmx fxsr sse sse2 ht syscall nx mmxext fxsr_opt pdpe1gb rdtscp lm constant_tsc rep_good nopl nonstop_tsc cpuid extd_apicid aperfmperf pni pclmulqdq monitor ssse3 fma cx16 sse4_1 sse4_2 popcnt aes xsave avx f16c lahf_lm cmp_legacy svm extapic cr8_legacy abm sse4a misalignsse 3dnowprefetch osvw ibs xop skinit wdt lwp fma4 tce nodeid_msr tbm topoext perfctr_core perfctr_nb cpb hw_pstate vmmcall bmi1 arat npt lbrv svm_lock nrip_save tsc_scale vmcb_clean flushbyasid decodeassists pausefilter pfthreshold
bugs		: fxsave_leak sysret_ss_attrs null_seg
bogomips	: 7000.67
TLB size	: 1536 4K pages
clflush size	: 64
cache_alignment	: 64
address sizes	: 48 bits physical, 48 bits virtual
power management: ts ttp tm 100mhzsteps hwpstate cpb eff_freq_ro

processor	: 6
vendor_id	: AuthenticAMD
cpu family	: 21
model		: 2
model name	: AMD FX(tm)-8320 Eight-Core Processor
stepping	: 0
microcode	: 0x600084f
cpu MHz		: 2300.000
cache size	: 2048 KB
physical id	: 0
siblings	: 8
core id		: 6
cpu cores	: 4
apicid		: 22
initial apicid	: 6
fpu		: yes
fpu_exception	: yes
cpuid level	: 13
wp		: yes
flags		: fpu vme de pse tsc msr pae mce cx8 apic sep mtrr pge mca cmov pat pse36 clflush mmx fxsr sse sse2 ht syscall nx mmxext fxsr_opt pdpe1gb rdtscp lm constant_tsc rep_good nopl nonstop_tsc cpuid extd_apicid aperfmperf pni pclmulqdq monitor ssse3 fma cx16 sse4_1 sse4_2 popcnt aes xsave avx f16c lahf_lm cmp_legacy svm extapic cr8_legacy abm sse4a misalignsse 3dnowprefetch osvw ibs xop skinit wdt lwp fma4 tce nodeid_msr tbm topoext perfctr_core perfctr_nb cpb hw_pstate vmmcall bmi1 arat npt lbrv svm_lock nrip_save tsc_scale vmcb_clean flushbyasid decodeassists pausefilter pfthreshold
bugs		: fxsave_leak sysret_ss_attrs null_seg
bogomips	: 7000.67
TLB size	: 1536 4K pages
clflush size	: 64
cache_alignment	: 64
address sizes	: 48 bits physical, 48 bits virtual
power management: ts ttp tm 100mhzsteps hwpstate cpb eff_freq_ro

processor	: 7
vendor_id	: AuthenticAMD
cpu family	: 21
model		: 2
model name	: AMD FX(tm)-8320 Eight-Core Processor
stepping	: 0
microcode	: 0x600084f
cpu MHz		: 3500.000
cache size	: 2048 KB
physical id	: 0
siblings	: 8
core id		: 7
cpu cores	: 4
apicid		: 23
initial apicid	: 7
fpu		: yes
fpu_exception	: yes
cpuid level	: 13
wp		: yes
flags		: fpu vme de pse tsc msr pae mce cx8 apic sep mtrr pge mca cmov pat pse36 clflush mmx fxsr sse sse2 ht syscall nx mmxext fxsr_opt pdpe1gb rdtscp lm constant_tsc rep_good nopl nonstop_tsc cpuid extd_apicid aperfmperf pni pclmulqdq monitor ssse3 fma cx16 sse4_1 sse4_2 popcnt aes xsave avx f16c lahf_lm cmp_legacy svm extapic cr8_legacy abm sse4a misalignsse 3dnowprefetch osvw ibs xop skinit wdt lwp fma4 tce nodeid_msr tbm topoext perfctr_core perfctr_nb cpb hw_pstate vmmcall bmi1 arat npt lbrv svm_lock nrip_save tsc_scale vmcb_clean flushbyasid decodeassists pausefilter pfthreshold
bugs		: fxsave_leak sysret_ss_attrs null_seg
bogomips	: 7000.67
TLB size	: 1536 4K pages
clflush size	: 64
cache_alignment	: 64
address sizes	: 48 bits physical, 48 bits virtual
power management: ts ttp tm 100mhzsteps hwpstate cpb eff_freq_ro



Memory: 4k page, physical 16383060k(6806436k free), swap 19530748k(19530748k free)

vm_info: OpenJDK 64-Bit Server VM (25.151-b12) for linux-amd64 JRE (1.8.0_151-8u151-b12-1-b12), built on Nov  1 2017 06:12:56 by "buildd" with gcc 7.2.1 20171025

time: Sat Jan  6 21:57:26 2018
elapsed time: 4 seconds (0d 0h 0m 4s)

