#
# A fatal error has been detected by the Java Runtime Environment:
#
#  SIGSEGV (0xb) at pc=0x00007f410854de99, pid=11459, tid=0x00007f413c3bd700
#
# JRE version: OpenJDK Runtime Environment (8.0_151-b12) (build 1.8.0_151-8u151-b12-1-b12)
# Java VM: OpenJDK 64-Bit Server VM (25.151-b12 mixed mode linux-amd64 compressed oops)
# Problematic frame:
# C  [liblwjgl_opengl.so+0x45e99]  Java_org_lwjgl_opengl_GL20_glCreateShader+0x9
#
# Failed to write core dump. Core dumps have been disabled. To enable core dumping, try "ulimit -c unlimited" before starting Java again
#
# If you would like to submit a bug report, please visit:
#   http://bugreport.java.com/bugreport/crash.jsp
# The crash happened outside the Java Virtual Machine in native code.
# See problematic frame for where to report the bug.
#

---------------  T H R E A D  ---------------

Current thread (0x00007f4134012000):  JavaThread "main" [_thread_in_native, id=11463, stack(0x00007f413c2bd000,0x00007f413c3be000)]

siginfo: si_signo: 11 (SIGSEGV), si_code: 1 (SEGV_MAPERR), si_addr: 0x00000000000008a8

Registers:
RAX=0x0000000000000000, RBX=0x00007f4123039288, RCX=0x0000000000000018, RDX=0x0000000000008b27
RSP=0x00007f413c3bc6f8, RBP=0x00007f413c3bc748, RSI=0x00007f413c3bc758, RDI=0x0000000000008b27
R8 =0x00007f4123039288, R9 =0x0000000000000004, R10=0x00007f412501f378, R11=0x00007f413aff01e0
R12=0x0000000000000000, R13=0x00007f4123039278, R14=0x00007f413c3bc768, R15=0x00007f4134012000
RIP=0x00007f410854de99, EFLAGS=0x0000000000010283, CSGSFS=0x002b000000000033, ERR=0x0000000000000004
  TRAPNO=0x000000000000000e

Top of Stack: (sp=0x00007f413c3bc6f8)
0x00007f413c3bc6f8:   00007f412501f3a4 00007f412501ee22
0x00007f413c3bc708:   00007f413c3bc708 00007f4123039278
0x00007f413c3bc718:   00007f413c3bc768 00007f412304c598
0x00007f413c3bc728:   0000000000000000 00007f4123039288
0x00007f413c3bc738:   0000000000000000 00007f413c3bc768
0x00007f413c3bc748:   00007f413c3bc7b0 00007f4125007ac0
0x00007f413c3bc758:   000000076cec4b30 00007f41250161b6
0x00007f413c3bc768:   0000000000008b27 00007f413c3bc770
0x00007f413c3bc778:   00007f4123033e9d 00007f413c3bc7e0
0x00007f413c3bc788:   00007f4123034008 0000000000000000
0x00007f413c3bc798:   00007f4123033f48 00007f413c3bc768
0x00007f413c3bc7a8:   00007f413c3bc7d8 00007f413c3bc830
0x00007f413c3bc7b8:   00007f4125007ac0 0000000000000000
0x00007f413c3bc7c8:   000000076ce8b1c0 000000076ce8afb8
0x00007f413c3bc7d8:   0000000000008b31 000000076ce8ae98
0x00007f413c3bc7e8:   000000076ce8afa0 00007f413c3bc7f0
0x00007f413c3bc7f8:   00007f41230339f8 00007f413c3bc850
0x00007f413c3bc808:   00007f4123034008 0000000000000000
0x00007f413c3bc818:   00007f4123033a70 00007f413c3bc7d8
0x00007f413c3bc828:   00007f413c3bc840 00007f413c3bc898
0x00007f413c3bc838:   00007f412500807d 000000076ce8af00
0x00007f413c3bc848:   000000076ce8ae98 000000076ce8afa0
0x00007f413c3bc858:   00007f413c3bc858 00007f41230331fd
0x00007f413c3bc868:   00007f413c3bc8a8 00007f4123034430
0x00007f413c3bc878:   0000000000000000 00007f4123033218
0x00007f413c3bc888:   00007f413c3bc840 00007f413c3bc8a8
0x00007f413c3bc898:   00007f413c3bc900 00007f412500807d
0x00007f413c3bc8a8:   000000076ce8afa0 000000076ce8afa0
0x00007f413c3bc8b8:   000000076ce7ad30 00007f413c3bc8c0
0x00007f413c3bc8c8:   00007f41230308e3 00007f413c3bc948
0x00007f413c3bc8d8:   00007f4123030ea0 0000000000000000
0x00007f413c3bc8e8:   00007f4123030a78 00007f413c3bc8a8 

Instructions: (pc=0x00007f410854de99)
0x00007f410854de79:   48 8b 80 00 0a 00 00 ff e0 66 66 66 66 66 2e 0f
0x00007f410854de89:   1f 84 00 00 00 00 00 48 8b 07 89 d7 48 8b 40 18
0x00007f410854de99:   48 8b 80 a8 08 00 00 ff e0 66 66 66 66 66 2e 0f
0x00007f410854dea9:   1f 84 00 00 00 00 00 48 8b 07 89 d7 48 8b 40 18 

Register to memory mapping:

RAX=0x0000000000000000 is an unknown value
RBX={method} {0x00007f4123039288} 'glCreateShader' '(I)I' in 'org/lwjgl/opengl/GL20'
RCX=0x0000000000000018 is an unknown value
RDX=0x0000000000008b27 is an unknown value
RSP=0x00007f413c3bc6f8 is pointing into the stack for thread: 0x00007f4134012000
RBP=0x00007f413c3bc748 is pointing into the stack for thread: 0x00007f4134012000
RSI=0x00007f413c3bc758 is pointing into the stack for thread: 0x00007f4134012000
RDI=0x0000000000008b27 is an unknown value
R8 ={method} {0x00007f4123039288} 'glCreateShader' '(I)I' in 'org/lwjgl/opengl/GL20'
R9 =0x0000000000000004 is an unknown value
R10=0x00007f412501f378 is at code_begin+1528 in an Interpreter codelet
method entry point (kind = native)  [0x00007f412501ed80, 0x00007f412501fcc0]  3904 bytes
R11=0x00007f413aff01e0: <offset 0x9901e0> in /usr/lib/jvm/java-8-openjdk-amd64/jre/lib/amd64/server/libjvm.so at 0x00007f413a660000
R12=0x0000000000000000 is an unknown value
R13=0x00007f4123039278 is pointing into metadata
R14=0x00007f413c3bc768 is pointing into the stack for thread: 0x00007f4134012000
R15=0x00007f4134012000 is a thread


Stack: [0x00007f413c2bd000,0x00007f413c3be000],  sp=0x00007f413c3bc6f8,  free space=1021k
Native frames: (J=compiled Java code, j=interpreted, Vv=VM code, C=native code)
C  [liblwjgl_opengl.so+0x45e99]  Java_org_lwjgl_opengl_GL20_glCreateShader+0x9
j  Shaders.ShaderProgram.loadShader(Ljava/lang/String;I)I+69
j  Shaders.ShaderProgram.<init>(Ljava/lang/String;Ljava/lang/String;)V+8
j  Shaders.StaticShader.<init>()V+5
j  Engine.Main.init()V+27
j  Engine.Main.run()V+1
j  Engine.Main.main([Ljava/lang/String;)V+7
v  ~StubRoutines::call_stub
V  [libjvm.so+0x67b49b]
V  [libjvm.so+0x69f617]
V  [libjvm.so+0x6a1fd3]
C  [libjli.so+0x3726]
C  [libjli.so+0x76dd]
C  [libpthread.so.0+0x7519]  start_thread+0xd9

Java frames: (J=compiled Java code, j=interpreted, Vv=VM code)
j  org.lwjgl.opengl.GL20.glCreateShader(I)I+0
j  Shaders.ShaderProgram.loadShader(Ljava/lang/String;I)I+69
j  Shaders.ShaderProgram.<init>(Ljava/lang/String;Ljava/lang/String;)V+8
j  Shaders.StaticShader.<init>()V+5
j  Engine.Main.init()V+27
j  Engine.Main.run()V+1
j  Engine.Main.main([Ljava/lang/String;)V+7
v  ~StubRoutines::call_stub

---------------  P R O C E S S  ---------------

Java Threads: ( => current thread )
  0x00007f41343b6800 JavaThread "Service Thread" daemon [_thread_blocked, id=11497, stack(0x00007f410beff000,0x00007f410c000000)]
  0x00007f41343ab000 JavaThread "C1 CompilerThread3" daemon [_thread_blocked, id=11496, stack(0x00007f4120082000,0x00007f4120183000)]
  0x00007f41343a9000 JavaThread "C2 CompilerThread2" daemon [_thread_blocked, id=11495, stack(0x00007f4120183000,0x00007f4120284000)]
  0x00007f41343a2800 JavaThread "C2 CompilerThread1" daemon [_thread_blocked, id=11494, stack(0x00007f4120284000,0x00007f4120385000)]
  0x00007f41343a0000 JavaThread "C2 CompilerThread0" daemon [_thread_blocked, id=11493, stack(0x00007f4120385000,0x00007f4120486000)]
  0x00007f40dc001000 JavaThread "JDWP Command Reader" daemon [_thread_in_native, id=11491, stack(0x00007f412055d000,0x00007f412065e000)]
  0x00007f4134214800 JavaThread "JDWP Event Helper Thread" daemon [_thread_blocked, id=11489, stack(0x00007f412065e000,0x00007f412075f000)]
  0x00007f4134210800 JavaThread "JDWP Transport Listener: dt_socket" daemon [_thread_blocked, id=11487, stack(0x00007f412075f000,0x00007f4120860000)]
  0x00007f4134202000 JavaThread "Signal Dispatcher" daemon [_thread_blocked, id=11486, stack(0x00007f4120a6c000,0x00007f4120b6d000)]
  0x00007f41341db000 JavaThread "Finalizer" daemon [_thread_blocked, id=11476, stack(0x00007f4120b6d000,0x00007f4120c6e000)]
  0x00007f41341d6800 JavaThread "Reference Handler" daemon [_thread_blocked, id=11475, stack(0x00007f4120c6e000,0x00007f4120d6f000)]
=>0x00007f4134012000 JavaThread "main" [_thread_in_native, id=11463, stack(0x00007f413c2bd000,0x00007f413c3be000)]

Other Threads:
  0x00007f41341ce800 VMThread [stack: 0x00007f4120d6f000,0x00007f4120e70000] [id=11474]
  0x00007f41343b9000 WatcherThread [stack: 0x00007f410bdfe000,0x00007f410beff000] [id=11498]

VM state:not at safepoint (normal execution)

VM Mutex/Monitor currently owned by a thread: None

Heap:
 PSYoungGen      total 74752K, used 10386K [0x000000076cb00000, 0x0000000771e00000, 0x00000007c0000000)
  eden space 64512K, 16% used [0x000000076cb00000,0x000000076d5248c0,0x0000000770a00000)
  from space 10240K, 0% used [0x0000000771400000,0x0000000771400000,0x0000000771e00000)
  to   space 10240K, 0% used [0x0000000770a00000,0x0000000770a00000,0x0000000771400000)
 ParOldGen       total 171008K, used 0K [0x00000006c6000000, 0x00000006d0700000, 0x000000076cb00000)
  object space 171008K, 0% used [0x00000006c6000000,0x00000006c6000000,0x00000006d0700000)
 Metaspace       used 5653K, capacity 5862K, committed 6144K, reserved 1056768K
  class space    used 616K, capacity 703K, committed 768K, reserved 1048576K

Card table byte_map: [0x00007f412482f000,0x00007f4125000000] byte_map_base: 0x00007f41211ff000

Marking Bits: (ParMarkBitMap*) 0x00007f413b5b90e0
 Begin Bits: [0x00007f40f0300000, 0x00007f40f4180000)
 End Bits:   [0x00007f40f4180000, 0x00007f40f8000000)

Polling page: 0x00007f413c3fd000

CodeCache: size=245760Kb used=1916Kb max_used=1916Kb free=243843Kb
 bounds [0x00007f4125000000, 0x00007f4125270000, 0x00007f4134000000]
 total_blobs=706 nmethods=396 adapters=234
 compilation: enabled

Compilation events (10 events):
Event: 0.386 Thread 0x00007f41343ab000 nmethod 390 0x00007f41251d6b50 code [0x00007f41251d6dc0, 0x00007f41251d7e38]
Event: 0.386 Thread 0x00007f41343ab000  389       3       java.lang.String::regionMatches (149 bytes)
Event: 0.387 Thread 0x00007f41343ab000 nmethod 389 0x00007f41251d8650 code [0x00007f41251d88c0, 0x00007f41251d95b8]
Event: 0.387 Thread 0x00007f41343ab000  391       3       java.lang.Character::toUpperCase (6 bytes)
Event: 0.387 Thread 0x00007f41343ab000 nmethod 391 0x00007f41251da010 code [0x00007f41251da1a0, 0x00007f41251da438]
Event: 0.387 Thread 0x00007f41343ab000  392       3       java.lang.Character::toUpperCase (9 bytes)
Event: 0.387 Thread 0x00007f41343ab000 nmethod 392 0x00007f41251da550 code [0x00007f41251da6c0, 0x00007f41251da8f8]
Event: 0.387 Thread 0x00007f41343ab000  393       3       java.lang.CharacterDataLatin1::toUpperCase (53 bytes)
Event: 0.387 Thread 0x00007f41343ab000 nmethod 393 0x00007f41251da9d0 code [0x00007f41251dab40, 0x00007f41251dae30]
Event: 0.387 Thread 0x00007f41343ab000  394   !   3       com.intellij.rt.debugger.agent.CaptureAgent$CaptureTransformer::transform (202 bytes)

GC Heap History (0 events):
No events

Deoptimization events (0 events):
No events

Internal exceptions (10 events):
Event: 0.260 Thread 0x00007f4134012000 Exception <a 'java/lang/NoSuchFieldError': method resolution failed> (0x000000076d1a8498) thrown at [/build/openjdk-8-O5BLDv/openjdk-8-8u151-b12/src/hotspot/src/share/vm/prims/methodHandles.cpp, line 1146]
Event: 0.263 Thread 0x00007f4134012000 Exception <a 'java/lang/NoSuchFieldError': method resolution failed> (0x000000076d1b6340) thrown at [/build/openjdk-8-O5BLDv/openjdk-8-8u151-b12/src/hotspot/src/share/vm/prims/methodHandles.cpp, line 1146]
Event: 0.312 Thread 0x00007f4134012000 Exception <a 'java/lang/NoSuchMethodError': java.lang.Object.lambda$static$0(Ljava/lang/String;)Ljava/lang/Boolean;> (0x000000076d30c5e0) thrown at [/build/openjdk-8-O5BLDv/openjdk-8-8u151-b12/src/hotspot/src/share/vm/interpreter/linkResolver.cpp, line 61
Event: 0.324 Thread 0x00007f4134012000 Exception <a 'java/security/PrivilegedActionException'> (0x000000076d365ce0) thrown at [/build/openjdk-8-O5BLDv/openjdk-8-8u151-b12/src/hotspot/src/share/vm/prims/jvm.cpp, line 1390]
Event: 0.324 Thread 0x00007f4134012000 Exception <a 'java/security/PrivilegedActionException'> (0x000000076d365ef0) thrown at [/build/openjdk-8-O5BLDv/openjdk-8-8u151-b12/src/hotspot/src/share/vm/prims/jvm.cpp, line 1390]
Event: 0.324 Thread 0x00007f4134012000 Exception <a 'java/security/PrivilegedActionException'> (0x000000076d367f78) thrown at [/build/openjdk-8-O5BLDv/openjdk-8-8u151-b12/src/hotspot/src/share/vm/prims/jvm.cpp, line 1390]
Event: 0.324 Thread 0x00007f4134012000 Exception <a 'java/security/PrivilegedActionException'> (0x000000076d368188) thrown at [/build/openjdk-8-O5BLDv/openjdk-8-8u151-b12/src/hotspot/src/share/vm/prims/jvm.cpp, line 1390]
Event: 0.325 Thread 0x00007f4134012000 Exception <a 'java/security/PrivilegedActionException'> (0x000000076d368c60) thrown at [/build/openjdk-8-O5BLDv/openjdk-8-8u151-b12/src/hotspot/src/share/vm/prims/jvm.cpp, line 1390]
Event: 0.325 Thread 0x00007f4134012000 Exception <a 'java/security/PrivilegedActionException'> (0x000000076d368e70) thrown at [/build/openjdk-8-O5BLDv/openjdk-8-8u151-b12/src/hotspot/src/share/vm/prims/jvm.cpp, line 1390]
Event: 0.368 Thread 0x00007f4134012000 Exception <a 'sun/nio/fs/UnixException'> (0x000000076d44a9a8) thrown at [/build/openjdk-8-O5BLDv/openjdk-8-8u151-b12/src/hotspot/src/share/vm/prims/jni.cpp, line 709]

Events (10 events):
Event: 0.387 Thread 0x00007f4134012000 DEOPT PACKING pc=0x00007f41251c5214 sp=0x00007f413c3b86d0
Event: 0.387 Thread 0x00007f4134012000 DEOPT UNPACKING pc=0x00007f4125046f73 sp=0x00007f413c3b8510 mode 1
Event: 0.387 Thread 0x00007f4134012000 DEOPT PACKING pc=0x00007f41251c4fb4 sp=0x00007f413c3b8860
Event: 0.387 Thread 0x00007f4134012000 DEOPT UNPACKING pc=0x00007f4125046f73 sp=0x00007f413c3b86b8 mode 1
Event: 0.388 loading class org/lwjgl/system/SharedLibrary$Delegate
Event: 0.388 loading class org/lwjgl/system/SharedLibrary$Delegate done
Event: 0.388 Thread 0x00007f4134012000 DEOPT PACKING pc=0x00007f41251c5214 sp=0x00007f413c3b66d0
Event: 0.388 Thread 0x00007f4134012000 DEOPT UNPACKING pc=0x00007f4125046f73 sp=0x00007f413c3b6510 mode 1
Event: 0.388 Thread 0x00007f4134012000 DEOPT PACKING pc=0x00007f41251c4fb4 sp=0x00007f413c3b6860
Event: 0.388 Thread 0x00007f4134012000 DEOPT UNPACKING pc=0x00007f4125046f73 sp=0x00007f413c3b66b8 mode 1


Dynamic libraries:
6c6000000-6d0700000 rw-p 00000000 00:00 0 
6d0700000-76cb00000 ---p 00000000 00:00 0 
76cb00000-771e00000 rw-p 00000000 00:00 0 
771e00000-7c0000000 ---p 00000000 00:00 0 
7c0000000-7c00c0000 rw-p 00000000 00:00 0 
7c00c0000-800000000 ---p 00000000 00:00 0 
55fd204a9000-55fd204aa000 r-xp 00000000 08:02 6162004                    /usr/lib/jvm/java-8-openjdk-amd64/jre/bin/java
55fd206a9000-55fd206aa000 r--p 00000000 08:02 6162004                    /usr/lib/jvm/java-8-openjdk-amd64/jre/bin/java
55fd206aa000-55fd206ab000 rw-p 00001000 08:02 6162004                    /usr/lib/jvm/java-8-openjdk-amd64/jre/bin/java
55fd21f2f000-55fd21f50000 rw-p 00000000 00:00 0                          [heap]
7f40bc000000-7f40bc021000 rw-p 00000000 00:00 0 
7f40bc021000-7f40c0000000 ---p 00000000 00:00 0 
7f40c3258000-7f40c326b000 r-xp 00000000 08:02 1443817                    /lib/x86_64-linux-gnu/libbsd.so.0.8.6
7f40c326b000-7f40c346a000 ---p 00013000 08:02 1443817                    /lib/x86_64-linux-gnu/libbsd.so.0.8.6
7f40c346a000-7f40c346b000 r--p 00012000 08:02 1443817                    /lib/x86_64-linux-gnu/libbsd.so.0.8.6
7f40c346b000-7f40c346c000 rw-p 00013000 08:02 1443817                    /lib/x86_64-linux-gnu/libbsd.so.0.8.6
7f40c346c000-7f40c346d000 rw-p 00000000 00:00 0 
7f40c3470000-7f40c3475000 r-xp 00000000 08:02 5518031                    /usr/lib/x86_64-linux-gnu/libXdmcp.so.6.0.0
7f40c3475000-7f40c3674000 ---p 00005000 08:02 5518031                    /usr/lib/x86_64-linux-gnu/libXdmcp.so.6.0.0
7f40c3674000-7f40c3675000 r--p 00004000 08:02 5518031                    /usr/lib/x86_64-linux-gnu/libXdmcp.so.6.0.0
7f40c3675000-7f40c3676000 rw-p 00005000 08:02 5518031                    /usr/lib/x86_64-linux-gnu/libXdmcp.so.6.0.0
7f40c3678000-7f40c367a000 r-xp 00000000 08:02 5518016                    /usr/lib/x86_64-linux-gnu/libXau.so.6.0.0
7f40c367a000-7f40c387a000 ---p 00002000 08:02 5518016                    /usr/lib/x86_64-linux-gnu/libXau.so.6.0.0
7f40c387a000-7f40c387b000 r--p 00002000 08:02 5518016                    /usr/lib/x86_64-linux-gnu/libXau.so.6.0.0
7f40c387b000-7f40c387c000 rw-p 00003000 08:02 5518016                    /usr/lib/x86_64-linux-gnu/libXau.so.6.0.0
7f40c3880000-7f40c38a7000 r-xp 00000000 08:02 5520824                    /usr/lib/x86_64-linux-gnu/libxcb.so.1.1.0
7f40c38a7000-7f40c3aa6000 ---p 00027000 08:02 5520824                    /usr/lib/x86_64-linux-gnu/libxcb.so.1.1.0
7f40c3aa6000-7f40c3aa7000 r--p 00026000 08:02 5520824                    /usr/lib/x86_64-linux-gnu/libxcb.so.1.1.0
7f40c3aa7000-7f40c3aa8000 rw-p 00027000 08:02 5520824                    /usr/lib/x86_64-linux-gnu/libxcb.so.1.1.0
7f40c3aa8000-7f40c3ab9000 r-xp 00000000 08:02 5518035                    /usr/lib/x86_64-linux-gnu/libXext.so.6.4.0
7f40c3ab9000-7f40c3cb8000 ---p 00011000 08:02 5518035                    /usr/lib/x86_64-linux-gnu/libXext.so.6.4.0
7f40c3cb8000-7f40c3cb9000 r--p 00010000 08:02 5518035                    /usr/lib/x86_64-linux-gnu/libXext.so.6.4.0
7f40c3cb9000-7f40c3cba000 rw-p 00011000 08:02 5518035                    /usr/lib/x86_64-linux-gnu/libXext.so.6.4.0
7f40c3cc0000-7f40c3dfa000 r-xp 00000000 08:02 5518010                    /usr/lib/x86_64-linux-gnu/libX11.so.6.3.0
7f40c3dfa000-7f40c3ffa000 ---p 0013a000 08:02 5518010                    /usr/lib/x86_64-linux-gnu/libX11.so.6.3.0
7f40c3ffa000-7f40c3ffb000 r--p 0013a000 08:02 5518010                    /usr/lib/x86_64-linux-gnu/libX11.so.6.3.0
7f40c3ffb000-7f40c4000000 rw-p 0013b000 08:02 5518010                    /usr/lib/x86_64-linux-gnu/libX11.so.6.3.0
7f40c4000000-7f40c41a0000 rw-p 00000000 00:00 0 
7f40c41a0000-7f40c8000000 ---p 00000000 00:00 0 
7f40c8000000-7f40c8021000 rw-p 00000000 00:00 0 
7f40c8021000-7f40cc000000 ---p 00000000 00:00 0 
7f40cc000000-7f40cc021000 rw-p 00000000 00:00 0 
7f40cc021000-7f40d0000000 ---p 00000000 00:00 0 
7f40d0000000-7f40d0030000 rw-p 00000000 00:00 0 
7f40d0030000-7f40d4000000 ---p 00000000 00:00 0 
7f40d4000000-7f40d4021000 rw-p 00000000 00:00 0 
7f40d4021000-7f40d8000000 ---p 00000000 00:00 0 
7f40d8000000-7f40d80e4000 rw-p 00000000 00:00 0 
7f40d80e4000-7f40dc000000 ---p 00000000 00:00 0 
7f40dc000000-7f40dc021000 rw-p 00000000 00:00 0 
7f40dc021000-7f40e0000000 ---p 00000000 00:00 0 
7f40e0000000-7f40e0021000 rw-p 00000000 00:00 0 
7f40e0021000-7f40e4000000 ---p 00000000 00:00 0 
7f40e4000000-7f40e4021000 rw-p 00000000 00:00 0 
7f40e4021000-7f40e8000000 ---p 00000000 00:00 0 
7f40e8000000-7f40e8021000 rw-p 00000000 00:00 0 
7f40e8021000-7f40ec000000 ---p 00000000 00:00 0 
7f40ec000000-7f40ec021000 rw-p 00000000 00:00 0 
7f40ec021000-7f40f0000000 ---p 00000000 00:00 0 
7f40f0048000-7f40f00b6000 r-xp 00000000 08:02 5509326                    /usr/lib/x86_64-linux-gnu/libGLdispatch.so.0.0.0
7f40f00b6000-7f40f02b5000 ---p 0006e000 08:02 5509326                    /usr/lib/x86_64-linux-gnu/libGLdispatch.so.0.0.0
7f40f02b5000-7f40f02dd000 r--p 0006d000 08:02 5509326                    /usr/lib/x86_64-linux-gnu/libGLdispatch.so.0.0.0
7f40f02dd000-7f40f02de000 rw-p 00095000 08:02 5509326                    /usr/lib/x86_64-linux-gnu/libGLdispatch.so.0.0.0
7f40f02de000-7f40f02fe000 rw-p 00000000 00:00 0 
7f40f0300000-7f40f8000000 rw-p 00000000 00:00 0 
7f40f8000000-7f40f8021000 rw-p 00000000 00:00 0 
7f40f8021000-7f40fc000000 ---p 00000000 00:00 0 
7f40fc000000-7f40fc021000 rw-p 00000000 00:00 0 
7f40fc021000-7f4100000000 ---p 00000000 00:00 0 
7f4100000000-7f4100021000 rw-p 00000000 00:00 0 
7f4100021000-7f4104000000 ---p 00000000 00:00 0 
7f4104000000-7f4104021000 rw-p 00000000 00:00 0 
7f4104021000-7f4108000000 ---p 00000000 00:00 0 
7f4108040000-7f4108050000 r-xp 00000000 08:02 5509319                    /usr/lib/x86_64-linux-gnu/libGLX.so.0.0.0
7f4108050000-7f410824f000 ---p 00010000 08:02 5509319                    /usr/lib/x86_64-linux-gnu/libGLX.so.0.0.0
7f410824f000-7f4108250000 r--p 0000f000 08:02 5509319                    /usr/lib/x86_64-linux-gnu/libGLX.so.0.0.0
7f4108250000-7f4108251000 rw-p 00010000 08:02 5509319                    /usr/lib/x86_64-linux-gnu/libGLX.so.0.0.0
7f4108251000-7f4108271000 rw-p 00000000 00:00 0 
7f4108278000-7f41082e9000 r-xp 00000000 08:02 5509294                    /usr/lib/mesa-diverted/x86_64-linux-gnu/libGL.so.1.0.0
7f41082e9000-7f41084e8000 ---p 00071000 08:02 5509294                    /usr/lib/mesa-diverted/x86_64-linux-gnu/libGL.so.1.0.0
7f41084e8000-7f4108502000 r--p 00070000 08:02 5509294                    /usr/lib/mesa-diverted/x86_64-linux-gnu/libGL.so.1.0.0
7f4108502000-7f4108503000 rw-p 0008a000 08:02 5509294                    /usr/lib/mesa-diverted/x86_64-linux-gnu/libGL.so.1.0.0
7f4108503000-7f4108504000 rw-p 00000000 00:00 0 
7f4108508000-7f4108573000 r-xp 00000000 08:12 390920                     /tmp/lwjglmart/3.1.4-build-8/liblwjgl_opengl.so
7f4108573000-7f4108772000 ---p 0006b000 08:12 390920                     /tmp/lwjglmart/3.1.4-build-8/liblwjgl_opengl.so
7f4108772000-7f4108773000 r--p 0006a000 08:12 390920                     /tmp/lwjglmart/3.1.4-build-8/liblwjgl_opengl.so
7f4108773000-7f4108774000 rw-p 0006b000 08:12 390920                     /tmp/lwjglmart/3.1.4-build-8/liblwjgl_opengl.so
7f4108778000-7f41087ce000 r-xp 00000000 08:12 390918                     /tmp/lwjglmart/3.1.4-build-8/liblwjgl.so
7f41087ce000-7f41089cd000 ---p 00056000 08:12 390918                     /tmp/lwjglmart/3.1.4-build-8/liblwjgl.so
7f41089cd000-7f41089ce000 r--p 00055000 08:12 390918                     /tmp/lwjglmart/3.1.4-build-8/liblwjgl.so
7f41089ce000-7f41089cf000 rw-p 00056000 08:12 390918                     /tmp/lwjglmart/3.1.4-build-8/liblwjgl.so
7f41089cf000-7f410b9d0000 rw-p 00000000 00:00 0 
7f410b9d0000-7f410b9e7000 r-xp 00000000 08:02 6162048                    /usr/lib/jvm/java-8-openjdk-amd64/jre/lib/amd64/libnet.so
7f410b9e7000-7f410bbe6000 ---p 00017000 08:02 6162048                    /usr/lib/jvm/java-8-openjdk-amd64/jre/lib/amd64/libnet.so
7f410bbe6000-7f410bbe7000 r--p 00016000 08:02 6162048                    /usr/lib/jvm/java-8-openjdk-amd64/jre/lib/amd64/libnet.so
7f410bbe7000-7f410bbe8000 rw-p 00017000 08:02 6162048                    /usr/lib/jvm/java-8-openjdk-amd64/jre/lib/amd64/libnet.so
7f410bbe8000-7f410bbf9000 r-xp 00000000 08:02 6162049                    /usr/lib/jvm/java-8-openjdk-amd64/jre/lib/amd64/libnio.so
7f410bbf9000-7f410bdf9000 ---p 00011000 08:02 6162049                    /usr/lib/jvm/java-8-openjdk-amd64/jre/lib/amd64/libnio.so
7f410bdf9000-7f410bdfa000 r--p 00011000 08:02 6162049                    /usr/lib/jvm/java-8-openjdk-amd64/jre/lib/amd64/libnio.so
7f410bdfa000-7f410bdfb000 rw-p 00012000 08:02 6162049                    /usr/lib/jvm/java-8-openjdk-amd64/jre/lib/amd64/libnio.so
7f410bdfe000-7f410bdff000 ---p 00000000 00:00 0 
7f410bdff000-7f410beff000 rw-p 00000000 00:00 0 
7f410beff000-7f410bf02000 ---p 00000000 00:00 0 
7f410bf02000-7f410c000000 rw-p 00000000 00:00 0 
7f410c000000-7f410c021000 rw-p 00000000 00:00 0 
7f410c021000-7f4110000000 ---p 00000000 00:00 0 
7f4110000000-7f4110021000 rw-p 00000000 00:00 0 
7f4110021000-7f4114000000 ---p 00000000 00:00 0 
7f4114000000-7f4114021000 rw-p 00000000 00:00 0 
7f4114021000-7f4118000000 ---p 00000000 00:00 0 
7f4118000000-7f4118021000 rw-p 00000000 00:00 0 
7f4118021000-7f411c000000 ---p 00000000 00:00 0 
7f411c000000-7f411c021000 rw-p 00000000 00:00 0 
7f411c021000-7f4120000000 ---p 00000000 00:00 0 
7f4120082000-7f4120085000 ---p 00000000 00:00 0 
7f4120085000-7f4120183000 rw-p 00000000 00:00 0 
7f4120183000-7f4120186000 ---p 00000000 00:00 0 
7f4120186000-7f4120284000 rw-p 00000000 00:00 0 
7f4120284000-7f4120287000 ---p 00000000 00:00 0 
7f4120287000-7f4120385000 rw-p 00000000 00:00 0 
7f4120385000-7f4120388000 ---p 00000000 00:00 0 
7f4120388000-7f4120486000 rw-p 00000000 00:00 0 
7f4120486000-7f412048d000 r--s 0005e000 08:02 1055194                    /opt/intellij/lib/asm-all.jar
7f4120493000-7f4120495000 r--s 00003000 08:02 1055306                    /opt/intellij/lib/rt/debugger-agent.jar
7f412049a000-7f412049c000 r--s 0001a000 08:02 1055240                    /opt/intellij/lib/idea_rt.jar
7f412049e000-7f41204a2000 r--s 00026000 08:14 13769017                   /home/mart/IdeaProjects/silorex/lwjgl/lwjgl-opencl.jar
7f41204a7000-7f41204ab000 r--s 00017000 08:14 13768678                   /home/mart/IdeaProjects/silorex/lwjgl/lwjgl-glfw.jar
7f41204ad000-7f41204ae000 r--s 0003d000 08:14 13768676                   /home/mart/IdeaProjects/silorex/lwjgl/lwjgl-glfw-natives-windows.jar
7f41204b5000-7f41204b6000 r--s 0000d000 08:14 13768675                   /home/mart/IdeaProjects/silorex/lwjgl/lwjgl-glfw-natives-macos.jar
7f41204b7000-7f41204b8000 r--s 0001f000 08:14 13768674                   /home/mart/IdeaProjects/silorex/lwjgl/lwjgl-glfw-natives-linux.jar
7f41204be000-7f41204c8000 r--s 000be000 08:14 13769182                   /home/mart/IdeaProjects/silorex/lwjgl/lwjgl-opengl.jar
7f41204ca000-7f41204cb000 r--s 0002a000 08:14 13769186                   /home/mart/IdeaProjects/silorex/lwjgl/lwjgl-opengl-natives-windows.jar
7f41204cb000-7f41204cc000 r--s 0000b000 08:14 13769185                   /home/mart/IdeaProjects/silorex/lwjgl/lwjgl-opengl-natives-macos.jar
7f41204ce000-7f41204cf000 r--s 00016000 08:14 13769184                   /home/mart/IdeaProjects/silorex/lwjgl/lwjgl-opengl-natives-linux.jar
7f41204d2000-7f41204d7000 r--s 00042000 08:14 13768649                   /home/mart/IdeaProjects/silorex/lwjgl/lwjgl.jar
7f41204d9000-7f41204da000 r--s 00039000 08:14 13768647                   /home/mart/IdeaProjects/silorex/lwjgl/lwjgl-natives-windows.jar
7f41204e1000-7f41204e2000 r--s 00009000 08:14 13768646                   /home/mart/IdeaProjects/silorex/lwjgl/lwjgl-natives-macos.jar
7f41204e3000-7f41204e4000 r--s 00013000 08:14 13768645                   /home/mart/IdeaProjects/silorex/lwjgl/lwjgl-natives-linux.jar
7f41204e6000-7f41204f9000 r--s 00346000 08:02 6162100                    /usr/lib/jvm/java-8-openjdk-amd64/jre/lib/resources.jar
7f4120500000-7f4120501000 r--s 00000000 08:02 6162098                    /usr/lib/jvm/java-8-openjdk-amd64/jre/lib/management-agent.jar
7f4120502000-7f4120507000 r--s 0009a000 08:02 6162095                    /usr/lib/jvm/java-8-openjdk-amd64/jre/lib/jsse.jar
7f412050d000-7f4120510000 r--s 00015000 08:02 6162093                    /usr/lib/jvm/java-8-openjdk-amd64/jre/lib/jce.jar
7f4120517000-7f4120519000 r--s 00007000 08:02 1711658                    /usr/share/java/java-atk-wrapper.jar
7f4120519000-7f412051e000 r--s 002f9000 08:02 6162062                    /usr/lib/jvm/java-8-openjdk-amd64/jre/lib/charsets.jar
7f412051e000-7f4120539000 r--s 001d6000 08:02 6162077                    /usr/lib/jvm/java-8-openjdk-amd64/jre/lib/ext/nashorn.jar
7f412053c000-7f4120557000 r--s 00394000 08:02 6162072                    /usr/lib/jvm/java-8-openjdk-amd64/jre/lib/ext/cldrdata.jar
7f412055d000-7f4120560000 ---p 00000000 00:00 0 
7f4120560000-7f412065e000 rw-p 00000000 00:00 0 
7f412065e000-7f4120661000 ---p 00000000 00:00 0 
7f4120661000-7f412075f000 rw-p 00000000 00:00 0 
7f412075f000-7f4120762000 ---p 00000000 00:00 0 
7f4120762000-7f4120860000 rw-p 00000000 00:00 0 
7f4120860000-7f4120864000 r-xp 00000000 08:02 6162027                    /usr/lib/jvm/java-8-openjdk-amd64/jre/lib/amd64/libdt_socket.so
7f4120864000-7f4120a63000 ---p 00004000 08:02 6162027                    /usr/lib/jvm/java-8-openjdk-amd64/jre/lib/amd64/libdt_socket.so
7f4120a63000-7f4120a64000 r--p 00003000 08:02 6162027                    /usr/lib/jvm/java-8-openjdk-amd64/jre/lib/amd64/libdt_socket.so
7f4120a64000-7f4120a65000 rw-p 00004000 08:02 6162027                    /usr/lib/jvm/java-8-openjdk-amd64/jre/lib/amd64/libdt_socket.so
7f4120a6c000-7f4120a6f000 ---p 00000000 00:00 0 
7f4120a6f000-7f4120b6d000 rw-p 00000000 00:00 0 
7f4120b6d000-7f4120b70000 ---p 00000000 00:00 0 
7f4120b70000-7f4120c6e000 rw-p 00000000 00:00 0 
7f4120c6e000-7f4120c71000 ---p 00000000 00:00 0 
7f4120c71000-7f4120d6f000 rw-p 00000000 00:00 0 
7f4120d6f000-7f4120d70000 ---p 00000000 00:00 0 
7f4120d70000-7f41229d9000 rw-p 00000000 00:00 0 
7f41229d9000-7f4122ba8000 r--s 03c21000 08:02 6162101                    /usr/lib/jvm/java-8-openjdk-amd64/jre/lib/rt.jar
7f4122bac000-7f4122c22000 rw-p 00000000 00:00 0 
7f4122c22000-7f4123162000 rw-p 00000000 00:00 0 
7f4123162000-7f4123422000 ---p 00000000 00:00 0 
7f4123422000-7f4123bf2000 rw-p 00000000 00:00 0 
7f4123bf2000-7f4123bf3000 ---p 00000000 00:00 0 
7f4123bf3000-7f4123cf3000 rw-p 00000000 00:00 0 
7f4123cf3000-7f4123cf4000 ---p 00000000 00:00 0 
7f4123cf4000-7f4123df4000 rw-p 00000000 00:00 0 
7f4123df4000-7f4123df5000 ---p 00000000 00:00 0 
7f4123df5000-7f4123ef5000 rw-p 00000000 00:00 0 
7f4123ef5000-7f4123ef6000 ---p 00000000 00:00 0 
7f4123ef6000-7f4123ff6000 rw-p 00000000 00:00 0 
7f4123ff6000-7f4123ff7000 ---p 00000000 00:00 0 
7f4123ff7000-7f41240f7000 rw-p 00000000 00:00 0 
7f41240f7000-7f41240f8000 ---p 00000000 00:00 0 
7f41240f8000-7f41241f8000 rw-p 00000000 00:00 0 
7f41241f8000-7f41241f9000 ---p 00000000 00:00 0 
7f41241f9000-7f41242f9000 rw-p 00000000 00:00 0 
7f41242f9000-7f412434d000 rw-p 00000000 00:00 0 
7f412434d000-7f412482f000 ---p 00000000 00:00 0 
7f412482f000-7f4124883000 rw-p 00000000 00:00 0 
7f4124883000-7f4124d64000 ---p 00000000 00:00 0 
7f4124d64000-7f4124d8e000 rw-p 00000000 00:00 0 
7f4124d8e000-7f4124fff000 ---p 00000000 00:00 0 
7f4124fff000-7f4125000000 rw-p 00000000 00:00 0 
7f4125000000-7f4125270000 rwxp 00000000 00:00 0 
7f4125270000-7f4134000000 ---p 00000000 00:00 0 
7f4134000000-7f413452e000 rw-p 00000000 00:00 0 
7f413452e000-7f4138000000 ---p 00000000 00:00 0 
7f4138007000-7f413800a000 r--s 0000f000 08:02 6162074                    /usr/lib/jvm/java-8-openjdk-amd64/jre/lib/ext/icedtea-sound.jar
7f413800a000-7f4138010000 r--s 0003a000 08:02 6162079                    /usr/lib/jvm/java-8-openjdk-amd64/jre/lib/ext/sunjce_provider.jar
7f4138015000-7f4138070000 rw-p 00000000 00:00 0 
7f4138070000-7f41380bf000 rw-p 00000000 00:00 0 
7f41380bf000-7f41380c0000 ---p 00000000 00:00 0 
7f41380c0000-7f41381c0000 rw-p 00000000 00:00 0 
7f41381c0000-7f41381ca000 rw-p 00000000 00:00 0 
7f41381ca000-7f4138580000 ---p 00000000 00:00 0 
7f4138580000-7f4138588000 r-xp 00000000 08:02 6162057                    /usr/lib/jvm/java-8-openjdk-amd64/jre/lib/amd64/libzip.so
7f4138588000-7f4138787000 ---p 00008000 08:02 6162057                    /usr/lib/jvm/java-8-openjdk-amd64/jre/lib/amd64/libzip.so
7f4138787000-7f4138788000 r--p 00007000 08:02 6162057                    /usr/lib/jvm/java-8-openjdk-amd64/jre/lib/amd64/libzip.so
7f4138788000-7f4138789000 rw-p 00008000 08:02 6162057                    /usr/lib/jvm/java-8-openjdk-amd64/jre/lib/amd64/libzip.so
7f4138790000-7f413879b000 r-xp 00000000 08:02 1465569                    /lib/x86_64-linux-gnu/libnss_files-2.25.so
7f413879b000-7f413899a000 ---p 0000b000 08:02 1465569                    /lib/x86_64-linux-gnu/libnss_files-2.25.so
7f413899a000-7f413899b000 r--p 0000a000 08:02 1465569                    /lib/x86_64-linux-gnu/libnss_files-2.25.so
7f413899b000-7f413899c000 rw-p 0000b000 08:02 1465569                    /lib/x86_64-linux-gnu/libnss_files-2.25.so
7f413899c000-7f41389a2000 rw-p 00000000 00:00 0 
7f41389a8000-7f41389b3000 r-xp 00000000 08:02 1465571                    /lib/x86_64-linux-gnu/libnss_nis-2.25.so
7f41389b3000-7f4138bb2000 ---p 0000b000 08:02 1465571                    /lib/x86_64-linux-gnu/libnss_nis-2.25.so
7f4138bb2000-7f4138bb3000 r--p 0000a000 08:02 1465571                    /lib/x86_64-linux-gnu/libnss_nis-2.25.so
7f4138bb3000-7f4138bb4000 rw-p 0000b000 08:02 1465571                    /lib/x86_64-linux-gnu/libnss_nis-2.25.so
7f4138bb8000-7f4138bcd000 r-xp 00000000 08:02 1465566                    /lib/x86_64-linux-gnu/libnsl-2.25.so
7f4138bcd000-7f4138dcc000 ---p 00015000 08:02 1465566                    /lib/x86_64-linux-gnu/libnsl-2.25.so
7f4138dcc000-7f4138dcd000 r--p 00014000 08:02 1465566                    /lib/x86_64-linux-gnu/libnsl-2.25.so
7f4138dcd000-7f4138dce000 rw-p 00015000 08:02 1465566                    /lib/x86_64-linux-gnu/libnsl-2.25.so
7f4138dce000-7f4138dd0000 rw-p 00000000 00:00 0 
7f4138dd0000-7f4138dd7000 r-xp 00000000 08:02 1465567                    /lib/x86_64-linux-gnu/libnss_compat-2.25.so
7f4138dd7000-7f4138fd6000 ---p 00007000 08:02 1465567                    /lib/x86_64-linux-gnu/libnss_compat-2.25.so
7f4138fd6000-7f4138fd7000 r--p 00006000 08:02 1465567                    /lib/x86_64-linux-gnu/libnss_compat-2.25.so
7f4138fd7000-7f4138fd8000 rw-p 00007000 08:02 1465567                    /lib/x86_64-linux-gnu/libnss_compat-2.25.so
7f4138fd8000-7f4138fe2000 r-xp 00000000 08:02 6162031                    /usr/lib/jvm/java-8-openjdk-amd64/jre/lib/amd64/libinstrument.so
7f4138fe2000-7f41391e1000 ---p 0000a000 08:02 6162031                    /usr/lib/jvm/java-8-openjdk-amd64/jre/lib/amd64/libinstrument.so
7f41391e1000-7f41391e2000 r--p 00009000 08:02 6162031                    /usr/lib/jvm/java-8-openjdk-amd64/jre/lib/amd64/libinstrument.so
7f41391e2000-7f41391e3000 rw-p 0000a000 08:02 6162031                    /usr/lib/jvm/java-8-openjdk-amd64/jre/lib/amd64/libinstrument.so
7f41391e8000-7f4139318000 r--p 00000000 08:02 6162747                    /usr/lib/locale/aa_DJ.utf8/LC_COLLATE
7f4139318000-7f413931a000 r-xp 00000000 08:02 6162050                    /usr/lib/jvm/java-8-openjdk-amd64/jre/lib/amd64/libnpt.so
7f413931a000-7f413951a000 ---p 00002000 08:02 6162050                    /usr/lib/jvm/java-8-openjdk-amd64/jre/lib/amd64/libnpt.so
7f413951a000-7f413951b000 r--p 00002000 08:02 6162050                    /usr/lib/jvm/java-8-openjdk-amd64/jre/lib/amd64/libnpt.so
7f413951b000-7f413951c000 rw-p 00003000 08:02 6162050                    /usr/lib/jvm/java-8-openjdk-amd64/jre/lib/amd64/libnpt.so
7f4139520000-7f413955b000 r-xp 00000000 08:02 6162041                    /usr/lib/jvm/java-8-openjdk-amd64/jre/lib/amd64/libjdwp.so
7f413955b000-7f413975a000 ---p 0003b000 08:02 6162041                    /usr/lib/jvm/java-8-openjdk-amd64/jre/lib/amd64/libjdwp.so
7f413975a000-7f413975b000 r--p 0003a000 08:02 6162041                    /usr/lib/jvm/java-8-openjdk-amd64/jre/lib/amd64/libjdwp.so
7f413975b000-7f413975c000 rw-p 0003b000 08:02 6162041                    /usr/lib/jvm/java-8-openjdk-amd64/jre/lib/amd64/libjdwp.so
7f4139760000-7f413978d000 r-xp 00000000 08:02 6162036                    /usr/lib/jvm/java-8-openjdk-amd64/jre/lib/amd64/libjava.so
7f413978d000-7f413998d000 ---p 0002d000 08:02 6162036                    /usr/lib/jvm/java-8-openjdk-amd64/jre/lib/amd64/libjava.so
7f413998d000-7f413998e000 r--p 0002d000 08:02 6162036                    /usr/lib/jvm/java-8-openjdk-amd64/jre/lib/amd64/libjava.so
7f413998e000-7f4139990000 rw-p 0002e000 08:02 6162036                    /usr/lib/jvm/java-8-openjdk-amd64/jre/lib/amd64/libjava.so
7f4139990000-7f41399a0000 r-xp 00000000 08:02 6162056                    /usr/lib/jvm/java-8-openjdk-amd64/jre/lib/amd64/libverify.so
7f41399a0000-7f4139b9f000 ---p 00010000 08:02 6162056                    /usr/lib/jvm/java-8-openjdk-amd64/jre/lib/amd64/libverify.so
7f4139b9f000-7f4139ba1000 r--p 0000f000 08:02 6162056                    /usr/lib/jvm/java-8-openjdk-amd64/jre/lib/amd64/libverify.so
7f4139ba1000-7f4139ba2000 rw-p 00011000 08:02 6162056                    /usr/lib/jvm/java-8-openjdk-amd64/jre/lib/amd64/libverify.so
7f4139ba8000-7f4139baf000 r-xp 00000000 08:02 1465576                    /lib/x86_64-linux-gnu/librt-2.25.so
7f4139baf000-7f4139dae000 ---p 00007000 08:02 1465576                    /lib/x86_64-linux-gnu/librt-2.25.so
7f4139dae000-7f4139daf000 r--p 00006000 08:02 1465576                    /lib/x86_64-linux-gnu/librt-2.25.so
7f4139daf000-7f4139db0000 rw-p 00007000 08:02 1465576                    /lib/x86_64-linux-gnu/librt-2.25.so
7f4139db0000-7f4139dc6000 r-xp 00000000 08:02 1444262                    /lib/x86_64-linux-gnu/libgcc_s.so.1
7f4139dc6000-7f4139fc5000 ---p 00016000 08:02 1444262                    /lib/x86_64-linux-gnu/libgcc_s.so.1
7f4139fc5000-7f4139fc6000 r--p 00015000 08:02 1444262                    /lib/x86_64-linux-gnu/libgcc_s.so.1
7f4139fc6000-7f4139fc7000 rw-p 00016000 08:02 1444262                    /lib/x86_64-linux-gnu/libgcc_s.so.1
7f4139fc8000-7f413a0da000 r-xp 00000000 08:02 1465563                    /lib/x86_64-linux-gnu/libm-2.25.so
7f413a0da000-7f413a2d9000 ---p 00112000 08:02 1465563                    /lib/x86_64-linux-gnu/libm-2.25.so
7f413a2d9000-7f413a2da000 r--p 00111000 08:02 1465563                    /lib/x86_64-linux-gnu/libm-2.25.so
7f413a2da000-7f413a2db000 rw-p 00112000 08:02 1465563                    /lib/x86_64-linux-gnu/libm-2.25.so
7f413a2e0000-7f413a450000 r-xp 00000000 08:02 5508933                    /usr/lib/x86_64-linux-gnu/libstdc++.so.6.0.24
7f413a450000-7f413a650000 ---p 00170000 08:02 5508933                    /usr/lib/x86_64-linux-gnu/libstdc++.so.6.0.24
7f413a650000-7f413a65a000 r--p 00170000 08:02 5508933                    /usr/lib/x86_64-linux-gnu/libstdc++.so.6.0.24
7f413a65a000-7f413a65c000 rw-p 0017a000 08:02 5508933                    /usr/lib/x86_64-linux-gnu/libstdc++.so.6.0.24
7f413a65c000-7f413a65f000 rw-p 00000000 00:00 0 
7f413a660000-7f413b2ea000 r-xp 00000000 08:02 6162061                    /usr/lib/jvm/java-8-openjdk-amd64/jre/lib/amd64/server/libjvm.so
7f413b2ea000-7f413b4ea000 ---p 00c8a000 08:02 6162061                    /usr/lib/jvm/java-8-openjdk-amd64/jre/lib/amd64/server/libjvm.so
7f413b4ea000-7f413b57d000 r--p 00c8a000 08:02 6162061                    /usr/lib/jvm/java-8-openjdk-amd64/jre/lib/amd64/server/libjvm.so
7f413b57d000-7f413b5a5000 rw-p 00d1d000 08:02 6162061                    /usr/lib/jvm/java-8-openjdk-amd64/jre/lib/amd64/server/libjvm.so
7f413b5a5000-7f413b5d6000 rw-p 00000000 00:00 0 
7f413b5d8000-7f413b771000 r-xp 00000000 08:02 1465559                    /lib/x86_64-linux-gnu/libc-2.25.so
7f413b771000-7f413b971000 ---p 00199000 08:02 1465559                    /lib/x86_64-linux-gnu/libc-2.25.so
7f413b971000-7f413b975000 r--p 00199000 08:02 1465559                    /lib/x86_64-linux-gnu/libc-2.25.so
7f413b975000-7f413b977000 rw-p 0019d000 08:02 1465559                    /lib/x86_64-linux-gnu/libc-2.25.so
7f413b977000-7f413b97b000 rw-p 00000000 00:00 0 
7f413b980000-7f413b983000 r-xp 00000000 08:02 1465562                    /lib/x86_64-linux-gnu/libdl-2.25.so
7f413b983000-7f413bb82000 ---p 00003000 08:02 1465562                    /lib/x86_64-linux-gnu/libdl-2.25.so
7f413bb82000-7f413bb83000 r--p 00002000 08:02 1465562                    /lib/x86_64-linux-gnu/libdl-2.25.so
7f413bb83000-7f413bb84000 rw-p 00003000 08:02 1465562                    /lib/x86_64-linux-gnu/libdl-2.25.so
7f413bb88000-7f413bb96000 r-xp 00000000 08:02 6162021                    /usr/lib/jvm/java-8-openjdk-amd64/jre/lib/amd64/jli/libjli.so
7f413bb96000-7f413bd95000 ---p 0000e000 08:02 6162021                    /usr/lib/jvm/java-8-openjdk-amd64/jre/lib/amd64/jli/libjli.so
7f413bd95000-7f413bd96000 r--p 0000d000 08:02 6162021                    /usr/lib/jvm/java-8-openjdk-amd64/jre/lib/amd64/jli/libjli.so
7f413bd96000-7f413bd97000 rw-p 0000e000 08:02 6162021                    /usr/lib/jvm/java-8-openjdk-amd64/jre/lib/amd64/jli/libjli.so
7f413bd98000-7f413bdb1000 r-xp 00000000 08:02 1444460                    /lib/x86_64-linux-gnu/libz.so.1.2.8
7f413bdb1000-7f413bfb0000 ---p 00019000 08:02 1444460                    /lib/x86_64-linux-gnu/libz.so.1.2.8
7f413bfb0000-7f413bfb1000 r--p 00018000 08:02 1444460                    /lib/x86_64-linux-gnu/libz.so.1.2.8
7f413bfb1000-7f413bfb2000 rw-p 00019000 08:02 1444460                    /lib/x86_64-linux-gnu/libz.so.1.2.8
7f413bfb8000-7f413bfd1000 r-xp 00000000 08:02 1465574                    /lib/x86_64-linux-gnu/libpthread-2.25.so
7f413bfd1000-7f413c1d0000 ---p 00019000 08:02 1465574                    /lib/x86_64-linux-gnu/libpthread-2.25.so
7f413c1d0000-7f413c1d1000 r--p 00018000 08:02 1465574                    /lib/x86_64-linux-gnu/libpthread-2.25.so
7f413c1d1000-7f413c1d2000 rw-p 00019000 08:02 1465574                    /lib/x86_64-linux-gnu/libpthread-2.25.so
7f413c1d2000-7f413c1d6000 rw-p 00000000 00:00 0 
7f413c1d8000-7f413c1fb000 r-xp 00000000 08:02 1459620                    /lib/x86_64-linux-gnu/ld-2.25.so
7f413c1ff000-7f413c203000 r--s 00037000 08:02 6162080                    /usr/lib/jvm/java-8-openjdk-amd64/jre/lib/ext/sunpkcs11.jar
7f413c206000-7f413c210000 r--s 00116000 08:02 6162076                    /usr/lib/jvm/java-8-openjdk-amd64/jre/lib/ext/localedata.jar
7f413c217000-7f413c219000 r--s 00007000 08:02 1711658                    /usr/share/java/java-atk-wrapper.jar
7f413c21a000-7f413c21b000 r--s 0000a000 08:02 6162075                    /usr/lib/jvm/java-8-openjdk-amd64/jre/lib/ext/jaccess.jar
7f413c221000-7f413c223000 r--s 00001000 08:02 6162073                    /usr/lib/jvm/java-8-openjdk-amd64/jre/lib/ext/dnsns.jar
7f413c228000-7f413c229000 r--s 00010000 08:02 6162081                    /usr/lib/jvm/java-8-openjdk-amd64/jre/lib/ext/zipfs.jar
7f413c230000-7f413c232000 r--s 00008000 08:02 6162078                    /usr/lib/jvm/java-8-openjdk-amd64/jre/lib/ext/sunec.jar
7f413c239000-7f413c23a000 r--s 00001000 08:02 1055305                    /opt/intellij/lib/rt/debugger-agent-storage.jar
7f413c240000-7f413c248000 rw-s 00000000 08:12 260618                     /tmp/hsperfdata_mart/11459
7f413c248000-7f413c299000 r--p 00000000 08:02 6162749                    /usr/lib/locale/aa_DJ.utf8/LC_CTYPE
7f413c2a0000-7f413c2a1000 r--p 00000000 08:02 6162778                    /usr/lib/locale/aa_ET/LC_NUMERIC
7f413c2a8000-7f413c2a9000 r--p 00000000 08:02 6165421                    /usr/lib/locale/en_GB.utf8/LC_TIME
7f413c2b0000-7f413c2b1000 r--p 00000000 08:02 6165204                    /usr/lib/locale/cy_GB.utf8/LC_MONETARY
7f413c2b8000-7f413c2b9000 r--p 00000000 08:02 6165354                    /usr/lib/locale/en_AG/LC_MESSAGES/SYS_LC_MESSAGES
7f413c2bd000-7f413c2c0000 ---p 00000000 00:00 0 
7f413c2c0000-7f413c3c0000 rw-p 00000000 00:00 0 
7f413c3c0000-7f413c3c1000 r--p 00000000 08:02 6162757                    /usr/lib/locale/aa_DJ.utf8/LC_PAPER
7f413c3c8000-7f413c3c9000 r--p 00000000 08:02 6165139                    /usr/lib/locale/chr_US/LC_NAME
7f413c3d0000-7f413c3d1000 r--p 00000000 08:02 6165419                    /usr/lib/locale/en_GB.utf8/LC_ADDRESS
7f413c3d8000-7f413c3d9000 r--p 00000000 08:02 6165205                    /usr/lib/locale/cy_GB.utf8/LC_TELEPHONE
7f413c3e0000-7f413c3e1000 r--p 00000000 08:02 6162751                    /usr/lib/locale/aa_DJ.utf8/LC_MEASUREMENT
7f413c3e8000-7f413c3ef000 r--s 00000000 08:02 6164888                    /usr/lib/x86_64-linux-gnu/gconv/gconv-modules.cache
7f413c3f0000-7f413c3f1000 r--p 00000000 08:02 6165420                    /usr/lib/locale/en_GB.utf8/LC_IDENTIFICATION
7f413c3f7000-7f413c3fa000 rw-p 00000000 00:00 0 
7f413c3fa000-7f413c3fb000 r--p 00022000 08:02 1459620                    /lib/x86_64-linux-gnu/ld-2.25.so
7f413c3fb000-7f413c3fc000 rw-p 00023000 08:02 1459620                    /lib/x86_64-linux-gnu/ld-2.25.so
7f413c3fc000-7f413c3fd000 rw-p 00000000 00:00 0 
7f413c3fd000-7f413c3fe000 r--p 00000000 00:00 0 
7ffe54362000-7ffe54383000 rw-p 00000000 00:00 0                          [stack]
7ffe543b0000-7ffe543b3000 r--p 00000000 00:00 0                          [vvar]
7ffe543b3000-7ffe543b5000 r-xp 00000000 00:00 0                          [vdso]

VM Arguments:
jvm_args: -agentlib:jdwp=transport=dt_socket,address=127.0.0.1:43949,suspend=y,server=n -javaagent:/opt/intellij/lib/rt/debugger-agent.jar=/tmp/capture.props -Dfile.encoding=UTF-8 
java_command: Engine.Main
java_class_path (initial): /usr/lib/jvm/java-1.8.0-openjdk-amd64/jre/lib/charsets.jar:/usr/lib/jvm/java-1.8.0-openjdk-amd64/jre/lib/ext/cldrdata.jar:/usr/lib/jvm/java-1.8.0-openjdk-amd64/jre/lib/ext/dnsns.jar:/usr/lib/jvm/java-1.8.0-openjdk-amd64/jre/lib/ext/icedtea-sound.jar:/usr/lib/jvm/java-1.8.0-openjdk-amd64/jre/lib/ext/jaccess.jar:/usr/lib/jvm/java-1.8.0-openjdk-amd64/jre/lib/ext/java-atk-wrapper.jar:/usr/lib/jvm/java-1.8.0-openjdk-amd64/jre/lib/ext/localedata.jar:/usr/lib/jvm/java-1.8.0-openjdk-amd64/jre/lib/ext/nashorn.jar:/usr/lib/jvm/java-1.8.0-openjdk-amd64/jre/lib/ext/sunec.jar:/usr/lib/jvm/java-1.8.0-openjdk-amd64/jre/lib/ext/sunjce_provider.jar:/usr/lib/jvm/java-1.8.0-openjdk-amd64/jre/lib/ext/sunpkcs11.jar:/usr/lib/jvm/java-1.8.0-openjdk-amd64/jre/lib/ext/zipfs.jar:/usr/lib/jvm/java-1.8.0-openjdk-amd64/jre/lib/jce.jar:/usr/lib/jvm/java-1.8.0-openjdk-amd64/jre/lib/jsse.jar:/usr/lib/jvm/java-1.8.0-openjdk-amd64/jre/lib/management-agent.jar:/usr/lib/jvm/java-1.8.0-openjdk-amd64/jre/lib/resources.jar:/usr/lib/jvm/java-1.8.0-openjdk-amd64/jre/lib/rt.jar:/home/mart/IdeaProjects/silorex/out/production/silorex:/home/mart/IdeaProjects/silorex/lwjgl/lwjgl-natives-linux.jar:/home/mart/IdeaProjects/silorex/lwjgl/lwjgl-natives-macos.jar:/home/mart/IdeaProjects/silorex/lwjgl/lwjgl-natives-windows.jar:/home/mart/IdeaProjects/silorex/lwjgl/lwjgl.jar:/home/mart/IdeaProjects/silorex/lwjgl/lwjgl-opengl-natives-linux.jar:/home/mart/IdeaProjects/silorex/lwjgl/lwjgl-opengl-natives-macos.jar:/home/mart/IdeaProjects/silorex/lwjgl/lwjgl-opengl-natives-windows.jar:/home/mart/IdeaProjects/silorex/lwjgl/lwjgl-opengl.jar:/home/mart/IdeaProjects/silorex/lwjgl/lwjgl-glfw-natives-linux.jar:/home/mart/IdeaProjects/silorex/lwjgl/lwjgl-glfw-natives-macos.jar:/home/mart/IdeaProjects/silorex/lwjgl/lwjgl-glfw-natives-windows.jar:/home/mart/IdeaProjects/silorex/lwjgl/lwjgl-glfw.jar:/home/mart/IdeaProjects/silorex/lwjgl/lwjgl-opencl.jar:/opt/intellij/lib/idea_rt.jar:/opt/intellij/lib/rt/d
Launcher Type: SUN_STANDARD

Environment Variables:
PATH=/usr/local/bin:/usr/bin:/bin:/usr/local/games:/usr/games
USERNAME=mart
SHELL=/bin/bash
DISPLAY=:1

Signal Handlers:
SIGSEGV: [libjvm.so+0xaa6ae0], sa_mask[0]=11111111011111111101111111111110, sa_flags=SA_RESTART|SA_SIGINFO
SIGBUS: [libjvm.so+0xaa6ae0], sa_mask[0]=11111111011111111101111111111110, sa_flags=SA_RESTART|SA_SIGINFO
SIGFPE: [libjvm.so+0x8ddf00], sa_mask[0]=11111111011111111101111111111110, sa_flags=SA_RESTART|SA_SIGINFO
SIGPIPE: [libjvm.so+0x8ddf00], sa_mask[0]=11111111011111111101111111111110, sa_flags=SA_RESTART|SA_SIGINFO
SIGXFSZ: [libjvm.so+0x8ddf00], sa_mask[0]=11111111011111111101111111111110, sa_flags=SA_RESTART|SA_SIGINFO
SIGILL: [libjvm.so+0x8ddf00], sa_mask[0]=11111111011111111101111111111110, sa_flags=SA_RESTART|SA_SIGINFO
SIGUSR1: SIG_DFL, sa_mask[0]=00000000000000000000000000000000, sa_flags=none
SIGUSR2: [libjvm.so+0x8dddb0], sa_mask[0]=00100000000000000000000000000000, sa_flags=SA_RESTART|SA_SIGINFO
SIGHUP: [libjvm.so+0x8de260], sa_mask[0]=11111111011111111101111111111110, sa_flags=SA_RESTART|SA_SIGINFO
SIGINT: [libjvm.so+0x8de260], sa_mask[0]=11111111011111111101111111111110, sa_flags=SA_RESTART|SA_SIGINFO
SIGTERM: [libjvm.so+0x8de260], sa_mask[0]=11111111011111111101111111111110, sa_flags=SA_RESTART|SA_SIGINFO
SIGQUIT: [libjvm.so+0x8de260], sa_mask[0]=11111111011111111101111111111110, sa_flags=SA_RESTART|SA_SIGINFO


---------------  S Y S T E M  ---------------

OS:DISTRIB_ID=Kali
DISTRIB_RELEASE=kali-rolling
DISTRIB_CODENAME=kali-rolling
DISTRIB_DESCRIPTION="Kali GNU/Linux Rolling"

uname:Linux 4.14.0-kali1-amd64 #1 SMP Debian 4.14.2-1kali1 (2017-12-04) x86_64
libc:glibc 2.25 NPTL 2.25 
rlimit: STACK 8192k, CORE 0k, NPROC 63609, NOFILE 1048576, AS infinity
load average:2.19 1.96 1.63

/proc/meminfo:
MemTotal:       16383060 kB
MemFree:         6491284 kB
MemAvailable:    8831832 kB
Buffers:          376684 kB
Cached:          2341548 kB
SwapCached:            0 kB
Active:          7685252 kB
Inactive:        1648444 kB
Active(anon):    6616948 kB
Inactive(anon):   306728 kB
Active(file):    1068304 kB
Inactive(file):  1341716 kB
Unevictable:          16 kB
Mlocked:              16 kB
SwapTotal:      19530748 kB
SwapFree:       19530748 kB
Dirty:             19084 kB
Writeback:            12 kB
AnonPages:       5285988 kB
Mapped:           773048 kB
Shmem:            308232 kB
Slab:             338016 kB
SReclaimable:     268724 kB
SUnreclaim:        69292 kB
KernelStack:       16788 kB
PageTables:        55204 kB
NFS_Unstable:          0 kB
Bounce:                0 kB
WritebackTmp:          0 kB
CommitLimit:    27722276 kB
Committed_AS:   13239604 kB
VmallocTotal:   34359738367 kB
VmallocUsed:           0 kB
VmallocChunk:          0 kB
HardwareCorrupted:     0 kB
AnonHugePages:   2416640 kB
ShmemHugePages:        0 kB
ShmemPmdMapped:        0 kB
HugePages_Total:       0
HugePages_Free:        0
HugePages_Rsvd:        0
HugePages_Surp:        0
Hugepagesize:       2048 kB
DirectMap4k:      305588 kB
DirectMap2M:    11175936 kB
DirectMap1G:     5242880 kB


CPU:total 8 (initial active 8) (8 cores per cpu, 1 threads per core) family 21 model 2 stepping 0, cmov, cx8, fxsr, mmx, sse, sse2, sse3, ssse3, sse4.1, sse4.2, popcnt, avx, aes, clmul, mmxext, 3dnowpref, lzcnt, sse4a, tsc, tscinvbit, tscinv, bmi1

/proc/cpuinfo:
processor	: 0
vendor_id	: AuthenticAMD
cpu family	: 21
model		: 2
model name	: AMD FX(tm)-8320 Eight-Core Processor
stepping	: 0
microcode	: 0x600084f
cpu MHz		: 3500.000
cache size	: 2048 KB
physical id	: 0
siblings	: 8
core id		: 0
cpu cores	: 4
apicid		: 16
initial apicid	: 0
fpu		: yes
fpu_exception	: yes
cpuid level	: 13
wp		: yes
flags		: fpu vme de pse tsc msr pae mce cx8 apic sep mtrr pge mca cmov pat pse36 clflush mmx fxsr sse sse2 ht syscall nx mmxext fxsr_opt pdpe1gb rdtscp lm constant_tsc rep_good nopl nonstop_tsc cpuid extd_apicid aperfmperf pni pclmulqdq monitor ssse3 fma cx16 sse4_1 sse4_2 popcnt aes xsave avx f16c lahf_lm cmp_legacy svm extapic cr8_legacy abm sse4a misalignsse 3dnowprefetch osvw ibs xop skinit wdt lwp fma4 tce nodeid_msr tbm topoext perfctr_core perfctr_nb cpb hw_pstate vmmcall bmi1 arat npt lbrv svm_lock nrip_save tsc_scale vmcb_clean flushbyasid decodeassists pausefilter pfthreshold
bugs		: fxsave_leak sysret_ss_attrs null_seg
bogomips	: 7000.67
TLB size	: 1536 4K pages
clflush size	: 64
cache_alignment	: 64
address sizes	: 48 bits physical, 48 bits virtual
power management: ts ttp tm 100mhzsteps hwpstate cpb eff_freq_ro

processor	: 1
vendor_id	: AuthenticAMD
cpu family	: 21
model		: 2
model name	: AMD FX(tm)-8320 Eight-Core Processor
stepping	: 0
microcode	: 0x600084f
cpu MHz		: 3500.000
cache size	: 2048 KB
physical id	: 0
siblings	: 8
core id		: 1
cpu cores	: 4
apicid		: 17
initial apicid	: 1
fpu		: yes
fpu_exception	: yes
cpuid level	: 13
wp		: yes
flags		: fpu vme de pse tsc msr pae mce cx8 apic sep mtrr pge mca cmov pat pse36 clflush mmx fxsr sse sse2 ht syscall nx mmxext fxsr_opt pdpe1gb rdtscp lm constant_tsc rep_good nopl nonstop_tsc cpuid extd_apicid aperfmperf pni pclmulqdq monitor ssse3 fma cx16 sse4_1 sse4_2 popcnt aes xsave avx f16c lahf_lm cmp_legacy svm extapic cr8_legacy abm sse4a misalignsse 3dnowprefetch osvw ibs xop skinit wdt lwp fma4 tce nodeid_msr tbm topoext perfctr_core perfctr_nb cpb hw_pstate vmmcall bmi1 arat npt lbrv svm_lock nrip_save tsc_scale vmcb_clean flushbyasid decodeassists pausefilter pfthreshold
bugs		: fxsave_leak sysret_ss_attrs null_seg
bogomips	: 7000.67
TLB size	: 1536 4K pages
clflush size	: 64
cache_alignment	: 64
address sizes	: 48 bits physical, 48 bits virtual
power management: ts ttp tm 100mhzsteps hwpstate cpb eff_freq_ro

processor	: 2
vendor_id	: AuthenticAMD
cpu family	: 21
model		: 2
model name	: AMD FX(tm)-8320 Eight-Core Processor
stepping	: 0
microcode	: 0x600084f
cpu MHz		: 2900.000
cache size	: 2048 KB
physical id	: 0
siblings	: 8
core id		: 2
cpu cores	: 4
apicid		: 18
initial apicid	: 2
fpu		: yes
fpu_exception	: yes
cpuid level	: 13
wp		: yes
flags		: fpu vme de pse tsc msr pae mce cx8 apic sep mtrr pge mca cmov pat pse36 clflush mmx fxsr sse sse2 ht syscall nx mmxext fxsr_opt pdpe1gb rdtscp lm constant_tsc rep_good nopl nonstop_tsc cpuid extd_apicid aperfmperf pni pclmulqdq monitor ssse3 fma cx16 sse4_1 sse4_2 popcnt aes xsave avx f16c lahf_lm cmp_legacy svm extapic cr8_legacy abm sse4a misalignsse 3dnowprefetch osvw ibs xop skinit wdt lwp fma4 tce nodeid_msr tbm topoext perfctr_core perfctr_nb cpb hw_pstate vmmcall bmi1 arat npt lbrv svm_lock nrip_save tsc_scale vmcb_clean flushbyasid decodeassists pausefilter pfthreshold
bugs		: fxsave_leak sysret_ss_attrs null_seg
bogomips	: 7000.67
TLB size	: 1536 4K pages
clflush size	: 64
cache_alignment	: 64
address sizes	: 48 bits physical, 48 bits virtual
power management: ts ttp tm 100mhzsteps hwpstate cpb eff_freq_ro

processor	: 3
vendor_id	: AuthenticAMD
cpu family	: 21
model		: 2
model name	: AMD FX(tm)-8320 Eight-Core Processor
stepping	: 0
microcode	: 0x600084f
cpu MHz		: 3500.000
cache size	: 2048 KB
physical id	: 0
siblings	: 8
core id		: 3
cpu cores	: 4
apicid		: 19
initial apicid	: 3
fpu		: yes
fpu_exception	: yes
cpuid level	: 13
wp		: yes
flags		: fpu vme de pse tsc msr pae mce cx8 apic sep mtrr pge mca cmov pat pse36 clflush mmx fxsr sse sse2 ht syscall nx mmxext fxsr_opt pdpe1gb rdtscp lm constant_tsc rep_good nopl nonstop_tsc cpuid extd_apicid aperfmperf pni pclmulqdq monitor ssse3 fma cx16 sse4_1 sse4_2 popcnt aes xsave avx f16c lahf_lm cmp_legacy svm extapic cr8_legacy abm sse4a misalignsse 3dnowprefetch osvw ibs xop skinit wdt lwp fma4 tce nodeid_msr tbm topoext perfctr_core perfctr_nb cpb hw_pstate vmmcall bmi1 arat npt lbrv svm_lock nrip_save tsc_scale vmcb_clean flushbyasid decodeassists pausefilter pfthreshold
bugs		: fxsave_leak sysret_ss_attrs null_seg
bogomips	: 7000.67
TLB size	: 1536 4K pages
clflush size	: 64
cache_alignment	: 64
address sizes	: 48 bits physical, 48 bits virtual
power management: ts ttp tm 100mhzsteps hwpstate cpb eff_freq_ro

processor	: 4
vendor_id	: AuthenticAMD
cpu family	: 21
model		: 2
model name	: AMD FX(tm)-8320 Eight-Core Processor
stepping	: 0
microcode	: 0x600084f
cpu MHz		: 3500.000
cache size	: 2048 KB
physical id	: 0
siblings	: 8
core id		: 4
cpu cores	: 4
apicid		: 20
initial apicid	: 4
fpu		: yes
fpu_exception	: yes
cpuid level	: 13
wp		: yes
flags		: fpu vme de pse tsc msr pae mce cx8 apic sep mtrr pge mca cmov pat pse36 clflush mmx fxsr sse sse2 ht syscall nx mmxext fxsr_opt pdpe1gb rdtscp lm constant_tsc rep_good nopl nonstop_tsc cpuid extd_apicid aperfmperf pni pclmulqdq monitor ssse3 fma cx16 sse4_1 sse4_2 popcnt aes xsave avx f16c lahf_lm cmp_legacy svm extapic cr8_legacy abm sse4a misalignsse 3dnowprefetch osvw ibs xop skinit wdt lwp fma4 tce nodeid_msr tbm topoext perfctr_core perfctr_nb cpb hw_pstate vmmcall bmi1 arat npt lbrv svm_lock nrip_save tsc_scale vmcb_clean flushbyasid decodeassists pausefilter pfthreshold
bugs		: fxsave_leak sysret_ss_attrs null_seg
bogomips	: 7000.67
TLB size	: 1536 4K pages
clflush size	: 64
cache_alignment	: 64
address sizes	: 48 bits physical, 48 bits virtual
power management: ts ttp tm 100mhzsteps hwpstate cpb eff_freq_ro

processor	: 5
vendor_id	: AuthenticAMD
cpu family	: 21
model		: 2
model name	: AMD FX(tm)-8320 Eight-Core Processor
stepping	: 0
microcode	: 0x600084f
cpu MHz		: 3500.000
cache size	: 2048 KB
physical id	: 0
siblings	: 8
core id		: 5
cpu cores	: 4
apicid		: 21
initial apicid	: 5
fpu		: yes
fpu_exception	: yes
cpuid level	: 13
wp		: yes
flags		: fpu vme de pse tsc msr pae mce cx8 apic sep mtrr pge mca cmov pat pse36 clflush mmx fxsr sse sse2 ht syscall nx mmxext fxsr_opt pdpe1gb rdtscp lm constant_tsc rep_good nopl nonstop_tsc cpuid extd_apicid aperfmperf pni pclmulqdq monitor ssse3 fma cx16 sse4_1 sse4_2 popcnt aes xsave avx f16c lahf_lm cmp_legacy svm extapic cr8_legacy abm sse4a misalignsse 3dnowprefetch osvw ibs xop skinit wdt lwp fma4 tce nodeid_msr tbm topoext perfctr_core perfctr_nb cpb hw_pstate vmmcall bmi1 arat npt lbrv svm_lock nrip_save tsc_scale vmcb_clean flushbyasid decodeassists pausefilter pfthreshold
bugs		: fxsave_leak sysret_ss_attrs null_seg
bogomips	: 7000.67
TLB size	: 1536 4K pages
clflush size	: 64
cache_alignment	: 64
address sizes	: 48 bits physical, 48 bits virtual
power management: ts ttp tm 100mhzsteps hwpstate cpb eff_freq_ro

processor	: 6
vendor_id	: AuthenticAMD
cpu family	: 21
model		: 2
model name	: AMD FX(tm)-8320 Eight-Core Processor
stepping	: 0
microcode	: 0x600084f
cpu MHz		: 2900.000
cache size	: 2048 KB
physical id	: 0
siblings	: 8
core id		: 6
cpu cores	: 4
apicid		: 22
initial apicid	: 6
fpu		: yes
fpu_exception	: yes
cpuid level	: 13
wp		: yes
flags		: fpu vme de pse tsc msr pae mce cx8 apic sep mtrr pge mca cmov pat pse36 clflush mmx fxsr sse sse2 ht syscall nx mmxext fxsr_opt pdpe1gb rdtscp lm constant_tsc rep_good nopl nonstop_tsc cpuid extd_apicid aperfmperf pni pclmulqdq monitor ssse3 fma cx16 sse4_1 sse4_2 popcnt aes xsave avx f16c lahf_lm cmp_legacy svm extapic cr8_legacy abm sse4a misalignsse 3dnowprefetch osvw ibs xop skinit wdt lwp fma4 tce nodeid_msr tbm topoext perfctr_core perfctr_nb cpb hw_pstate vmmcall bmi1 arat npt lbrv svm_lock nrip_save tsc_scale vmcb_clean flushbyasid decodeassists pausefilter pfthreshold
bugs		: fxsave_leak sysret_ss_attrs null_seg
bogomips	: 7000.67
TLB size	: 1536 4K pages
clflush size	: 64
cache_alignment	: 64
address sizes	: 48 bits physical, 48 bits virtual
power management: ts ttp tm 100mhzsteps hwpstate cpb eff_freq_ro

processor	: 7
vendor_id	: AuthenticAMD
cpu family	: 21
model		: 2
model name	: AMD FX(tm)-8320 Eight-Core Processor
stepping	: 0
microcode	: 0x600084f
cpu MHz		: 2300.000
cache size	: 2048 KB
physical id	: 0
siblings	: 8
core id		: 7
cpu cores	: 4
apicid		: 23
initial apicid	: 7
fpu		: yes
fpu_exception	: yes
cpuid level	: 13
wp		: yes
flags		: fpu vme de pse tsc msr pae mce cx8 apic sep mtrr pge mca cmov pat pse36 clflush mmx fxsr sse sse2 ht syscall nx mmxext fxsr_opt pdpe1gb rdtscp lm constant_tsc rep_good nopl nonstop_tsc cpuid extd_apicid aperfmperf pni pclmulqdq monitor ssse3 fma cx16 sse4_1 sse4_2 popcnt aes xsave avx f16c lahf_lm cmp_legacy svm extapic cr8_legacy abm sse4a misalignsse 3dnowprefetch osvw ibs xop skinit wdt lwp fma4 tce nodeid_msr tbm topoext perfctr_core perfctr_nb cpb hw_pstate vmmcall bmi1 arat npt lbrv svm_lock nrip_save tsc_scale vmcb_clean flushbyasid decodeassists pausefilter pfthreshold
bugs		: fxsave_leak sysret_ss_attrs null_seg
bogomips	: 7000.67
TLB size	: 1536 4K pages
clflush size	: 64
cache_alignment	: 64
address sizes	: 48 bits physical, 48 bits virtual
power management: ts ttp tm 100mhzsteps hwpstate cpb eff_freq_ro



Memory: 4k page, physical 16383060k(6491284k free), swap 19530748k(19530748k free)

vm_info: OpenJDK 64-Bit Server VM (25.151-b12) for linux-amd64 JRE (1.8.0_151-8u151-b12-1-b12), built on Nov  1 2017 06:12:56 by "buildd" with gcc 7.2.1 20171025

time: Sat Jan  6 22:26:22 2018
elapsed time: 0 seconds (0d 0h 0m 0s)

