#
# A fatal error has been detected by the Java Runtime Environment:
#
#  SIGSEGV (0xb) at pc=0x00007f1a27dd5e99, pid=10383, tid=0x00007f1a5b397700
#
# JRE version: OpenJDK Runtime Environment (8.0_151-b12) (build 1.8.0_151-8u151-b12-1-b12)
# Java VM: OpenJDK 64-Bit Server VM (25.151-b12 mixed mode linux-amd64 compressed oops)
# Problematic frame:
# C  [liblwjgl_opengl.so+0x45e99]  Java_org_lwjgl_opengl_GL20_glCreateShader+0x9
#
# Failed to write core dump. Core dumps have been disabled. To enable core dumping, try "ulimit -c unlimited" before starting Java again
#
# If you would like to submit a bug report, please visit:
#   http://bugreport.java.com/bugreport/crash.jsp
# The crash happened outside the Java Virtual Machine in native code.
# See problematic frame for where to report the bug.
#

---------------  T H R E A D  ---------------

Current thread (0x00007f1a5400b800):  JavaThread "main" [_thread_in_native, id=10387, stack(0x00007f1a5b297000,0x00007f1a5b398000)]

siginfo: si_signo: 11 (SIGSEGV), si_code: 1 (SEGV_MAPERR), si_addr: 0x00000000000008a8

Registers:
RAX=0x0000000000000000, RBX=0x00007f1a42533d80, RCX=0x0000000000000018, RDX=0x0000000000008b31
RSP=0x00007f1a5b3966f8, RBP=0x00007f1a5b396748, RSI=0x00007f1a5b396758, RDI=0x0000000000008b31
R8 =0x00007f1a42533d80, R9 =0x0000000000000004, R10=0x00007f1a449df108, R11=0x00007f1a59f901e0
R12=0x0000000000000000, R13=0x00007f1a42533d70, R14=0x00007f1a5b396768, R15=0x00007f1a5400b800
RIP=0x00007f1a27dd5e99, EFLAGS=0x0000000000010283, CSGSFS=0x002b000000000033, ERR=0x0000000000000004
  TRAPNO=0x000000000000000e

Top of Stack: (sp=0x00007f1a5b3966f8)
0x00007f1a5b3966f8:   00007f1a449df134 00007f1a449dee82
0x00007f1a5b396708:   00007f1a5b396708 00007f1a42533d70
0x00007f1a5b396718:   00007f1a5b396768 00007f1a42546b88
0x00007f1a5b396728:   0000000000000000 00007f1a42533d80
0x00007f1a5b396738:   0000000000000000 00007f1a5b396768
0x00007f1a5b396748:   00007f1a5b3967b0 00007f1a449cfa40
0x00007f1a5b396758:   000000076ccedee8 00007f1a449d9276
0x00007f1a5b396768:   0000000000008b31 00007f1a5b396770
0x00007f1a5b396778:   00007f1a425300e2 00007f1a5b3967e0
0x00007f1a5b396788:   00007f1a42530218 0000000000000000
0x00007f1a5b396798:   00007f1a42530190 00007f1a5b396768
0x00007f1a5b3967a8:   00007f1a5b3967d8 00007f1a5b396830
0x00007f1a5b3967b8:   00007f1a449cfa40 0000000000000000
0x00007f1a5b3967c8:   000000076ccb4810 000000076ccb4608
0x00007f1a5b3967d8:   0000000000008b31 000000076ccb3ce0
0x00007f1a5b3967e8:   000000076ccb4430 00007f1a5b3967f0
0x00007f1a5b3967f8:   00007f1a4252fc40 00007f1a5b396850
0x00007f1a5b396808:   00007f1a42530218 0000000000000000
0x00007f1a5b396818:   00007f1a4252fcb8 00007f1a5b3967d8
0x00007f1a5b396828:   00007f1a5b396840 00007f1a5b396898
0x00007f1a5b396838:   00007f1a449cfffd 000000076ccb3d48
0x00007f1a5b396848:   000000076ccb3ce0 000000076ccb4430
0x00007f1a5b396858:   00007f1a5b396858 00007f1a4252f445
0x00007f1a5b396868:   00007f1a5b3968a8 00007f1a42530640
0x00007f1a5b396878:   0000000000000000 00007f1a4252f460
0x00007f1a5b396888:   00007f1a5b396840 00007f1a5b3968a8
0x00007f1a5b396898:   00007f1a5b396900 00007f1a449cfffd
0x00007f1a5b3968a8:   000000076ccb4430 000000076ccb4430
0x00007f1a5b3968b8:   000000076cca3858 00007f1a5b3968c0
0x00007f1a5b3968c8:   00007f1a4252cb73 00007f1a5b396948
0x00007f1a5b3968d8:   00007f1a4252d150 0000000000000000
0x00007f1a5b3968e8:   00007f1a4252cd00 00007f1a5b3968a8 

Instructions: (pc=0x00007f1a27dd5e99)
0x00007f1a27dd5e79:   48 8b 80 00 0a 00 00 ff e0 66 66 66 66 66 2e 0f
0x00007f1a27dd5e89:   1f 84 00 00 00 00 00 48 8b 07 89 d7 48 8b 40 18
0x00007f1a27dd5e99:   48 8b 80 a8 08 00 00 ff e0 66 66 66 66 66 2e 0f
0x00007f1a27dd5ea9:   1f 84 00 00 00 00 00 48 8b 07 89 d7 48 8b 40 18 

Register to memory mapping:

RAX=0x0000000000000000 is an unknown value
RBX={method} {0x00007f1a42533d80} 'glCreateShader' '(I)I' in 'org/lwjgl/opengl/GL20'
RCX=0x0000000000000018 is an unknown value
RDX=0x0000000000008b31 is an unknown value
RSP=0x00007f1a5b3966f8 is pointing into the stack for thread: 0x00007f1a5400b800
RBP=0x00007f1a5b396748 is pointing into the stack for thread: 0x00007f1a5400b800
RSI=0x00007f1a5b396758 is pointing into the stack for thread: 0x00007f1a5400b800
RDI=0x0000000000008b31 is an unknown value
R8 ={method} {0x00007f1a42533d80} 'glCreateShader' '(I)I' in 'org/lwjgl/opengl/GL20'
R9 =0x0000000000000004 is an unknown value
R10=0x00007f1a449df108 is at code_begin+808 in an Interpreter codelet
method entry point (kind = native)  [0x00007f1a449dede0, 0x00007f1a449df6e0]  2304 bytes
R11=0x00007f1a59f901e0: <offset 0x9901e0> in /usr/lib/jvm/java-8-openjdk-amd64/jre/lib/amd64/server/libjvm.so at 0x00007f1a59600000
R12=0x0000000000000000 is an unknown value
R13=0x00007f1a42533d70 is pointing into metadata
R14=0x00007f1a5b396768 is pointing into the stack for thread: 0x00007f1a5400b800
R15=0x00007f1a5400b800 is a thread


Stack: [0x00007f1a5b297000,0x00007f1a5b398000],  sp=0x00007f1a5b3966f8,  free space=1021k
Native frames: (J=compiled Java code, j=interpreted, Vv=VM code, C=native code)
C  [liblwjgl_opengl.so+0x45e99]  Java_org_lwjgl_opengl_GL20_glCreateShader+0x9
j  Shaders.ShaderProgram.loadShader(Ljava/lang/String;I)I+66
j  Shaders.ShaderProgram.<init>(Ljava/lang/String;Ljava/lang/String;)V+8
j  Shaders.StaticShader.<init>()V+5
j  Engine.Main.init()V+27
j  Engine.Main.run()V+1
j  Engine.Main.main([Ljava/lang/String;)V+7
v  ~StubRoutines::call_stub
V  [libjvm.so+0x67b49b]
V  [libjvm.so+0x69f617]
V  [libjvm.so+0x6a1fd3]
C  [libjli.so+0x3726]
C  [libjli.so+0x76dd]
C  [libpthread.so.0+0x7519]  start_thread+0xd9

Java frames: (J=compiled Java code, j=interpreted, Vv=VM code)
j  org.lwjgl.opengl.GL20.glCreateShader(I)I+0
j  Shaders.ShaderProgram.loadShader(Ljava/lang/String;I)I+66
j  Shaders.ShaderProgram.<init>(Ljava/lang/String;Ljava/lang/String;)V+8
j  Shaders.StaticShader.<init>()V+5
j  Engine.Main.init()V+27
j  Engine.Main.run()V+1
j  Engine.Main.main([Ljava/lang/String;)V+7
v  ~StubRoutines::call_stub

---------------  P R O C E S S  ---------------

Java Threads: ( => current thread )
  0x00007f1a54380000 JavaThread "Service Thread" daemon [_thread_blocked, id=10425, stack(0x00007f1a2f794000,0x00007f1a2f895000)]
  0x00007f1a54369000 JavaThread "C1 CompilerThread3" daemon [_thread_blocked, id=10424, stack(0x00007f1a2f895000,0x00007f1a2f996000)]
  0x00007f1a54367000 JavaThread "C2 CompilerThread2" daemon [_thread_blocked, id=10423, stack(0x00007f1a2f996000,0x00007f1a2fa97000)]
  0x00007f1a54364800 JavaThread "C2 CompilerThread1" daemon [_thread_blocked, id=10422, stack(0x00007f1a2fa97000,0x00007f1a2fb98000)]
  0x00007f1a54362800 JavaThread "C2 CompilerThread0" daemon [_thread_blocked, id=10421, stack(0x00007f1a2fb98000,0x00007f1a2fc99000)]
  0x00007f1a54361000 JavaThread "Monitor Ctrl-Break" daemon [_thread_in_native, id=10420, stack(0x00007f1a2fc99000,0x00007f1a2fd9a000)]
  0x00007f1a54200000 JavaThread "Signal Dispatcher" daemon [_thread_blocked, id=10419, stack(0x00007f1a2fea7000,0x00007f1a2ffa8000)]
  0x00007f1a541d4800 JavaThread "Finalizer" daemon [_thread_blocked, id=10411, stack(0x00007f1a4013b000,0x00007f1a4023c000)]
  0x00007f1a541d0000 JavaThread "Reference Handler" daemon [_thread_blocked, id=10409, stack(0x00007f1a4023c000,0x00007f1a4033d000)]
=>0x00007f1a5400b800 JavaThread "main" [_thread_in_native, id=10387, stack(0x00007f1a5b297000,0x00007f1a5b398000)]

Other Threads:
  0x00007f1a541c8800 VMThread [stack: 0x00007f1a4033d000,0x00007f1a4043e000] [id=10406]
  0x00007f1a54382800 WatcherThread [stack: 0x00007f1a2f693000,0x00007f1a2f794000] [id=10426]

VM state:not at safepoint (normal execution)

VM Mutex/Monitor currently owned by a thread: None

Heap:
 PSYoungGen      total 74752K, used 10380K [0x000000076cb00000, 0x0000000771e00000, 0x00000007c0000000)
  eden space 64512K, 16% used [0x000000076cb00000,0x000000076d523070,0x0000000770a00000)
  from space 10240K, 0% used [0x0000000771400000,0x0000000771400000,0x0000000771e00000)
  to   space 10240K, 0% used [0x0000000770a00000,0x0000000770a00000,0x0000000771400000)
 ParOldGen       total 171008K, used 0K [0x00000006c6000000, 0x00000006d0700000, 0x000000076cb00000)
  object space 171008K, 0% used [0x00000006c6000000,0x00000006c6000000,0x00000006d0700000)
 Metaspace       used 5751K, capacity 5922K, committed 6144K, reserved 1056768K
  class space    used 635K, capacity 703K, committed 768K, reserved 1048576K

Card table byte_map: [0x00007f1a43e37000,0x00007f1a44608000] byte_map_base: 0x00007f1a40807000

Marking Bits: (ParMarkBitMap*) 0x00007f1a5a5590e0
 Begin Bits: [0x00007f1a10300000, 0x00007f1a14180000)
 End Bits:   [0x00007f1a14180000, 0x00007f1a18000000)

Polling page: 0x00007f1a5b39d000

CodeCache: size=245760Kb used=1898Kb max_used=1898Kb free=243861Kb
 bounds [0x00007f1a449c8000, 0x00007f1a44c38000, 0x00007f1a539c8000]
 total_blobs=716 nmethods=394 adapters=238
 compilation: enabled

Compilation events (10 events):
Event: 0.287 Thread 0x00007f1a54369000 nmethod 389 0x00007f1a44b9ff50 code [0x00007f1a44ba00e0, 0x00007f1a44ba0588]
Event: 0.287 Thread 0x00007f1a54369000  390       3       java.lang.StringCoding::access$000 (6 bytes)
Event: 0.287 Thread 0x00007f1a54369000 nmethod 390 0x00007f1a44ba06d0 code [0x00007f1a44ba0840, 0x00007f1a44ba09f0]
Event: 0.287 Thread 0x00007f1a54369000  388       1       java.net.URL::getUserInfo (5 bytes)
Event: 0.287 Thread 0x00007f1a54369000 nmethod 388 0x00007f1a44ba0a90 code [0x00007f1a44ba0be0, 0x00007f1a44ba0cf0]
Event: 0.287 Thread 0x00007f1a54369000  391       1       sun.misc.URLClassPath$JarLoader::access$700 (5 bytes)
Event: 0.287 Thread 0x00007f1a54369000 nmethod 391 0x00007f1a44ba0d50 code [0x00007f1a44ba0ea0, 0x00007f1a44ba0f90]
Event: 0.288 Thread 0x00007f1a54369000  392       3       java.lang.String::regionMatches (149 bytes)
Event: 0.289 Thread 0x00007f1a54369000 nmethod 392 0x00007f1a44ba1390 code [0x00007f1a44ba1600, 0x00007f1a44ba22d8]
Event: 0.289 Thread 0x00007f1a54369000  394       3       java.lang.String::equalsIgnoreCase (48 bytes)

GC Heap History (0 events):
No events

Deoptimization events (0 events):
No events

Internal exceptions (10 events):
Event: 0.182 Thread 0x00007f1a5400b800 Exception <a 'java/lang/NoSuchFieldError': method resolution failed> (0x000000076d1165b0) thrown at [/build/openjdk-8-O5BLDv/openjdk-8-8u151-b12/src/hotspot/src/share/vm/prims/methodHandles.cpp, line 1146]
Event: 0.185 Thread 0x00007f1a5400b800 Exception <a 'java/lang/NoSuchFieldError': method resolution failed> (0x000000076d124458) thrown at [/build/openjdk-8-O5BLDv/openjdk-8-8u151-b12/src/hotspot/src/share/vm/prims/methodHandles.cpp, line 1146]
Event: 0.229 Thread 0x00007f1a5400b800 Exception <a 'java/lang/NoSuchMethodError': java.lang.Object.lambda$static$0(Ljava/lang/String;)Ljava/lang/Boolean;> (0x000000076d279488) thrown at [/build/openjdk-8-O5BLDv/openjdk-8-8u151-b12/src/hotspot/src/share/vm/interpreter/linkResolver.cpp, line 61
Event: 0.239 Thread 0x00007f1a5400b800 Exception <a 'java/security/PrivilegedActionException'> (0x000000076d2cb288) thrown at [/build/openjdk-8-O5BLDv/openjdk-8-8u151-b12/src/hotspot/src/share/vm/prims/jvm.cpp, line 1390]
Event: 0.239 Thread 0x00007f1a5400b800 Exception <a 'java/security/PrivilegedActionException'> (0x000000076d2cb498) thrown at [/build/openjdk-8-O5BLDv/openjdk-8-8u151-b12/src/hotspot/src/share/vm/prims/jvm.cpp, line 1390]
Event: 0.239 Thread 0x00007f1a5400b800 Exception <a 'java/security/PrivilegedActionException'> (0x000000076d2cd520) thrown at [/build/openjdk-8-O5BLDv/openjdk-8-8u151-b12/src/hotspot/src/share/vm/prims/jvm.cpp, line 1390]
Event: 0.239 Thread 0x00007f1a5400b800 Exception <a 'java/security/PrivilegedActionException'> (0x000000076d2cd730) thrown at [/build/openjdk-8-O5BLDv/openjdk-8-8u151-b12/src/hotspot/src/share/vm/prims/jvm.cpp, line 1390]
Event: 0.239 Thread 0x00007f1a5400b800 Exception <a 'java/security/PrivilegedActionException'> (0x000000076d2ce208) thrown at [/build/openjdk-8-O5BLDv/openjdk-8-8u151-b12/src/hotspot/src/share/vm/prims/jvm.cpp, line 1390]
Event: 0.239 Thread 0x00007f1a5400b800 Exception <a 'java/security/PrivilegedActionException'> (0x000000076d2ce418) thrown at [/build/openjdk-8-O5BLDv/openjdk-8-8u151-b12/src/hotspot/src/share/vm/prims/jvm.cpp, line 1390]
Event: 0.274 Thread 0x00007f1a5400b800 Exception <a 'sun/nio/fs/UnixException'> (0x000000076d3ad1a0) thrown at [/build/openjdk-8-O5BLDv/openjdk-8-8u151-b12/src/hotspot/src/share/vm/prims/jni.cpp, line 709]

Events (10 events):
Event: 0.285 loading class org/lwjgl/system/jni/JNINativeInterface
Event: 0.285 loading class org/lwjgl/system/jni/JNINativeInterface done
Event: 0.286 loading class org/lwjgl/system/linux/DynamicLinkLoader
Event: 0.286 loading class org/lwjgl/system/linux/DynamicLinkLoader done
Event: 0.288 loading class org/lwjgl/opengl/GL$2
Event: 0.288 loading class org/lwjgl/opengl/GL$2 done
Event: 0.288 loading class org/lwjgl/opengl/GL$SharedLibraryGL
Event: 0.288 loading class org/lwjgl/opengl/GL$SharedLibraryGL done
Event: 0.289 loading class org/lwjgl/system/SharedLibrary$Delegate
Event: 0.289 loading class org/lwjgl/system/SharedLibrary$Delegate done


Dynamic libraries:
6c6000000-6d0700000 rw-p 00000000 00:00 0 
6d0700000-76cb00000 ---p 00000000 00:00 0 
76cb00000-771e00000 rw-p 00000000 00:00 0 
771e00000-7c0000000 ---p 00000000 00:00 0 
7c0000000-7c00c0000 rw-p 00000000 00:00 0 
7c00c0000-800000000 ---p 00000000 00:00 0 
55ea47f67000-55ea47f68000 r-xp 00000000 08:02 6162004                    /usr/lib/jvm/java-8-openjdk-amd64/jre/bin/java
55ea48167000-55ea48168000 r--p 00000000 08:02 6162004                    /usr/lib/jvm/java-8-openjdk-amd64/jre/bin/java
55ea48168000-55ea48169000 rw-p 00001000 08:02 6162004                    /usr/lib/jvm/java-8-openjdk-amd64/jre/bin/java
55ea49bab000-55ea49bcc000 rw-p 00000000 00:00 0                          [heap]
7f19e4000000-7f19e4021000 rw-p 00000000 00:00 0 
7f19e4021000-7f19e8000000 ---p 00000000 00:00 0 
7f19e8000000-7f19e8021000 rw-p 00000000 00:00 0 
7f19e8021000-7f19ec000000 ---p 00000000 00:00 0 
7f19ec000000-7f19ec096000 rw-p 00000000 00:00 0 
7f19ec096000-7f19f0000000 ---p 00000000 00:00 0 
7f19f0000000-7f19f0174000 rw-p 00000000 00:00 0 
7f19f0174000-7f19f4000000 ---p 00000000 00:00 0 
7f19f4000000-7f19f4061000 rw-p 00000000 00:00 0 
7f19f4061000-7f19f8000000 ---p 00000000 00:00 0 
7f19f8000000-7f19f8021000 rw-p 00000000 00:00 0 
7f19f8021000-7f19fc000000 ---p 00000000 00:00 0 
7f19fc000000-7f19fc021000 rw-p 00000000 00:00 0 
7f19fc021000-7f1a00000000 ---p 00000000 00:00 0 
7f1a00000000-7f1a00029000 rw-p 00000000 00:00 0 
7f1a00029000-7f1a04000000 ---p 00000000 00:00 0 
7f1a04000000-7f1a04021000 rw-p 00000000 00:00 0 
7f1a04021000-7f1a08000000 ---p 00000000 00:00 0 
7f1a08000000-7f1a08021000 rw-p 00000000 00:00 0 
7f1a08021000-7f1a0c000000 ---p 00000000 00:00 0 
7f1a0c000000-7f1a0c021000 rw-p 00000000 00:00 0 
7f1a0c021000-7f1a10000000 ---p 00000000 00:00 0 
7f1a10300000-7f1a18000000 rw-p 00000000 00:00 0 
7f1a18000000-7f1a18021000 rw-p 00000000 00:00 0 
7f1a18021000-7f1a1c000000 ---p 00000000 00:00 0 
7f1a1c000000-7f1a1c021000 rw-p 00000000 00:00 0 
7f1a1c021000-7f1a20000000 ---p 00000000 00:00 0 
7f1a20000000-7f1a20021000 rw-p 00000000 00:00 0 
7f1a20021000-7f1a24000000 ---p 00000000 00:00 0 
7f1a26830000-7f1a26843000 r-xp 00000000 08:02 1443817                    /lib/x86_64-linux-gnu/libbsd.so.0.8.6
7f1a26843000-7f1a26a42000 ---p 00013000 08:02 1443817                    /lib/x86_64-linux-gnu/libbsd.so.0.8.6
7f1a26a42000-7f1a26a43000 r--p 00012000 08:02 1443817                    /lib/x86_64-linux-gnu/libbsd.so.0.8.6
7f1a26a43000-7f1a26a44000 rw-p 00013000 08:02 1443817                    /lib/x86_64-linux-gnu/libbsd.so.0.8.6
7f1a26a44000-7f1a26a45000 rw-p 00000000 00:00 0 
7f1a26a48000-7f1a26a4d000 r-xp 00000000 08:02 5518031                    /usr/lib/x86_64-linux-gnu/libXdmcp.so.6.0.0
7f1a26a4d000-7f1a26c4c000 ---p 00005000 08:02 5518031                    /usr/lib/x86_64-linux-gnu/libXdmcp.so.6.0.0
7f1a26c4c000-7f1a26c4d000 r--p 00004000 08:02 5518031                    /usr/lib/x86_64-linux-gnu/libXdmcp.so.6.0.0
7f1a26c4d000-7f1a26c4e000 rw-p 00005000 08:02 5518031                    /usr/lib/x86_64-linux-gnu/libXdmcp.so.6.0.0
7f1a26c50000-7f1a26c52000 r-xp 00000000 08:02 5518016                    /usr/lib/x86_64-linux-gnu/libXau.so.6.0.0
7f1a26c52000-7f1a26e52000 ---p 00002000 08:02 5518016                    /usr/lib/x86_64-linux-gnu/libXau.so.6.0.0
7f1a26e52000-7f1a26e53000 r--p 00002000 08:02 5518016                    /usr/lib/x86_64-linux-gnu/libXau.so.6.0.0
7f1a26e53000-7f1a26e54000 rw-p 00003000 08:02 5518016                    /usr/lib/x86_64-linux-gnu/libXau.so.6.0.0
7f1a26e58000-7f1a26e7f000 r-xp 00000000 08:02 5520824                    /usr/lib/x86_64-linux-gnu/libxcb.so.1.1.0
7f1a26e7f000-7f1a2707e000 ---p 00027000 08:02 5520824                    /usr/lib/x86_64-linux-gnu/libxcb.so.1.1.0
7f1a2707e000-7f1a2707f000 r--p 00026000 08:02 5520824                    /usr/lib/x86_64-linux-gnu/libxcb.so.1.1.0
7f1a2707f000-7f1a27080000 rw-p 00027000 08:02 5520824                    /usr/lib/x86_64-linux-gnu/libxcb.so.1.1.0
7f1a27080000-7f1a27091000 r-xp 00000000 08:02 5518035                    /usr/lib/x86_64-linux-gnu/libXext.so.6.4.0
7f1a27091000-7f1a27290000 ---p 00011000 08:02 5518035                    /usr/lib/x86_64-linux-gnu/libXext.so.6.4.0
7f1a27290000-7f1a27291000 r--p 00010000 08:02 5518035                    /usr/lib/x86_64-linux-gnu/libXext.so.6.4.0
7f1a27291000-7f1a27292000 rw-p 00011000 08:02 5518035                    /usr/lib/x86_64-linux-gnu/libXext.so.6.4.0
7f1a27298000-7f1a273d2000 r-xp 00000000 08:02 5518010                    /usr/lib/x86_64-linux-gnu/libX11.so.6.3.0
7f1a273d2000-7f1a275d2000 ---p 0013a000 08:02 5518010                    /usr/lib/x86_64-linux-gnu/libX11.so.6.3.0
7f1a275d2000-7f1a275d3000 r--p 0013a000 08:02 5518010                    /usr/lib/x86_64-linux-gnu/libX11.so.6.3.0
7f1a275d3000-7f1a275d8000 rw-p 0013b000 08:02 5518010                    /usr/lib/x86_64-linux-gnu/libX11.so.6.3.0
7f1a275d8000-7f1a27646000 r-xp 00000000 08:02 5509326                    /usr/lib/x86_64-linux-gnu/libGLdispatch.so.0.0.0
7f1a27646000-7f1a27845000 ---p 0006e000 08:02 5509326                    /usr/lib/x86_64-linux-gnu/libGLdispatch.so.0.0.0
7f1a27845000-7f1a2786d000 r--p 0006d000 08:02 5509326                    /usr/lib/x86_64-linux-gnu/libGLdispatch.so.0.0.0
7f1a2786d000-7f1a2786e000 rw-p 00095000 08:02 5509326                    /usr/lib/x86_64-linux-gnu/libGLdispatch.so.0.0.0
7f1a2786e000-7f1a2788e000 rw-p 00000000 00:00 0 
7f1a27890000-7f1a278a0000 r-xp 00000000 08:02 5509319                    /usr/lib/x86_64-linux-gnu/libGLX.so.0.0.0
7f1a278a0000-7f1a27a9f000 ---p 00010000 08:02 5509319                    /usr/lib/x86_64-linux-gnu/libGLX.so.0.0.0
7f1a27a9f000-7f1a27aa0000 r--p 0000f000 08:02 5509319                    /usr/lib/x86_64-linux-gnu/libGLX.so.0.0.0
7f1a27aa0000-7f1a27aa1000 rw-p 00010000 08:02 5509319                    /usr/lib/x86_64-linux-gnu/libGLX.so.0.0.0
7f1a27aa1000-7f1a27ac1000 rw-p 00000000 00:00 0 
7f1a27ac8000-7f1a27b39000 r-xp 00000000 08:02 5509294                    /usr/lib/mesa-diverted/x86_64-linux-gnu/libGL.so.1.0.0
7f1a27b39000-7f1a27d38000 ---p 00071000 08:02 5509294                    /usr/lib/mesa-diverted/x86_64-linux-gnu/libGL.so.1.0.0
7f1a27d38000-7f1a27d52000 r--p 00070000 08:02 5509294                    /usr/lib/mesa-diverted/x86_64-linux-gnu/libGL.so.1.0.0
7f1a27d52000-7f1a27d53000 rw-p 0008a000 08:02 5509294                    /usr/lib/mesa-diverted/x86_64-linux-gnu/libGL.so.1.0.0
7f1a27d53000-7f1a27d54000 rw-p 00000000 00:00 0 
7f1a27d90000-7f1a27dfb000 r-xp 00000000 08:12 390920                     /tmp/lwjglmart/3.1.4-build-8/liblwjgl_opengl.so
7f1a27dfb000-7f1a27ffa000 ---p 0006b000 08:12 390920                     /tmp/lwjglmart/3.1.4-build-8/liblwjgl_opengl.so
7f1a27ffa000-7f1a27ffb000 r--p 0006a000 08:12 390920                     /tmp/lwjglmart/3.1.4-build-8/liblwjgl_opengl.so
7f1a27ffb000-7f1a27ffc000 rw-p 0006b000 08:12 390920                     /tmp/lwjglmart/3.1.4-build-8/liblwjgl_opengl.so
7f1a28000000-7f1a28021000 rw-p 00000000 00:00 0 
7f1a28021000-7f1a2c000000 ---p 00000000 00:00 0 
7f1a2c008000-7f1a2c05e000 r-xp 00000000 08:12 390918                     /tmp/lwjglmart/3.1.4-build-8/liblwjgl.so
7f1a2c05e000-7f1a2c25d000 ---p 00056000 08:12 390918                     /tmp/lwjglmart/3.1.4-build-8/liblwjgl.so
7f1a2c25d000-7f1a2c25e000 r--p 00055000 08:12 390918                     /tmp/lwjglmart/3.1.4-build-8/liblwjgl.so
7f1a2c25e000-7f1a2c25f000 rw-p 00056000 08:12 390918                     /tmp/lwjglmart/3.1.4-build-8/liblwjgl.so
7f1a2c260000-7f1a2c271000 r-xp 00000000 08:02 6162049                    /usr/lib/jvm/java-8-openjdk-amd64/jre/lib/amd64/libnio.so
7f1a2c271000-7f1a2c471000 ---p 00011000 08:02 6162049                    /usr/lib/jvm/java-8-openjdk-amd64/jre/lib/amd64/libnio.so
7f1a2c471000-7f1a2c472000 r--p 00011000 08:02 6162049                    /usr/lib/jvm/java-8-openjdk-amd64/jre/lib/amd64/libnio.so
7f1a2c472000-7f1a2c473000 rw-p 00012000 08:02 6162049                    /usr/lib/jvm/java-8-openjdk-amd64/jre/lib/amd64/libnio.so
7f1a2c477000-7f1a2f478000 rw-p 00000000 00:00 0 
7f1a2f478000-7f1a2f48f000 r-xp 00000000 08:02 6162048                    /usr/lib/jvm/java-8-openjdk-amd64/jre/lib/amd64/libnet.so
7f1a2f48f000-7f1a2f68e000 ---p 00017000 08:02 6162048                    /usr/lib/jvm/java-8-openjdk-amd64/jre/lib/amd64/libnet.so
7f1a2f68e000-7f1a2f68f000 r--p 00016000 08:02 6162048                    /usr/lib/jvm/java-8-openjdk-amd64/jre/lib/amd64/libnet.so
7f1a2f68f000-7f1a2f690000 rw-p 00017000 08:02 6162048                    /usr/lib/jvm/java-8-openjdk-amd64/jre/lib/amd64/libnet.so
7f1a2f693000-7f1a2f694000 ---p 00000000 00:00 0 
7f1a2f694000-7f1a2f794000 rw-p 00000000 00:00 0 
7f1a2f794000-7f1a2f797000 ---p 00000000 00:00 0 
7f1a2f797000-7f1a2f895000 rw-p 00000000 00:00 0 
7f1a2f895000-7f1a2f898000 ---p 00000000 00:00 0 
7f1a2f898000-7f1a2f996000 rw-p 00000000 00:00 0 
7f1a2f996000-7f1a2f999000 ---p 00000000 00:00 0 
7f1a2f999000-7f1a2fa97000 rw-p 00000000 00:00 0 
7f1a2fa97000-7f1a2fa9a000 ---p 00000000 00:00 0 
7f1a2fa9a000-7f1a2fb98000 rw-p 00000000 00:00 0 
7f1a2fb98000-7f1a2fb9b000 ---p 00000000 00:00 0 
7f1a2fb9b000-7f1a2fc99000 rw-p 00000000 00:00 0 
7f1a2fc99000-7f1a2fc9c000 ---p 00000000 00:00 0 
7f1a2fc9c000-7f1a2fd9a000 rw-p 00000000 00:00 0 
7f1a2fd9a000-7f1a2fd9c000 r--s 0001a000 08:02 1055240                    /opt/intellij/lib/idea_rt.jar
7f1a2fd9f000-7f1a2fda3000 r--s 00017000 08:14 13768678                   /home/mart/IdeaProjects/silorex/lwjgl/lwjgl-glfw.jar
7f1a2fda5000-7f1a2fda6000 r--s 0003d000 08:14 13768676                   /home/mart/IdeaProjects/silorex/lwjgl/lwjgl-glfw-natives-windows.jar
7f1a2fdad000-7f1a2fdae000 r--s 0000d000 08:14 13768675                   /home/mart/IdeaProjects/silorex/lwjgl/lwjgl-glfw-natives-macos.jar
7f1a2fdaf000-7f1a2fdb0000 r--s 0001f000 08:14 13768674                   /home/mart/IdeaProjects/silorex/lwjgl/lwjgl-glfw-natives-linux.jar
7f1a2fdb6000-7f1a2fdc0000 r--s 000be000 08:14 13769182                   /home/mart/IdeaProjects/silorex/lwjgl/lwjgl-opengl.jar
7f1a2fdc2000-7f1a2fdc3000 r--s 0002a000 08:14 13769186                   /home/mart/IdeaProjects/silorex/lwjgl/lwjgl-opengl-natives-windows.jar
7f1a2fdc3000-7f1a2fdc4000 r--s 0000b000 08:14 13769185                   /home/mart/IdeaProjects/silorex/lwjgl/lwjgl-opengl-natives-macos.jar
7f1a2fdc6000-7f1a2fdc7000 r--s 00016000 08:14 13769184                   /home/mart/IdeaProjects/silorex/lwjgl/lwjgl-opengl-natives-linux.jar
7f1a2fdca000-7f1a2fdcf000 r--s 00042000 08:14 13768649                   /home/mart/IdeaProjects/silorex/lwjgl/lwjgl.jar
7f1a2fdd1000-7f1a2fdd2000 r--s 00039000 08:14 13768647                   /home/mart/IdeaProjects/silorex/lwjgl/lwjgl-natives-windows.jar
7f1a2fdd9000-7f1a2fdda000 r--s 00009000 08:14 13768646                   /home/mart/IdeaProjects/silorex/lwjgl/lwjgl-natives-macos.jar
7f1a2fddb000-7f1a2fddc000 r--s 00013000 08:14 13768645                   /home/mart/IdeaProjects/silorex/lwjgl/lwjgl-natives-linux.jar
7f1a2fdde000-7f1a2fdf1000 r--s 00346000 08:02 6162100                    /usr/lib/jvm/java-8-openjdk-amd64/jre/lib/resources.jar
7f1a2fdf8000-7f1a2fdf9000 r--s 00000000 08:02 6162098                    /usr/lib/jvm/java-8-openjdk-amd64/jre/lib/management-agent.jar
7f1a2fdfa000-7f1a2fdff000 r--s 0009a000 08:02 6162095                    /usr/lib/jvm/java-8-openjdk-amd64/jre/lib/jsse.jar
7f1a2fe05000-7f1a2fe08000 r--s 00015000 08:02 6162093                    /usr/lib/jvm/java-8-openjdk-amd64/jre/lib/jce.jar
7f1a2fe0f000-7f1a2fe11000 r--s 00007000 08:02 1711658                    /usr/share/java/java-atk-wrapper.jar
7f1a2fe11000-7f1a2fe16000 r--s 002f9000 08:02 6162062                    /usr/lib/jvm/java-8-openjdk-amd64/jre/lib/charsets.jar
7f1a2fe17000-7f1a2fe1a000 r--s 0000f000 08:02 6162074                    /usr/lib/jvm/java-8-openjdk-amd64/jre/lib/ext/icedtea-sound.jar
7f1a2fe1e000-7f1a2fe39000 r--s 001d6000 08:02 6162077                    /usr/lib/jvm/java-8-openjdk-amd64/jre/lib/ext/nashorn.jar
7f1a2fe3f000-7f1a2fe43000 r--s 00037000 08:02 6162080                    /usr/lib/jvm/java-8-openjdk-amd64/jre/lib/ext/sunpkcs11.jar
7f1a2fe4a000-7f1a2fe50000 r--s 0003a000 08:02 6162079                    /usr/lib/jvm/java-8-openjdk-amd64/jre/lib/ext/sunjce_provider.jar
7f1a2fe56000-7f1a2fe60000 r--s 00116000 08:02 6162076                    /usr/lib/jvm/java-8-openjdk-amd64/jre/lib/ext/localedata.jar
7f1a2fe67000-7f1a2fe69000 r--s 00007000 08:02 1711658                    /usr/share/java/java-atk-wrapper.jar
7f1a2fe6c000-7f1a2fe87000 r--s 00394000 08:02 6162072                    /usr/lib/jvm/java-8-openjdk-amd64/jre/lib/ext/cldrdata.jar
7f1a2fe8a000-7f1a2fe8b000 r--s 0000a000 08:02 6162075                    /usr/lib/jvm/java-8-openjdk-amd64/jre/lib/ext/jaccess.jar
7f1a2fe91000-7f1a2fe93000 r--s 00001000 08:02 6162073                    /usr/lib/jvm/java-8-openjdk-amd64/jre/lib/ext/dnsns.jar
7f1a2fe98000-7f1a2fe99000 r--s 00010000 08:02 6162081                    /usr/lib/jvm/java-8-openjdk-amd64/jre/lib/ext/zipfs.jar
7f1a2fea0000-7f1a2fea2000 r--s 00008000 08:02 6162078                    /usr/lib/jvm/java-8-openjdk-amd64/jre/lib/ext/sunec.jar
7f1a2fea7000-7f1a2feaa000 ---p 00000000 00:00 0 
7f1a2feaa000-7f1a2ffa8000 rw-p 00000000 00:00 0 
7f1a2ffa8000-7f1a2fff9000 r--p 00000000 08:02 6162749                    /usr/lib/locale/aa_DJ.utf8/LC_CTYPE
7f1a30000000-7f1a30021000 rw-p 00000000 00:00 0 
7f1a30021000-7f1a34000000 ---p 00000000 00:00 0 
7f1a34000000-7f1a34021000 rw-p 00000000 00:00 0 
7f1a34021000-7f1a38000000 ---p 00000000 00:00 0 
7f1a38000000-7f1a38021000 rw-p 00000000 00:00 0 
7f1a38021000-7f1a3c000000 ---p 00000000 00:00 0 
7f1a3c000000-7f1a3c021000 rw-p 00000000 00:00 0 
7f1a3c021000-7f1a40000000 ---p 00000000 00:00 0 
7f1a40000000-7f1a40001000 r--p 00000000 08:02 6162778                    /usr/lib/locale/aa_ET/LC_NUMERIC
7f1a40008000-7f1a40138000 r--p 00000000 08:02 6162747                    /usr/lib/locale/aa_DJ.utf8/LC_COLLATE
7f1a4013b000-7f1a4013e000 ---p 00000000 00:00 0 
7f1a4013e000-7f1a4023c000 rw-p 00000000 00:00 0 
7f1a4023c000-7f1a4023f000 ---p 00000000 00:00 0 
7f1a4023f000-7f1a4033d000 rw-p 00000000 00:00 0 
7f1a4033d000-7f1a4033e000 ---p 00000000 00:00 0 
7f1a4033e000-7f1a41f59000 rw-p 00000000 00:00 0 
7f1a41f59000-7f1a42128000 r--s 03c21000 08:02 6162101                    /usr/lib/jvm/java-8-openjdk-amd64/jre/lib/rt.jar
7f1a42129000-7f1a42669000 rw-p 00000000 00:00 0 
7f1a42669000-7f1a42929000 ---p 00000000 00:00 0 
7f1a42929000-7f1a430f9000 rw-p 00000000 00:00 0 
7f1a430f9000-7f1a430fa000 ---p 00000000 00:00 0 
7f1a430fa000-7f1a431fa000 rw-p 00000000 00:00 0 
7f1a431fa000-7f1a431fb000 ---p 00000000 00:00 0 
7f1a431fb000-7f1a432fb000 rw-p 00000000 00:00 0 
7f1a432fb000-7f1a432fc000 ---p 00000000 00:00 0 
7f1a432fc000-7f1a433fc000 rw-p 00000000 00:00 0 
7f1a433fc000-7f1a433fd000 ---p 00000000 00:00 0 
7f1a433fd000-7f1a434fd000 rw-p 00000000 00:00 0 
7f1a434fd000-7f1a434fe000 ---p 00000000 00:00 0 
7f1a434fe000-7f1a435fe000 rw-p 00000000 00:00 0 
7f1a435fe000-7f1a435ff000 ---p 00000000 00:00 0 
7f1a435ff000-7f1a436ff000 rw-p 00000000 00:00 0 
7f1a436ff000-7f1a43700000 ---p 00000000 00:00 0 
7f1a43700000-7f1a43800000 rw-p 00000000 00:00 0 
7f1a43800000-7f1a43801000 ---p 00000000 00:00 0 
7f1a43801000-7f1a43901000 rw-p 00000000 00:00 0 
7f1a43901000-7f1a43955000 rw-p 00000000 00:00 0 
7f1a43955000-7f1a43e37000 ---p 00000000 00:00 0 
7f1a43e37000-7f1a43e8b000 rw-p 00000000 00:00 0 
7f1a43e8b000-7f1a4436c000 ---p 00000000 00:00 0 
7f1a4436c000-7f1a44396000 rw-p 00000000 00:00 0 
7f1a44396000-7f1a44607000 ---p 00000000 00:00 0 
7f1a44607000-7f1a44612000 rw-p 00000000 00:00 0 
7f1a44612000-7f1a449c8000 ---p 00000000 00:00 0 
7f1a449c8000-7f1a44c38000 rwxp 00000000 00:00 0 
7f1a44c38000-7f1a539c8000 ---p 00000000 00:00 0 
7f1a539c8000-7f1a539d0000 r-xp 00000000 08:02 6162057                    /usr/lib/jvm/java-8-openjdk-amd64/jre/lib/amd64/libzip.so
7f1a539d0000-7f1a53bcf000 ---p 00008000 08:02 6162057                    /usr/lib/jvm/java-8-openjdk-amd64/jre/lib/amd64/libzip.so
7f1a53bcf000-7f1a53bd0000 r--p 00007000 08:02 6162057                    /usr/lib/jvm/java-8-openjdk-amd64/jre/lib/amd64/libzip.so
7f1a53bd0000-7f1a53bd1000 rw-p 00008000 08:02 6162057                    /usr/lib/jvm/java-8-openjdk-amd64/jre/lib/amd64/libzip.so
7f1a53bd8000-7f1a53be3000 r-xp 00000000 08:02 1465569                    /lib/x86_64-linux-gnu/libnss_files-2.25.so
7f1a53be3000-7f1a53de2000 ---p 0000b000 08:02 1465569                    /lib/x86_64-linux-gnu/libnss_files-2.25.so
7f1a53de2000-7f1a53de3000 r--p 0000a000 08:02 1465569                    /lib/x86_64-linux-gnu/libnss_files-2.25.so
7f1a53de3000-7f1a53de4000 rw-p 0000b000 08:02 1465569                    /lib/x86_64-linux-gnu/libnss_files-2.25.so
7f1a53de4000-7f1a53dea000 rw-p 00000000 00:00 0 
7f1a53df0000-7f1a53dfb000 r-xp 00000000 08:02 1465571                    /lib/x86_64-linux-gnu/libnss_nis-2.25.so
7f1a53dfb000-7f1a53ffa000 ---p 0000b000 08:02 1465571                    /lib/x86_64-linux-gnu/libnss_nis-2.25.so
7f1a53ffa000-7f1a53ffb000 r--p 0000a000 08:02 1465571                    /lib/x86_64-linux-gnu/libnss_nis-2.25.so
7f1a53ffb000-7f1a53ffc000 rw-p 0000b000 08:02 1465571                    /lib/x86_64-linux-gnu/libnss_nis-2.25.so
7f1a54000000-7f1a544c6000 rw-p 00000000 00:00 0 
7f1a544c6000-7f1a58000000 ---p 00000000 00:00 0 
7f1a58000000-7f1a58001000 r--p 00000000 08:02 6165421                    /usr/lib/locale/en_GB.utf8/LC_TIME
7f1a58008000-7f1a58009000 r--p 00000000 08:02 6165204                    /usr/lib/locale/cy_GB.utf8/LC_MONETARY
7f1a5800c000-7f1a580d0000 rw-p 00000000 00:00 0 
7f1a580d0000-7f1a580e5000 r-xp 00000000 08:02 1465566                    /lib/x86_64-linux-gnu/libnsl-2.25.so
7f1a580e5000-7f1a582e4000 ---p 00015000 08:02 1465566                    /lib/x86_64-linux-gnu/libnsl-2.25.so
7f1a582e4000-7f1a582e5000 r--p 00014000 08:02 1465566                    /lib/x86_64-linux-gnu/libnsl-2.25.so
7f1a582e5000-7f1a582e6000 rw-p 00015000 08:02 1465566                    /lib/x86_64-linux-gnu/libnsl-2.25.so
7f1a582e6000-7f1a582e8000 rw-p 00000000 00:00 0 
7f1a582e8000-7f1a582ef000 r-xp 00000000 08:02 1465567                    /lib/x86_64-linux-gnu/libnss_compat-2.25.so
7f1a582ef000-7f1a584ee000 ---p 00007000 08:02 1465567                    /lib/x86_64-linux-gnu/libnss_compat-2.25.so
7f1a584ee000-7f1a584ef000 r--p 00006000 08:02 1465567                    /lib/x86_64-linux-gnu/libnss_compat-2.25.so
7f1a584ef000-7f1a584f0000 rw-p 00007000 08:02 1465567                    /lib/x86_64-linux-gnu/libnss_compat-2.25.so
7f1a584f0000-7f1a584fa000 r-xp 00000000 08:02 6162031                    /usr/lib/jvm/java-8-openjdk-amd64/jre/lib/amd64/libinstrument.so
7f1a584fa000-7f1a586f9000 ---p 0000a000 08:02 6162031                    /usr/lib/jvm/java-8-openjdk-amd64/jre/lib/amd64/libinstrument.so
7f1a586f9000-7f1a586fa000 r--p 00009000 08:02 6162031                    /usr/lib/jvm/java-8-openjdk-amd64/jre/lib/amd64/libinstrument.so
7f1a586fa000-7f1a586fb000 rw-p 0000a000 08:02 6162031                    /usr/lib/jvm/java-8-openjdk-amd64/jre/lib/amd64/libinstrument.so
7f1a58700000-7f1a5872d000 r-xp 00000000 08:02 6162036                    /usr/lib/jvm/java-8-openjdk-amd64/jre/lib/amd64/libjava.so
7f1a5872d000-7f1a5892d000 ---p 0002d000 08:02 6162036                    /usr/lib/jvm/java-8-openjdk-amd64/jre/lib/amd64/libjava.so
7f1a5892d000-7f1a5892e000 r--p 0002d000 08:02 6162036                    /usr/lib/jvm/java-8-openjdk-amd64/jre/lib/amd64/libjava.so
7f1a5892e000-7f1a58930000 rw-p 0002e000 08:02 6162036                    /usr/lib/jvm/java-8-openjdk-amd64/jre/lib/amd64/libjava.so
7f1a58930000-7f1a58940000 r-xp 00000000 08:02 6162056                    /usr/lib/jvm/java-8-openjdk-amd64/jre/lib/amd64/libverify.so
7f1a58940000-7f1a58b3f000 ---p 00010000 08:02 6162056                    /usr/lib/jvm/java-8-openjdk-amd64/jre/lib/amd64/libverify.so
7f1a58b3f000-7f1a58b41000 r--p 0000f000 08:02 6162056                    /usr/lib/jvm/java-8-openjdk-amd64/jre/lib/amd64/libverify.so
7f1a58b41000-7f1a58b42000 rw-p 00011000 08:02 6162056                    /usr/lib/jvm/java-8-openjdk-amd64/jre/lib/amd64/libverify.so
7f1a58b48000-7f1a58b4f000 r-xp 00000000 08:02 1465576                    /lib/x86_64-linux-gnu/librt-2.25.so
7f1a58b4f000-7f1a58d4e000 ---p 00007000 08:02 1465576                    /lib/x86_64-linux-gnu/librt-2.25.so
7f1a58d4e000-7f1a58d4f000 r--p 00006000 08:02 1465576                    /lib/x86_64-linux-gnu/librt-2.25.so
7f1a58d4f000-7f1a58d50000 rw-p 00007000 08:02 1465576                    /lib/x86_64-linux-gnu/librt-2.25.so
7f1a58d50000-7f1a58d66000 r-xp 00000000 08:02 1444262                    /lib/x86_64-linux-gnu/libgcc_s.so.1
7f1a58d66000-7f1a58f65000 ---p 00016000 08:02 1444262                    /lib/x86_64-linux-gnu/libgcc_s.so.1
7f1a58f65000-7f1a58f66000 r--p 00015000 08:02 1444262                    /lib/x86_64-linux-gnu/libgcc_s.so.1
7f1a58f66000-7f1a58f67000 rw-p 00016000 08:02 1444262                    /lib/x86_64-linux-gnu/libgcc_s.so.1
7f1a58f68000-7f1a5907a000 r-xp 00000000 08:02 1465563                    /lib/x86_64-linux-gnu/libm-2.25.so
7f1a5907a000-7f1a59279000 ---p 00112000 08:02 1465563                    /lib/x86_64-linux-gnu/libm-2.25.so
7f1a59279000-7f1a5927a000 r--p 00111000 08:02 1465563                    /lib/x86_64-linux-gnu/libm-2.25.so
7f1a5927a000-7f1a5927b000 rw-p 00112000 08:02 1465563                    /lib/x86_64-linux-gnu/libm-2.25.so
7f1a59280000-7f1a593f0000 r-xp 00000000 08:02 5508933                    /usr/lib/x86_64-linux-gnu/libstdc++.so.6.0.24
7f1a593f0000-7f1a595f0000 ---p 00170000 08:02 5508933                    /usr/lib/x86_64-linux-gnu/libstdc++.so.6.0.24
7f1a595f0000-7f1a595fa000 r--p 00170000 08:02 5508933                    /usr/lib/x86_64-linux-gnu/libstdc++.so.6.0.24
7f1a595fa000-7f1a595fc000 rw-p 0017a000 08:02 5508933                    /usr/lib/x86_64-linux-gnu/libstdc++.so.6.0.24
7f1a595fc000-7f1a595ff000 rw-p 00000000 00:00 0 
7f1a59600000-7f1a5a28a000 r-xp 00000000 08:02 6162061                    /usr/lib/jvm/java-8-openjdk-amd64/jre/lib/amd64/server/libjvm.so
7f1a5a28a000-7f1a5a48a000 ---p 00c8a000 08:02 6162061                    /usr/lib/jvm/java-8-openjdk-amd64/jre/lib/amd64/server/libjvm.so
7f1a5a48a000-7f1a5a51d000 r--p 00c8a000 08:02 6162061                    /usr/lib/jvm/java-8-openjdk-amd64/jre/lib/amd64/server/libjvm.so
7f1a5a51d000-7f1a5a545000 rw-p 00d1d000 08:02 6162061                    /usr/lib/jvm/java-8-openjdk-amd64/jre/lib/amd64/server/libjvm.so
7f1a5a545000-7f1a5a576000 rw-p 00000000 00:00 0 
7f1a5a578000-7f1a5a711000 r-xp 00000000 08:02 1465559                    /lib/x86_64-linux-gnu/libc-2.25.so
7f1a5a711000-7f1a5a911000 ---p 00199000 08:02 1465559                    /lib/x86_64-linux-gnu/libc-2.25.so
7f1a5a911000-7f1a5a915000 r--p 00199000 08:02 1465559                    /lib/x86_64-linux-gnu/libc-2.25.so
7f1a5a915000-7f1a5a917000 rw-p 0019d000 08:02 1465559                    /lib/x86_64-linux-gnu/libc-2.25.so
7f1a5a917000-7f1a5a91b000 rw-p 00000000 00:00 0 
7f1a5a920000-7f1a5a923000 r-xp 00000000 08:02 1465562                    /lib/x86_64-linux-gnu/libdl-2.25.so
7f1a5a923000-7f1a5ab22000 ---p 00003000 08:02 1465562                    /lib/x86_64-linux-gnu/libdl-2.25.so
7f1a5ab22000-7f1a5ab23000 r--p 00002000 08:02 1465562                    /lib/x86_64-linux-gnu/libdl-2.25.so
7f1a5ab23000-7f1a5ab24000 rw-p 00003000 08:02 1465562                    /lib/x86_64-linux-gnu/libdl-2.25.so
7f1a5ab28000-7f1a5ab36000 r-xp 00000000 08:02 6162021                    /usr/lib/jvm/java-8-openjdk-amd64/jre/lib/amd64/jli/libjli.so
7f1a5ab36000-7f1a5ad35000 ---p 0000e000 08:02 6162021                    /usr/lib/jvm/java-8-openjdk-amd64/jre/lib/amd64/jli/libjli.so
7f1a5ad35000-7f1a5ad36000 r--p 0000d000 08:02 6162021                    /usr/lib/jvm/java-8-openjdk-amd64/jre/lib/amd64/jli/libjli.so
7f1a5ad36000-7f1a5ad37000 rw-p 0000e000 08:02 6162021                    /usr/lib/jvm/java-8-openjdk-amd64/jre/lib/amd64/jli/libjli.so
7f1a5ad38000-7f1a5ad51000 r-xp 00000000 08:02 1444460                    /lib/x86_64-linux-gnu/libz.so.1.2.8
7f1a5ad51000-7f1a5af50000 ---p 00019000 08:02 1444460                    /lib/x86_64-linux-gnu/libz.so.1.2.8
7f1a5af50000-7f1a5af51000 r--p 00018000 08:02 1444460                    /lib/x86_64-linux-gnu/libz.so.1.2.8
7f1a5af51000-7f1a5af52000 rw-p 00019000 08:02 1444460                    /lib/x86_64-linux-gnu/libz.so.1.2.8
7f1a5af58000-7f1a5af71000 r-xp 00000000 08:02 1465574                    /lib/x86_64-linux-gnu/libpthread-2.25.so
7f1a5af71000-7f1a5b170000 ---p 00019000 08:02 1465574                    /lib/x86_64-linux-gnu/libpthread-2.25.so
7f1a5b170000-7f1a5b171000 r--p 00018000 08:02 1465574                    /lib/x86_64-linux-gnu/libpthread-2.25.so
7f1a5b171000-7f1a5b172000 rw-p 00019000 08:02 1465574                    /lib/x86_64-linux-gnu/libpthread-2.25.so
7f1a5b172000-7f1a5b176000 rw-p 00000000 00:00 0 
7f1a5b178000-7f1a5b19b000 r-xp 00000000 08:02 1459620                    /lib/x86_64-linux-gnu/ld-2.25.so
7f1a5b1a0000-7f1a5b1a1000 r--p 00000000 08:02 6165354                    /usr/lib/locale/en_AG/LC_MESSAGES/SYS_LC_MESSAGES
7f1a5b1a8000-7f1a5b1a9000 r--p 00000000 08:02 6162757                    /usr/lib/locale/aa_DJ.utf8/LC_PAPER
7f1a5b1b0000-7f1a5b1b1000 r--p 00000000 08:02 6165139                    /usr/lib/locale/chr_US/LC_NAME
7f1a5b1b8000-7f1a5b1b9000 r--p 00000000 08:02 6165419                    /usr/lib/locale/en_GB.utf8/LC_ADDRESS
7f1a5b1c0000-7f1a5b1c1000 r--p 00000000 08:02 6165205                    /usr/lib/locale/cy_GB.utf8/LC_TELEPHONE
7f1a5b1c8000-7f1a5b1c9000 r--p 00000000 08:02 6162751                    /usr/lib/locale/aa_DJ.utf8/LC_MEASUREMENT
7f1a5b1d0000-7f1a5b1d7000 r--s 00000000 08:02 6164888                    /usr/lib/x86_64-linux-gnu/gconv/gconv-modules.cache
7f1a5b1d8000-7f1a5b1d9000 r--p 00000000 08:02 6165420                    /usr/lib/locale/en_GB.utf8/LC_IDENTIFICATION
7f1a5b1de000-7f1a5b239000 rw-p 00000000 00:00 0 
7f1a5b239000-7f1a5b288000 rw-p 00000000 00:00 0 
7f1a5b288000-7f1a5b290000 rw-s 00000000 08:12 260617                     /tmp/hsperfdata_mart/10383
7f1a5b296000-7f1a5b297000 rw-p 00000000 00:00 0 
7f1a5b297000-7f1a5b29a000 ---p 00000000 00:00 0 
7f1a5b29a000-7f1a5b39a000 rw-p 00000000 00:00 0 
7f1a5b39a000-7f1a5b39b000 r--p 00022000 08:02 1459620                    /lib/x86_64-linux-gnu/ld-2.25.so
7f1a5b39b000-7f1a5b39c000 rw-p 00023000 08:02 1459620                    /lib/x86_64-linux-gnu/ld-2.25.so
7f1a5b39c000-7f1a5b39d000 rw-p 00000000 00:00 0 
7f1a5b39d000-7f1a5b39e000 r--p 00000000 00:00 0 
7f1a5b39e000-7f1a5b3a0000 rw-p 00000000 00:00 0 
7fff2789a000-7fff278bb000 rw-p 00000000 00:00 0                          [stack]
7fff27988000-7fff2798b000 r--p 00000000 00:00 0                          [vvar]
7fff2798b000-7fff2798d000 r-xp 00000000 00:00 0                          [vdso]

VM Arguments:
jvm_args: -javaagent:/opt/intellij/lib/idea_rt.jar=37361:/opt/intellij/bin -Dfile.encoding=UTF-8 
java_command: Engine.Main
java_class_path (initial): /usr/lib/jvm/java-1.8.0-openjdk-amd64/jre/lib/charsets.jar:/usr/lib/jvm/java-1.8.0-openjdk-amd64/jre/lib/ext/cldrdata.jar:/usr/lib/jvm/java-1.8.0-openjdk-amd64/jre/lib/ext/dnsns.jar:/usr/lib/jvm/java-1.8.0-openjdk-amd64/jre/lib/ext/icedtea-sound.jar:/usr/lib/jvm/java-1.8.0-openjdk-amd64/jre/lib/ext/jaccess.jar:/usr/lib/jvm/java-1.8.0-openjdk-amd64/jre/lib/ext/java-atk-wrapper.jar:/usr/lib/jvm/java-1.8.0-openjdk-amd64/jre/lib/ext/localedata.jar:/usr/lib/jvm/java-1.8.0-openjdk-amd64/jre/lib/ext/nashorn.jar:/usr/lib/jvm/java-1.8.0-openjdk-amd64/jre/lib/ext/sunec.jar:/usr/lib/jvm/java-1.8.0-openjdk-amd64/jre/lib/ext/sunjce_provider.jar:/usr/lib/jvm/java-1.8.0-openjdk-amd64/jre/lib/ext/sunpkcs11.jar:/usr/lib/jvm/java-1.8.0-openjdk-amd64/jre/lib/ext/zipfs.jar:/usr/lib/jvm/java-1.8.0-openjdk-amd64/jre/lib/jce.jar:/usr/lib/jvm/java-1.8.0-openjdk-amd64/jre/lib/jsse.jar:/usr/lib/jvm/java-1.8.0-openjdk-amd64/jre/lib/management-agent.jar:/usr/lib/jvm/java-1.8.0-openjdk-amd64/jre/lib/resources.jar:/usr/lib/jvm/java-1.8.0-openjdk-amd64/jre/lib/rt.jar:/home/mart/IdeaProjects/silorex/out/production/silorex:/home/mart/IdeaProjects/silorex/lwjgl/lwjgl-natives-linux.jar:/home/mart/IdeaProjects/silorex/lwjgl/lwjgl-natives-macos.jar:/home/mart/IdeaProjects/silorex/lwjgl/lwjgl-natives-windows.jar:/home/mart/IdeaProjects/silorex/lwjgl/lwjgl.jar:/home/mart/IdeaProjects/silorex/lwjgl/lwjgl-opengl-natives-linux.jar:/home/mart/IdeaProjects/silorex/lwjgl/lwjgl-opengl-natives-macos.jar:/home/mart/IdeaProjects/silorex/lwjgl/lwjgl-opengl-natives-windows.jar:/home/mart/IdeaProjects/silorex/lwjgl/lwjgl-opengl.jar:/home/mart/IdeaProjects/silorex/lwjgl/lwjgl-glfw-natives-linux.jar:/home/mart/IdeaProjects/silorex/lwjgl/lwjgl-glfw-natives-macos.jar:/home/mart/IdeaProjects/silorex/lwjgl/lwjgl-glfw-natives-windows.jar:/home/mart/IdeaProjects/silorex/lwjgl/lwjgl-glfw.jar:/opt/intellij/lib/idea_rt.jar
Launcher Type: SUN_STANDARD

Environment Variables:
PATH=/usr/local/bin:/usr/bin:/bin:/usr/local/games:/usr/games
USERNAME=mart
SHELL=/bin/bash
DISPLAY=:1

Signal Handlers:
SIGSEGV: [libjvm.so+0xaa6ae0], sa_mask[0]=11111111011111111101111111111110, sa_flags=SA_RESTART|SA_SIGINFO
SIGBUS: [libjvm.so+0xaa6ae0], sa_mask[0]=11111111011111111101111111111110, sa_flags=SA_RESTART|SA_SIGINFO
SIGFPE: [libjvm.so+0x8ddf00], sa_mask[0]=11111111011111111101111111111110, sa_flags=SA_RESTART|SA_SIGINFO
SIGPIPE: [libjvm.so+0x8ddf00], sa_mask[0]=11111111011111111101111111111110, sa_flags=SA_RESTART|SA_SIGINFO
SIGXFSZ: [libjvm.so+0x8ddf00], sa_mask[0]=11111111011111111101111111111110, sa_flags=SA_RESTART|SA_SIGINFO
SIGILL: [libjvm.so+0x8ddf00], sa_mask[0]=11111111011111111101111111111110, sa_flags=SA_RESTART|SA_SIGINFO
SIGUSR1: SIG_DFL, sa_mask[0]=00000000000000000000000000000000, sa_flags=none
SIGUSR2: [libjvm.so+0x8dddb0], sa_mask[0]=00100000000000000000000000000000, sa_flags=SA_RESTART|SA_SIGINFO
SIGHUP: [libjvm.so+0x8de260], sa_mask[0]=11111111011111111101111111111110, sa_flags=SA_RESTART|SA_SIGINFO
SIGINT: [libjvm.so+0x8de260], sa_mask[0]=11111111011111111101111111111110, sa_flags=SA_RESTART|SA_SIGINFO
SIGTERM: [libjvm.so+0x8de260], sa_mask[0]=11111111011111111101111111111110, sa_flags=SA_RESTART|SA_SIGINFO
SIGQUIT: [libjvm.so+0x8de260], sa_mask[0]=11111111011111111101111111111110, sa_flags=SA_RESTART|SA_SIGINFO


---------------  S Y S T E M  ---------------

OS:DISTRIB_ID=Kali
DISTRIB_RELEASE=kali-rolling
DISTRIB_CODENAME=kali-rolling
DISTRIB_DESCRIPTION="Kali GNU/Linux Rolling"

uname:Linux 4.14.0-kali1-amd64 #1 SMP Debian 4.14.2-1kali1 (2017-12-04) x86_64
libc:glibc 2.25 NPTL 2.25 
rlimit: STACK 8192k, CORE 0k, NPROC 63609, NOFILE 1048576, AS infinity
load average:0.85 0.89 1.11

/proc/meminfo:
MemTotal:       16383060 kB
MemFree:         6534924 kB
MemAvailable:    8866316 kB
Buffers:          372316 kB
Cached:          2301092 kB
SwapCached:            0 kB
Active:          7693888 kB
Inactive:        1606852 kB
Active(anon):    6628848 kB
Inactive(anon):   269852 kB
Active(file):    1065040 kB
Inactive(file):  1337000 kB
Unevictable:          16 kB
Mlocked:              16 kB
SwapTotal:      19530748 kB
SwapFree:       19530748 kB
Dirty:               768 kB
Writeback:             0 kB
AnonPages:       5376344 kB
Mapped:           726364 kB
Shmem:            271388 kB
Slab:             335256 kB
SReclaimable:     267548 kB
SUnreclaim:        67708 kB
KernelStack:       16096 kB
PageTables:        53976 kB
NFS_Unstable:          0 kB
Bounce:                0 kB
WritebackTmp:          0 kB
CommitLimit:    27722276 kB
Committed_AS:   12511012 kB
VmallocTotal:   34359738367 kB
VmallocUsed:           0 kB
VmallocChunk:          0 kB
HardwareCorrupted:     0 kB
AnonHugePages:   2281472 kB
ShmemHugePages:        0 kB
ShmemPmdMapped:        0 kB
HugePages_Total:       0
HugePages_Free:        0
HugePages_Rsvd:        0
HugePages_Surp:        0
Hugepagesize:       2048 kB
DirectMap4k:      303540 kB
DirectMap2M:    11177984 kB
DirectMap1G:     5242880 kB


CPU:total 8 (initial active 8) (8 cores per cpu, 1 threads per core) family 21 model 2 stepping 0, cmov, cx8, fxsr, mmx, sse, sse2, sse3, ssse3, sse4.1, sse4.2, popcnt, avx, aes, clmul, mmxext, 3dnowpref, lzcnt, sse4a, tsc, tscinvbit, tscinv, bmi1

/proc/cpuinfo:
processor	: 0
vendor_id	: AuthenticAMD
cpu family	: 21
model		: 2
model name	: AMD FX(tm)-8320 Eight-Core Processor
stepping	: 0
microcode	: 0x600084f
cpu MHz		: 2300.000
cache size	: 2048 KB
physical id	: 0
siblings	: 8
core id		: 0
cpu cores	: 4
apicid		: 16
initial apicid	: 0
fpu		: yes
fpu_exception	: yes
cpuid level	: 13
wp		: yes
flags		: fpu vme de pse tsc msr pae mce cx8 apic sep mtrr pge mca cmov pat pse36 clflush mmx fxsr sse sse2 ht syscall nx mmxext fxsr_opt pdpe1gb rdtscp lm constant_tsc rep_good nopl nonstop_tsc cpuid extd_apicid aperfmperf pni pclmulqdq monitor ssse3 fma cx16 sse4_1 sse4_2 popcnt aes xsave avx f16c lahf_lm cmp_legacy svm extapic cr8_legacy abm sse4a misalignsse 3dnowprefetch osvw ibs xop skinit wdt lwp fma4 tce nodeid_msr tbm topoext perfctr_core perfctr_nb cpb hw_pstate vmmcall bmi1 arat npt lbrv svm_lock nrip_save tsc_scale vmcb_clean flushbyasid decodeassists pausefilter pfthreshold
bugs		: fxsave_leak sysret_ss_attrs null_seg
bogomips	: 7000.67
TLB size	: 1536 4K pages
clflush size	: 64
cache_alignment	: 64
address sizes	: 48 bits physical, 48 bits virtual
power management: ts ttp tm 100mhzsteps hwpstate cpb eff_freq_ro

processor	: 1
vendor_id	: AuthenticAMD
cpu family	: 21
model		: 2
model name	: AMD FX(tm)-8320 Eight-Core Processor
stepping	: 0
microcode	: 0x600084f
cpu MHz		: 3500.000
cache size	: 2048 KB
physical id	: 0
siblings	: 8
core id		: 1
cpu cores	: 4
apicid		: 17
initial apicid	: 1
fpu		: yes
fpu_exception	: yes
cpuid level	: 13
wp		: yes
flags		: fpu vme de pse tsc msr pae mce cx8 apic sep mtrr pge mca cmov pat pse36 clflush mmx fxsr sse sse2 ht syscall nx mmxext fxsr_opt pdpe1gb rdtscp lm constant_tsc rep_good nopl nonstop_tsc cpuid extd_apicid aperfmperf pni pclmulqdq monitor ssse3 fma cx16 sse4_1 sse4_2 popcnt aes xsave avx f16c lahf_lm cmp_legacy svm extapic cr8_legacy abm sse4a misalignsse 3dnowprefetch osvw ibs xop skinit wdt lwp fma4 tce nodeid_msr tbm topoext perfctr_core perfctr_nb cpb hw_pstate vmmcall bmi1 arat npt lbrv svm_lock nrip_save tsc_scale vmcb_clean flushbyasid decodeassists pausefilter pfthreshold
bugs		: fxsave_leak sysret_ss_attrs null_seg
bogomips	: 7000.67
TLB size	: 1536 4K pages
clflush size	: 64
cache_alignment	: 64
address sizes	: 48 bits physical, 48 bits virtual
power management: ts ttp tm 100mhzsteps hwpstate cpb eff_freq_ro

processor	: 2
vendor_id	: AuthenticAMD
cpu family	: 21
model		: 2
model name	: AMD FX(tm)-8320 Eight-Core Processor
stepping	: 0
microcode	: 0x600084f
cpu MHz		: 3500.000
cache size	: 2048 KB
physical id	: 0
siblings	: 8
core id		: 2
cpu cores	: 4
apicid		: 18
initial apicid	: 2
fpu		: yes
fpu_exception	: yes
cpuid level	: 13
wp		: yes
flags		: fpu vme de pse tsc msr pae mce cx8 apic sep mtrr pge mca cmov pat pse36 clflush mmx fxsr sse sse2 ht syscall nx mmxext fxsr_opt pdpe1gb rdtscp lm constant_tsc rep_good nopl nonstop_tsc cpuid extd_apicid aperfmperf pni pclmulqdq monitor ssse3 fma cx16 sse4_1 sse4_2 popcnt aes xsave avx f16c lahf_lm cmp_legacy svm extapic cr8_legacy abm sse4a misalignsse 3dnowprefetch osvw ibs xop skinit wdt lwp fma4 tce nodeid_msr tbm topoext perfctr_core perfctr_nb cpb hw_pstate vmmcall bmi1 arat npt lbrv svm_lock nrip_save tsc_scale vmcb_clean flushbyasid decodeassists pausefilter pfthreshold
bugs		: fxsave_leak sysret_ss_attrs null_seg
bogomips	: 7000.67
TLB size	: 1536 4K pages
clflush size	: 64
cache_alignment	: 64
address sizes	: 48 bits physical, 48 bits virtual
power management: ts ttp tm 100mhzsteps hwpstate cpb eff_freq_ro

processor	: 3
vendor_id	: AuthenticAMD
cpu family	: 21
model		: 2
model name	: AMD FX(tm)-8320 Eight-Core Processor
stepping	: 0
microcode	: 0x600084f
cpu MHz		: 3500.000
cache size	: 2048 KB
physical id	: 0
siblings	: 8
core id		: 3
cpu cores	: 4
apicid		: 19
initial apicid	: 3
fpu		: yes
fpu_exception	: yes
cpuid level	: 13
wp		: yes
flags		: fpu vme de pse tsc msr pae mce cx8 apic sep mtrr pge mca cmov pat pse36 clflush mmx fxsr sse sse2 ht syscall nx mmxext fxsr_opt pdpe1gb rdtscp lm constant_tsc rep_good nopl nonstop_tsc cpuid extd_apicid aperfmperf pni pclmulqdq monitor ssse3 fma cx16 sse4_1 sse4_2 popcnt aes xsave avx f16c lahf_lm cmp_legacy svm extapic cr8_legacy abm sse4a misalignsse 3dnowprefetch osvw ibs xop skinit wdt lwp fma4 tce nodeid_msr tbm topoext perfctr_core perfctr_nb cpb hw_pstate vmmcall bmi1 arat npt lbrv svm_lock nrip_save tsc_scale vmcb_clean flushbyasid decodeassists pausefilter pfthreshold
bugs		: fxsave_leak sysret_ss_attrs null_seg
bogomips	: 7000.67
TLB size	: 1536 4K pages
clflush size	: 64
cache_alignment	: 64
address sizes	: 48 bits physical, 48 bits virtual
power management: ts ttp tm 100mhzsteps hwpstate cpb eff_freq_ro

processor	: 4
vendor_id	: AuthenticAMD
cpu family	: 21
model		: 2
model name	: AMD FX(tm)-8320 Eight-Core Processor
stepping	: 0
microcode	: 0x600084f
cpu MHz		: 2300.000
cache size	: 2048 KB
physical id	: 0
siblings	: 8
core id		: 4
cpu cores	: 4
apicid		: 20
initial apicid	: 4
fpu		: yes
fpu_exception	: yes
cpuid level	: 13
wp		: yes
flags		: fpu vme de pse tsc msr pae mce cx8 apic sep mtrr pge mca cmov pat pse36 clflush mmx fxsr sse sse2 ht syscall nx mmxext fxsr_opt pdpe1gb rdtscp lm constant_tsc rep_good nopl nonstop_tsc cpuid extd_apicid aperfmperf pni pclmulqdq monitor ssse3 fma cx16 sse4_1 sse4_2 popcnt aes xsave avx f16c lahf_lm cmp_legacy svm extapic cr8_legacy abm sse4a misalignsse 3dnowprefetch osvw ibs xop skinit wdt lwp fma4 tce nodeid_msr tbm topoext perfctr_core perfctr_nb cpb hw_pstate vmmcall bmi1 arat npt lbrv svm_lock nrip_save tsc_scale vmcb_clean flushbyasid decodeassists pausefilter pfthreshold
bugs		: fxsave_leak sysret_ss_attrs null_seg
bogomips	: 7000.67
TLB size	: 1536 4K pages
clflush size	: 64
cache_alignment	: 64
address sizes	: 48 bits physical, 48 bits virtual
power management: ts ttp tm 100mhzsteps hwpstate cpb eff_freq_ro

processor	: 5
vendor_id	: AuthenticAMD
cpu family	: 21
model		: 2
model name	: AMD FX(tm)-8320 Eight-Core Processor
stepping	: 0
microcode	: 0x600084f
cpu MHz		: 1700.000
cache size	: 2048 KB
physical id	: 0
siblings	: 8
core id		: 5
cpu cores	: 4
apicid		: 21
initial apicid	: 5
fpu		: yes
fpu_exception	: yes
cpuid level	: 13
wp		: yes
flags		: fpu vme de pse tsc msr pae mce cx8 apic sep mtrr pge mca cmov pat pse36 clflush mmx fxsr sse sse2 ht syscall nx mmxext fxsr_opt pdpe1gb rdtscp lm constant_tsc rep_good nopl nonstop_tsc cpuid extd_apicid aperfmperf pni pclmulqdq monitor ssse3 fma cx16 sse4_1 sse4_2 popcnt aes xsave avx f16c lahf_lm cmp_legacy svm extapic cr8_legacy abm sse4a misalignsse 3dnowprefetch osvw ibs xop skinit wdt lwp fma4 tce nodeid_msr tbm topoext perfctr_core perfctr_nb cpb hw_pstate vmmcall bmi1 arat npt lbrv svm_lock nrip_save tsc_scale vmcb_clean flushbyasid decodeassists pausefilter pfthreshold
bugs		: fxsave_leak sysret_ss_attrs null_seg
bogomips	: 7000.67
TLB size	: 1536 4K pages
clflush size	: 64
cache_alignment	: 64
address sizes	: 48 bits physical, 48 bits virtual
power management: ts ttp tm 100mhzsteps hwpstate cpb eff_freq_ro

processor	: 6
vendor_id	: AuthenticAMD
cpu family	: 21
model		: 2
model name	: AMD FX(tm)-8320 Eight-Core Processor
stepping	: 0
microcode	: 0x600084f
cpu MHz		: 1700.000
cache size	: 2048 KB
physical id	: 0
siblings	: 8
core id		: 6
cpu cores	: 4
apicid		: 22
initial apicid	: 6
fpu		: yes
fpu_exception	: yes
cpuid level	: 13
wp		: yes
flags		: fpu vme de pse tsc msr pae mce cx8 apic sep mtrr pge mca cmov pat pse36 clflush mmx fxsr sse sse2 ht syscall nx mmxext fxsr_opt pdpe1gb rdtscp lm constant_tsc rep_good nopl nonstop_tsc cpuid extd_apicid aperfmperf pni pclmulqdq monitor ssse3 fma cx16 sse4_1 sse4_2 popcnt aes xsave avx f16c lahf_lm cmp_legacy svm extapic cr8_legacy abm sse4a misalignsse 3dnowprefetch osvw ibs xop skinit wdt lwp fma4 tce nodeid_msr tbm topoext perfctr_core perfctr_nb cpb hw_pstate vmmcall bmi1 arat npt lbrv svm_lock nrip_save tsc_scale vmcb_clean flushbyasid decodeassists pausefilter pfthreshold
bugs		: fxsave_leak sysret_ss_attrs null_seg
bogomips	: 7000.67
TLB size	: 1536 4K pages
clflush size	: 64
cache_alignment	: 64
address sizes	: 48 bits physical, 48 bits virtual
power management: ts ttp tm 100mhzsteps hwpstate cpb eff_freq_ro

processor	: 7
vendor_id	: AuthenticAMD
cpu family	: 21
model		: 2
model name	: AMD FX(tm)-8320 Eight-Core Processor
stepping	: 0
microcode	: 0x600084f
cpu MHz		: 1700.000
cache size	: 2048 KB
physical id	: 0
siblings	: 8
core id		: 7
cpu cores	: 4
apicid		: 23
initial apicid	: 7
fpu		: yes
fpu_exception	: yes
cpuid level	: 13
wp		: yes
flags		: fpu vme de pse tsc msr pae mce cx8 apic sep mtrr pge mca cmov pat pse36 clflush mmx fxsr sse sse2 ht syscall nx mmxext fxsr_opt pdpe1gb rdtscp lm constant_tsc rep_good nopl nonstop_tsc cpuid extd_apicid aperfmperf pni pclmulqdq monitor ssse3 fma cx16 sse4_1 sse4_2 popcnt aes xsave avx f16c lahf_lm cmp_legacy svm extapic cr8_legacy abm sse4a misalignsse 3dnowprefetch osvw ibs xop skinit wdt lwp fma4 tce nodeid_msr tbm topoext perfctr_core perfctr_nb cpb hw_pstate vmmcall bmi1 arat npt lbrv svm_lock nrip_save tsc_scale vmcb_clean flushbyasid decodeassists pausefilter pfthreshold
bugs		: fxsave_leak sysret_ss_attrs null_seg
bogomips	: 7000.67
TLB size	: 1536 4K pages
clflush size	: 64
cache_alignment	: 64
address sizes	: 48 bits physical, 48 bits virtual
power management: ts ttp tm 100mhzsteps hwpstate cpb eff_freq_ro



Memory: 4k page, physical 16383060k(6534924k free), swap 19530748k(19530748k free)

vm_info: OpenJDK 64-Bit Server VM (25.151-b12) for linux-amd64 JRE (1.8.0_151-8u151-b12-1-b12), built on Nov  1 2017 06:12:56 by "buildd" with gcc 7.2.1 20171025

time: Sat Jan  6 22:09:45 2018
elapsed time: 0 seconds (0d 0h 0m 0s)

