#
# A fatal error has been detected by the Java Runtime Environment:
#
#  SIGSEGV (0xb) at pc=0x00007f842fdd5e99, pid=9612, tid=0x00007f8457d55700
#
# JRE version: OpenJDK Runtime Environment (8.0_151-b12) (build 1.8.0_151-8u151-b12-1-b12)
# Java VM: OpenJDK 64-Bit Server VM (25.151-b12 mixed mode linux-amd64 compressed oops)
# Problematic frame:
# C  [liblwjgl_opengl.so+0x45e99]  Java_org_lwjgl_opengl_GL20_glCreateShader+0x9
#
# Failed to write core dump. Core dumps have been disabled. To enable core dumping, try "ulimit -c unlimited" before starting Java again
#
# If you would like to submit a bug report, please visit:
#   http://bugreport.java.com/bugreport/crash.jsp
# The crash happened outside the Java Virtual Machine in native code.
# See problematic frame for where to report the bug.
#

---------------  T H R E A D  ---------------

Current thread (0x00007f8450012000):  JavaThread "main" [_thread_in_native, id=9621, stack(0x00007f8457c55000,0x00007f8457d56000)]

siginfo: si_signo: 11 (SIGSEGV), si_code: 1 (SEGV_MAPERR), si_addr: 0x00000000000008a8

Registers:
RAX=0x0000000000000000, RBX=0x00007f843ea1a288, RCX=0x0000000000000018, RDX=0x0000000000008b31
RSP=0x00007f8457d546f8, RBP=0x00007f8457d54748, RSI=0x00007f8457d54758, RDI=0x0000000000008b31
R8 =0x00007f843ea1a288, R9 =0x0000000000000004, R10=0x00007f8440e0f378, R11=0x00007f84569881e0
R12=0x0000000000000000, R13=0x00007f843ea1a278, R14=0x00007f8457d54768, R15=0x00007f8450012000
RIP=0x00007f842fdd5e99, EFLAGS=0x0000000000010283, CSGSFS=0x002b000000000033, ERR=0x0000000000000004
  TRAPNO=0x000000000000000e

Top of Stack: (sp=0x00007f8457d546f8)
0x00007f8457d546f8:   00007f8440e0f3a4 00007f8440e0ef79
0x00007f8457d54708:   00007f8457d54708 00007f843ea1a278
0x00007f8457d54718:   00007f8457d54768 00007f843ea2d598
0x00007f8457d54728:   0000000000000000 00007f843ea1a288
0x00007f8457d54738:   0000000000000000 00007f8457d54768
0x00007f8457d54748:   00007f8457d547b0 00007f8440df7ac0
0x00007f8457d54758:   000000076ceba3b8 00007f8440e061b6
0x00007f8457d54768:   0000000000008b31 00007f8457d54770
0x00007f8457d54778:   00007f843ea14e32 00007f8457d547e0
0x00007f8457d54788:   00007f843ea14fa0 0000000000000000
0x00007f8457d54798:   00007f843ea14ee0 00007f8457d54768
0x00007f8457d547a8:   00007f8457d547d8 00007f8457d54830
0x00007f8457d547b8:   00007f8440df7ac0 0000000000000000
0x00007f8457d547c8:   000000076ce80878 000000076ce80670
0x00007f8457d547d8:   0000000000008b31 000000076ce80550
0x00007f8457d547e8:   000000076ce80658 00007f8457d547f0
0x00007f8457d547f8:   00007f843ea14990 00007f8457d54850
0x00007f8457d54808:   00007f843ea14fa0 0000000000000000
0x00007f8457d54818:   00007f843ea14a08 00007f8457d547d8
0x00007f8457d54828:   00007f8457d54840 00007f8457d54898
0x00007f8457d54838:   00007f8440df807d 000000076ce805b8
0x00007f8457d54848:   000000076ce80550 000000076ce80658
0x00007f8457d54858:   00007f8457d54858 00007f843ea14195
0x00007f8457d54868:   00007f8457d548a8 00007f843ea153e8
0x00007f8457d54878:   0000000000000000 00007f843ea141b0
0x00007f8457d54888:   00007f8457d54840 00007f8457d548a8
0x00007f8457d54898:   00007f8457d54900 00007f8440df807d
0x00007f8457d548a8:   000000076ce80658 000000076ce80658
0x00007f8457d548b8:   000000076ce703e8 00007f8457d548c0
0x00007f8457d548c8:   00007f843ea118ab 00007f8457d54948
0x00007f8457d548d8:   00007f843ea11e58 0000000000000000
0x00007f8457d548e8:   00007f843ea11a38 00007f8457d548a8 

Instructions: (pc=0x00007f842fdd5e99)
0x00007f842fdd5e79:   48 8b 80 00 0a 00 00 ff e0 66 66 66 66 66 2e 0f
0x00007f842fdd5e89:   1f 84 00 00 00 00 00 48 8b 07 89 d7 48 8b 40 18
0x00007f842fdd5e99:   48 8b 80 a8 08 00 00 ff e0 66 66 66 66 66 2e 0f
0x00007f842fdd5ea9:   1f 84 00 00 00 00 00 48 8b 07 89 d7 48 8b 40 18 

Register to memory mapping:

RAX=0x0000000000000000 is an unknown value
RBX={method} {0x00007f843ea1a288} 'glCreateShader' '(I)I' in 'org/lwjgl/opengl/GL20'
RCX=0x0000000000000018 is an unknown value
RDX=0x0000000000008b31 is an unknown value
RSP=0x00007f8457d546f8 is pointing into the stack for thread: 0x00007f8450012000
RBP=0x00007f8457d54748 is pointing into the stack for thread: 0x00007f8450012000
RSI=0x00007f8457d54758 is pointing into the stack for thread: 0x00007f8450012000
RDI=0x0000000000008b31 is an unknown value
R8 ={method} {0x00007f843ea1a288} 'glCreateShader' '(I)I' in 'org/lwjgl/opengl/GL20'
R9 =0x0000000000000004 is an unknown value
R10=0x00007f8440e0f378 is at code_begin+1528 in an Interpreter codelet
method entry point (kind = native)  [0x00007f8440e0ed80, 0x00007f8440e0fcc0]  3904 bytes
R11=0x00007f84569881e0: <offset 0x9901e0> in /usr/lib/jvm/java-8-openjdk-amd64/jre/lib/amd64/server/libjvm.so at 0x00007f8455ff8000
R12=0x0000000000000000 is an unknown value
R13=0x00007f843ea1a278 is pointing into metadata
R14=0x00007f8457d54768 is pointing into the stack for thread: 0x00007f8450012000
R15=0x00007f8450012000 is a thread


Stack: [0x00007f8457c55000,0x00007f8457d56000],  sp=0x00007f8457d546f8,  free space=1021k
Native frames: (J=compiled Java code, j=interpreted, Vv=VM code, C=native code)
C  [liblwjgl_opengl.so+0x45e99]  Java_org_lwjgl_opengl_GL20_glCreateShader+0x9
j  Shaders.ShaderProgram.loadShader(Ljava/lang/String;I)I+66
j  Shaders.ShaderProgram.<init>(Ljava/lang/String;Ljava/lang/String;)V+8
j  Shaders.StaticShader.<init>()V+5
j  Engine.Main.init()V+27
j  Engine.Main.run()V+1
j  Engine.Main.main([Ljava/lang/String;)V+7
v  ~StubRoutines::call_stub
V  [libjvm.so+0x67b49b]
V  [libjvm.so+0x69f617]
V  [libjvm.so+0x6a1fd3]
C  [libjli.so+0x3726]
C  [libjli.so+0x76dd]
C  [libpthread.so.0+0x7519]  start_thread+0xd9

Java frames: (J=compiled Java code, j=interpreted, Vv=VM code)
j  org.lwjgl.opengl.GL20.glCreateShader(I)I+0
j  Shaders.ShaderProgram.loadShader(Ljava/lang/String;I)I+66
j  Shaders.ShaderProgram.<init>(Ljava/lang/String;Ljava/lang/String;)V+8
j  Shaders.StaticShader.<init>()V+5
j  Engine.Main.init()V+27
j  Engine.Main.run()V+1
j  Engine.Main.main([Ljava/lang/String;)V+7
v  ~StubRoutines::call_stub

---------------  P R O C E S S  ---------------

Java Threads: ( => current thread )
  0x00007f84503ac000 JavaThread "Service Thread" daemon [_thread_blocked, id=9655, stack(0x00007f84378f9000,0x00007f84379fa000)]
  0x00007f84503a0800 JavaThread "C1 CompilerThread3" daemon [_thread_blocked, id=9654, stack(0x00007f84379fa000,0x00007f8437afb000)]
  0x00007f845039e800 JavaThread "C2 CompilerThread2" daemon [_thread_blocked, id=9653, stack(0x00007f8437afb000,0x00007f8437bfc000)]
  0x00007f8450398000 JavaThread "C2 CompilerThread1" daemon [_thread_blocked, id=9652, stack(0x00007f8437bfc000,0x00007f8437cfd000)]
  0x00007f8450395800 JavaThread "C2 CompilerThread0" daemon [_thread_blocked, id=9651, stack(0x00007f8437cfd000,0x00007f8437dfe000)]
  0x00007f83f0001000 JavaThread "JDWP Command Reader" daemon [_thread_in_native, id=9650, stack(0x00007f8437dfe000,0x00007f8437eff000)]
  0x00007f8450214800 JavaThread "JDWP Event Helper Thread" daemon [_thread_blocked, id=9649, stack(0x00007f8437eff000,0x00007f8438000000)]
  0x00007f8450210800 JavaThread "JDWP Transport Listener: dt_socket" daemon [_thread_blocked, id=9646, stack(0x00007f843c0e7000,0x00007f843c1e8000)]
  0x00007f8450201800 JavaThread "Signal Dispatcher" daemon [_thread_blocked, id=9645, stack(0x00007f843c3f4000,0x00007f843c4f5000)]
  0x00007f84501db000 JavaThread "Finalizer" daemon [_thread_blocked, id=9635, stack(0x00007f843c4f5000,0x00007f843c5f6000)]
  0x00007f84501d6800 JavaThread "Reference Handler" daemon [_thread_blocked, id=9634, stack(0x00007f843c5f6000,0x00007f843c6f7000)]
=>0x00007f8450012000 JavaThread "main" [_thread_in_native, id=9621, stack(0x00007f8457c55000,0x00007f8457d56000)]

Other Threads:
  0x00007f84501ce800 VMThread [stack: 0x00007f843c6f7000,0x00007f843c7f8000] [id=9633]
  0x00007f84503ae800 WatcherThread [stack: 0x00007f84377f8000,0x00007f84378f9000] [id=9656]

VM state:not at safepoint (normal execution)

VM Mutex/Monitor currently owned by a thread: None

Heap:
 PSYoungGen      total 74752K, used 10348K [0x000000076cb00000, 0x0000000771e00000, 0x00000007c0000000)
  eden space 64512K, 16% used [0x000000076cb00000,0x000000076d51b2c8,0x0000000770a00000)
  from space 10240K, 0% used [0x0000000771400000,0x0000000771400000,0x0000000771e00000)
  to   space 10240K, 0% used [0x0000000770a00000,0x0000000770a00000,0x0000000771400000)
 ParOldGen       total 171008K, used 0K [0x00000006c6000000, 0x00000006d0700000, 0x000000076cb00000)
  object space 171008K, 0% used [0x00000006c6000000,0x00000006c6000000,0x00000006d0700000)
 Metaspace       used 5457K, capacity 5654K, committed 5888K, reserved 1056768K
  class space    used 616K, capacity 703K, committed 768K, reserved 1048576K

Card table byte_map: [0x00007f844025f000,0x00007f8440a30000] byte_map_base: 0x00007f843cc2f000

Marking Bits: (ParMarkBitMap*) 0x00007f8456f510e0
 Begin Bits: [0x00007f8400300000, 0x00007f8404180000)
 End Bits:   [0x00007f8404180000, 0x00007f8408000000)

Polling page: 0x00007f8457d95000

CodeCache: size=245760Kb used=1205Kb max_used=1205Kb free=244554Kb
 bounds [0x00007f8440df0000, 0x00007f8441060000, 0x00007f844fdf0000]
 total_blobs=409 nmethods=100 adapters=234
 compilation: enabled

Compilation events (10 events):
Event: 0.183 Thread 0x00007f84503a0800   37       1       java.net.URL::getHost (5 bytes)
Event: 0.183 Thread 0x00007f84503a0800 nmethod 37 0x00007f8440f09590 code [0x00007f8440f096e0, 0x00007f8440f097f0]
Event: 0.183 Thread 0x00007f84503a0800   38       1       java.net.URL::getRef (5 bytes)
Event: 0.183 Thread 0x00007f84503a0800 nmethod 38 0x00007f8440f092d0 code [0x00007f8440f09420, 0x00007f8440f09530]
Event: 0.183 Thread 0x00007f84503a0800   34       1       java.net.URL::getPort (5 bytes)
Event: 0.183 Thread 0x00007f84503a0800 nmethod 34 0x00007f8440f09010 code [0x00007f8440f09160, 0x00007f8440f09270]
Event: 0.183 Thread 0x00007f84503a0800   21       1       java.lang.StringCoding$StringDecoder::requestedCharsetName (5 bytes)
Event: 0.183 Thread 0x00007f84503a0800 nmethod 21 0x00007f8440f08d50 code [0x00007f8440f08ea0, 0x00007f8440f08fb0]
Event: 0.184 Thread 0x00007f84503a0800   39   !   3       java.io.BufferedReader::readLine (304 bytes)
Event: 0.185 Thread 0x00007f84503a0800 nmethod 39 0x00007f8440f0b810 code [0x00007f8440f0bac0, 0x00007f8440f0d3e8]

GC Heap History (0 events):
No events

Deoptimization events (0 events):
No events

Internal exceptions (10 events):
Event: 90.338 Thread 0x00007f8450012000 Exception <a 'java/lang/NoSuchFieldError': method resolution failed> (0x000000076d19e078) thrown at [/build/openjdk-8-O5BLDv/openjdk-8-8u151-b12/src/hotspot/src/share/vm/prims/methodHandles.cpp, line 1146]
Event: 90.348 Thread 0x00007f8450012000 Exception <a 'java/lang/NoSuchFieldError': method resolution failed> (0x000000076d1abf20) thrown at [/build/openjdk-8-O5BLDv/openjdk-8-8u151-b12/src/hotspot/src/share/vm/prims/methodHandles.cpp, line 1146]
Event: 90.509 Thread 0x00007f8450012000 Exception <a 'java/lang/NoSuchMethodError': java.lang.Object.lambda$static$0(Ljava/lang/String;)Ljava/lang/Boolean;> (0x000000076d3020a0) thrown at [/build/openjdk-8-O5BLDv/openjdk-8-8u151-b12/src/hotspot/src/share/vm/interpreter/linkResolver.cpp, line 61
Event: 90.536 Thread 0x00007f8450012000 Exception <a 'java/security/PrivilegedActionException'> (0x000000076d35b7a0) thrown at [/build/openjdk-8-O5BLDv/openjdk-8-8u151-b12/src/hotspot/src/share/vm/prims/jvm.cpp, line 1390]
Event: 90.536 Thread 0x00007f8450012000 Exception <a 'java/security/PrivilegedActionException'> (0x000000076d35b9b0) thrown at [/build/openjdk-8-O5BLDv/openjdk-8-8u151-b12/src/hotspot/src/share/vm/prims/jvm.cpp, line 1390]
Event: 90.537 Thread 0x00007f8450012000 Exception <a 'java/security/PrivilegedActionException'> (0x000000076d35da38) thrown at [/build/openjdk-8-O5BLDv/openjdk-8-8u151-b12/src/hotspot/src/share/vm/prims/jvm.cpp, line 1390]
Event: 90.537 Thread 0x00007f8450012000 Exception <a 'java/security/PrivilegedActionException'> (0x000000076d35dc48) thrown at [/build/openjdk-8-O5BLDv/openjdk-8-8u151-b12/src/hotspot/src/share/vm/prims/jvm.cpp, line 1390]
Event: 90.537 Thread 0x00007f8450012000 Exception <a 'java/security/PrivilegedActionException'> (0x000000076d35e720) thrown at [/build/openjdk-8-O5BLDv/openjdk-8-8u151-b12/src/hotspot/src/share/vm/prims/jvm.cpp, line 1390]
Event: 90.538 Thread 0x00007f8450012000 Exception <a 'java/security/PrivilegedActionException'> (0x000000076d35e930) thrown at [/build/openjdk-8-O5BLDv/openjdk-8-8u151-b12/src/hotspot/src/share/vm/prims/jvm.cpp, line 1390]
Event: 90.624 Thread 0x00007f8450012000 Exception <a 'sun/nio/fs/UnixException'> (0x000000076d43eeb0) thrown at [/build/openjdk-8-O5BLDv/openjdk-8-8u151-b12/src/hotspot/src/share/vm/prims/jni.cpp, line 709]

Events (10 events):
Event: 90.656 loading class org/lwjgl/system/jni/JNINativeInterface
Event: 90.656 loading class org/lwjgl/system/jni/JNINativeInterface done
Event: 90.659 loading class org/lwjgl/system/linux/DynamicLinkLoader
Event: 90.659 loading class org/lwjgl/system/linux/DynamicLinkLoader done
Event: 90.662 loading class org/lwjgl/opengl/GL$2
Event: 90.662 loading class org/lwjgl/opengl/GL$2 done
Event: 90.664 loading class org/lwjgl/opengl/GL$SharedLibraryGL
Event: 90.664 loading class org/lwjgl/opengl/GL$SharedLibraryGL done
Event: 90.665 loading class org/lwjgl/system/SharedLibrary$Delegate
Event: 90.665 loading class org/lwjgl/system/SharedLibrary$Delegate done


Dynamic libraries:
6c6000000-6d0700000 rw-p 00000000 00:00 0 
6d0700000-76cb00000 ---p 00000000 00:00 0 
76cb00000-771e00000 rw-p 00000000 00:00 0 
771e00000-7c0000000 ---p 00000000 00:00 0 
7c0000000-7c00c0000 rw-p 00000000 00:00 0 
7c00c0000-800000000 ---p 00000000 00:00 0 
555da37d4000-555da37d5000 r-xp 00000000 08:02 6162004                    /usr/lib/jvm/java-8-openjdk-amd64/jre/bin/java
555da39d4000-555da39d5000 r--p 00000000 08:02 6162004                    /usr/lib/jvm/java-8-openjdk-amd64/jre/bin/java
555da39d5000-555da39d6000 rw-p 00001000 08:02 6162004                    /usr/lib/jvm/java-8-openjdk-amd64/jre/bin/java
555da3c7f000-555da3ca0000 rw-p 00000000 00:00 0                          [heap]
7f83cc000000-7f83cc021000 rw-p 00000000 00:00 0 
7f83cc021000-7f83d0000000 ---p 00000000 00:00 0 
7f83d0000000-7f83d0021000 rw-p 00000000 00:00 0 
7f83d0021000-7f83d4000000 ---p 00000000 00:00 0 
7f83d4000000-7f83d4072000 rw-p 00000000 00:00 0 
7f83d4072000-7f83d8000000 ---p 00000000 00:00 0 
7f83d8000000-7f83d8048000 rw-p 00000000 00:00 0 
7f83d8048000-7f83dc000000 ---p 00000000 00:00 0 
7f83dc000000-7f83dc0a7000 rw-p 00000000 00:00 0 
7f83dc0a7000-7f83e0000000 ---p 00000000 00:00 0 
7f83e0000000-7f83e008b000 rw-p 00000000 00:00 0 
7f83e008b000-7f83e4000000 ---p 00000000 00:00 0 
7f83e4000000-7f83e4021000 rw-p 00000000 00:00 0 
7f83e4021000-7f83e8000000 ---p 00000000 00:00 0 
7f83e8000000-7f83e8021000 rw-p 00000000 00:00 0 
7f83e8021000-7f83ec000000 ---p 00000000 00:00 0 
7f83ec000000-7f83ec021000 rw-p 00000000 00:00 0 
7f83ec021000-7f83f0000000 ---p 00000000 00:00 0 
7f83f0000000-7f83f0021000 rw-p 00000000 00:00 0 
7f83f0021000-7f83f4000000 ---p 00000000 00:00 0 
7f83f4000000-7f83f4021000 rw-p 00000000 00:00 0 
7f83f4021000-7f83f8000000 ---p 00000000 00:00 0 
7f83f8000000-7f83f8021000 rw-p 00000000 00:00 0 
7f83f8021000-7f83fc000000 ---p 00000000 00:00 0 
7f83fc000000-7f83fc021000 rw-p 00000000 00:00 0 
7f83fc021000-7f8400000000 ---p 00000000 00:00 0 
7f8400300000-7f8408000000 rw-p 00000000 00:00 0 
7f8408000000-7f8408021000 rw-p 00000000 00:00 0 
7f8408021000-7f840c000000 ---p 00000000 00:00 0 
7f840c000000-7f840c021000 rw-p 00000000 00:00 0 
7f840c021000-7f8410000000 ---p 00000000 00:00 0 
7f8410000000-7f8410021000 rw-p 00000000 00:00 0 
7f8410021000-7f8414000000 ---p 00000000 00:00 0 
7f8418000000-7f8418021000 rw-p 00000000 00:00 0 
7f8418021000-7f841c000000 ---p 00000000 00:00 0 
7f8420000000-7f8420021000 rw-p 00000000 00:00 0 
7f8420021000-7f8424000000 ---p 00000000 00:00 0 
7f8428000000-7f8428021000 rw-p 00000000 00:00 0 
7f8428021000-7f842c000000 ---p 00000000 00:00 0 
7f842e868000-7f842e87b000 r-xp 00000000 08:02 1443817                    /lib/x86_64-linux-gnu/libbsd.so.0.8.6
7f842e87b000-7f842ea7a000 ---p 00013000 08:02 1443817                    /lib/x86_64-linux-gnu/libbsd.so.0.8.6
7f842ea7a000-7f842ea7b000 r--p 00012000 08:02 1443817                    /lib/x86_64-linux-gnu/libbsd.so.0.8.6
7f842ea7b000-7f842ea7c000 rw-p 00013000 08:02 1443817                    /lib/x86_64-linux-gnu/libbsd.so.0.8.6
7f842ea7c000-7f842ea7d000 rw-p 00000000 00:00 0 
7f842ea80000-7f842ea85000 r-xp 00000000 08:02 5518031                    /usr/lib/x86_64-linux-gnu/libXdmcp.so.6.0.0
7f842ea85000-7f842ec84000 ---p 00005000 08:02 5518031                    /usr/lib/x86_64-linux-gnu/libXdmcp.so.6.0.0
7f842ec84000-7f842ec85000 r--p 00004000 08:02 5518031                    /usr/lib/x86_64-linux-gnu/libXdmcp.so.6.0.0
7f842ec85000-7f842ec86000 rw-p 00005000 08:02 5518031                    /usr/lib/x86_64-linux-gnu/libXdmcp.so.6.0.0
7f842ec88000-7f842ec8a000 r-xp 00000000 08:02 5518016                    /usr/lib/x86_64-linux-gnu/libXau.so.6.0.0
7f842ec8a000-7f842ee8a000 ---p 00002000 08:02 5518016                    /usr/lib/x86_64-linux-gnu/libXau.so.6.0.0
7f842ee8a000-7f842ee8b000 r--p 00002000 08:02 5518016                    /usr/lib/x86_64-linux-gnu/libXau.so.6.0.0
7f842ee8b000-7f842ee8c000 rw-p 00003000 08:02 5518016                    /usr/lib/x86_64-linux-gnu/libXau.so.6.0.0
7f842ee90000-7f842eeb7000 r-xp 00000000 08:02 5520824                    /usr/lib/x86_64-linux-gnu/libxcb.so.1.1.0
7f842eeb7000-7f842f0b6000 ---p 00027000 08:02 5520824                    /usr/lib/x86_64-linux-gnu/libxcb.so.1.1.0
7f842f0b6000-7f842f0b7000 r--p 00026000 08:02 5520824                    /usr/lib/x86_64-linux-gnu/libxcb.so.1.1.0
7f842f0b7000-7f842f0b8000 rw-p 00027000 08:02 5520824                    /usr/lib/x86_64-linux-gnu/libxcb.so.1.1.0
7f842f0b8000-7f842f0c9000 r-xp 00000000 08:02 5518035                    /usr/lib/x86_64-linux-gnu/libXext.so.6.4.0
7f842f0c9000-7f842f2c8000 ---p 00011000 08:02 5518035                    /usr/lib/x86_64-linux-gnu/libXext.so.6.4.0
7f842f2c8000-7f842f2c9000 r--p 00010000 08:02 5518035                    /usr/lib/x86_64-linux-gnu/libXext.so.6.4.0
7f842f2c9000-7f842f2ca000 rw-p 00011000 08:02 5518035                    /usr/lib/x86_64-linux-gnu/libXext.so.6.4.0
7f842f2d0000-7f842f40a000 r-xp 00000000 08:02 5518010                    /usr/lib/x86_64-linux-gnu/libX11.so.6.3.0
7f842f40a000-7f842f60a000 ---p 0013a000 08:02 5518010                    /usr/lib/x86_64-linux-gnu/libX11.so.6.3.0
7f842f60a000-7f842f60b000 r--p 0013a000 08:02 5518010                    /usr/lib/x86_64-linux-gnu/libX11.so.6.3.0
7f842f60b000-7f842f610000 rw-p 0013b000 08:02 5518010                    /usr/lib/x86_64-linux-gnu/libX11.so.6.3.0
7f842f610000-7f842f67e000 r-xp 00000000 08:02 5509326                    /usr/lib/x86_64-linux-gnu/libGLdispatch.so.0.0.0
7f842f67e000-7f842f87d000 ---p 0006e000 08:02 5509326                    /usr/lib/x86_64-linux-gnu/libGLdispatch.so.0.0.0
7f842f87d000-7f842f8a5000 r--p 0006d000 08:02 5509326                    /usr/lib/x86_64-linux-gnu/libGLdispatch.so.0.0.0
7f842f8a5000-7f842f8a6000 rw-p 00095000 08:02 5509326                    /usr/lib/x86_64-linux-gnu/libGLdispatch.so.0.0.0
7f842f8a6000-7f842f8c6000 rw-p 00000000 00:00 0 
7f842f8c8000-7f842f8d8000 r-xp 00000000 08:02 5509319                    /usr/lib/x86_64-linux-gnu/libGLX.so.0.0.0
7f842f8d8000-7f842fad7000 ---p 00010000 08:02 5509319                    /usr/lib/x86_64-linux-gnu/libGLX.so.0.0.0
7f842fad7000-7f842fad8000 r--p 0000f000 08:02 5509319                    /usr/lib/x86_64-linux-gnu/libGLX.so.0.0.0
7f842fad8000-7f842fad9000 rw-p 00010000 08:02 5509319                    /usr/lib/x86_64-linux-gnu/libGLX.so.0.0.0
7f842fad9000-7f842faf9000 rw-p 00000000 00:00 0 
7f842fb00000-7f842fb71000 r-xp 00000000 08:02 5509294                    /usr/lib/mesa-diverted/x86_64-linux-gnu/libGL.so.1.0.0
7f842fb71000-7f842fd70000 ---p 00071000 08:02 5509294                    /usr/lib/mesa-diverted/x86_64-linux-gnu/libGL.so.1.0.0
7f842fd70000-7f842fd8a000 r--p 00070000 08:02 5509294                    /usr/lib/mesa-diverted/x86_64-linux-gnu/libGL.so.1.0.0
7f842fd8a000-7f842fd8b000 rw-p 0008a000 08:02 5509294                    /usr/lib/mesa-diverted/x86_64-linux-gnu/libGL.so.1.0.0
7f842fd8b000-7f842fd8c000 rw-p 00000000 00:00 0 
7f842fd90000-7f842fdfb000 r-xp 00000000 08:12 390920                     /tmp/lwjglmart/3.1.4-build-8/liblwjgl_opengl.so
7f842fdfb000-7f842fffa000 ---p 0006b000 08:12 390920                     /tmp/lwjglmart/3.1.4-build-8/liblwjgl_opengl.so
7f842fffa000-7f842fffb000 r--p 0006a000 08:12 390920                     /tmp/lwjglmart/3.1.4-build-8/liblwjgl_opengl.so
7f842fffb000-7f842fffc000 rw-p 0006b000 08:12 390920                     /tmp/lwjglmart/3.1.4-build-8/liblwjgl_opengl.so
7f8430000000-7f8430021000 rw-p 00000000 00:00 0 
7f8430021000-7f8434000000 ---p 00000000 00:00 0 
7f8434170000-7f84341c6000 r-xp 00000000 08:12 390918                     /tmp/lwjglmart/3.1.4-build-8/liblwjgl.so
7f84341c6000-7f84343c5000 ---p 00056000 08:12 390918                     /tmp/lwjglmart/3.1.4-build-8/liblwjgl.so
7f84343c5000-7f84343c6000 r--p 00055000 08:12 390918                     /tmp/lwjglmart/3.1.4-build-8/liblwjgl.so
7f84343c6000-7f84343c7000 rw-p 00056000 08:12 390918                     /tmp/lwjglmart/3.1.4-build-8/liblwjgl.so
7f84343c7000-7f84373c8000 rw-p 00000000 00:00 0 
7f84373c8000-7f84373df000 r-xp 00000000 08:02 6162048                    /usr/lib/jvm/java-8-openjdk-amd64/jre/lib/amd64/libnet.so
7f84373df000-7f84375de000 ---p 00017000 08:02 6162048                    /usr/lib/jvm/java-8-openjdk-amd64/jre/lib/amd64/libnet.so
7f84375de000-7f84375df000 r--p 00016000 08:02 6162048                    /usr/lib/jvm/java-8-openjdk-amd64/jre/lib/amd64/libnet.so
7f84375df000-7f84375e0000 rw-p 00017000 08:02 6162048                    /usr/lib/jvm/java-8-openjdk-amd64/jre/lib/amd64/libnet.so
7f84375e0000-7f84375f1000 r-xp 00000000 08:02 6162049                    /usr/lib/jvm/java-8-openjdk-amd64/jre/lib/amd64/libnio.so
7f84375f1000-7f84377f1000 ---p 00011000 08:02 6162049                    /usr/lib/jvm/java-8-openjdk-amd64/jre/lib/amd64/libnio.so
7f84377f1000-7f84377f2000 r--p 00011000 08:02 6162049                    /usr/lib/jvm/java-8-openjdk-amd64/jre/lib/amd64/libnio.so
7f84377f2000-7f84377f3000 rw-p 00012000 08:02 6162049                    /usr/lib/jvm/java-8-openjdk-amd64/jre/lib/amd64/libnio.so
7f84377f8000-7f84377f9000 ---p 00000000 00:00 0 
7f84377f9000-7f84378f9000 rw-p 00000000 00:00 0 
7f84378f9000-7f84378fc000 ---p 00000000 00:00 0 
7f84378fc000-7f84379fa000 rw-p 00000000 00:00 0 
7f84379fa000-7f84379fd000 ---p 00000000 00:00 0 
7f84379fd000-7f8437afb000 rw-p 00000000 00:00 0 
7f8437afb000-7f8437afe000 ---p 00000000 00:00 0 
7f8437afe000-7f8437bfc000 rw-p 00000000 00:00 0 
7f8437bfc000-7f8437bff000 ---p 00000000 00:00 0 
7f8437bff000-7f8437cfd000 rw-p 00000000 00:00 0 
7f8437cfd000-7f8437d00000 ---p 00000000 00:00 0 
7f8437d00000-7f8437dfe000 rw-p 00000000 00:00 0 
7f8437dfe000-7f8437e01000 ---p 00000000 00:00 0 
7f8437e01000-7f8437eff000 rw-p 00000000 00:00 0 
7f8437eff000-7f8437f02000 ---p 00000000 00:00 0 
7f8437f02000-7f8438000000 rw-p 00000000 00:00 0 
7f8438000000-7f8438021000 rw-p 00000000 00:00 0 
7f8438021000-7f843c000000 ---p 00000000 00:00 0 
7f843c02e000-7f843c035000 r--s 0005e000 08:02 1055194                    /opt/intellij/lib/asm-all.jar
7f843c03b000-7f843c03d000 r--s 00003000 08:02 1055306                    /opt/intellij/lib/rt/debugger-agent.jar
7f843c042000-7f843c044000 r--s 0001a000 08:02 1055240                    /opt/intellij/lib/idea_rt.jar
7f843c047000-7f843c04b000 r--s 00017000 08:14 13768678                   /home/mart/IdeaProjects/silorex/lwjgl/lwjgl-glfw.jar
7f843c04d000-7f843c04e000 r--s 0003d000 08:14 13768676                   /home/mart/IdeaProjects/silorex/lwjgl/lwjgl-glfw-natives-windows.jar
7f843c055000-7f843c056000 r--s 0000d000 08:14 13768675                   /home/mart/IdeaProjects/silorex/lwjgl/lwjgl-glfw-natives-macos.jar
7f843c057000-7f843c058000 r--s 0001f000 08:14 13768674                   /home/mart/IdeaProjects/silorex/lwjgl/lwjgl-glfw-natives-linux.jar
7f843c05e000-7f843c068000 r--s 000be000 08:14 13769182                   /home/mart/IdeaProjects/silorex/lwjgl/lwjgl-opengl.jar
7f843c06a000-7f843c06b000 r--s 0002a000 08:14 13769186                   /home/mart/IdeaProjects/silorex/lwjgl/lwjgl-opengl-natives-windows.jar
7f843c06b000-7f843c06c000 r--s 0000b000 08:14 13769185                   /home/mart/IdeaProjects/silorex/lwjgl/lwjgl-opengl-natives-macos.jar
7f843c06e000-7f843c06f000 r--s 00016000 08:14 13769184                   /home/mart/IdeaProjects/silorex/lwjgl/lwjgl-opengl-natives-linux.jar
7f843c072000-7f843c077000 r--s 00042000 08:14 13768649                   /home/mart/IdeaProjects/silorex/lwjgl/lwjgl.jar
7f843c079000-7f843c07a000 r--s 00039000 08:14 13768647                   /home/mart/IdeaProjects/silorex/lwjgl/lwjgl-natives-windows.jar
7f843c081000-7f843c082000 r--s 00009000 08:14 13768646                   /home/mart/IdeaProjects/silorex/lwjgl/lwjgl-natives-macos.jar
7f843c083000-7f843c084000 r--s 00013000 08:14 13768645                   /home/mart/IdeaProjects/silorex/lwjgl/lwjgl-natives-linux.jar
7f843c086000-7f843c099000 r--s 00346000 08:02 6162100                    /usr/lib/jvm/java-8-openjdk-amd64/jre/lib/resources.jar
7f843c0a0000-7f843c0a1000 r--s 00000000 08:02 6162098                    /usr/lib/jvm/java-8-openjdk-amd64/jre/lib/management-agent.jar
7f843c0a2000-7f843c0a7000 r--s 0009a000 08:02 6162095                    /usr/lib/jvm/java-8-openjdk-amd64/jre/lib/jsse.jar
7f843c0ad000-7f843c0b0000 r--s 00015000 08:02 6162093                    /usr/lib/jvm/java-8-openjdk-amd64/jre/lib/jce.jar
7f843c0b7000-7f843c0b9000 r--s 00007000 08:02 1711658                    /usr/share/java/java-atk-wrapper.jar
7f843c0b9000-7f843c0be000 r--s 002f9000 08:02 6162062                    /usr/lib/jvm/java-8-openjdk-amd64/jre/lib/charsets.jar
7f843c0be000-7f843c0d9000 r--s 001d6000 08:02 6162077                    /usr/lib/jvm/java-8-openjdk-amd64/jre/lib/ext/nashorn.jar
7f843c0da000-7f843c0e0000 r--s 0003a000 08:02 6162079                    /usr/lib/jvm/java-8-openjdk-amd64/jre/lib/ext/sunjce_provider.jar
7f843c0e7000-7f843c0ea000 ---p 00000000 00:00 0 
7f843c0ea000-7f843c1e8000 rw-p 00000000 00:00 0 
7f843c1e8000-7f843c1ec000 r-xp 00000000 08:02 6162027                    /usr/lib/jvm/java-8-openjdk-amd64/jre/lib/amd64/libdt_socket.so
7f843c1ec000-7f843c3eb000 ---p 00004000 08:02 6162027                    /usr/lib/jvm/java-8-openjdk-amd64/jre/lib/amd64/libdt_socket.so
7f843c3eb000-7f843c3ec000 r--p 00003000 08:02 6162027                    /usr/lib/jvm/java-8-openjdk-amd64/jre/lib/amd64/libdt_socket.so
7f843c3ec000-7f843c3ed000 rw-p 00004000 08:02 6162027                    /usr/lib/jvm/java-8-openjdk-amd64/jre/lib/amd64/libdt_socket.so
7f843c3f4000-7f843c3f7000 ---p 00000000 00:00 0 
7f843c3f7000-7f843c4f5000 rw-p 00000000 00:00 0 
7f843c4f5000-7f843c4f8000 ---p 00000000 00:00 0 
7f843c4f8000-7f843c5f6000 rw-p 00000000 00:00 0 
7f843c5f6000-7f843c5f9000 ---p 00000000 00:00 0 
7f843c5f9000-7f843c6f7000 rw-p 00000000 00:00 0 
7f843c6f7000-7f843c6f8000 ---p 00000000 00:00 0 
7f843c6f8000-7f843e361000 rw-p 00000000 00:00 0 
7f843e361000-7f843e530000 r--s 03c21000 08:02 6162101                    /usr/lib/jvm/java-8-openjdk-amd64/jre/lib/rt.jar
7f843e532000-7f843e603000 rw-p 00000000 00:00 0 
7f843e603000-7f843eb03000 rw-p 00000000 00:00 0 
7f843eb03000-7f843ee03000 ---p 00000000 00:00 0 
7f843ee03000-7f843f622000 rw-p 00000000 00:00 0 
7f843f622000-7f843f623000 ---p 00000000 00:00 0 
7f843f623000-7f843f723000 rw-p 00000000 00:00 0 
7f843f723000-7f843f724000 ---p 00000000 00:00 0 
7f843f724000-7f843f824000 rw-p 00000000 00:00 0 
7f843f824000-7f843f825000 ---p 00000000 00:00 0 
7f843f825000-7f843f925000 rw-p 00000000 00:00 0 
7f843f925000-7f843f926000 ---p 00000000 00:00 0 
7f843f926000-7f843fa26000 rw-p 00000000 00:00 0 
7f843fa26000-7f843fa27000 ---p 00000000 00:00 0 
7f843fa27000-7f843fb27000 rw-p 00000000 00:00 0 
7f843fb27000-7f843fb28000 ---p 00000000 00:00 0 
7f843fb28000-7f843fc28000 rw-p 00000000 00:00 0 
7f843fc28000-7f843fc29000 ---p 00000000 00:00 0 
7f843fc29000-7f843fd29000 rw-p 00000000 00:00 0 
7f843fd29000-7f843fd7d000 rw-p 00000000 00:00 0 
7f843fd7d000-7f844025f000 ---p 00000000 00:00 0 
7f844025f000-7f84402b3000 rw-p 00000000 00:00 0 
7f84402b3000-7f8440794000 ---p 00000000 00:00 0 
7f8440794000-7f84407be000 rw-p 00000000 00:00 0 
7f84407be000-7f8440a2f000 ---p 00000000 00:00 0 
7f8440a2f000-7f8440a3a000 rw-p 00000000 00:00 0 
7f8440a3a000-7f8440df0000 ---p 00000000 00:00 0 
7f8440df0000-7f8441060000 rwxp 00000000 00:00 0 
7f8441060000-7f844fdf0000 ---p 00000000 00:00 0 
7f844fdf0000-7f844fdf8000 r-xp 00000000 08:02 6162057                    /usr/lib/jvm/java-8-openjdk-amd64/jre/lib/amd64/libzip.so
7f844fdf8000-7f844fff7000 ---p 00008000 08:02 6162057                    /usr/lib/jvm/java-8-openjdk-amd64/jre/lib/amd64/libzip.so
7f844fff7000-7f844fff8000 r--p 00007000 08:02 6162057                    /usr/lib/jvm/java-8-openjdk-amd64/jre/lib/amd64/libzip.so
7f844fff8000-7f844fff9000 rw-p 00008000 08:02 6162057                    /usr/lib/jvm/java-8-openjdk-amd64/jre/lib/amd64/libzip.so
7f8450000000-7f84504ea000 rw-p 00000000 00:00 0 
7f84504ea000-7f8454000000 ---p 00000000 00:00 0 
7f8454007000-7f845400a000 r--s 0000f000 08:02 6162074                    /usr/lib/jvm/java-8-openjdk-amd64/jre/lib/ext/icedtea-sound.jar
7f845400c000-7f8454027000 r--s 00394000 08:02 6162072                    /usr/lib/jvm/java-8-openjdk-amd64/jre/lib/ext/cldrdata.jar
7f8454027000-7f8454028000 ---p 00000000 00:00 0 
7f8454028000-7f8454128000 rw-p 00000000 00:00 0 
7f8454128000-7f8454133000 r-xp 00000000 08:02 1465569                    /lib/x86_64-linux-gnu/libnss_files-2.25.so
7f8454133000-7f8454332000 ---p 0000b000 08:02 1465569                    /lib/x86_64-linux-gnu/libnss_files-2.25.so
7f8454332000-7f8454333000 r--p 0000a000 08:02 1465569                    /lib/x86_64-linux-gnu/libnss_files-2.25.so
7f8454333000-7f8454334000 rw-p 0000b000 08:02 1465569                    /lib/x86_64-linux-gnu/libnss_files-2.25.so
7f8454334000-7f845433a000 rw-p 00000000 00:00 0 
7f8454340000-7f845434b000 r-xp 00000000 08:02 1465571                    /lib/x86_64-linux-gnu/libnss_nis-2.25.so
7f845434b000-7f845454a000 ---p 0000b000 08:02 1465571                    /lib/x86_64-linux-gnu/libnss_nis-2.25.so
7f845454a000-7f845454b000 r--p 0000a000 08:02 1465571                    /lib/x86_64-linux-gnu/libnss_nis-2.25.so
7f845454b000-7f845454c000 rw-p 0000b000 08:02 1465571                    /lib/x86_64-linux-gnu/libnss_nis-2.25.so
7f8454550000-7f8454565000 r-xp 00000000 08:02 1465566                    /lib/x86_64-linux-gnu/libnsl-2.25.so
7f8454565000-7f8454764000 ---p 00015000 08:02 1465566                    /lib/x86_64-linux-gnu/libnsl-2.25.so
7f8454764000-7f8454765000 r--p 00014000 08:02 1465566                    /lib/x86_64-linux-gnu/libnsl-2.25.so
7f8454765000-7f8454766000 rw-p 00015000 08:02 1465566                    /lib/x86_64-linux-gnu/libnsl-2.25.so
7f8454766000-7f8454768000 rw-p 00000000 00:00 0 
7f8454768000-7f845476f000 r-xp 00000000 08:02 1465567                    /lib/x86_64-linux-gnu/libnss_compat-2.25.so
7f845476f000-7f845496e000 ---p 00007000 08:02 1465567                    /lib/x86_64-linux-gnu/libnss_compat-2.25.so
7f845496e000-7f845496f000 r--p 00006000 08:02 1465567                    /lib/x86_64-linux-gnu/libnss_compat-2.25.so
7f845496f000-7f8454970000 rw-p 00007000 08:02 1465567                    /lib/x86_64-linux-gnu/libnss_compat-2.25.so
7f8454970000-7f845497a000 r-xp 00000000 08:02 6162031                    /usr/lib/jvm/java-8-openjdk-amd64/jre/lib/amd64/libinstrument.so
7f845497a000-7f8454b79000 ---p 0000a000 08:02 6162031                    /usr/lib/jvm/java-8-openjdk-amd64/jre/lib/amd64/libinstrument.so
7f8454b79000-7f8454b7a000 r--p 00009000 08:02 6162031                    /usr/lib/jvm/java-8-openjdk-amd64/jre/lib/amd64/libinstrument.so
7f8454b7a000-7f8454b7b000 rw-p 0000a000 08:02 6162031                    /usr/lib/jvm/java-8-openjdk-amd64/jre/lib/amd64/libinstrument.so
7f8454b80000-7f8454cb0000 r--p 00000000 08:02 6162747                    /usr/lib/locale/aa_DJ.utf8/LC_COLLATE
7f8454cb0000-7f8454cb2000 r-xp 00000000 08:02 6162050                    /usr/lib/jvm/java-8-openjdk-amd64/jre/lib/amd64/libnpt.so
7f8454cb2000-7f8454eb2000 ---p 00002000 08:02 6162050                    /usr/lib/jvm/java-8-openjdk-amd64/jre/lib/amd64/libnpt.so
7f8454eb2000-7f8454eb3000 r--p 00002000 08:02 6162050                    /usr/lib/jvm/java-8-openjdk-amd64/jre/lib/amd64/libnpt.so
7f8454eb3000-7f8454eb4000 rw-p 00003000 08:02 6162050                    /usr/lib/jvm/java-8-openjdk-amd64/jre/lib/amd64/libnpt.so
7f8454eb8000-7f8454ef3000 r-xp 00000000 08:02 6162041                    /usr/lib/jvm/java-8-openjdk-amd64/jre/lib/amd64/libjdwp.so
7f8454ef3000-7f84550f2000 ---p 0003b000 08:02 6162041                    /usr/lib/jvm/java-8-openjdk-amd64/jre/lib/amd64/libjdwp.so
7f84550f2000-7f84550f3000 r--p 0003a000 08:02 6162041                    /usr/lib/jvm/java-8-openjdk-amd64/jre/lib/amd64/libjdwp.so
7f84550f3000-7f84550f4000 rw-p 0003b000 08:02 6162041                    /usr/lib/jvm/java-8-openjdk-amd64/jre/lib/amd64/libjdwp.so
7f84550f8000-7f8455125000 r-xp 00000000 08:02 6162036                    /usr/lib/jvm/java-8-openjdk-amd64/jre/lib/amd64/libjava.so
7f8455125000-7f8455325000 ---p 0002d000 08:02 6162036                    /usr/lib/jvm/java-8-openjdk-amd64/jre/lib/amd64/libjava.so
7f8455325000-7f8455326000 r--p 0002d000 08:02 6162036                    /usr/lib/jvm/java-8-openjdk-amd64/jre/lib/amd64/libjava.so
7f8455326000-7f8455328000 rw-p 0002e000 08:02 6162036                    /usr/lib/jvm/java-8-openjdk-amd64/jre/lib/amd64/libjava.so
7f8455328000-7f8455338000 r-xp 00000000 08:02 6162056                    /usr/lib/jvm/java-8-openjdk-amd64/jre/lib/amd64/libverify.so
7f8455338000-7f8455537000 ---p 00010000 08:02 6162056                    /usr/lib/jvm/java-8-openjdk-amd64/jre/lib/amd64/libverify.so
7f8455537000-7f8455539000 r--p 0000f000 08:02 6162056                    /usr/lib/jvm/java-8-openjdk-amd64/jre/lib/amd64/libverify.so
7f8455539000-7f845553a000 rw-p 00011000 08:02 6162056                    /usr/lib/jvm/java-8-openjdk-amd64/jre/lib/amd64/libverify.so
7f8455540000-7f8455547000 r-xp 00000000 08:02 1465576                    /lib/x86_64-linux-gnu/librt-2.25.so
7f8455547000-7f8455746000 ---p 00007000 08:02 1465576                    /lib/x86_64-linux-gnu/librt-2.25.so
7f8455746000-7f8455747000 r--p 00006000 08:02 1465576                    /lib/x86_64-linux-gnu/librt-2.25.so
7f8455747000-7f8455748000 rw-p 00007000 08:02 1465576                    /lib/x86_64-linux-gnu/librt-2.25.so
7f8455748000-7f845575e000 r-xp 00000000 08:02 1444262                    /lib/x86_64-linux-gnu/libgcc_s.so.1
7f845575e000-7f845595d000 ---p 00016000 08:02 1444262                    /lib/x86_64-linux-gnu/libgcc_s.so.1
7f845595d000-7f845595e000 r--p 00015000 08:02 1444262                    /lib/x86_64-linux-gnu/libgcc_s.so.1
7f845595e000-7f845595f000 rw-p 00016000 08:02 1444262                    /lib/x86_64-linux-gnu/libgcc_s.so.1
7f8455960000-7f8455a72000 r-xp 00000000 08:02 1465563                    /lib/x86_64-linux-gnu/libm-2.25.so
7f8455a72000-7f8455c71000 ---p 00112000 08:02 1465563                    /lib/x86_64-linux-gnu/libm-2.25.so
7f8455c71000-7f8455c72000 r--p 00111000 08:02 1465563                    /lib/x86_64-linux-gnu/libm-2.25.so
7f8455c72000-7f8455c73000 rw-p 00112000 08:02 1465563                    /lib/x86_64-linux-gnu/libm-2.25.so
7f8455c78000-7f8455de8000 r-xp 00000000 08:02 5508933                    /usr/lib/x86_64-linux-gnu/libstdc++.so.6.0.24
7f8455de8000-7f8455fe8000 ---p 00170000 08:02 5508933                    /usr/lib/x86_64-linux-gnu/libstdc++.so.6.0.24
7f8455fe8000-7f8455ff2000 r--p 00170000 08:02 5508933                    /usr/lib/x86_64-linux-gnu/libstdc++.so.6.0.24
7f8455ff2000-7f8455ff4000 rw-p 0017a000 08:02 5508933                    /usr/lib/x86_64-linux-gnu/libstdc++.so.6.0.24
7f8455ff4000-7f8455ff7000 rw-p 00000000 00:00 0 
7f8455ff8000-7f8456c82000 r-xp 00000000 08:02 6162061                    /usr/lib/jvm/java-8-openjdk-amd64/jre/lib/amd64/server/libjvm.so
7f8456c82000-7f8456e82000 ---p 00c8a000 08:02 6162061                    /usr/lib/jvm/java-8-openjdk-amd64/jre/lib/amd64/server/libjvm.so
7f8456e82000-7f8456f15000 r--p 00c8a000 08:02 6162061                    /usr/lib/jvm/java-8-openjdk-amd64/jre/lib/amd64/server/libjvm.so
7f8456f15000-7f8456f3d000 rw-p 00d1d000 08:02 6162061                    /usr/lib/jvm/java-8-openjdk-amd64/jre/lib/amd64/server/libjvm.so
7f8456f3d000-7f8456f6e000 rw-p 00000000 00:00 0 
7f8456f70000-7f8457109000 r-xp 00000000 08:02 1465559                    /lib/x86_64-linux-gnu/libc-2.25.so
7f8457109000-7f8457309000 ---p 00199000 08:02 1465559                    /lib/x86_64-linux-gnu/libc-2.25.so
7f8457309000-7f845730d000 r--p 00199000 08:02 1465559                    /lib/x86_64-linux-gnu/libc-2.25.so
7f845730d000-7f845730f000 rw-p 0019d000 08:02 1465559                    /lib/x86_64-linux-gnu/libc-2.25.so
7f845730f000-7f8457313000 rw-p 00000000 00:00 0 
7f8457318000-7f845731b000 r-xp 00000000 08:02 1465562                    /lib/x86_64-linux-gnu/libdl-2.25.so
7f845731b000-7f845751a000 ---p 00003000 08:02 1465562                    /lib/x86_64-linux-gnu/libdl-2.25.so
7f845751a000-7f845751b000 r--p 00002000 08:02 1465562                    /lib/x86_64-linux-gnu/libdl-2.25.so
7f845751b000-7f845751c000 rw-p 00003000 08:02 1465562                    /lib/x86_64-linux-gnu/libdl-2.25.so
7f8457520000-7f845752e000 r-xp 00000000 08:02 6162021                    /usr/lib/jvm/java-8-openjdk-amd64/jre/lib/amd64/jli/libjli.so
7f845752e000-7f845772d000 ---p 0000e000 08:02 6162021                    /usr/lib/jvm/java-8-openjdk-amd64/jre/lib/amd64/jli/libjli.so
7f845772d000-7f845772e000 r--p 0000d000 08:02 6162021                    /usr/lib/jvm/java-8-openjdk-amd64/jre/lib/amd64/jli/libjli.so
7f845772e000-7f845772f000 rw-p 0000e000 08:02 6162021                    /usr/lib/jvm/java-8-openjdk-amd64/jre/lib/amd64/jli/libjli.so
7f8457730000-7f8457749000 r-xp 00000000 08:02 1444460                    /lib/x86_64-linux-gnu/libz.so.1.2.8
7f8457749000-7f8457948000 ---p 00019000 08:02 1444460                    /lib/x86_64-linux-gnu/libz.so.1.2.8
7f8457948000-7f8457949000 r--p 00018000 08:02 1444460                    /lib/x86_64-linux-gnu/libz.so.1.2.8
7f8457949000-7f845794a000 rw-p 00019000 08:02 1444460                    /lib/x86_64-linux-gnu/libz.so.1.2.8
7f8457950000-7f8457969000 r-xp 00000000 08:02 1465574                    /lib/x86_64-linux-gnu/libpthread-2.25.so
7f8457969000-7f8457b68000 ---p 00019000 08:02 1465574                    /lib/x86_64-linux-gnu/libpthread-2.25.so
7f8457b68000-7f8457b69000 r--p 00018000 08:02 1465574                    /lib/x86_64-linux-gnu/libpthread-2.25.so
7f8457b69000-7f8457b6a000 rw-p 00019000 08:02 1465574                    /lib/x86_64-linux-gnu/libpthread-2.25.so
7f8457b6a000-7f8457b6e000 rw-p 00000000 00:00 0 
7f8457b70000-7f8457b93000 r-xp 00000000 08:02 1459620                    /lib/x86_64-linux-gnu/ld-2.25.so
7f8457b97000-7f8457b9b000 r--s 00037000 08:02 6162080                    /usr/lib/jvm/java-8-openjdk-amd64/jre/lib/ext/sunpkcs11.jar
7f8457b9e000-7f8457ba8000 r--s 00116000 08:02 6162076                    /usr/lib/jvm/java-8-openjdk-amd64/jre/lib/ext/localedata.jar
7f8457baf000-7f8457bb1000 r--s 00007000 08:02 1711658                    /usr/share/java/java-atk-wrapper.jar
7f8457bb2000-7f8457bb3000 r--s 0000a000 08:02 6162075                    /usr/lib/jvm/java-8-openjdk-amd64/jre/lib/ext/jaccess.jar
7f8457bb9000-7f8457bbb000 r--s 00001000 08:02 6162073                    /usr/lib/jvm/java-8-openjdk-amd64/jre/lib/ext/dnsns.jar
7f8457bc0000-7f8457bc1000 r--s 00010000 08:02 6162081                    /usr/lib/jvm/java-8-openjdk-amd64/jre/lib/ext/zipfs.jar
7f8457bc8000-7f8457bca000 r--s 00008000 08:02 6162078                    /usr/lib/jvm/java-8-openjdk-amd64/jre/lib/ext/sunec.jar
7f8457bd1000-7f8457bd2000 r--s 00001000 08:02 1055305                    /opt/intellij/lib/rt/debugger-agent-storage.jar
7f8457bd8000-7f8457be0000 rw-s 00000000 08:12 260617                     /tmp/hsperfdata_mart/9612
7f8457be0000-7f8457c31000 r--p 00000000 08:02 6162749                    /usr/lib/locale/aa_DJ.utf8/LC_CTYPE
7f8457c38000-7f8457c39000 r--p 00000000 08:02 6162778                    /usr/lib/locale/aa_ET/LC_NUMERIC
7f8457c40000-7f8457c41000 r--p 00000000 08:02 6165421                    /usr/lib/locale/en_GB.utf8/LC_TIME
7f8457c48000-7f8457c49000 r--p 00000000 08:02 6165204                    /usr/lib/locale/cy_GB.utf8/LC_MONETARY
7f8457c50000-7f8457c51000 r--p 00000000 08:02 6165354                    /usr/lib/locale/en_AG/LC_MESSAGES/SYS_LC_MESSAGES
7f8457c55000-7f8457c58000 ---p 00000000 00:00 0 
7f8457c58000-7f8457d58000 rw-p 00000000 00:00 0 
7f8457d58000-7f8457d59000 r--p 00000000 08:02 6162757                    /usr/lib/locale/aa_DJ.utf8/LC_PAPER
7f8457d60000-7f8457d61000 r--p 00000000 08:02 6165139                    /usr/lib/locale/chr_US/LC_NAME
7f8457d68000-7f8457d69000 r--p 00000000 08:02 6165419                    /usr/lib/locale/en_GB.utf8/LC_ADDRESS
7f8457d70000-7f8457d71000 r--p 00000000 08:02 6165205                    /usr/lib/locale/cy_GB.utf8/LC_TELEPHONE
7f8457d78000-7f8457d79000 r--p 00000000 08:02 6162751                    /usr/lib/locale/aa_DJ.utf8/LC_MEASUREMENT
7f8457d80000-7f8457d87000 r--s 00000000 08:02 6164888                    /usr/lib/x86_64-linux-gnu/gconv/gconv-modules.cache
7f8457d88000-7f8457d89000 r--p 00000000 08:02 6165420                    /usr/lib/locale/en_GB.utf8/LC_IDENTIFICATION
7f8457d8f000-7f8457d92000 rw-p 00000000 00:00 0 
7f8457d92000-7f8457d93000 r--p 00022000 08:02 1459620                    /lib/x86_64-linux-gnu/ld-2.25.so
7f8457d93000-7f8457d94000 rw-p 00023000 08:02 1459620                    /lib/x86_64-linux-gnu/ld-2.25.so
7f8457d94000-7f8457d95000 rw-p 00000000 00:00 0 
7f8457d95000-7f8457d96000 r--p 00000000 00:00 0 
7ffd7598c000-7ffd759ad000 rw-p 00000000 00:00 0                          [stack]
7ffd759c8000-7ffd759cb000 r--p 00000000 00:00 0                          [vvar]
7ffd759cb000-7ffd759cd000 r-xp 00000000 00:00 0                          [vdso]

VM Arguments:
jvm_args: -agentlib:jdwp=transport=dt_socket,address=127.0.0.1:45159,suspend=y,server=n -javaagent:/opt/intellij/lib/rt/debugger-agent.jar=/tmp/capture.props -Dfile.encoding=UTF-8 
java_command: Engine.Main
java_class_path (initial): /usr/lib/jvm/java-1.8.0-openjdk-amd64/jre/lib/charsets.jar:/usr/lib/jvm/java-1.8.0-openjdk-amd64/jre/lib/ext/cldrdata.jar:/usr/lib/jvm/java-1.8.0-openjdk-amd64/jre/lib/ext/dnsns.jar:/usr/lib/jvm/java-1.8.0-openjdk-amd64/jre/lib/ext/icedtea-sound.jar:/usr/lib/jvm/java-1.8.0-openjdk-amd64/jre/lib/ext/jaccess.jar:/usr/lib/jvm/java-1.8.0-openjdk-amd64/jre/lib/ext/java-atk-wrapper.jar:/usr/lib/jvm/java-1.8.0-openjdk-amd64/jre/lib/ext/localedata.jar:/usr/lib/jvm/java-1.8.0-openjdk-amd64/jre/lib/ext/nashorn.jar:/usr/lib/jvm/java-1.8.0-openjdk-amd64/jre/lib/ext/sunec.jar:/usr/lib/jvm/java-1.8.0-openjdk-amd64/jre/lib/ext/sunjce_provider.jar:/usr/lib/jvm/java-1.8.0-openjdk-amd64/jre/lib/ext/sunpkcs11.jar:/usr/lib/jvm/java-1.8.0-openjdk-amd64/jre/lib/ext/zipfs.jar:/usr/lib/jvm/java-1.8.0-openjdk-amd64/jre/lib/jce.jar:/usr/lib/jvm/java-1.8.0-openjdk-amd64/jre/lib/jsse.jar:/usr/lib/jvm/java-1.8.0-openjdk-amd64/jre/lib/management-agent.jar:/usr/lib/jvm/java-1.8.0-openjdk-amd64/jre/lib/resources.jar:/usr/lib/jvm/java-1.8.0-openjdk-amd64/jre/lib/rt.jar:/home/mart/IdeaProjects/silorex/out/production/silorex:/home/mart/IdeaProjects/silorex/lwjgl/lwjgl-natives-linux.jar:/home/mart/IdeaProjects/silorex/lwjgl/lwjgl-natives-macos.jar:/home/mart/IdeaProjects/silorex/lwjgl/lwjgl-natives-windows.jar:/home/mart/IdeaProjects/silorex/lwjgl/lwjgl.jar:/home/mart/IdeaProjects/silorex/lwjgl/lwjgl-opengl-natives-linux.jar:/home/mart/IdeaProjects/silorex/lwjgl/lwjgl-opengl-natives-macos.jar:/home/mart/IdeaProjects/silorex/lwjgl/lwjgl-opengl-natives-windows.jar:/home/mart/IdeaProjects/silorex/lwjgl/lwjgl-opengl.jar:/home/mart/IdeaProjects/silorex/lwjgl/lwjgl-glfw-natives-linux.jar:/home/mart/IdeaProjects/silorex/lwjgl/lwjgl-glfw-natives-macos.jar:/home/mart/IdeaProjects/silorex/lwjgl/lwjgl-glfw-natives-windows.jar:/home/mart/IdeaProjects/silorex/lwjgl/lwjgl-glfw.jar:/opt/intellij/lib/idea_rt.jar:/opt/intellij/lib/rt/debugger-agent.jar
Launcher Type: SUN_STANDARD

Environment Variables:
PATH=/usr/local/bin:/usr/bin:/bin:/usr/local/games:/usr/games
USERNAME=mart
SHELL=/bin/bash
DISPLAY=:1

Signal Handlers:
SIGSEGV: [libjvm.so+0xaa6ae0], sa_mask[0]=11111111011111111101111111111110, sa_flags=SA_RESTART|SA_SIGINFO
SIGBUS: [libjvm.so+0xaa6ae0], sa_mask[0]=11111111011111111101111111111110, sa_flags=SA_RESTART|SA_SIGINFO
SIGFPE: [libjvm.so+0x8ddf00], sa_mask[0]=11111111011111111101111111111110, sa_flags=SA_RESTART|SA_SIGINFO
SIGPIPE: [libjvm.so+0x8ddf00], sa_mask[0]=11111111011111111101111111111110, sa_flags=SA_RESTART|SA_SIGINFO
SIGXFSZ: [libjvm.so+0x8ddf00], sa_mask[0]=11111111011111111101111111111110, sa_flags=SA_RESTART|SA_SIGINFO
SIGILL: [libjvm.so+0x8ddf00], sa_mask[0]=11111111011111111101111111111110, sa_flags=SA_RESTART|SA_SIGINFO
SIGUSR1: SIG_DFL, sa_mask[0]=00000000000000000000000000000000, sa_flags=none
SIGUSR2: [libjvm.so+0x8dddb0], sa_mask[0]=00100000000000000000000000000000, sa_flags=SA_RESTART|SA_SIGINFO
SIGHUP: [libjvm.so+0x8de260], sa_mask[0]=11111111011111111101111111111110, sa_flags=SA_RESTART|SA_SIGINFO
SIGINT: [libjvm.so+0x8de260], sa_mask[0]=11111111011111111101111111111110, sa_flags=SA_RESTART|SA_SIGINFO
SIGTERM: [libjvm.so+0x8de260], sa_mask[0]=11111111011111111101111111111110, sa_flags=SA_RESTART|SA_SIGINFO
SIGQUIT: [libjvm.so+0x8de260], sa_mask[0]=11111111011111111101111111111110, sa_flags=SA_RESTART|SA_SIGINFO


---------------  S Y S T E M  ---------------

OS:DISTRIB_ID=Kali
DISTRIB_RELEASE=kali-rolling
DISTRIB_CODENAME=kali-rolling
DISTRIB_DESCRIPTION="Kali GNU/Linux Rolling"

uname:Linux 4.14.0-kali1-amd64 #1 SMP Debian 4.14.2-1kali1 (2017-12-04) x86_64
libc:glibc 2.25 NPTL 2.25 
rlimit: STACK 8192k, CORE 0k, NPROC 63609, NOFILE 1048576, AS infinity
load average:0.72 1.20 1.39

/proc/meminfo:
MemTotal:       16383060 kB
MemFree:         6849548 kB
MemAvailable:    9035332 kB
Buffers:          368764 kB
Cached:          2140272 kB
SwapCached:            0 kB
Active:          7436648 kB
Inactive:        1551484 kB
Active(anon):    6480448 kB
Inactive(anon):   248432 kB
Active(file):     956200 kB
Inactive(file):  1303052 kB
Unevictable:          16 kB
Mlocked:              16 kB
SwapTotal:      19530748 kB
SwapFree:       19530748 kB
Dirty:               192 kB
Writeback:             0 kB
AnonPages:       5243776 kB
Mapped:           707692 kB
Shmem:            249804 kB
Slab:             330888 kB
SReclaimable:     264728 kB
SUnreclaim:        66160 kB
KernelStack:       16064 kB
PageTables:        54568 kB
NFS_Unstable:          0 kB
Bounce:                0 kB
WritebackTmp:          0 kB
CommitLimit:    27722276 kB
Committed_AS:   12606196 kB
VmallocTotal:   34359738367 kB
VmallocUsed:           0 kB
VmallocChunk:          0 kB
HardwareCorrupted:     0 kB
AnonHugePages:   2314240 kB
ShmemHugePages:        0 kB
ShmemPmdMapped:        0 kB
HugePages_Total:       0
HugePages_Free:        0
HugePages_Rsvd:        0
HugePages_Surp:        0
Hugepagesize:       2048 kB
DirectMap4k:      260532 kB
DirectMap2M:    10172416 kB
DirectMap1G:     6291456 kB


CPU:total 8 (initial active 8) (8 cores per cpu, 1 threads per core) family 21 model 2 stepping 0, cmov, cx8, fxsr, mmx, sse, sse2, sse3, ssse3, sse4.1, sse4.2, popcnt, avx, aes, clmul, mmxext, 3dnowpref, lzcnt, sse4a, tsc, tscinvbit, tscinv, bmi1

/proc/cpuinfo:
processor	: 0
vendor_id	: AuthenticAMD
cpu family	: 21
model		: 2
model name	: AMD FX(tm)-8320 Eight-Core Processor
stepping	: 0
microcode	: 0x600084f
cpu MHz		: 1400.000
cache size	: 2048 KB
physical id	: 0
siblings	: 8
core id		: 0
cpu cores	: 4
apicid		: 16
initial apicid	: 0
fpu		: yes
fpu_exception	: yes
cpuid level	: 13
wp		: yes
flags		: fpu vme de pse tsc msr pae mce cx8 apic sep mtrr pge mca cmov pat pse36 clflush mmx fxsr sse sse2 ht syscall nx mmxext fxsr_opt pdpe1gb rdtscp lm constant_tsc rep_good nopl nonstop_tsc cpuid extd_apicid aperfmperf pni pclmulqdq monitor ssse3 fma cx16 sse4_1 sse4_2 popcnt aes xsave avx f16c lahf_lm cmp_legacy svm extapic cr8_legacy abm sse4a misalignsse 3dnowprefetch osvw ibs xop skinit wdt lwp fma4 tce nodeid_msr tbm topoext perfctr_core perfctr_nb cpb hw_pstate vmmcall bmi1 arat npt lbrv svm_lock nrip_save tsc_scale vmcb_clean flushbyasid decodeassists pausefilter pfthreshold
bugs		: fxsave_leak sysret_ss_attrs null_seg
bogomips	: 7000.67
TLB size	: 1536 4K pages
clflush size	: 64
cache_alignment	: 64
address sizes	: 48 bits physical, 48 bits virtual
power management: ts ttp tm 100mhzsteps hwpstate cpb eff_freq_ro

processor	: 1
vendor_id	: AuthenticAMD
cpu family	: 21
model		: 2
model name	: AMD FX(tm)-8320 Eight-Core Processor
stepping	: 0
microcode	: 0x600084f
cpu MHz		: 1400.000
cache size	: 2048 KB
physical id	: 0
siblings	: 8
core id		: 1
cpu cores	: 4
apicid		: 17
initial apicid	: 1
fpu		: yes
fpu_exception	: yes
cpuid level	: 13
wp		: yes
flags		: fpu vme de pse tsc msr pae mce cx8 apic sep mtrr pge mca cmov pat pse36 clflush mmx fxsr sse sse2 ht syscall nx mmxext fxsr_opt pdpe1gb rdtscp lm constant_tsc rep_good nopl nonstop_tsc cpuid extd_apicid aperfmperf pni pclmulqdq monitor ssse3 fma cx16 sse4_1 sse4_2 popcnt aes xsave avx f16c lahf_lm cmp_legacy svm extapic cr8_legacy abm sse4a misalignsse 3dnowprefetch osvw ibs xop skinit wdt lwp fma4 tce nodeid_msr tbm topoext perfctr_core perfctr_nb cpb hw_pstate vmmcall bmi1 arat npt lbrv svm_lock nrip_save tsc_scale vmcb_clean flushbyasid decodeassists pausefilter pfthreshold
bugs		: fxsave_leak sysret_ss_attrs null_seg
bogomips	: 7000.67
TLB size	: 1536 4K pages
clflush size	: 64
cache_alignment	: 64
address sizes	: 48 bits physical, 48 bits virtual
power management: ts ttp tm 100mhzsteps hwpstate cpb eff_freq_ro

processor	: 2
vendor_id	: AuthenticAMD
cpu family	: 21
model		: 2
model name	: AMD FX(tm)-8320 Eight-Core Processor
stepping	: 0
microcode	: 0x600084f
cpu MHz		: 3500.000
cache size	: 2048 KB
physical id	: 0
siblings	: 8
core id		: 2
cpu cores	: 4
apicid		: 18
initial apicid	: 2
fpu		: yes
fpu_exception	: yes
cpuid level	: 13
wp		: yes
flags		: fpu vme de pse tsc msr pae mce cx8 apic sep mtrr pge mca cmov pat pse36 clflush mmx fxsr sse sse2 ht syscall nx mmxext fxsr_opt pdpe1gb rdtscp lm constant_tsc rep_good nopl nonstop_tsc cpuid extd_apicid aperfmperf pni pclmulqdq monitor ssse3 fma cx16 sse4_1 sse4_2 popcnt aes xsave avx f16c lahf_lm cmp_legacy svm extapic cr8_legacy abm sse4a misalignsse 3dnowprefetch osvw ibs xop skinit wdt lwp fma4 tce nodeid_msr tbm topoext perfctr_core perfctr_nb cpb hw_pstate vmmcall bmi1 arat npt lbrv svm_lock nrip_save tsc_scale vmcb_clean flushbyasid decodeassists pausefilter pfthreshold
bugs		: fxsave_leak sysret_ss_attrs null_seg
bogomips	: 7000.67
TLB size	: 1536 4K pages
clflush size	: 64
cache_alignment	: 64
address sizes	: 48 bits physical, 48 bits virtual
power management: ts ttp tm 100mhzsteps hwpstate cpb eff_freq_ro

processor	: 3
vendor_id	: AuthenticAMD
cpu family	: 21
model		: 2
model name	: AMD FX(tm)-8320 Eight-Core Processor
stepping	: 0
microcode	: 0x600084f
cpu MHz		: 3500.000
cache size	: 2048 KB
physical id	: 0
siblings	: 8
core id		: 3
cpu cores	: 4
apicid		: 19
initial apicid	: 3
fpu		: yes
fpu_exception	: yes
cpuid level	: 13
wp		: yes
flags		: fpu vme de pse tsc msr pae mce cx8 apic sep mtrr pge mca cmov pat pse36 clflush mmx fxsr sse sse2 ht syscall nx mmxext fxsr_opt pdpe1gb rdtscp lm constant_tsc rep_good nopl nonstop_tsc cpuid extd_apicid aperfmperf pni pclmulqdq monitor ssse3 fma cx16 sse4_1 sse4_2 popcnt aes xsave avx f16c lahf_lm cmp_legacy svm extapic cr8_legacy abm sse4a misalignsse 3dnowprefetch osvw ibs xop skinit wdt lwp fma4 tce nodeid_msr tbm topoext perfctr_core perfctr_nb cpb hw_pstate vmmcall bmi1 arat npt lbrv svm_lock nrip_save tsc_scale vmcb_clean flushbyasid decodeassists pausefilter pfthreshold
bugs		: fxsave_leak sysret_ss_attrs null_seg
bogomips	: 7000.67
TLB size	: 1536 4K pages
clflush size	: 64
cache_alignment	: 64
address sizes	: 48 bits physical, 48 bits virtual
power management: ts ttp tm 100mhzsteps hwpstate cpb eff_freq_ro

processor	: 4
vendor_id	: AuthenticAMD
cpu family	: 21
model		: 2
model name	: AMD FX(tm)-8320 Eight-Core Processor
stepping	: 0
microcode	: 0x600084f
cpu MHz		: 1400.000
cache size	: 2048 KB
physical id	: 0
siblings	: 8
core id		: 4
cpu cores	: 4
apicid		: 20
initial apicid	: 4
fpu		: yes
fpu_exception	: yes
cpuid level	: 13
wp		: yes
flags		: fpu vme de pse tsc msr pae mce cx8 apic sep mtrr pge mca cmov pat pse36 clflush mmx fxsr sse sse2 ht syscall nx mmxext fxsr_opt pdpe1gb rdtscp lm constant_tsc rep_good nopl nonstop_tsc cpuid extd_apicid aperfmperf pni pclmulqdq monitor ssse3 fma cx16 sse4_1 sse4_2 popcnt aes xsave avx f16c lahf_lm cmp_legacy svm extapic cr8_legacy abm sse4a misalignsse 3dnowprefetch osvw ibs xop skinit wdt lwp fma4 tce nodeid_msr tbm topoext perfctr_core perfctr_nb cpb hw_pstate vmmcall bmi1 arat npt lbrv svm_lock nrip_save tsc_scale vmcb_clean flushbyasid decodeassists pausefilter pfthreshold
bugs		: fxsave_leak sysret_ss_attrs null_seg
bogomips	: 7000.67
TLB size	: 1536 4K pages
clflush size	: 64
cache_alignment	: 64
address sizes	: 48 bits physical, 48 bits virtual
power management: ts ttp tm 100mhzsteps hwpstate cpb eff_freq_ro

processor	: 5
vendor_id	: AuthenticAMD
cpu family	: 21
model		: 2
model name	: AMD FX(tm)-8320 Eight-Core Processor
stepping	: 0
microcode	: 0x600084f
cpu MHz		: 2900.000
cache size	: 2048 KB
physical id	: 0
siblings	: 8
core id		: 5
cpu cores	: 4
apicid		: 21
initial apicid	: 5
fpu		: yes
fpu_exception	: yes
cpuid level	: 13
wp		: yes
flags		: fpu vme de pse tsc msr pae mce cx8 apic sep mtrr pge mca cmov pat pse36 clflush mmx fxsr sse sse2 ht syscall nx mmxext fxsr_opt pdpe1gb rdtscp lm constant_tsc rep_good nopl nonstop_tsc cpuid extd_apicid aperfmperf pni pclmulqdq monitor ssse3 fma cx16 sse4_1 sse4_2 popcnt aes xsave avx f16c lahf_lm cmp_legacy svm extapic cr8_legacy abm sse4a misalignsse 3dnowprefetch osvw ibs xop skinit wdt lwp fma4 tce nodeid_msr tbm topoext perfctr_core perfctr_nb cpb hw_pstate vmmcall bmi1 arat npt lbrv svm_lock nrip_save tsc_scale vmcb_clean flushbyasid decodeassists pausefilter pfthreshold
bugs		: fxsave_leak sysret_ss_attrs null_seg
bogomips	: 7000.67
TLB size	: 1536 4K pages
clflush size	: 64
cache_alignment	: 64
address sizes	: 48 bits physical, 48 bits virtual
power management: ts ttp tm 100mhzsteps hwpstate cpb eff_freq_ro

processor	: 6
vendor_id	: AuthenticAMD
cpu family	: 21
model		: 2
model name	: AMD FX(tm)-8320 Eight-Core Processor
stepping	: 0
microcode	: 0x600084f
cpu MHz		: 1400.000
cache size	: 2048 KB
physical id	: 0
siblings	: 8
core id		: 6
cpu cores	: 4
apicid		: 22
initial apicid	: 6
fpu		: yes
fpu_exception	: yes
cpuid level	: 13
wp		: yes
flags		: fpu vme de pse tsc msr pae mce cx8 apic sep mtrr pge mca cmov pat pse36 clflush mmx fxsr sse sse2 ht syscall nx mmxext fxsr_opt pdpe1gb rdtscp lm constant_tsc rep_good nopl nonstop_tsc cpuid extd_apicid aperfmperf pni pclmulqdq monitor ssse3 fma cx16 sse4_1 sse4_2 popcnt aes xsave avx f16c lahf_lm cmp_legacy svm extapic cr8_legacy abm sse4a misalignsse 3dnowprefetch osvw ibs xop skinit wdt lwp fma4 tce nodeid_msr tbm topoext perfctr_core perfctr_nb cpb hw_pstate vmmcall bmi1 arat npt lbrv svm_lock nrip_save tsc_scale vmcb_clean flushbyasid decodeassists pausefilter pfthreshold
bugs		: fxsave_leak sysret_ss_attrs null_seg
bogomips	: 7000.67
TLB size	: 1536 4K pages
clflush size	: 64
cache_alignment	: 64
address sizes	: 48 bits physical, 48 bits virtual
power management: ts ttp tm 100mhzsteps hwpstate cpb eff_freq_ro

processor	: 7
vendor_id	: AuthenticAMD
cpu family	: 21
model		: 2
model name	: AMD FX(tm)-8320 Eight-Core Processor
stepping	: 0
microcode	: 0x600084f
cpu MHz		: 1400.000
cache size	: 2048 KB
physical id	: 0
siblings	: 8
core id		: 7
cpu cores	: 4
apicid		: 23
initial apicid	: 7
fpu		: yes
fpu_exception	: yes
cpuid level	: 13
wp		: yes
flags		: fpu vme de pse tsc msr pae mce cx8 apic sep mtrr pge mca cmov pat pse36 clflush mmx fxsr sse sse2 ht syscall nx mmxext fxsr_opt pdpe1gb rdtscp lm constant_tsc rep_good nopl nonstop_tsc cpuid extd_apicid aperfmperf pni pclmulqdq monitor ssse3 fma cx16 sse4_1 sse4_2 popcnt aes xsave avx f16c lahf_lm cmp_legacy svm extapic cr8_legacy abm sse4a misalignsse 3dnowprefetch osvw ibs xop skinit wdt lwp fma4 tce nodeid_msr tbm topoext perfctr_core perfctr_nb cpb hw_pstate vmmcall bmi1 arat npt lbrv svm_lock nrip_save tsc_scale vmcb_clean flushbyasid decodeassists pausefilter pfthreshold
bugs		: fxsave_leak sysret_ss_attrs null_seg
bogomips	: 7000.67
TLB size	: 1536 4K pages
clflush size	: 64
cache_alignment	: 64
address sizes	: 48 bits physical, 48 bits virtual
power management: ts ttp tm 100mhzsteps hwpstate cpb eff_freq_ro



Memory: 4k page, physical 16383060k(6849548k free), swap 19530748k(19530748k free)

vm_info: OpenJDK 64-Bit Server VM (25.151-b12) for linux-amd64 JRE (1.8.0_151-8u151-b12-1-b12), built on Nov  1 2017 06:12:56 by "buildd" with gcc 7.2.1 20171025

time: Sat Jan  6 21:59:25 2018
elapsed time: 90 seconds (0d 0h 1m 30s)

