#
# A fatal error has been detected by the Java Runtime Environment:
#
#  SIGSEGV (0xb) at pc=0x00007f9ce9a95e99, pid=9322, tid=0x00007f9d1a051700
#
# JRE version: OpenJDK Runtime Environment (8.0_151-b12) (build 1.8.0_151-8u151-b12-1-b12)
# Java VM: OpenJDK 64-Bit Server VM (25.151-b12 mixed mode linux-amd64 compressed oops)
# Problematic frame:
# C  [liblwjgl_opengl.so+0x45e99]  Java_org_lwjgl_opengl_GL20_glCreateShader+0x9
#
# Failed to write core dump. Core dumps have been disabled. To enable core dumping, try "ulimit -c unlimited" before starting Java again
#
# If you would like to submit a bug report, please visit:
#   http://bugreport.java.com/bugreport/crash.jsp
# The crash happened outside the Java Virtual Machine in native code.
# See problematic frame for where to report the bug.
#

---------------  T H R E A D  ---------------

Current thread (0x00007f9d1000b800):  JavaThread "main" [_thread_in_native, id=9326, stack(0x00007f9d19f51000,0x00007f9d1a052000)]

siginfo: si_signo: 11 (SIGSEGV), si_code: 1 (SEGV_MAPERR), si_addr: 0x00000000000008a8

Registers:
RAX=0x0000000000000000, RBX=0x00007f9d00c0ad80, RCX=0x0000000000000018, RDX=0x0000000000008b31
RSP=0x00007f9d1a0506f8, RBP=0x00007f9d1a050748, RSI=0x00007f9d1a050758, RDI=0x0000000000008b31
R8 =0x00007f9d00c0ad80, R9 =0x0000000000000004, R10=0x00007f9d01017108, R11=0x00007f9d18c481e0
R12=0x0000000000000000, R13=0x00007f9d00c0ad70, R14=0x00007f9d1a050768, R15=0x00007f9d1000b800
RIP=0x00007f9ce9a95e99, EFLAGS=0x0000000000010283, CSGSFS=0x002b000000000033, ERR=0x0000000000000004
  TRAPNO=0x000000000000000e

Top of Stack: (sp=0x00007f9d1a0506f8)
0x00007f9d1a0506f8:   00007f9d01017134 00007f9d01016e82
0x00007f9d1a050708:   00007f9d1a050708 00007f9d00c0ad70
0x00007f9d1a050718:   00007f9d1a050768 00007f9d00c1db88
0x00007f9d1a050728:   0000000000000000 00007f9d00c0ad80
0x00007f9d1a050738:   0000000000000000 00007f9d1a050768
0x00007f9d1a050748:   00007f9d1a0507b0 00007f9d01007a40
0x00007f9d1a050758:   000000076ccede38 00007f9d01011276
0x00007f9d1a050768:   0000000000008b31 00007f9d1a050770
0x00007f9d1a050778:   00007f9d00c070e2 00007f9d1a0507e0
0x00007f9d1a050788:   00007f9d00c07218 0000000000000000
0x00007f9d1a050798:   00007f9d00c07190 00007f9d1a050768
0x00007f9d1a0507a8:   00007f9d1a0507d8 00007f9d1a050830
0x00007f9d1a0507b8:   00007f9d01007a40 0000000000000000
0x00007f9d1a0507c8:   000000076ccb4760 000000076ccb4558
0x00007f9d1a0507d8:   0000000000008b31 000000076ccb3c30
0x00007f9d1a0507e8:   000000076ccb4380 00007f9d1a0507f0
0x00007f9d1a0507f8:   00007f9d00c06c40 00007f9d1a050850
0x00007f9d1a050808:   00007f9d00c07218 0000000000000000
0x00007f9d1a050818:   00007f9d00c06cb8 00007f9d1a0507d8
0x00007f9d1a050828:   00007f9d1a050840 00007f9d1a050898
0x00007f9d1a050838:   00007f9d01007ffd 000000076ccb3c98
0x00007f9d1a050848:   000000076ccb3c30 000000076ccb4380
0x00007f9d1a050858:   00007f9d1a050858 00007f9d00c06445
0x00007f9d1a050868:   00007f9d1a0508a8 00007f9d00c07640
0x00007f9d1a050878:   0000000000000000 00007f9d00c06460
0x00007f9d1a050888:   00007f9d1a050840 00007f9d1a0508a8
0x00007f9d1a050898:   00007f9d1a050900 00007f9d01007ffd
0x00007f9d1a0508a8:   000000076ccb4380 000000076ccb4380
0x00007f9d1a0508b8:   000000076cca37a8 00007f9d1a0508c0
0x00007f9d1a0508c8:   00007f9d00c03b73 00007f9d1a050948
0x00007f9d1a0508d8:   00007f9d00c04150 0000000000000000
0x00007f9d1a0508e8:   00007f9d00c03d00 00007f9d1a0508a8 

Instructions: (pc=0x00007f9ce9a95e99)
0x00007f9ce9a95e79:   48 8b 80 00 0a 00 00 ff e0 66 66 66 66 66 2e 0f
0x00007f9ce9a95e89:   1f 84 00 00 00 00 00 48 8b 07 89 d7 48 8b 40 18
0x00007f9ce9a95e99:   48 8b 80 a8 08 00 00 ff e0 66 66 66 66 66 2e 0f
0x00007f9ce9a95ea9:   1f 84 00 00 00 00 00 48 8b 07 89 d7 48 8b 40 18 

Register to memory mapping:

RAX=0x0000000000000000 is an unknown value
RBX={method} {0x00007f9d00c0ad80} 'glCreateShader' '(I)I' in 'org/lwjgl/opengl/GL20'
RCX=0x0000000000000018 is an unknown value
RDX=0x0000000000008b31 is an unknown value
RSP=0x00007f9d1a0506f8 is pointing into the stack for thread: 0x00007f9d1000b800
RBP=0x00007f9d1a050748 is pointing into the stack for thread: 0x00007f9d1000b800
RSI=0x00007f9d1a050758 is pointing into the stack for thread: 0x00007f9d1000b800
RDI=0x0000000000008b31 is an unknown value
R8 ={method} {0x00007f9d00c0ad80} 'glCreateShader' '(I)I' in 'org/lwjgl/opengl/GL20'
R9 =0x0000000000000004 is an unknown value
R10=0x00007f9d01017108 is at code_begin+808 in an Interpreter codelet
method entry point (kind = native)  [0x00007f9d01016de0, 0x00007f9d010176e0]  2304 bytes
R11=0x00007f9d18c481e0: <offset 0x9901e0> in /usr/lib/jvm/java-8-openjdk-amd64/jre/lib/amd64/server/libjvm.so at 0x00007f9d182b8000
R12=0x0000000000000000 is an unknown value
R13=0x00007f9d00c0ad70 is pointing into metadata
R14=0x00007f9d1a050768 is pointing into the stack for thread: 0x00007f9d1000b800
R15=0x00007f9d1000b800 is a thread


Stack: [0x00007f9d19f51000,0x00007f9d1a052000],  sp=0x00007f9d1a0506f8,  free space=1021k
Native frames: (J=compiled Java code, j=interpreted, Vv=VM code, C=native code)
C  [liblwjgl_opengl.so+0x45e99]  Java_org_lwjgl_opengl_GL20_glCreateShader+0x9
j  Shaders.ShaderProgram.loadShader(Ljava/lang/String;I)I+66
j  Shaders.ShaderProgram.<init>(Ljava/lang/String;Ljava/lang/String;)V+8
j  Shaders.StaticShader.<init>()V+5
j  Engine.Main.init()V+27
j  Engine.Main.run()V+1
j  Engine.Main.main([Ljava/lang/String;)V+7
v  ~StubRoutines::call_stub
V  [libjvm.so+0x67b49b]
V  [libjvm.so+0x69f617]
V  [libjvm.so+0x6a1fd3]
C  [libjli.so+0x3726]
C  [libjli.so+0x76dd]
C  [libpthread.so.0+0x7519]  start_thread+0xd9

Java frames: (J=compiled Java code, j=interpreted, Vv=VM code)
j  org.lwjgl.opengl.GL20.glCreateShader(I)I+0
j  Shaders.ShaderProgram.loadShader(Ljava/lang/String;I)I+66
j  Shaders.ShaderProgram.<init>(Ljava/lang/String;Ljava/lang/String;)V+8
j  Shaders.StaticShader.<init>()V+5
j  Engine.Main.init()V+27
j  Engine.Main.run()V+1
j  Engine.Main.main([Ljava/lang/String;)V+7
v  ~StubRoutines::call_stub

---------------  P R O C E S S  ---------------

Java Threads: ( => current thread )
  0x00007f9d10390000 JavaThread "Service Thread" daemon [_thread_blocked, id=9365, stack(0x00007f9cea44c000,0x00007f9cea54d000)]
  0x00007f9d10369000 JavaThread "C1 CompilerThread3" daemon [_thread_blocked, id=9364, stack(0x00007f9cea54d000,0x00007f9cea64e000)]
  0x00007f9d10367000 JavaThread "C2 CompilerThread2" daemon [_thread_blocked, id=9363, stack(0x00007f9cea64e000,0x00007f9cea74f000)]
  0x00007f9d10364800 JavaThread "C2 CompilerThread1" daemon [_thread_blocked, id=9362, stack(0x00007f9cea74f000,0x00007f9cea850000)]
  0x00007f9d10362800 JavaThread "C2 CompilerThread0" daemon [_thread_blocked, id=9361, stack(0x00007f9cea850000,0x00007f9cea951000)]
  0x00007f9d10361000 JavaThread "Monitor Ctrl-Break" daemon [_thread_in_native, id=9360, stack(0x00007f9cea951000,0x00007f9ceaa52000)]
  0x00007f9d10200000 JavaThread "Signal Dispatcher" daemon [_thread_blocked, id=9352, stack(0x00007f9ceaab7000,0x00007f9ceabb8000)]
  0x00007f9d101d4800 JavaThread "Finalizer" daemon [_thread_blocked, id=9349, stack(0x00007f9ceaced000,0x00007f9ceadee000)]
  0x00007f9d101d0000 JavaThread "Reference Handler" daemon [_thread_blocked, id=9348, stack(0x00007f9ceadee000,0x00007f9ceaeef000)]
=>0x00007f9d1000b800 JavaThread "main" [_thread_in_native, id=9326, stack(0x00007f9d19f51000,0x00007f9d1a052000)]

Other Threads:
  0x00007f9d101c8800 VMThread [stack: 0x00007f9ceaeef000,0x00007f9ceaff0000] [id=9346]
  0x00007f9d10392800 WatcherThread [stack: 0x00007f9cea34b000,0x00007f9cea44c000] [id=9366]

VM state:not at safepoint (normal execution)

VM Mutex/Monitor currently owned by a thread: None

Heap:
 PSYoungGen      total 74752K, used 10380K [0x000000076cb00000, 0x0000000771e00000, 0x00000007c0000000)
  eden space 64512K, 16% used [0x000000076cb00000,0x000000076d523070,0x0000000770a00000)
  from space 10240K, 0% used [0x0000000771400000,0x0000000771400000,0x0000000771e00000)
  to   space 10240K, 0% used [0x0000000770a00000,0x0000000770a00000,0x0000000771400000)
 ParOldGen       total 171008K, used 0K [0x00000006c6000000, 0x00000006d0700000, 0x000000076cb00000)
  object space 171008K, 0% used [0x00000006c6000000,0x00000006c6000000,0x00000006d0700000)
 Metaspace       used 5762K, capacity 5922K, committed 6144K, reserved 1056768K
  class space    used 635K, capacity 703K, committed 768K, reserved 1048576K

Card table byte_map: [0x00007f9d15bbf000,0x00007f9d16390000] byte_map_base: 0x00007f9d1258f000

Marking Bits: (ParMarkBitMap*) 0x00007f9d192110e0
 Begin Bits: [0x00007f9cd4300000, 0x00007f9cd8180000)
 End Bits:   [0x00007f9cd8180000, 0x00007f9cdc000000)

Polling page: 0x00007f9d19f50000

CodeCache: size=245760Kb used=1929Kb max_used=1929Kb free=243830Kb
 bounds [0x00007f9d01000000, 0x00007f9d01270000, 0x00007f9d10000000]
 total_blobs=730 nmethods=408 adapters=238
 compilation: enabled

Compilation events (10 events):
Event: 0.283 Thread 0x00007f9d10369000  403       3       java.lang.StringCoding::access$000 (6 bytes)
Event: 0.283 Thread 0x00007f9d10369000 nmethod 403 0x00007f9d011dff10 code [0x00007f9d011e0080, 0x00007f9d011e0230]
Event: 0.283 Thread 0x00007f9d10369000  401       1       java.net.URL::getUserInfo (5 bytes)
Event: 0.283 Thread 0x00007f9d10369000 nmethod 401 0x00007f9d011e02d0 code [0x00007f9d011e0420, 0x00007f9d011e0530]
Event: 0.283 Thread 0x00007f9d10369000  404       1       sun.misc.URLClassPath$JarLoader::access$700 (5 bytes)
Event: 0.283 Thread 0x00007f9d10369000 nmethod 404 0x00007f9d011e0590 code [0x00007f9d011e06e0, 0x00007f9d011e07d0]
Event: 0.283 Thread 0x00007f9d10369000  406       3       java.lang.String::regionMatches (149 bytes)
Event: 0.284 Thread 0x00007f9d10369000 nmethod 406 0x00007f9d011e0bd0 code [0x00007f9d011e0e40, 0x00007f9d011e1b18]
Event: 0.284 Thread 0x00007f9d10369000  408       3       java.lang.String::equalsIgnoreCase (48 bytes)
Event: 0.284 Thread 0x00007f9d10369000 nmethod 408 0x00007f9d011e2490 code [0x00007f9d011e2600, 0x00007f9d011e2968]

GC Heap History (0 events):
No events

Deoptimization events (0 events):
No events

Internal exceptions (10 events):
Event: 0.180 Thread 0x00007f9d1000b800 Exception <a 'java/lang/NoSuchFieldError': method resolution failed> (0x000000076d1165b0) thrown at [/build/openjdk-8-O5BLDv/openjdk-8-8u151-b12/src/hotspot/src/share/vm/prims/methodHandles.cpp, line 1146]
Event: 0.182 Thread 0x00007f9d1000b800 Exception <a 'java/lang/NoSuchFieldError': method resolution failed> (0x000000076d124458) thrown at [/build/openjdk-8-O5BLDv/openjdk-8-8u151-b12/src/hotspot/src/share/vm/prims/methodHandles.cpp, line 1146]
Event: 0.226 Thread 0x00007f9d1000b800 Exception <a 'java/lang/NoSuchMethodError': java.lang.Object.lambda$static$0(Ljava/lang/String;)Ljava/lang/Boolean;> (0x000000076d279488) thrown at [/build/openjdk-8-O5BLDv/openjdk-8-8u151-b12/src/hotspot/src/share/vm/interpreter/linkResolver.cpp, line 61
Event: 0.235 Thread 0x00007f9d1000b800 Exception <a 'java/security/PrivilegedActionException'> (0x000000076d2cb288) thrown at [/build/openjdk-8-O5BLDv/openjdk-8-8u151-b12/src/hotspot/src/share/vm/prims/jvm.cpp, line 1390]
Event: 0.235 Thread 0x00007f9d1000b800 Exception <a 'java/security/PrivilegedActionException'> (0x000000076d2cb498) thrown at [/build/openjdk-8-O5BLDv/openjdk-8-8u151-b12/src/hotspot/src/share/vm/prims/jvm.cpp, line 1390]
Event: 0.235 Thread 0x00007f9d1000b800 Exception <a 'java/security/PrivilegedActionException'> (0x000000076d2cd520) thrown at [/build/openjdk-8-O5BLDv/openjdk-8-8u151-b12/src/hotspot/src/share/vm/prims/jvm.cpp, line 1390]
Event: 0.235 Thread 0x00007f9d1000b800 Exception <a 'java/security/PrivilegedActionException'> (0x000000076d2cd730) thrown at [/build/openjdk-8-O5BLDv/openjdk-8-8u151-b12/src/hotspot/src/share/vm/prims/jvm.cpp, line 1390]
Event: 0.235 Thread 0x00007f9d1000b800 Exception <a 'java/security/PrivilegedActionException'> (0x000000076d2ce208) thrown at [/build/openjdk-8-O5BLDv/openjdk-8-8u151-b12/src/hotspot/src/share/vm/prims/jvm.cpp, line 1390]
Event: 0.235 Thread 0x00007f9d1000b800 Exception <a 'java/security/PrivilegedActionException'> (0x000000076d2ce418) thrown at [/build/openjdk-8-O5BLDv/openjdk-8-8u151-b12/src/hotspot/src/share/vm/prims/jvm.cpp, line 1390]
Event: 0.269 Thread 0x00007f9d1000b800 Exception <a 'sun/nio/fs/UnixException'> (0x000000076d3ad1a0) thrown at [/build/openjdk-8-O5BLDv/openjdk-8-8u151-b12/src/hotspot/src/share/vm/prims/jni.cpp, line 709]

Events (10 events):
Event: 0.280 loading class org/lwjgl/system/jni/JNINativeInterface
Event: 0.280 loading class org/lwjgl/system/jni/JNINativeInterface done
Event: 0.281 loading class org/lwjgl/system/linux/DynamicLinkLoader
Event: 0.281 loading class org/lwjgl/system/linux/DynamicLinkLoader done
Event: 0.283 loading class org/lwjgl/opengl/GL$2
Event: 0.283 loading class org/lwjgl/opengl/GL$2 done
Event: 0.284 loading class org/lwjgl/opengl/GL$SharedLibraryGL
Event: 0.284 loading class org/lwjgl/opengl/GL$SharedLibraryGL done
Event: 0.284 loading class org/lwjgl/system/SharedLibrary$Delegate
Event: 0.284 loading class org/lwjgl/system/SharedLibrary$Delegate done


Dynamic libraries:
6c6000000-6d0700000 rw-p 00000000 00:00 0 
6d0700000-76cb00000 ---p 00000000 00:00 0 
76cb00000-771e00000 rw-p 00000000 00:00 0 
771e00000-7c0000000 ---p 00000000 00:00 0 
7c0000000-7c00c0000 rw-p 00000000 00:00 0 
7c00c0000-800000000 ---p 00000000 00:00 0 
564feb446000-564feb447000 r-xp 00000000 08:02 6162004                    /usr/lib/jvm/java-8-openjdk-amd64/jre/bin/java
564feb646000-564feb647000 r--p 00000000 08:02 6162004                    /usr/lib/jvm/java-8-openjdk-amd64/jre/bin/java
564feb647000-564feb648000 rw-p 00001000 08:02 6162004                    /usr/lib/jvm/java-8-openjdk-amd64/jre/bin/java
564fec86f000-564fec890000 rw-p 00000000 00:00 0                          [heap]
7f9ca4fff000-7f9ca8000000 rw-p 00000000 00:00 0 
7f9ca8000000-7f9ca8021000 rw-p 00000000 00:00 0 
7f9ca8021000-7f9cac000000 ---p 00000000 00:00 0 
7f9cac000000-7f9cac021000 rw-p 00000000 00:00 0 
7f9cac021000-7f9cb0000000 ---p 00000000 00:00 0 
7f9cb0000000-7f9cb0023000 rw-p 00000000 00:00 0 
7f9cb0023000-7f9cb4000000 ---p 00000000 00:00 0 
7f9cb4000000-7f9cb412e000 rw-p 00000000 00:00 0 
7f9cb412e000-7f9cb8000000 ---p 00000000 00:00 0 
7f9cb8000000-7f9cb812c000 rw-p 00000000 00:00 0 
7f9cb812c000-7f9cbc000000 ---p 00000000 00:00 0 
7f9cbc000000-7f9cbc021000 rw-p 00000000 00:00 0 
7f9cbc021000-7f9cc0000000 ---p 00000000 00:00 0 
7f9cc0000000-7f9cc0021000 rw-p 00000000 00:00 0 
7f9cc0021000-7f9cc4000000 ---p 00000000 00:00 0 
7f9cc4000000-7f9cc4021000 rw-p 00000000 00:00 0 
7f9cc4021000-7f9cc8000000 ---p 00000000 00:00 0 
7f9cc8000000-7f9cc8021000 rw-p 00000000 00:00 0 
7f9cc8021000-7f9ccc000000 ---p 00000000 00:00 0 
7f9ccc000000-7f9ccc021000 rw-p 00000000 00:00 0 
7f9ccc021000-7f9cd0000000 ---p 00000000 00:00 0 
7f9cd0000000-7f9cd0021000 rw-p 00000000 00:00 0 
7f9cd0021000-7f9cd4000000 ---p 00000000 00:00 0 
7f9cd4300000-7f9cdc000000 rw-p 00000000 00:00 0 
7f9cdc000000-7f9cdc021000 rw-p 00000000 00:00 0 
7f9cdc021000-7f9ce0000000 ---p 00000000 00:00 0 
7f9ce0000000-7f9ce0021000 rw-p 00000000 00:00 0 
7f9ce0021000-7f9ce4000000 ---p 00000000 00:00 0 
7f9ce4000000-7f9ce4021000 rw-p 00000000 00:00 0 
7f9ce4021000-7f9ce8000000 ---p 00000000 00:00 0 
7f9ce84f0000-7f9ce8503000 r-xp 00000000 08:02 1443817                    /lib/x86_64-linux-gnu/libbsd.so.0.8.6
7f9ce8503000-7f9ce8702000 ---p 00013000 08:02 1443817                    /lib/x86_64-linux-gnu/libbsd.so.0.8.6
7f9ce8702000-7f9ce8703000 r--p 00012000 08:02 1443817                    /lib/x86_64-linux-gnu/libbsd.so.0.8.6
7f9ce8703000-7f9ce8704000 rw-p 00013000 08:02 1443817                    /lib/x86_64-linux-gnu/libbsd.so.0.8.6
7f9ce8704000-7f9ce8705000 rw-p 00000000 00:00 0 
7f9ce8708000-7f9ce870d000 r-xp 00000000 08:02 5518031                    /usr/lib/x86_64-linux-gnu/libXdmcp.so.6.0.0
7f9ce870d000-7f9ce890c000 ---p 00005000 08:02 5518031                    /usr/lib/x86_64-linux-gnu/libXdmcp.so.6.0.0
7f9ce890c000-7f9ce890d000 r--p 00004000 08:02 5518031                    /usr/lib/x86_64-linux-gnu/libXdmcp.so.6.0.0
7f9ce890d000-7f9ce890e000 rw-p 00005000 08:02 5518031                    /usr/lib/x86_64-linux-gnu/libXdmcp.so.6.0.0
7f9ce8910000-7f9ce8912000 r-xp 00000000 08:02 5518016                    /usr/lib/x86_64-linux-gnu/libXau.so.6.0.0
7f9ce8912000-7f9ce8b12000 ---p 00002000 08:02 5518016                    /usr/lib/x86_64-linux-gnu/libXau.so.6.0.0
7f9ce8b12000-7f9ce8b13000 r--p 00002000 08:02 5518016                    /usr/lib/x86_64-linux-gnu/libXau.so.6.0.0
7f9ce8b13000-7f9ce8b14000 rw-p 00003000 08:02 5518016                    /usr/lib/x86_64-linux-gnu/libXau.so.6.0.0
7f9ce8b18000-7f9ce8b3f000 r-xp 00000000 08:02 5520824                    /usr/lib/x86_64-linux-gnu/libxcb.so.1.1.0
7f9ce8b3f000-7f9ce8d3e000 ---p 00027000 08:02 5520824                    /usr/lib/x86_64-linux-gnu/libxcb.so.1.1.0
7f9ce8d3e000-7f9ce8d3f000 r--p 00026000 08:02 5520824                    /usr/lib/x86_64-linux-gnu/libxcb.so.1.1.0
7f9ce8d3f000-7f9ce8d40000 rw-p 00027000 08:02 5520824                    /usr/lib/x86_64-linux-gnu/libxcb.so.1.1.0
7f9ce8d40000-7f9ce8d51000 r-xp 00000000 08:02 5518035                    /usr/lib/x86_64-linux-gnu/libXext.so.6.4.0
7f9ce8d51000-7f9ce8f50000 ---p 00011000 08:02 5518035                    /usr/lib/x86_64-linux-gnu/libXext.so.6.4.0
7f9ce8f50000-7f9ce8f51000 r--p 00010000 08:02 5518035                    /usr/lib/x86_64-linux-gnu/libXext.so.6.4.0
7f9ce8f51000-7f9ce8f52000 rw-p 00011000 08:02 5518035                    /usr/lib/x86_64-linux-gnu/libXext.so.6.4.0
7f9ce8f58000-7f9ce9092000 r-xp 00000000 08:02 5518010                    /usr/lib/x86_64-linux-gnu/libX11.so.6.3.0
7f9ce9092000-7f9ce9292000 ---p 0013a000 08:02 5518010                    /usr/lib/x86_64-linux-gnu/libX11.so.6.3.0
7f9ce9292000-7f9ce9293000 r--p 0013a000 08:02 5518010                    /usr/lib/x86_64-linux-gnu/libX11.so.6.3.0
7f9ce9293000-7f9ce9298000 rw-p 0013b000 08:02 5518010                    /usr/lib/x86_64-linux-gnu/libX11.so.6.3.0
7f9ce9298000-7f9ce9306000 r-xp 00000000 08:02 5509326                    /usr/lib/x86_64-linux-gnu/libGLdispatch.so.0.0.0
7f9ce9306000-7f9ce9505000 ---p 0006e000 08:02 5509326                    /usr/lib/x86_64-linux-gnu/libGLdispatch.so.0.0.0
7f9ce9505000-7f9ce952d000 r--p 0006d000 08:02 5509326                    /usr/lib/x86_64-linux-gnu/libGLdispatch.so.0.0.0
7f9ce952d000-7f9ce952e000 rw-p 00095000 08:02 5509326                    /usr/lib/x86_64-linux-gnu/libGLdispatch.so.0.0.0
7f9ce952e000-7f9ce954e000 rw-p 00000000 00:00 0 
7f9ce9550000-7f9ce9560000 r-xp 00000000 08:02 5509319                    /usr/lib/x86_64-linux-gnu/libGLX.so.0.0.0
7f9ce9560000-7f9ce975f000 ---p 00010000 08:02 5509319                    /usr/lib/x86_64-linux-gnu/libGLX.so.0.0.0
7f9ce975f000-7f9ce9760000 r--p 0000f000 08:02 5509319                    /usr/lib/x86_64-linux-gnu/libGLX.so.0.0.0
7f9ce9760000-7f9ce9761000 rw-p 00010000 08:02 5509319                    /usr/lib/x86_64-linux-gnu/libGLX.so.0.0.0
7f9ce9761000-7f9ce9781000 rw-p 00000000 00:00 0 
7f9ce9788000-7f9ce97f9000 r-xp 00000000 08:02 5509294                    /usr/lib/mesa-diverted/x86_64-linux-gnu/libGL.so.1.0.0
7f9ce97f9000-7f9ce99f8000 ---p 00071000 08:02 5509294                    /usr/lib/mesa-diverted/x86_64-linux-gnu/libGL.so.1.0.0
7f9ce99f8000-7f9ce9a12000 r--p 00070000 08:02 5509294                    /usr/lib/mesa-diverted/x86_64-linux-gnu/libGL.so.1.0.0
7f9ce9a12000-7f9ce9a13000 rw-p 0008a000 08:02 5509294                    /usr/lib/mesa-diverted/x86_64-linux-gnu/libGL.so.1.0.0
7f9ce9a13000-7f9ce9a14000 rw-p 00000000 00:00 0 
7f9ce9a50000-7f9ce9abb000 r-xp 00000000 08:12 390920                     /tmp/lwjglmart/3.1.4-build-8/liblwjgl_opengl.so
7f9ce9abb000-7f9ce9cba000 ---p 0006b000 08:12 390920                     /tmp/lwjglmart/3.1.4-build-8/liblwjgl_opengl.so
7f9ce9cba000-7f9ce9cbb000 r--p 0006a000 08:12 390920                     /tmp/lwjglmart/3.1.4-build-8/liblwjgl_opengl.so
7f9ce9cbb000-7f9ce9cbc000 rw-p 0006b000 08:12 390920                     /tmp/lwjglmart/3.1.4-build-8/liblwjgl_opengl.so
7f9ce9cc0000-7f9ce9d16000 r-xp 00000000 08:12 390918                     /tmp/lwjglmart/3.1.4-build-8/liblwjgl.so
7f9ce9d16000-7f9ce9f15000 ---p 00056000 08:12 390918                     /tmp/lwjglmart/3.1.4-build-8/liblwjgl.so
7f9ce9f15000-7f9ce9f16000 r--p 00055000 08:12 390918                     /tmp/lwjglmart/3.1.4-build-8/liblwjgl.so
7f9ce9f16000-7f9ce9f17000 rw-p 00056000 08:12 390918                     /tmp/lwjglmart/3.1.4-build-8/liblwjgl.so
7f9ce9f18000-7f9ce9f29000 r-xp 00000000 08:02 6162049                    /usr/lib/jvm/java-8-openjdk-amd64/jre/lib/amd64/libnio.so
7f9ce9f29000-7f9cea129000 ---p 00011000 08:02 6162049                    /usr/lib/jvm/java-8-openjdk-amd64/jre/lib/amd64/libnio.so
7f9cea129000-7f9cea12a000 r--p 00011000 08:02 6162049                    /usr/lib/jvm/java-8-openjdk-amd64/jre/lib/amd64/libnio.so
7f9cea12a000-7f9cea12b000 rw-p 00012000 08:02 6162049                    /usr/lib/jvm/java-8-openjdk-amd64/jre/lib/amd64/libnio.so
7f9cea130000-7f9cea147000 r-xp 00000000 08:02 6162048                    /usr/lib/jvm/java-8-openjdk-amd64/jre/lib/amd64/libnet.so
7f9cea147000-7f9cea346000 ---p 00017000 08:02 6162048                    /usr/lib/jvm/java-8-openjdk-amd64/jre/lib/amd64/libnet.so
7f9cea346000-7f9cea347000 r--p 00016000 08:02 6162048                    /usr/lib/jvm/java-8-openjdk-amd64/jre/lib/amd64/libnet.so
7f9cea347000-7f9cea348000 rw-p 00017000 08:02 6162048                    /usr/lib/jvm/java-8-openjdk-amd64/jre/lib/amd64/libnet.so
7f9cea34b000-7f9cea34c000 ---p 00000000 00:00 0 
7f9cea34c000-7f9cea44c000 rw-p 00000000 00:00 0 
7f9cea44c000-7f9cea44f000 ---p 00000000 00:00 0 
7f9cea44f000-7f9cea54d000 rw-p 00000000 00:00 0 
7f9cea54d000-7f9cea550000 ---p 00000000 00:00 0 
7f9cea550000-7f9cea64e000 rw-p 00000000 00:00 0 
7f9cea64e000-7f9cea651000 ---p 00000000 00:00 0 
7f9cea651000-7f9cea74f000 rw-p 00000000 00:00 0 
7f9cea74f000-7f9cea752000 ---p 00000000 00:00 0 
7f9cea752000-7f9cea850000 rw-p 00000000 00:00 0 
7f9cea850000-7f9cea853000 ---p 00000000 00:00 0 
7f9cea853000-7f9cea951000 rw-p 00000000 00:00 0 
7f9cea951000-7f9cea954000 ---p 00000000 00:00 0 
7f9cea954000-7f9ceaa52000 rw-p 00000000 00:00 0 
7f9ceaa52000-7f9ceaa54000 r--s 0001a000 08:02 1055240                    /opt/intellij/lib/idea_rt.jar
7f9ceaa57000-7f9ceaa5b000 r--s 00017000 08:14 13768678                   /home/mart/IdeaProjects/silorex/lwjgl/lwjgl-glfw.jar
7f9ceaa5d000-7f9ceaa5e000 r--s 0003d000 08:14 13768676                   /home/mart/IdeaProjects/silorex/lwjgl/lwjgl-glfw-natives-windows.jar
7f9ceaa65000-7f9ceaa66000 r--s 0000d000 08:14 13768675                   /home/mart/IdeaProjects/silorex/lwjgl/lwjgl-glfw-natives-macos.jar
7f9ceaa67000-7f9ceaa68000 r--s 0001f000 08:14 13768674                   /home/mart/IdeaProjects/silorex/lwjgl/lwjgl-glfw-natives-linux.jar
7f9ceaa6e000-7f9ceaa78000 r--s 000be000 08:14 13769182                   /home/mart/IdeaProjects/silorex/lwjgl/lwjgl-opengl.jar
7f9ceaa7a000-7f9ceaa7b000 r--s 0002a000 08:14 13769186                   /home/mart/IdeaProjects/silorex/lwjgl/lwjgl-opengl-natives-windows.jar
7f9ceaa7b000-7f9ceaa7c000 r--s 0000b000 08:14 13769185                   /home/mart/IdeaProjects/silorex/lwjgl/lwjgl-opengl-natives-macos.jar
7f9ceaa7e000-7f9ceaa7f000 r--s 00016000 08:14 13769184                   /home/mart/IdeaProjects/silorex/lwjgl/lwjgl-opengl-natives-linux.jar
7f9ceaa82000-7f9ceaa87000 r--s 00042000 08:14 13768649                   /home/mart/IdeaProjects/silorex/lwjgl/lwjgl.jar
7f9ceaa89000-7f9ceaa8a000 r--s 00039000 08:14 13768647                   /home/mart/IdeaProjects/silorex/lwjgl/lwjgl-natives-windows.jar
7f9ceaa91000-7f9ceaa92000 r--s 00009000 08:14 13768646                   /home/mart/IdeaProjects/silorex/lwjgl/lwjgl-natives-macos.jar
7f9ceaa93000-7f9ceaa94000 r--s 00013000 08:14 13768645                   /home/mart/IdeaProjects/silorex/lwjgl/lwjgl-natives-linux.jar
7f9ceaa96000-7f9ceaaa9000 r--s 00346000 08:02 6162100                    /usr/lib/jvm/java-8-openjdk-amd64/jre/lib/resources.jar
7f9ceaab0000-7f9ceaab1000 r--s 00000000 08:02 6162098                    /usr/lib/jvm/java-8-openjdk-amd64/jre/lib/management-agent.jar
7f9ceaab2000-7f9ceaab7000 r--s 0009a000 08:02 6162095                    /usr/lib/jvm/java-8-openjdk-amd64/jre/lib/jsse.jar
7f9ceaab7000-7f9ceaaba000 ---p 00000000 00:00 0 
7f9ceaaba000-7f9ceabb8000 rw-p 00000000 00:00 0 
7f9ceabb8000-7f9ceace8000 r--p 00000000 08:02 6162747                    /usr/lib/locale/aa_DJ.utf8/LC_COLLATE
7f9ceaced000-7f9ceacf0000 ---p 00000000 00:00 0 
7f9ceacf0000-7f9ceadee000 rw-p 00000000 00:00 0 
7f9ceadee000-7f9ceadf1000 ---p 00000000 00:00 0 
7f9ceadf1000-7f9ceaeef000 rw-p 00000000 00:00 0 
7f9ceaeef000-7f9ceaef0000 ---p 00000000 00:00 0 
7f9ceaef0000-7f9cec000000 rw-p 00000000 00:00 0 
7f9cec000000-7f9cec021000 rw-p 00000000 00:00 0 
7f9cec021000-7f9cf0000000 ---p 00000000 00:00 0 
7f9cf0000000-7f9cf0021000 rw-p 00000000 00:00 0 
7f9cf0021000-7f9cf4000000 ---p 00000000 00:00 0 
7f9cf4000000-7f9cf4021000 rw-p 00000000 00:00 0 
7f9cf4021000-7f9cf8000000 ---p 00000000 00:00 0 
7f9cf8000000-7f9cf8021000 rw-p 00000000 00:00 0 
7f9cf8021000-7f9cfc000000 ---p 00000000 00:00 0 
7f9cfc000000-7f9cfc021000 rw-p 00000000 00:00 0 
7f9cfc021000-7f9d00000000 ---p 00000000 00:00 0 
7f9d00005000-7f9d00008000 r--s 00015000 08:02 6162093                    /usr/lib/jvm/java-8-openjdk-amd64/jre/lib/jce.jar
7f9d0000f000-7f9d00011000 r--s 00007000 08:02 1711658                    /usr/share/java/java-atk-wrapper.jar
7f9d00011000-7f9d00016000 r--s 002f9000 08:02 6162062                    /usr/lib/jvm/java-8-openjdk-amd64/jre/lib/charsets.jar
7f9d00017000-7f9d0001a000 r--s 0000f000 08:02 6162074                    /usr/lib/jvm/java-8-openjdk-amd64/jre/lib/ext/icedtea-sound.jar
7f9d0001e000-7f9d00039000 r--s 001d6000 08:02 6162077                    /usr/lib/jvm/java-8-openjdk-amd64/jre/lib/ext/nashorn.jar
7f9d0003f000-7f9d00043000 r--s 00037000 08:02 6162080                    /usr/lib/jvm/java-8-openjdk-amd64/jre/lib/ext/sunpkcs11.jar
7f9d0004a000-7f9d00050000 r--s 0003a000 08:02 6162079                    /usr/lib/jvm/java-8-openjdk-amd64/jre/lib/ext/sunjce_provider.jar
7f9d00056000-7f9d00060000 r--s 00116000 08:02 6162076                    /usr/lib/jvm/java-8-openjdk-amd64/jre/lib/ext/localedata.jar
7f9d00067000-7f9d00069000 r--s 00007000 08:02 1711658                    /usr/share/java/java-atk-wrapper.jar
7f9d0006c000-7f9d00087000 r--s 00394000 08:02 6162072                    /usr/lib/jvm/java-8-openjdk-amd64/jre/lib/ext/cldrdata.jar
7f9d0008a000-7f9d0008b000 r--s 0000a000 08:02 6162075                    /usr/lib/jvm/java-8-openjdk-amd64/jre/lib/ext/jaccess.jar
7f9d00091000-7f9d00093000 r--s 00001000 08:02 6162073                    /usr/lib/jvm/java-8-openjdk-amd64/jre/lib/ext/dnsns.jar
7f9d00098000-7f9d00099000 r--s 00010000 08:02 6162081                    /usr/lib/jvm/java-8-openjdk-amd64/jre/lib/ext/zipfs.jar
7f9d000a0000-7f9d000a2000 r--s 00008000 08:02 6162078                    /usr/lib/jvm/java-8-openjdk-amd64/jre/lib/ext/sunec.jar
7f9d000a8000-7f9d000f9000 r--p 00000000 08:02 6162749                    /usr/lib/locale/aa_DJ.utf8/LC_CTYPE
7f9d000f9000-7f9d00800000 rw-p 00000000 00:00 0 
7f9d00800000-7f9d00d40000 rw-p 00000000 00:00 0 
7f9d00d40000-7f9d01000000 ---p 00000000 00:00 0 
7f9d01000000-7f9d01270000 rwxp 00000000 00:00 0 
7f9d01270000-7f9d10000000 ---p 00000000 00:00 0 
7f9d10000000-7f9d104ee000 rw-p 00000000 00:00 0 
7f9d104ee000-7f9d14000000 ---p 00000000 00:00 0 
7f9d14000000-7f9d14001000 r--p 00000000 08:02 6162778                    /usr/lib/locale/aa_ET/LC_NUMERIC
7f9d14008000-7f9d14009000 r--p 00000000 08:02 6165421                    /usr/lib/locale/en_GB.utf8/LC_TIME
7f9d14010000-7f9d14011000 r--p 00000000 08:02 6165204                    /usr/lib/locale/cy_GB.utf8/LC_MONETARY
7f9d14017000-7f9d14469000 rw-p 00000000 00:00 0 
7f9d14469000-7f9d14638000 r--s 03c21000 08:02 6162101                    /usr/lib/jvm/java-8-openjdk-amd64/jre/lib/rt.jar
7f9d1463b000-7f9d146b1000 rw-p 00000000 00:00 0 
7f9d146b1000-7f9d14e81000 rw-p 00000000 00:00 0 
7f9d14e81000-7f9d14e82000 ---p 00000000 00:00 0 
7f9d14e82000-7f9d14f82000 rw-p 00000000 00:00 0 
7f9d14f82000-7f9d14f83000 ---p 00000000 00:00 0 
7f9d14f83000-7f9d15083000 rw-p 00000000 00:00 0 
7f9d15083000-7f9d15084000 ---p 00000000 00:00 0 
7f9d15084000-7f9d15184000 rw-p 00000000 00:00 0 
7f9d15184000-7f9d15185000 ---p 00000000 00:00 0 
7f9d15185000-7f9d15285000 rw-p 00000000 00:00 0 
7f9d15285000-7f9d15286000 ---p 00000000 00:00 0 
7f9d15286000-7f9d15386000 rw-p 00000000 00:00 0 
7f9d15386000-7f9d15387000 ---p 00000000 00:00 0 
7f9d15387000-7f9d15487000 rw-p 00000000 00:00 0 
7f9d15487000-7f9d15488000 ---p 00000000 00:00 0 
7f9d15488000-7f9d15588000 rw-p 00000000 00:00 0 
7f9d15588000-7f9d15589000 ---p 00000000 00:00 0 
7f9d15589000-7f9d15689000 rw-p 00000000 00:00 0 
7f9d15689000-7f9d156dd000 rw-p 00000000 00:00 0 
7f9d156dd000-7f9d15bbf000 ---p 00000000 00:00 0 
7f9d15bbf000-7f9d15c13000 rw-p 00000000 00:00 0 
7f9d15c13000-7f9d160f4000 ---p 00000000 00:00 0 
7f9d160f4000-7f9d1611e000 rw-p 00000000 00:00 0 
7f9d1611e000-7f9d1638f000 ---p 00000000 00:00 0 
7f9d1638f000-7f9d1639a000 rw-p 00000000 00:00 0 
7f9d1639a000-7f9d16750000 ---p 00000000 00:00 0 
7f9d16750000-7f9d16758000 r-xp 00000000 08:02 6162057                    /usr/lib/jvm/java-8-openjdk-amd64/jre/lib/amd64/libzip.so
7f9d16758000-7f9d16957000 ---p 00008000 08:02 6162057                    /usr/lib/jvm/java-8-openjdk-amd64/jre/lib/amd64/libzip.so
7f9d16957000-7f9d16958000 r--p 00007000 08:02 6162057                    /usr/lib/jvm/java-8-openjdk-amd64/jre/lib/amd64/libzip.so
7f9d16958000-7f9d16959000 rw-p 00008000 08:02 6162057                    /usr/lib/jvm/java-8-openjdk-amd64/jre/lib/amd64/libzip.so
7f9d16960000-7f9d1696b000 r-xp 00000000 08:02 1465569                    /lib/x86_64-linux-gnu/libnss_files-2.25.so
7f9d1696b000-7f9d16b6a000 ---p 0000b000 08:02 1465569                    /lib/x86_64-linux-gnu/libnss_files-2.25.so
7f9d16b6a000-7f9d16b6b000 r--p 0000a000 08:02 1465569                    /lib/x86_64-linux-gnu/libnss_files-2.25.so
7f9d16b6b000-7f9d16b6c000 rw-p 0000b000 08:02 1465569                    /lib/x86_64-linux-gnu/libnss_files-2.25.so
7f9d16b6c000-7f9d16b72000 rw-p 00000000 00:00 0 
7f9d16b78000-7f9d16b83000 r-xp 00000000 08:02 1465571                    /lib/x86_64-linux-gnu/libnss_nis-2.25.so
7f9d16b83000-7f9d16d82000 ---p 0000b000 08:02 1465571                    /lib/x86_64-linux-gnu/libnss_nis-2.25.so
7f9d16d82000-7f9d16d83000 r--p 0000a000 08:02 1465571                    /lib/x86_64-linux-gnu/libnss_nis-2.25.so
7f9d16d83000-7f9d16d84000 rw-p 0000b000 08:02 1465571                    /lib/x86_64-linux-gnu/libnss_nis-2.25.so
7f9d16d88000-7f9d16d9d000 r-xp 00000000 08:02 1465566                    /lib/x86_64-linux-gnu/libnsl-2.25.so
7f9d16d9d000-7f9d16f9c000 ---p 00015000 08:02 1465566                    /lib/x86_64-linux-gnu/libnsl-2.25.so
7f9d16f9c000-7f9d16f9d000 r--p 00014000 08:02 1465566                    /lib/x86_64-linux-gnu/libnsl-2.25.so
7f9d16f9d000-7f9d16f9e000 rw-p 00015000 08:02 1465566                    /lib/x86_64-linux-gnu/libnsl-2.25.so
7f9d16f9e000-7f9d16fa0000 rw-p 00000000 00:00 0 
7f9d16fa0000-7f9d16fa7000 r-xp 00000000 08:02 1465567                    /lib/x86_64-linux-gnu/libnss_compat-2.25.so
7f9d16fa7000-7f9d171a6000 ---p 00007000 08:02 1465567                    /lib/x86_64-linux-gnu/libnss_compat-2.25.so
7f9d171a6000-7f9d171a7000 r--p 00006000 08:02 1465567                    /lib/x86_64-linux-gnu/libnss_compat-2.25.so
7f9d171a7000-7f9d171a8000 rw-p 00007000 08:02 1465567                    /lib/x86_64-linux-gnu/libnss_compat-2.25.so
7f9d171a8000-7f9d171b2000 r-xp 00000000 08:02 6162031                    /usr/lib/jvm/java-8-openjdk-amd64/jre/lib/amd64/libinstrument.so
7f9d171b2000-7f9d173b1000 ---p 0000a000 08:02 6162031                    /usr/lib/jvm/java-8-openjdk-amd64/jre/lib/amd64/libinstrument.so
7f9d173b1000-7f9d173b2000 r--p 00009000 08:02 6162031                    /usr/lib/jvm/java-8-openjdk-amd64/jre/lib/amd64/libinstrument.so
7f9d173b2000-7f9d173b3000 rw-p 0000a000 08:02 6162031                    /usr/lib/jvm/java-8-openjdk-amd64/jre/lib/amd64/libinstrument.so
7f9d173b8000-7f9d173e5000 r-xp 00000000 08:02 6162036                    /usr/lib/jvm/java-8-openjdk-amd64/jre/lib/amd64/libjava.so
7f9d173e5000-7f9d175e5000 ---p 0002d000 08:02 6162036                    /usr/lib/jvm/java-8-openjdk-amd64/jre/lib/amd64/libjava.so
7f9d175e5000-7f9d175e6000 r--p 0002d000 08:02 6162036                    /usr/lib/jvm/java-8-openjdk-amd64/jre/lib/amd64/libjava.so
7f9d175e6000-7f9d175e8000 rw-p 0002e000 08:02 6162036                    /usr/lib/jvm/java-8-openjdk-amd64/jre/lib/amd64/libjava.so
7f9d175e8000-7f9d175f8000 r-xp 00000000 08:02 6162056                    /usr/lib/jvm/java-8-openjdk-amd64/jre/lib/amd64/libverify.so
7f9d175f8000-7f9d177f7000 ---p 00010000 08:02 6162056                    /usr/lib/jvm/java-8-openjdk-amd64/jre/lib/amd64/libverify.so
7f9d177f7000-7f9d177f9000 r--p 0000f000 08:02 6162056                    /usr/lib/jvm/java-8-openjdk-amd64/jre/lib/amd64/libverify.so
7f9d177f9000-7f9d177fa000 rw-p 00011000 08:02 6162056                    /usr/lib/jvm/java-8-openjdk-amd64/jre/lib/amd64/libverify.so
7f9d17800000-7f9d17807000 r-xp 00000000 08:02 1465576                    /lib/x86_64-linux-gnu/librt-2.25.so
7f9d17807000-7f9d17a06000 ---p 00007000 08:02 1465576                    /lib/x86_64-linux-gnu/librt-2.25.so
7f9d17a06000-7f9d17a07000 r--p 00006000 08:02 1465576                    /lib/x86_64-linux-gnu/librt-2.25.so
7f9d17a07000-7f9d17a08000 rw-p 00007000 08:02 1465576                    /lib/x86_64-linux-gnu/librt-2.25.so
7f9d17a08000-7f9d17a1e000 r-xp 00000000 08:02 1444262                    /lib/x86_64-linux-gnu/libgcc_s.so.1
7f9d17a1e000-7f9d17c1d000 ---p 00016000 08:02 1444262                    /lib/x86_64-linux-gnu/libgcc_s.so.1
7f9d17c1d000-7f9d17c1e000 r--p 00015000 08:02 1444262                    /lib/x86_64-linux-gnu/libgcc_s.so.1
7f9d17c1e000-7f9d17c1f000 rw-p 00016000 08:02 1444262                    /lib/x86_64-linux-gnu/libgcc_s.so.1
7f9d17c20000-7f9d17d32000 r-xp 00000000 08:02 1465563                    /lib/x86_64-linux-gnu/libm-2.25.so
7f9d17d32000-7f9d17f31000 ---p 00112000 08:02 1465563                    /lib/x86_64-linux-gnu/libm-2.25.so
7f9d17f31000-7f9d17f32000 r--p 00111000 08:02 1465563                    /lib/x86_64-linux-gnu/libm-2.25.so
7f9d17f32000-7f9d17f33000 rw-p 00112000 08:02 1465563                    /lib/x86_64-linux-gnu/libm-2.25.so
7f9d17f38000-7f9d180a8000 r-xp 00000000 08:02 5508933                    /usr/lib/x86_64-linux-gnu/libstdc++.so.6.0.24
7f9d180a8000-7f9d182a8000 ---p 00170000 08:02 5508933                    /usr/lib/x86_64-linux-gnu/libstdc++.so.6.0.24
7f9d182a8000-7f9d182b2000 r--p 00170000 08:02 5508933                    /usr/lib/x86_64-linux-gnu/libstdc++.so.6.0.24
7f9d182b2000-7f9d182b4000 rw-p 0017a000 08:02 5508933                    /usr/lib/x86_64-linux-gnu/libstdc++.so.6.0.24
7f9d182b4000-7f9d182b7000 rw-p 00000000 00:00 0 
7f9d182b8000-7f9d18f42000 r-xp 00000000 08:02 6162061                    /usr/lib/jvm/java-8-openjdk-amd64/jre/lib/amd64/server/libjvm.so
7f9d18f42000-7f9d19142000 ---p 00c8a000 08:02 6162061                    /usr/lib/jvm/java-8-openjdk-amd64/jre/lib/amd64/server/libjvm.so
7f9d19142000-7f9d191d5000 r--p 00c8a000 08:02 6162061                    /usr/lib/jvm/java-8-openjdk-amd64/jre/lib/amd64/server/libjvm.so
7f9d191d5000-7f9d191fd000 rw-p 00d1d000 08:02 6162061                    /usr/lib/jvm/java-8-openjdk-amd64/jre/lib/amd64/server/libjvm.so
7f9d191fd000-7f9d1922e000 rw-p 00000000 00:00 0 
7f9d19230000-7f9d193c9000 r-xp 00000000 08:02 1465559                    /lib/x86_64-linux-gnu/libc-2.25.so
7f9d193c9000-7f9d195c9000 ---p 00199000 08:02 1465559                    /lib/x86_64-linux-gnu/libc-2.25.so
7f9d195c9000-7f9d195cd000 r--p 00199000 08:02 1465559                    /lib/x86_64-linux-gnu/libc-2.25.so
7f9d195cd000-7f9d195cf000 rw-p 0019d000 08:02 1465559                    /lib/x86_64-linux-gnu/libc-2.25.so
7f9d195cf000-7f9d195d3000 rw-p 00000000 00:00 0 
7f9d195d8000-7f9d195db000 r-xp 00000000 08:02 1465562                    /lib/x86_64-linux-gnu/libdl-2.25.so
7f9d195db000-7f9d197da000 ---p 00003000 08:02 1465562                    /lib/x86_64-linux-gnu/libdl-2.25.so
7f9d197da000-7f9d197db000 r--p 00002000 08:02 1465562                    /lib/x86_64-linux-gnu/libdl-2.25.so
7f9d197db000-7f9d197dc000 rw-p 00003000 08:02 1465562                    /lib/x86_64-linux-gnu/libdl-2.25.so
7f9d197e0000-7f9d197ee000 r-xp 00000000 08:02 6162021                    /usr/lib/jvm/java-8-openjdk-amd64/jre/lib/amd64/jli/libjli.so
7f9d197ee000-7f9d199ed000 ---p 0000e000 08:02 6162021                    /usr/lib/jvm/java-8-openjdk-amd64/jre/lib/amd64/jli/libjli.so
7f9d199ed000-7f9d199ee000 r--p 0000d000 08:02 6162021                    /usr/lib/jvm/java-8-openjdk-amd64/jre/lib/amd64/jli/libjli.so
7f9d199ee000-7f9d199ef000 rw-p 0000e000 08:02 6162021                    /usr/lib/jvm/java-8-openjdk-amd64/jre/lib/amd64/jli/libjli.so
7f9d199f0000-7f9d19a09000 r-xp 00000000 08:02 1444460                    /lib/x86_64-linux-gnu/libz.so.1.2.8
7f9d19a09000-7f9d19c08000 ---p 00019000 08:02 1444460                    /lib/x86_64-linux-gnu/libz.so.1.2.8
7f9d19c08000-7f9d19c09000 r--p 00018000 08:02 1444460                    /lib/x86_64-linux-gnu/libz.so.1.2.8
7f9d19c09000-7f9d19c0a000 rw-p 00019000 08:02 1444460                    /lib/x86_64-linux-gnu/libz.so.1.2.8
7f9d19c10000-7f9d19c29000 r-xp 00000000 08:02 1465574                    /lib/x86_64-linux-gnu/libpthread-2.25.so
7f9d19c29000-7f9d19e28000 ---p 00019000 08:02 1465574                    /lib/x86_64-linux-gnu/libpthread-2.25.so
7f9d19e28000-7f9d19e29000 r--p 00018000 08:02 1465574                    /lib/x86_64-linux-gnu/libpthread-2.25.so
7f9d19e29000-7f9d19e2a000 rw-p 00019000 08:02 1465574                    /lib/x86_64-linux-gnu/libpthread-2.25.so
7f9d19e2a000-7f9d19e2e000 rw-p 00000000 00:00 0 
7f9d19e30000-7f9d19e53000 r-xp 00000000 08:02 1459620                    /lib/x86_64-linux-gnu/ld-2.25.so
7f9d19e58000-7f9d19e59000 r--p 00000000 08:02 6165354                    /usr/lib/locale/en_AG/LC_MESSAGES/SYS_LC_MESSAGES
7f9d19e60000-7f9d19e61000 r--p 00000000 08:02 6162757                    /usr/lib/locale/aa_DJ.utf8/LC_PAPER
7f9d19e68000-7f9d19e69000 r--p 00000000 08:02 6165139                    /usr/lib/locale/chr_US/LC_NAME
7f9d19e70000-7f9d19e71000 r--p 00000000 08:02 6165419                    /usr/lib/locale/en_GB.utf8/LC_ADDRESS
7f9d19e78000-7f9d19e79000 r--p 00000000 08:02 6165205                    /usr/lib/locale/cy_GB.utf8/LC_TELEPHONE
7f9d19e80000-7f9d19e81000 r--p 00000000 08:02 6162751                    /usr/lib/locale/aa_DJ.utf8/LC_MEASUREMENT
7f9d19e88000-7f9d19e8f000 r--s 00000000 08:02 6164888                    /usr/lib/x86_64-linux-gnu/gconv/gconv-modules.cache
7f9d19e90000-7f9d19e91000 r--p 00000000 08:02 6165420                    /usr/lib/locale/en_GB.utf8/LC_IDENTIFICATION
7f9d19e96000-7f9d19ef1000 rw-p 00000000 00:00 0 
7f9d19ef1000-7f9d19f40000 rw-p 00000000 00:00 0 
7f9d19f40000-7f9d19f48000 rw-s 00000000 08:12 260616                     /tmp/hsperfdata_mart/9322
7f9d19f4f000-7f9d19f50000 rw-p 00000000 00:00 0 
7f9d19f50000-7f9d19f51000 r--p 00000000 00:00 0 
7f9d19f51000-7f9d19f54000 ---p 00000000 00:00 0 
7f9d19f54000-7f9d1a052000 rw-p 00000000 00:00 0 
7f9d1a052000-7f9d1a053000 r--p 00022000 08:02 1459620                    /lib/x86_64-linux-gnu/ld-2.25.so
7f9d1a053000-7f9d1a054000 rw-p 00023000 08:02 1459620                    /lib/x86_64-linux-gnu/ld-2.25.so
7f9d1a054000-7f9d1a057000 rw-p 00000000 00:00 0 
7f9d1a057000-7f9d1a059000 rw-p 00000000 00:00 0 
7ffe0c762000-7ffe0c783000 rw-p 00000000 00:00 0                          [stack]
7ffe0c7d0000-7ffe0c7d3000 r--p 00000000 00:00 0                          [vvar]
7ffe0c7d3000-7ffe0c7d5000 r-xp 00000000 00:00 0                          [vdso]

VM Arguments:
jvm_args: -javaagent:/opt/intellij/lib/idea_rt.jar=44937:/opt/intellij/bin -Dfile.encoding=UTF-8 
java_command: Engine.Main
java_class_path (initial): /usr/lib/jvm/java-1.8.0-openjdk-amd64/jre/lib/charsets.jar:/usr/lib/jvm/java-1.8.0-openjdk-amd64/jre/lib/ext/cldrdata.jar:/usr/lib/jvm/java-1.8.0-openjdk-amd64/jre/lib/ext/dnsns.jar:/usr/lib/jvm/java-1.8.0-openjdk-amd64/jre/lib/ext/icedtea-sound.jar:/usr/lib/jvm/java-1.8.0-openjdk-amd64/jre/lib/ext/jaccess.jar:/usr/lib/jvm/java-1.8.0-openjdk-amd64/jre/lib/ext/java-atk-wrapper.jar:/usr/lib/jvm/java-1.8.0-openjdk-amd64/jre/lib/ext/localedata.jar:/usr/lib/jvm/java-1.8.0-openjdk-amd64/jre/lib/ext/nashorn.jar:/usr/lib/jvm/java-1.8.0-openjdk-amd64/jre/lib/ext/sunec.jar:/usr/lib/jvm/java-1.8.0-openjdk-amd64/jre/lib/ext/sunjce_provider.jar:/usr/lib/jvm/java-1.8.0-openjdk-amd64/jre/lib/ext/sunpkcs11.jar:/usr/lib/jvm/java-1.8.0-openjdk-amd64/jre/lib/ext/zipfs.jar:/usr/lib/jvm/java-1.8.0-openjdk-amd64/jre/lib/jce.jar:/usr/lib/jvm/java-1.8.0-openjdk-amd64/jre/lib/jsse.jar:/usr/lib/jvm/java-1.8.0-openjdk-amd64/jre/lib/management-agent.jar:/usr/lib/jvm/java-1.8.0-openjdk-amd64/jre/lib/resources.jar:/usr/lib/jvm/java-1.8.0-openjdk-amd64/jre/lib/rt.jar:/home/mart/IdeaProjects/silorex/out/production/silorex:/home/mart/IdeaProjects/silorex/lwjgl/lwjgl-natives-linux.jar:/home/mart/IdeaProjects/silorex/lwjgl/lwjgl-natives-macos.jar:/home/mart/IdeaProjects/silorex/lwjgl/lwjgl-natives-windows.jar:/home/mart/IdeaProjects/silorex/lwjgl/lwjgl.jar:/home/mart/IdeaProjects/silorex/lwjgl/lwjgl-opengl-natives-linux.jar:/home/mart/IdeaProjects/silorex/lwjgl/lwjgl-opengl-natives-macos.jar:/home/mart/IdeaProjects/silorex/lwjgl/lwjgl-opengl-natives-windows.jar:/home/mart/IdeaProjects/silorex/lwjgl/lwjgl-opengl.jar:/home/mart/IdeaProjects/silorex/lwjgl/lwjgl-glfw-natives-linux.jar:/home/mart/IdeaProjects/silorex/lwjgl/lwjgl-glfw-natives-macos.jar:/home/mart/IdeaProjects/silorex/lwjgl/lwjgl-glfw-natives-windows.jar:/home/mart/IdeaProjects/silorex/lwjgl/lwjgl-glfw.jar:/opt/intellij/lib/idea_rt.jar
Launcher Type: SUN_STANDARD

Environment Variables:
PATH=/usr/local/bin:/usr/bin:/bin:/usr/local/games:/usr/games
USERNAME=mart
SHELL=/bin/bash
DISPLAY=:1

Signal Handlers:
SIGSEGV: [libjvm.so+0xaa6ae0], sa_mask[0]=11111111011111111101111111111110, sa_flags=SA_RESTART|SA_SIGINFO
SIGBUS: [libjvm.so+0xaa6ae0], sa_mask[0]=11111111011111111101111111111110, sa_flags=SA_RESTART|SA_SIGINFO
SIGFPE: [libjvm.so+0x8ddf00], sa_mask[0]=11111111011111111101111111111110, sa_flags=SA_RESTART|SA_SIGINFO
SIGPIPE: [libjvm.so+0x8ddf00], sa_mask[0]=11111111011111111101111111111110, sa_flags=SA_RESTART|SA_SIGINFO
SIGXFSZ: [libjvm.so+0x8ddf00], sa_mask[0]=11111111011111111101111111111110, sa_flags=SA_RESTART|SA_SIGINFO
SIGILL: [libjvm.so+0x8ddf00], sa_mask[0]=11111111011111111101111111111110, sa_flags=SA_RESTART|SA_SIGINFO
SIGUSR1: SIG_DFL, sa_mask[0]=00000000000000000000000000000000, sa_flags=none
SIGUSR2: [libjvm.so+0x8dddb0], sa_mask[0]=00100000000000000000000000000000, sa_flags=SA_RESTART|SA_SIGINFO
SIGHUP: [libjvm.so+0x8de260], sa_mask[0]=11111111011111111101111111111110, sa_flags=SA_RESTART|SA_SIGINFO
SIGINT: [libjvm.so+0x8de260], sa_mask[0]=11111111011111111101111111111110, sa_flags=SA_RESTART|SA_SIGINFO
SIGTERM: [libjvm.so+0x8de260], sa_mask[0]=11111111011111111101111111111110, sa_flags=SA_RESTART|SA_SIGINFO
SIGQUIT: [libjvm.so+0x8de260], sa_mask[0]=11111111011111111101111111111110, sa_flags=SA_RESTART|SA_SIGINFO


---------------  S Y S T E M  ---------------

OS:DISTRIB_ID=Kali
DISTRIB_RELEASE=kali-rolling
DISTRIB_CODENAME=kali-rolling
DISTRIB_DESCRIPTION="Kali GNU/Linux Rolling"

uname:Linux 4.14.0-kali1-amd64 #1 SMP Debian 4.14.2-1kali1 (2017-12-04) x86_64
libc:glibc 2.25 NPTL 2.25 
rlimit: STACK 8192k, CORE 0k, NPROC 63609, NOFILE 1048576, AS infinity
load average:1.38 1.63 1.55

/proc/meminfo:
MemTotal:       16383060 kB
MemFree:         6939024 kB
MemAvailable:    9120220 kB
Buffers:          368100 kB
Cached:          2136284 kB
SwapCached:            0 kB
Active:          7350568 kB
Inactive:        1550040 kB
Active(anon):    6397592 kB
Inactive(anon):   248424 kB
Active(file):     952976 kB
Inactive(file):  1301616 kB
Unevictable:          16 kB
Mlocked:              16 kB
SwapTotal:      19530748 kB
SwapFree:       19530748 kB
Dirty:               448 kB
Writeback:             0 kB
AnonPages:       5164648 kB
Mapped:           707312 kB
Shmem:            249796 kB
Slab:             331092 kB
SReclaimable:     264800 kB
SUnreclaim:        66292 kB
KernelStack:       16080 kB
PageTables:        54312 kB
NFS_Unstable:          0 kB
Bounce:                0 kB
WritebackTmp:          0 kB
CommitLimit:    27722276 kB
Committed_AS:   12455944 kB
VmallocTotal:   34359738367 kB
VmallocUsed:           0 kB
VmallocChunk:          0 kB
HardwareCorrupted:     0 kB
AnonHugePages:   2242560 kB
ShmemHugePages:        0 kB
ShmemPmdMapped:        0 kB
HugePages_Total:       0
HugePages_Free:        0
HugePages_Rsvd:        0
HugePages_Surp:        0
Hugepagesize:       2048 kB
DirectMap4k:      260532 kB
DirectMap2M:    10172416 kB
DirectMap1G:     6291456 kB


CPU:total 8 (initial active 8) (8 cores per cpu, 1 threads per core) family 21 model 2 stepping 0, cmov, cx8, fxsr, mmx, sse, sse2, sse3, ssse3, sse4.1, sse4.2, popcnt, avx, aes, clmul, mmxext, 3dnowpref, lzcnt, sse4a, tsc, tscinvbit, tscinv, bmi1

/proc/cpuinfo:
processor	: 0
vendor_id	: AuthenticAMD
cpu family	: 21
model		: 2
model name	: AMD FX(tm)-8320 Eight-Core Processor
stepping	: 0
microcode	: 0x600084f
cpu MHz		: 1400.000
cache size	: 2048 KB
physical id	: 0
siblings	: 8
core id		: 0
cpu cores	: 4
apicid		: 16
initial apicid	: 0
fpu		: yes
fpu_exception	: yes
cpuid level	: 13
wp		: yes
flags		: fpu vme de pse tsc msr pae mce cx8 apic sep mtrr pge mca cmov pat pse36 clflush mmx fxsr sse sse2 ht syscall nx mmxext fxsr_opt pdpe1gb rdtscp lm constant_tsc rep_good nopl nonstop_tsc cpuid extd_apicid aperfmperf pni pclmulqdq monitor ssse3 fma cx16 sse4_1 sse4_2 popcnt aes xsave avx f16c lahf_lm cmp_legacy svm extapic cr8_legacy abm sse4a misalignsse 3dnowprefetch osvw ibs xop skinit wdt lwp fma4 tce nodeid_msr tbm topoext perfctr_core perfctr_nb cpb hw_pstate vmmcall bmi1 arat npt lbrv svm_lock nrip_save tsc_scale vmcb_clean flushbyasid decodeassists pausefilter pfthreshold
bugs		: fxsave_leak sysret_ss_attrs null_seg
bogomips	: 7000.67
TLB size	: 1536 4K pages
clflush size	: 64
cache_alignment	: 64
address sizes	: 48 bits physical, 48 bits virtual
power management: ts ttp tm 100mhzsteps hwpstate cpb eff_freq_ro

processor	: 1
vendor_id	: AuthenticAMD
cpu family	: 21
model		: 2
model name	: AMD FX(tm)-8320 Eight-Core Processor
stepping	: 0
microcode	: 0x600084f
cpu MHz		: 1700.000
cache size	: 2048 KB
physical id	: 0
siblings	: 8
core id		: 1
cpu cores	: 4
apicid		: 17
initial apicid	: 1
fpu		: yes
fpu_exception	: yes
cpuid level	: 13
wp		: yes
flags		: fpu vme de pse tsc msr pae mce cx8 apic sep mtrr pge mca cmov pat pse36 clflush mmx fxsr sse sse2 ht syscall nx mmxext fxsr_opt pdpe1gb rdtscp lm constant_tsc rep_good nopl nonstop_tsc cpuid extd_apicid aperfmperf pni pclmulqdq monitor ssse3 fma cx16 sse4_1 sse4_2 popcnt aes xsave avx f16c lahf_lm cmp_legacy svm extapic cr8_legacy abm sse4a misalignsse 3dnowprefetch osvw ibs xop skinit wdt lwp fma4 tce nodeid_msr tbm topoext perfctr_core perfctr_nb cpb hw_pstate vmmcall bmi1 arat npt lbrv svm_lock nrip_save tsc_scale vmcb_clean flushbyasid decodeassists pausefilter pfthreshold
bugs		: fxsave_leak sysret_ss_attrs null_seg
bogomips	: 7000.67
TLB size	: 1536 4K pages
clflush size	: 64
cache_alignment	: 64
address sizes	: 48 bits physical, 48 bits virtual
power management: ts ttp tm 100mhzsteps hwpstate cpb eff_freq_ro

processor	: 2
vendor_id	: AuthenticAMD
cpu family	: 21
model		: 2
model name	: AMD FX(tm)-8320 Eight-Core Processor
stepping	: 0
microcode	: 0x600084f
cpu MHz		: 3500.000
cache size	: 2048 KB
physical id	: 0
siblings	: 8
core id		: 2
cpu cores	: 4
apicid		: 18
initial apicid	: 2
fpu		: yes
fpu_exception	: yes
cpuid level	: 13
wp		: yes
flags		: fpu vme de pse tsc msr pae mce cx8 apic sep mtrr pge mca cmov pat pse36 clflush mmx fxsr sse sse2 ht syscall nx mmxext fxsr_opt pdpe1gb rdtscp lm constant_tsc rep_good nopl nonstop_tsc cpuid extd_apicid aperfmperf pni pclmulqdq monitor ssse3 fma cx16 sse4_1 sse4_2 popcnt aes xsave avx f16c lahf_lm cmp_legacy svm extapic cr8_legacy abm sse4a misalignsse 3dnowprefetch osvw ibs xop skinit wdt lwp fma4 tce nodeid_msr tbm topoext perfctr_core perfctr_nb cpb hw_pstate vmmcall bmi1 arat npt lbrv svm_lock nrip_save tsc_scale vmcb_clean flushbyasid decodeassists pausefilter pfthreshold
bugs		: fxsave_leak sysret_ss_attrs null_seg
bogomips	: 7000.67
TLB size	: 1536 4K pages
clflush size	: 64
cache_alignment	: 64
address sizes	: 48 bits physical, 48 bits virtual
power management: ts ttp tm 100mhzsteps hwpstate cpb eff_freq_ro

processor	: 3
vendor_id	: AuthenticAMD
cpu family	: 21
model		: 2
model name	: AMD FX(tm)-8320 Eight-Core Processor
stepping	: 0
microcode	: 0x600084f
cpu MHz		: 3500.000
cache size	: 2048 KB
physical id	: 0
siblings	: 8
core id		: 3
cpu cores	: 4
apicid		: 19
initial apicid	: 3
fpu		: yes
fpu_exception	: yes
cpuid level	: 13
wp		: yes
flags		: fpu vme de pse tsc msr pae mce cx8 apic sep mtrr pge mca cmov pat pse36 clflush mmx fxsr sse sse2 ht syscall nx mmxext fxsr_opt pdpe1gb rdtscp lm constant_tsc rep_good nopl nonstop_tsc cpuid extd_apicid aperfmperf pni pclmulqdq monitor ssse3 fma cx16 sse4_1 sse4_2 popcnt aes xsave avx f16c lahf_lm cmp_legacy svm extapic cr8_legacy abm sse4a misalignsse 3dnowprefetch osvw ibs xop skinit wdt lwp fma4 tce nodeid_msr tbm topoext perfctr_core perfctr_nb cpb hw_pstate vmmcall bmi1 arat npt lbrv svm_lock nrip_save tsc_scale vmcb_clean flushbyasid decodeassists pausefilter pfthreshold
bugs		: fxsave_leak sysret_ss_attrs null_seg
bogomips	: 7000.67
TLB size	: 1536 4K pages
clflush size	: 64
cache_alignment	: 64
address sizes	: 48 bits physical, 48 bits virtual
power management: ts ttp tm 100mhzsteps hwpstate cpb eff_freq_ro

processor	: 4
vendor_id	: AuthenticAMD
cpu family	: 21
model		: 2
model name	: AMD FX(tm)-8320 Eight-Core Processor
stepping	: 0
microcode	: 0x600084f
cpu MHz		: 2900.000
cache size	: 2048 KB
physical id	: 0
siblings	: 8
core id		: 4
cpu cores	: 4
apicid		: 20
initial apicid	: 4
fpu		: yes
fpu_exception	: yes
cpuid level	: 13
wp		: yes
flags		: fpu vme de pse tsc msr pae mce cx8 apic sep mtrr pge mca cmov pat pse36 clflush mmx fxsr sse sse2 ht syscall nx mmxext fxsr_opt pdpe1gb rdtscp lm constant_tsc rep_good nopl nonstop_tsc cpuid extd_apicid aperfmperf pni pclmulqdq monitor ssse3 fma cx16 sse4_1 sse4_2 popcnt aes xsave avx f16c lahf_lm cmp_legacy svm extapic cr8_legacy abm sse4a misalignsse 3dnowprefetch osvw ibs xop skinit wdt lwp fma4 tce nodeid_msr tbm topoext perfctr_core perfctr_nb cpb hw_pstate vmmcall bmi1 arat npt lbrv svm_lock nrip_save tsc_scale vmcb_clean flushbyasid decodeassists pausefilter pfthreshold
bugs		: fxsave_leak sysret_ss_attrs null_seg
bogomips	: 7000.67
TLB size	: 1536 4K pages
clflush size	: 64
cache_alignment	: 64
address sizes	: 48 bits physical, 48 bits virtual
power management: ts ttp tm 100mhzsteps hwpstate cpb eff_freq_ro

processor	: 5
vendor_id	: AuthenticAMD
cpu family	: 21
model		: 2
model name	: AMD FX(tm)-8320 Eight-Core Processor
stepping	: 0
microcode	: 0x600084f
cpu MHz		: 1400.000
cache size	: 2048 KB
physical id	: 0
siblings	: 8
core id		: 5
cpu cores	: 4
apicid		: 21
initial apicid	: 5
fpu		: yes
fpu_exception	: yes
cpuid level	: 13
wp		: yes
flags		: fpu vme de pse tsc msr pae mce cx8 apic sep mtrr pge mca cmov pat pse36 clflush mmx fxsr sse sse2 ht syscall nx mmxext fxsr_opt pdpe1gb rdtscp lm constant_tsc rep_good nopl nonstop_tsc cpuid extd_apicid aperfmperf pni pclmulqdq monitor ssse3 fma cx16 sse4_1 sse4_2 popcnt aes xsave avx f16c lahf_lm cmp_legacy svm extapic cr8_legacy abm sse4a misalignsse 3dnowprefetch osvw ibs xop skinit wdt lwp fma4 tce nodeid_msr tbm topoext perfctr_core perfctr_nb cpb hw_pstate vmmcall bmi1 arat npt lbrv svm_lock nrip_save tsc_scale vmcb_clean flushbyasid decodeassists pausefilter pfthreshold
bugs		: fxsave_leak sysret_ss_attrs null_seg
bogomips	: 7000.67
TLB size	: 1536 4K pages
clflush size	: 64
cache_alignment	: 64
address sizes	: 48 bits physical, 48 bits virtual
power management: ts ttp tm 100mhzsteps hwpstate cpb eff_freq_ro

processor	: 6
vendor_id	: AuthenticAMD
cpu family	: 21
model		: 2
model name	: AMD FX(tm)-8320 Eight-Core Processor
stepping	: 0
microcode	: 0x600084f
cpu MHz		: 3500.000
cache size	: 2048 KB
physical id	: 0
siblings	: 8
core id		: 6
cpu cores	: 4
apicid		: 22
initial apicid	: 6
fpu		: yes
fpu_exception	: yes
cpuid level	: 13
wp		: yes
flags		: fpu vme de pse tsc msr pae mce cx8 apic sep mtrr pge mca cmov pat pse36 clflush mmx fxsr sse sse2 ht syscall nx mmxext fxsr_opt pdpe1gb rdtscp lm constant_tsc rep_good nopl nonstop_tsc cpuid extd_apicid aperfmperf pni pclmulqdq monitor ssse3 fma cx16 sse4_1 sse4_2 popcnt aes xsave avx f16c lahf_lm cmp_legacy svm extapic cr8_legacy abm sse4a misalignsse 3dnowprefetch osvw ibs xop skinit wdt lwp fma4 tce nodeid_msr tbm topoext perfctr_core perfctr_nb cpb hw_pstate vmmcall bmi1 arat npt lbrv svm_lock nrip_save tsc_scale vmcb_clean flushbyasid decodeassists pausefilter pfthreshold
bugs		: fxsave_leak sysret_ss_attrs null_seg
bogomips	: 7000.67
TLB size	: 1536 4K pages
clflush size	: 64
cache_alignment	: 64
address sizes	: 48 bits physical, 48 bits virtual
power management: ts ttp tm 100mhzsteps hwpstate cpb eff_freq_ro

processor	: 7
vendor_id	: AuthenticAMD
cpu family	: 21
model		: 2
model name	: AMD FX(tm)-8320 Eight-Core Processor
stepping	: 0
microcode	: 0x600084f
cpu MHz		: 1700.000
cache size	: 2048 KB
physical id	: 0
siblings	: 8
core id		: 7
cpu cores	: 4
apicid		: 23
initial apicid	: 7
fpu		: yes
fpu_exception	: yes
cpuid level	: 13
wp		: yes
flags		: fpu vme de pse tsc msr pae mce cx8 apic sep mtrr pge mca cmov pat pse36 clflush mmx fxsr sse sse2 ht syscall nx mmxext fxsr_opt pdpe1gb rdtscp lm constant_tsc rep_good nopl nonstop_tsc cpuid extd_apicid aperfmperf pni pclmulqdq monitor ssse3 fma cx16 sse4_1 sse4_2 popcnt aes xsave avx f16c lahf_lm cmp_legacy svm extapic cr8_legacy abm sse4a misalignsse 3dnowprefetch osvw ibs xop skinit wdt lwp fma4 tce nodeid_msr tbm topoext perfctr_core perfctr_nb cpb hw_pstate vmmcall bmi1 arat npt lbrv svm_lock nrip_save tsc_scale vmcb_clean flushbyasid decodeassists pausefilter pfthreshold
bugs		: fxsave_leak sysret_ss_attrs null_seg
bogomips	: 7000.67
TLB size	: 1536 4K pages
clflush size	: 64
cache_alignment	: 64
address sizes	: 48 bits physical, 48 bits virtual
power management: ts ttp tm 100mhzsteps hwpstate cpb eff_freq_ro



Memory: 4k page, physical 16383060k(6939024k free), swap 19530748k(19530748k free)

vm_info: OpenJDK 64-Bit Server VM (25.151-b12) for linux-amd64 JRE (1.8.0_151-8u151-b12-1-b12), built on Nov  1 2017 06:12:56 by "buildd" with gcc 7.2.1 20171025

time: Sat Jan  6 21:55:54 2018
elapsed time: 0 seconds (0d 0h 0m 0s)

