#
# A fatal error has been detected by the Java Runtime Environment:
#
#  SIGSEGV (0xb) at pc=0x00007f11ce4a5e99, pid=10909, tid=0x00007f11faa2d700
#
# JRE version: OpenJDK Runtime Environment (8.0_151-b12) (build 1.8.0_151-8u151-b12-1-b12)
# Java VM: OpenJDK 64-Bit Server VM (25.151-b12 mixed mode linux-amd64 compressed oops)
# Problematic frame:
# C  [liblwjgl_opengl.so+0x45e99]  Java_org_lwjgl_opengl_GL20_glCreateShader+0x9
#
# Failed to write core dump. Core dumps have been disabled. To enable core dumping, try "ulimit -c unlimited" before starting Java again
#
# If you would like to submit a bug report, please visit:
#   http://bugreport.java.com/bugreport/crash.jsp
# The crash happened outside the Java Virtual Machine in native code.
# See problematic frame for where to report the bug.
#

---------------  T H R E A D  ---------------

Current thread (0x00007f11f400c000):  JavaThread "main" [_thread_in_native, id=10918, stack(0x00007f11fa92d000,0x00007f11faa2e000)]

siginfo: si_signo: 11 (SIGSEGV), si_code: 1 (SEGV_MAPERR), si_addr: 0x00000000000008a8

Registers:
RAX=0x0000000000000000, RBX=0x00007f11e1ccbdf8, RCX=0x0000000000000018, RDX=0x0000000000008b31
RSP=0x00007f11faa2c6f8, RBP=0x00007f11faa2c748, RSI=0x00007f11faa2c758, RDI=0x0000000000008b31
R8 =0x00007f11e1ccbdf8, R9 =0x0000000000000004, R10=0x00007f11e4177108, R11=0x00007f11f96601e0
R12=0x0000000000000000, R13=0x00007f11e1ccbde8, R14=0x00007f11faa2c768, R15=0x00007f11f400c000
RIP=0x00007f11ce4a5e99, EFLAGS=0x0000000000010283, CSGSFS=0x002b000000000033, ERR=0x0000000000000004
  TRAPNO=0x000000000000000e

Top of Stack: (sp=0x00007f11faa2c6f8)
0x00007f11faa2c6f8:   00007f11e4177134 00007f11e4176e82
0x00007f11faa2c708:   00007f11faa2c708 00007f11e1ccbde8
0x00007f11faa2c718:   00007f11faa2c768 00007f11e1cdec28
0x00007f11faa2c728:   0000000000000000 00007f11e1ccbdf8
0x00007f11faa2c738:   0000000000000000 00007f11faa2c768
0x00007f11faa2c748:   00007f11faa2c7b0 00007f11e4167a40
0x00007f11faa2c758:   000000076ccf4f18 00007f11e4171276
0x00007f11faa2c768:   0000000000008b31 00007f11faa2c770
0x00007f11faa2c778:   00007f11e1cc815a 00007f11faa2c7e0
0x00007f11faa2c788:   00007f11e1cc8290 0000000000000000
0x00007f11faa2c798:   00007f11e1cc8208 00007f11faa2c768
0x00007f11faa2c7a8:   00007f11faa2c7d8 00007f11faa2c830
0x00007f11faa2c7b8:   00007f11e4167a40 0000000000000000
0x00007f11faa2c7c8:   000000076ccbb840 000000076ccbb7f8
0x00007f11faa2c7d8:   0000000000008b31 000000076ccbaed0
0x00007f11faa2c7e8:   000000076ccbb620 00007f11faa2c7f0
0x00007f11faa2c7f8:   00007f11e1cc7cb8 00007f11faa2c850
0x00007f11faa2c808:   00007f11e1cc8290 0000000000000000
0x00007f11faa2c818:   00007f11e1cc7d30 00007f11faa2c7d8
0x00007f11faa2c828:   00007f11faa2c840 00007f11faa2c898
0x00007f11faa2c838:   00007f11e4167ffd 000000076ccbaf38
0x00007f11faa2c848:   000000076ccbaed0 000000076ccbb620
0x00007f11faa2c858:   00007f11faa2c858 00007f11e1cc74bd
0x00007f11faa2c868:   00007f11faa2c8a8 00007f11e1cc86b8
0x00007f11faa2c878:   0000000000000000 00007f11e1cc74d8
0x00007f11faa2c888:   00007f11faa2c840 00007f11faa2c8a8
0x00007f11faa2c898:   00007f11faa2c900 00007f11e4167ffd
0x00007f11faa2c8a8:   000000076ccbb620 000000076ccbb620
0x00007f11faa2c8b8:   000000076ccaaa48 00007f11faa2c8c0
0x00007f11faa2c8c8:   00007f11e1cc4bab 00007f11faa2c948
0x00007f11faa2c8d8:   00007f11e1cc51a8 0000000000000000
0x00007f11faa2c8e8:   00007f11e1cc4d40 00007f11faa2c8a8 

Instructions: (pc=0x00007f11ce4a5e99)
0x00007f11ce4a5e79:   48 8b 80 00 0a 00 00 ff e0 66 66 66 66 66 2e 0f
0x00007f11ce4a5e89:   1f 84 00 00 00 00 00 48 8b 07 89 d7 48 8b 40 18
0x00007f11ce4a5e99:   48 8b 80 a8 08 00 00 ff e0 66 66 66 66 66 2e 0f
0x00007f11ce4a5ea9:   1f 84 00 00 00 00 00 48 8b 07 89 d7 48 8b 40 18 

Register to memory mapping:

RAX=0x0000000000000000 is an unknown value
RBX={method} {0x00007f11e1ccbdf8} 'glCreateShader' '(I)I' in 'org/lwjgl/opengl/GL20'
RCX=0x0000000000000018 is an unknown value
RDX=0x0000000000008b31 is an unknown value
RSP=0x00007f11faa2c6f8 is pointing into the stack for thread: 0x00007f11f400c000
RBP=0x00007f11faa2c748 is pointing into the stack for thread: 0x00007f11f400c000
RSI=0x00007f11faa2c758 is pointing into the stack for thread: 0x00007f11f400c000
RDI=0x0000000000008b31 is an unknown value
R8 ={method} {0x00007f11e1ccbdf8} 'glCreateShader' '(I)I' in 'org/lwjgl/opengl/GL20'
R9 =0x0000000000000004 is an unknown value
R10=0x00007f11e4177108 is at code_begin+808 in an Interpreter codelet
method entry point (kind = native)  [0x00007f11e4176de0, 0x00007f11e41776e0]  2304 bytes
R11=0x00007f11f96601e0: <offset 0x9901e0> in /usr/lib/jvm/java-8-openjdk-amd64/jre/lib/amd64/server/libjvm.so at 0x00007f11f8cd0000
R12=0x0000000000000000 is an unknown value
R13=0x00007f11e1ccbde8 is pointing into metadata
R14=0x00007f11faa2c768 is pointing into the stack for thread: 0x00007f11f400c000
R15=0x00007f11f400c000 is a thread


Stack: [0x00007f11fa92d000,0x00007f11faa2e000],  sp=0x00007f11faa2c6f8,  free space=1021k
Native frames: (J=compiled Java code, j=interpreted, Vv=VM code, C=native code)
C  [liblwjgl_opengl.so+0x45e99]  Java_org_lwjgl_opengl_GL20_glCreateShader+0x9
j  Shaders.ShaderProgram.loadShader(Ljava/lang/String;I)I+66
j  Shaders.ShaderProgram.<init>(Ljava/lang/String;Ljava/lang/String;)V+8
j  Shaders.StaticShader.<init>()V+5
j  Engine.Main.init()V+27
j  Engine.Main.run()V+1
j  Engine.Main.main([Ljava/lang/String;)V+7
v  ~StubRoutines::call_stub
V  [libjvm.so+0x67b49b]
V  [libjvm.so+0x69f617]
V  [libjvm.so+0x6a1fd3]
C  [libjli.so+0x3726]
C  [libjli.so+0x76dd]
C  [libpthread.so.0+0x7519]  start_thread+0xd9

Java frames: (J=compiled Java code, j=interpreted, Vv=VM code)
j  org.lwjgl.opengl.GL20.glCreateShader(I)I+0
j  Shaders.ShaderProgram.loadShader(Ljava/lang/String;I)I+66
j  Shaders.ShaderProgram.<init>(Ljava/lang/String;Ljava/lang/String;)V+8
j  Shaders.StaticShader.<init>()V+5
j  Engine.Main.init()V+27
j  Engine.Main.run()V+1
j  Engine.Main.main([Ljava/lang/String;)V+7
v  ~StubRoutines::call_stub

---------------  P R O C E S S  ---------------

Java Threads: ( => current thread )
  0x00007f11f4380000 JavaThread "Service Thread" daemon [_thread_blocked, id=10953, stack(0x00007f11cec3d000,0x00007f11ced3e000)]
  0x00007f11f4373000 JavaThread "C1 CompilerThread3" daemon [_thread_blocked, id=10952, stack(0x00007f11ced3e000,0x00007f11cee3f000)]
  0x00007f11f4371800 JavaThread "C2 CompilerThread2" daemon [_thread_blocked, id=10951, stack(0x00007f11cee3f000,0x00007f11cef40000)]
  0x00007f11f436f000 JavaThread "C2 CompilerThread1" daemon [_thread_blocked, id=10950, stack(0x00007f11cf15f000,0x00007f11cf260000)]
  0x00007f11f436d000 JavaThread "C2 CompilerThread0" daemon [_thread_blocked, id=10949, stack(0x00007f11cf260000,0x00007f11cf361000)]
  0x00007f11f436b800 JavaThread "Monitor Ctrl-Break" daemon [_thread_in_native, id=10948, stack(0x00007f11cf361000,0x00007f11cf462000)]
  0x00007f11f4200000 JavaThread "Signal Dispatcher" daemon [_thread_blocked, id=10945, stack(0x00007f11cf56f000,0x00007f11cf670000)]
  0x00007f11f41d4800 JavaThread "Finalizer" daemon [_thread_blocked, id=10937, stack(0x00007f11cf7f8000,0x00007f11cf8f9000)]
  0x00007f11f41d0000 JavaThread "Reference Handler" daemon [_thread_blocked, id=10936, stack(0x00007f11cf8f9000,0x00007f11cf9fa000)]
=>0x00007f11f400c000 JavaThread "main" [_thread_in_native, id=10918, stack(0x00007f11fa92d000,0x00007f11faa2e000)]

Other Threads:
  0x00007f11f41c8800 VMThread [stack: 0x00007f11cf9fa000,0x00007f11cfafb000] [id=10934]
  0x00007f11f4382800 WatcherThread [stack: 0x00007f11ceb3c000,0x00007f11cec3d000] [id=10954]

VM state:not at safepoint (normal execution)

VM Mutex/Monitor currently owned by a thread: None

Heap:
 PSYoungGen      total 74752K, used 10342K [0x000000076cb00000, 0x0000000771e00000, 0x00000007c0000000)
  eden space 64512K, 16% used [0x000000076cb00000,0x000000076d519998,0x0000000770a00000)
  from space 10240K, 0% used [0x0000000771400000,0x0000000771400000,0x0000000771e00000)
  to   space 10240K, 0% used [0x0000000770a00000,0x0000000770a00000,0x0000000771400000)
 ParOldGen       total 171008K, used 0K [0x00000006c6000000, 0x00000006d0700000, 0x000000076cb00000)
  object space 171008K, 0% used [0x00000006c6000000,0x00000006c6000000,0x00000006d0700000)
 Metaspace       used 5751K, capacity 5922K, committed 6144K, reserved 1056768K
  class space    used 635K, capacity 703K, committed 768K, reserved 1048576K

Card table byte_map: [0x00007f11e35cf000,0x00007f11e3da0000] byte_map_base: 0x00007f11dff9f000

Marking Bits: (ParMarkBitMap*) 0x00007f11f9c290e0
 Begin Bits: [0x00007f11b0300000, 0x00007f11b4180000)
 End Bits:   [0x00007f11b4180000, 0x00007f11b8000000)

Polling page: 0x00007f11faa67000

CodeCache: size=245760Kb used=1879Kb max_used=1879Kb free=243880Kb
 bounds [0x00007f11e4160000, 0x00007f11e43d0000, 0x00007f11f3160000]
 total_blobs=719 nmethods=397 adapters=238
 compilation: enabled

Compilation events (10 events):
Event: 0.310 Thread 0x00007f11f4373000  393       3       java.util.WeakHashMap::maskNull (12 bytes)
Event: 0.310 Thread 0x00007f11f4373000 nmethod 393 0x00007f11e4334f50 code [0x00007f11e43350c0, 0x00007f11e4335250]
Event: 0.310 Thread 0x00007f11f4373000  394       3       java.util.WeakHashMap::hash (28 bytes)
Event: 0.310 Thread 0x00007f11f4373000 nmethod 394 0x00007f11e43352d0 code [0x00007f11e4335440, 0x00007f11e4335688]
Event: 0.315 Thread 0x00007f11f4373000  395       1       java.net.URL::getUserInfo (5 bytes)
Event: 0.315 Thread 0x00007f11f4373000 nmethod 395 0x00007f11e4335750 code [0x00007f11e43358a0, 0x00007f11e43359b0]
Event: 0.315 Thread 0x00007f11f4373000  396       1       sun.misc.URLClassPath$JarLoader::access$700 (5 bytes)
Event: 0.315 Thread 0x00007f11f4373000 nmethod 396 0x00007f11e4335a10 code [0x00007f11e4335b60, 0x00007f11e4335c50]
Event: 0.315 Thread 0x00007f11f4373000  397       3       java.nio.charset.CharsetDecoder::maxCharsPerByte (5 bytes)
Event: 0.315 Thread 0x00007f11f4373000 nmethod 397 0x00007f11e4335cd0 code [0x00007f11e4335e20, 0x00007f11e4335f70]

GC Heap History (0 events):
No events

Deoptimization events (0 events):
No events

Internal exceptions (10 events):
Event: 0.200 Thread 0x00007f11f400c000 Exception <a 'java/lang/NoSuchFieldError': method resolution failed> (0x000000076d11aac8) thrown at [/build/openjdk-8-O5BLDv/openjdk-8-8u151-b12/src/hotspot/src/share/vm/prims/methodHandles.cpp, line 1146]
Event: 0.202 Thread 0x00007f11f400c000 Exception <a 'java/lang/NoSuchFieldError': method resolution failed> (0x000000076d128970) thrown at [/build/openjdk-8-O5BLDv/openjdk-8-8u151-b12/src/hotspot/src/share/vm/prims/methodHandles.cpp, line 1146]
Event: 0.250 Thread 0x00007f11f400c000 Exception <a 'java/lang/NoSuchMethodError': java.lang.Object.lambda$static$0(Ljava/lang/String;)Ljava/lang/Boolean;> (0x000000076d27d968) thrown at [/build/openjdk-8-O5BLDv/openjdk-8-8u151-b12/src/hotspot/src/share/vm/interpreter/linkResolver.cpp, line 61
Event: 0.260 Thread 0x00007f11f400c000 Exception <a 'java/security/PrivilegedActionException'> (0x000000076d2cf3b0) thrown at [/build/openjdk-8-O5BLDv/openjdk-8-8u151-b12/src/hotspot/src/share/vm/prims/jvm.cpp, line 1390]
Event: 0.260 Thread 0x00007f11f400c000 Exception <a 'java/security/PrivilegedActionException'> (0x000000076d2cf5c0) thrown at [/build/openjdk-8-O5BLDv/openjdk-8-8u151-b12/src/hotspot/src/share/vm/prims/jvm.cpp, line 1390]
Event: 0.260 Thread 0x00007f11f400c000 Exception <a 'java/security/PrivilegedActionException'> (0x000000076d2d1648) thrown at [/build/openjdk-8-O5BLDv/openjdk-8-8u151-b12/src/hotspot/src/share/vm/prims/jvm.cpp, line 1390]
Event: 0.260 Thread 0x00007f11f400c000 Exception <a 'java/security/PrivilegedActionException'> (0x000000076d2d1858) thrown at [/build/openjdk-8-O5BLDv/openjdk-8-8u151-b12/src/hotspot/src/share/vm/prims/jvm.cpp, line 1390]
Event: 0.260 Thread 0x00007f11f400c000 Exception <a 'java/security/PrivilegedActionException'> (0x000000076d2d2330) thrown at [/build/openjdk-8-O5BLDv/openjdk-8-8u151-b12/src/hotspot/src/share/vm/prims/jvm.cpp, line 1390]
Event: 0.260 Thread 0x00007f11f400c000 Exception <a 'java/security/PrivilegedActionException'> (0x000000076d2d2540) thrown at [/build/openjdk-8-O5BLDv/openjdk-8-8u151-b12/src/hotspot/src/share/vm/prims/jvm.cpp, line 1390]
Event: 0.297 Thread 0x00007f11f400c000 Exception <a 'sun/nio/fs/UnixException'> (0x000000076d3b1510) thrown at [/build/openjdk-8-O5BLDv/openjdk-8-8u151-b12/src/hotspot/src/share/vm/prims/jni.cpp, line 709]

Events (10 events):
Event: 0.311 loading class org/lwjgl/system/jni/JNINativeInterface
Event: 0.311 loading class org/lwjgl/system/jni/JNINativeInterface done
Event: 0.313 loading class org/lwjgl/system/linux/DynamicLinkLoader
Event: 0.313 loading class org/lwjgl/system/linux/DynamicLinkLoader done
Event: 0.315 loading class org/lwjgl/opengl/GL$2
Event: 0.315 loading class org/lwjgl/opengl/GL$2 done
Event: 0.315 loading class org/lwjgl/opengl/GL$SharedLibraryGL
Event: 0.315 loading class org/lwjgl/opengl/GL$SharedLibraryGL done
Event: 0.315 loading class org/lwjgl/system/SharedLibrary$Delegate
Event: 0.315 loading class org/lwjgl/system/SharedLibrary$Delegate done


Dynamic libraries:
6c6000000-6d0700000 rw-p 00000000 00:00 0 
6d0700000-76cb00000 ---p 00000000 00:00 0 
76cb00000-771e00000 rw-p 00000000 00:00 0 
771e00000-7c0000000 ---p 00000000 00:00 0 
7c0000000-7c00c0000 rw-p 00000000 00:00 0 
7c00c0000-800000000 ---p 00000000 00:00 0 
55d69590c000-55d69590d000 r-xp 00000000 08:02 6162004                    /usr/lib/jvm/java-8-openjdk-amd64/jre/bin/java
55d695b0c000-55d695b0d000 r--p 00000000 08:02 6162004                    /usr/lib/jvm/java-8-openjdk-amd64/jre/bin/java
55d695b0d000-55d695b0e000 rw-p 00001000 08:02 6162004                    /usr/lib/jvm/java-8-openjdk-amd64/jre/bin/java
55d69719a000-55d6971bb000 rw-p 00000000 00:00 0                          [heap]
7f1184000000-7f1184021000 rw-p 00000000 00:00 0 
7f1184021000-7f1188000000 ---p 00000000 00:00 0 
7f1188000000-7f1188021000 rw-p 00000000 00:00 0 
7f1188021000-7f118c000000 ---p 00000000 00:00 0 
7f118c000000-7f118c04e000 rw-p 00000000 00:00 0 
7f118c04e000-7f1190000000 ---p 00000000 00:00 0 
7f1190000000-7f11901d3000 rw-p 00000000 00:00 0 
7f11901d3000-7f1194000000 ---p 00000000 00:00 0 
7f1194000000-7f1194067000 rw-p 00000000 00:00 0 
7f1194067000-7f1198000000 ---p 00000000 00:00 0 
7f1198000000-7f1198021000 rw-p 00000000 00:00 0 
7f1198021000-7f119c000000 ---p 00000000 00:00 0 
7f119c000000-7f119c021000 rw-p 00000000 00:00 0 
7f119c021000-7f11a0000000 ---p 00000000 00:00 0 
7f11a0000000-7f11a0021000 rw-p 00000000 00:00 0 
7f11a0021000-7f11a4000000 ---p 00000000 00:00 0 
7f11a4000000-7f11a4021000 rw-p 00000000 00:00 0 
7f11a4021000-7f11a8000000 ---p 00000000 00:00 0 
7f11a8000000-7f11a8021000 rw-p 00000000 00:00 0 
7f11a8021000-7f11ac000000 ---p 00000000 00:00 0 
7f11ac000000-7f11ac021000 rw-p 00000000 00:00 0 
7f11ac021000-7f11b0000000 ---p 00000000 00:00 0 
7f11b0300000-7f11b8000000 rw-p 00000000 00:00 0 
7f11b8000000-7f11b8021000 rw-p 00000000 00:00 0 
7f11b8021000-7f11bc000000 ---p 00000000 00:00 0 
7f11bc000000-7f11bc021000 rw-p 00000000 00:00 0 
7f11bc021000-7f11c0000000 ---p 00000000 00:00 0 
7f11c0000000-7f11c0021000 rw-p 00000000 00:00 0 
7f11c0021000-7f11c4000000 ---p 00000000 00:00 0 
7f11c4fff000-7f11c8000000 rw-p 00000000 00:00 0 
7f11c8000000-7f11c8021000 rw-p 00000000 00:00 0 
7f11c8021000-7f11cc000000 ---p 00000000 00:00 0 
7f11ccf00000-7f11ccf13000 r-xp 00000000 08:02 1443817                    /lib/x86_64-linux-gnu/libbsd.so.0.8.6
7f11ccf13000-7f11cd112000 ---p 00013000 08:02 1443817                    /lib/x86_64-linux-gnu/libbsd.so.0.8.6
7f11cd112000-7f11cd113000 r--p 00012000 08:02 1443817                    /lib/x86_64-linux-gnu/libbsd.so.0.8.6
7f11cd113000-7f11cd114000 rw-p 00013000 08:02 1443817                    /lib/x86_64-linux-gnu/libbsd.so.0.8.6
7f11cd114000-7f11cd115000 rw-p 00000000 00:00 0 
7f11cd118000-7f11cd11d000 r-xp 00000000 08:02 5518031                    /usr/lib/x86_64-linux-gnu/libXdmcp.so.6.0.0
7f11cd11d000-7f11cd31c000 ---p 00005000 08:02 5518031                    /usr/lib/x86_64-linux-gnu/libXdmcp.so.6.0.0
7f11cd31c000-7f11cd31d000 r--p 00004000 08:02 5518031                    /usr/lib/x86_64-linux-gnu/libXdmcp.so.6.0.0
7f11cd31d000-7f11cd31e000 rw-p 00005000 08:02 5518031                    /usr/lib/x86_64-linux-gnu/libXdmcp.so.6.0.0
7f11cd320000-7f11cd322000 r-xp 00000000 08:02 5518016                    /usr/lib/x86_64-linux-gnu/libXau.so.6.0.0
7f11cd322000-7f11cd522000 ---p 00002000 08:02 5518016                    /usr/lib/x86_64-linux-gnu/libXau.so.6.0.0
7f11cd522000-7f11cd523000 r--p 00002000 08:02 5518016                    /usr/lib/x86_64-linux-gnu/libXau.so.6.0.0
7f11cd523000-7f11cd524000 rw-p 00003000 08:02 5518016                    /usr/lib/x86_64-linux-gnu/libXau.so.6.0.0
7f11cd528000-7f11cd54f000 r-xp 00000000 08:02 5520824                    /usr/lib/x86_64-linux-gnu/libxcb.so.1.1.0
7f11cd54f000-7f11cd74e000 ---p 00027000 08:02 5520824                    /usr/lib/x86_64-linux-gnu/libxcb.so.1.1.0
7f11cd74e000-7f11cd74f000 r--p 00026000 08:02 5520824                    /usr/lib/x86_64-linux-gnu/libxcb.so.1.1.0
7f11cd74f000-7f11cd750000 rw-p 00027000 08:02 5520824                    /usr/lib/x86_64-linux-gnu/libxcb.so.1.1.0
7f11cd750000-7f11cd761000 r-xp 00000000 08:02 5518035                    /usr/lib/x86_64-linux-gnu/libXext.so.6.4.0
7f11cd761000-7f11cd960000 ---p 00011000 08:02 5518035                    /usr/lib/x86_64-linux-gnu/libXext.so.6.4.0
7f11cd960000-7f11cd961000 r--p 00010000 08:02 5518035                    /usr/lib/x86_64-linux-gnu/libXext.so.6.4.0
7f11cd961000-7f11cd962000 rw-p 00011000 08:02 5518035                    /usr/lib/x86_64-linux-gnu/libXext.so.6.4.0
7f11cd968000-7f11cdaa2000 r-xp 00000000 08:02 5518010                    /usr/lib/x86_64-linux-gnu/libX11.so.6.3.0
7f11cdaa2000-7f11cdca2000 ---p 0013a000 08:02 5518010                    /usr/lib/x86_64-linux-gnu/libX11.so.6.3.0
7f11cdca2000-7f11cdca3000 r--p 0013a000 08:02 5518010                    /usr/lib/x86_64-linux-gnu/libX11.so.6.3.0
7f11cdca3000-7f11cdca8000 rw-p 0013b000 08:02 5518010                    /usr/lib/x86_64-linux-gnu/libX11.so.6.3.0
7f11cdca8000-7f11cdd16000 r-xp 00000000 08:02 5509326                    /usr/lib/x86_64-linux-gnu/libGLdispatch.so.0.0.0
7f11cdd16000-7f11cdf15000 ---p 0006e000 08:02 5509326                    /usr/lib/x86_64-linux-gnu/libGLdispatch.so.0.0.0
7f11cdf15000-7f11cdf3d000 r--p 0006d000 08:02 5509326                    /usr/lib/x86_64-linux-gnu/libGLdispatch.so.0.0.0
7f11cdf3d000-7f11cdf3e000 rw-p 00095000 08:02 5509326                    /usr/lib/x86_64-linux-gnu/libGLdispatch.so.0.0.0
7f11cdf3e000-7f11cdf5e000 rw-p 00000000 00:00 0 
7f11cdf60000-7f11cdf70000 r-xp 00000000 08:02 5509319                    /usr/lib/x86_64-linux-gnu/libGLX.so.0.0.0
7f11cdf70000-7f11ce16f000 ---p 00010000 08:02 5509319                    /usr/lib/x86_64-linux-gnu/libGLX.so.0.0.0
7f11ce16f000-7f11ce170000 r--p 0000f000 08:02 5509319                    /usr/lib/x86_64-linux-gnu/libGLX.so.0.0.0
7f11ce170000-7f11ce171000 rw-p 00010000 08:02 5509319                    /usr/lib/x86_64-linux-gnu/libGLX.so.0.0.0
7f11ce171000-7f11ce191000 rw-p 00000000 00:00 0 
7f11ce198000-7f11ce209000 r-xp 00000000 08:02 5509294                    /usr/lib/mesa-diverted/x86_64-linux-gnu/libGL.so.1.0.0
7f11ce209000-7f11ce408000 ---p 00071000 08:02 5509294                    /usr/lib/mesa-diverted/x86_64-linux-gnu/libGL.so.1.0.0
7f11ce408000-7f11ce422000 r--p 00070000 08:02 5509294                    /usr/lib/mesa-diverted/x86_64-linux-gnu/libGL.so.1.0.0
7f11ce422000-7f11ce423000 rw-p 0008a000 08:02 5509294                    /usr/lib/mesa-diverted/x86_64-linux-gnu/libGL.so.1.0.0
7f11ce423000-7f11ce424000 rw-p 00000000 00:00 0 
7f11ce460000-7f11ce4cb000 r-xp 00000000 08:12 390920                     /tmp/lwjglmart/3.1.4-build-8/liblwjgl_opengl.so
7f11ce4cb000-7f11ce6ca000 ---p 0006b000 08:12 390920                     /tmp/lwjglmart/3.1.4-build-8/liblwjgl_opengl.so
7f11ce6ca000-7f11ce6cb000 r--p 0006a000 08:12 390920                     /tmp/lwjglmart/3.1.4-build-8/liblwjgl_opengl.so
7f11ce6cb000-7f11ce6cc000 rw-p 0006b000 08:12 390920                     /tmp/lwjglmart/3.1.4-build-8/liblwjgl_opengl.so
7f11ce6d0000-7f11ce726000 r-xp 00000000 08:12 390918                     /tmp/lwjglmart/3.1.4-build-8/liblwjgl.so
7f11ce726000-7f11ce925000 ---p 00056000 08:12 390918                     /tmp/lwjglmart/3.1.4-build-8/liblwjgl.so
7f11ce925000-7f11ce926000 r--p 00055000 08:12 390918                     /tmp/lwjglmart/3.1.4-build-8/liblwjgl.so
7f11ce926000-7f11ce927000 rw-p 00056000 08:12 390918                     /tmp/lwjglmart/3.1.4-build-8/liblwjgl.so
7f11ce928000-7f11ce939000 r-xp 00000000 08:02 6162049                    /usr/lib/jvm/java-8-openjdk-amd64/jre/lib/amd64/libnio.so
7f11ce939000-7f11ceb39000 ---p 00011000 08:02 6162049                    /usr/lib/jvm/java-8-openjdk-amd64/jre/lib/amd64/libnio.so
7f11ceb39000-7f11ceb3a000 r--p 00011000 08:02 6162049                    /usr/lib/jvm/java-8-openjdk-amd64/jre/lib/amd64/libnio.so
7f11ceb3a000-7f11ceb3b000 rw-p 00012000 08:02 6162049                    /usr/lib/jvm/java-8-openjdk-amd64/jre/lib/amd64/libnio.so
7f11ceb3c000-7f11ceb3d000 ---p 00000000 00:00 0 
7f11ceb3d000-7f11cec3d000 rw-p 00000000 00:00 0 
7f11cec3d000-7f11cec40000 ---p 00000000 00:00 0 
7f11cec40000-7f11ced3e000 rw-p 00000000 00:00 0 
7f11ced3e000-7f11ced41000 ---p 00000000 00:00 0 
7f11ced41000-7f11cee3f000 rw-p 00000000 00:00 0 
7f11cee3f000-7f11cee42000 ---p 00000000 00:00 0 
7f11cee42000-7f11cef40000 rw-p 00000000 00:00 0 
7f11cef40000-7f11cef57000 r-xp 00000000 08:02 6162048                    /usr/lib/jvm/java-8-openjdk-amd64/jre/lib/amd64/libnet.so
7f11cef57000-7f11cf156000 ---p 00017000 08:02 6162048                    /usr/lib/jvm/java-8-openjdk-amd64/jre/lib/amd64/libnet.so
7f11cf156000-7f11cf157000 r--p 00016000 08:02 6162048                    /usr/lib/jvm/java-8-openjdk-amd64/jre/lib/amd64/libnet.so
7f11cf157000-7f11cf158000 rw-p 00017000 08:02 6162048                    /usr/lib/jvm/java-8-openjdk-amd64/jre/lib/amd64/libnet.so
7f11cf15f000-7f11cf162000 ---p 00000000 00:00 0 
7f11cf162000-7f11cf260000 rw-p 00000000 00:00 0 
7f11cf260000-7f11cf263000 ---p 00000000 00:00 0 
7f11cf263000-7f11cf361000 rw-p 00000000 00:00 0 
7f11cf361000-7f11cf364000 ---p 00000000 00:00 0 
7f11cf364000-7f11cf462000 rw-p 00000000 00:00 0 
7f11cf462000-7f11cf464000 r--s 0001a000 08:02 1055240                    /opt/intellij/lib/idea_rt.jar
7f11cf466000-7f11cf46a000 r--s 00026000 08:14 13769017                   /home/mart/IdeaProjects/silorex/lwjgl/lwjgl-opencl.jar
7f11cf46f000-7f11cf473000 r--s 00017000 08:14 13768678                   /home/mart/IdeaProjects/silorex/lwjgl/lwjgl-glfw.jar
7f11cf475000-7f11cf476000 r--s 0003d000 08:14 13768676                   /home/mart/IdeaProjects/silorex/lwjgl/lwjgl-glfw-natives-windows.jar
7f11cf47d000-7f11cf47e000 r--s 0000d000 08:14 13768675                   /home/mart/IdeaProjects/silorex/lwjgl/lwjgl-glfw-natives-macos.jar
7f11cf47f000-7f11cf480000 r--s 0001f000 08:14 13768674                   /home/mart/IdeaProjects/silorex/lwjgl/lwjgl-glfw-natives-linux.jar
7f11cf486000-7f11cf490000 r--s 000be000 08:14 13769182                   /home/mart/IdeaProjects/silorex/lwjgl/lwjgl-opengl.jar
7f11cf492000-7f11cf493000 r--s 0002a000 08:14 13769186                   /home/mart/IdeaProjects/silorex/lwjgl/lwjgl-opengl-natives-windows.jar
7f11cf493000-7f11cf494000 r--s 0000b000 08:14 13769185                   /home/mart/IdeaProjects/silorex/lwjgl/lwjgl-opengl-natives-macos.jar
7f11cf496000-7f11cf497000 r--s 00016000 08:14 13769184                   /home/mart/IdeaProjects/silorex/lwjgl/lwjgl-opengl-natives-linux.jar
7f11cf49a000-7f11cf49f000 r--s 00042000 08:14 13768649                   /home/mart/IdeaProjects/silorex/lwjgl/lwjgl.jar
7f11cf4a1000-7f11cf4a2000 r--s 00039000 08:14 13768647                   /home/mart/IdeaProjects/silorex/lwjgl/lwjgl-natives-windows.jar
7f11cf4a9000-7f11cf4aa000 r--s 00009000 08:14 13768646                   /home/mart/IdeaProjects/silorex/lwjgl/lwjgl-natives-macos.jar
7f11cf4ab000-7f11cf4ac000 r--s 00013000 08:14 13768645                   /home/mart/IdeaProjects/silorex/lwjgl/lwjgl-natives-linux.jar
7f11cf4ae000-7f11cf4c1000 r--s 00346000 08:02 6162100                    /usr/lib/jvm/java-8-openjdk-amd64/jre/lib/resources.jar
7f11cf4c8000-7f11cf4c9000 r--s 00000000 08:02 6162098                    /usr/lib/jvm/java-8-openjdk-amd64/jre/lib/management-agent.jar
7f11cf4ca000-7f11cf4cf000 r--s 0009a000 08:02 6162095                    /usr/lib/jvm/java-8-openjdk-amd64/jre/lib/jsse.jar
7f11cf4d5000-7f11cf4d8000 r--s 00015000 08:02 6162093                    /usr/lib/jvm/java-8-openjdk-amd64/jre/lib/jce.jar
7f11cf4df000-7f11cf4e1000 r--s 00007000 08:02 1711658                    /usr/share/java/java-atk-wrapper.jar
7f11cf4e1000-7f11cf4e6000 r--s 002f9000 08:02 6162062                    /usr/lib/jvm/java-8-openjdk-amd64/jre/lib/charsets.jar
7f11cf4e7000-7f11cf4ea000 r--s 0000f000 08:02 6162074                    /usr/lib/jvm/java-8-openjdk-amd64/jre/lib/ext/icedtea-sound.jar
7f11cf4ee000-7f11cf509000 r--s 001d6000 08:02 6162077                    /usr/lib/jvm/java-8-openjdk-amd64/jre/lib/ext/nashorn.jar
7f11cf50f000-7f11cf513000 r--s 00037000 08:02 6162080                    /usr/lib/jvm/java-8-openjdk-amd64/jre/lib/ext/sunpkcs11.jar
7f11cf51a000-7f11cf520000 r--s 0003a000 08:02 6162079                    /usr/lib/jvm/java-8-openjdk-amd64/jre/lib/ext/sunjce_provider.jar
7f11cf526000-7f11cf530000 r--s 00116000 08:02 6162076                    /usr/lib/jvm/java-8-openjdk-amd64/jre/lib/ext/localedata.jar
7f11cf537000-7f11cf539000 r--s 00007000 08:02 1711658                    /usr/share/java/java-atk-wrapper.jar
7f11cf53c000-7f11cf557000 r--s 00394000 08:02 6162072                    /usr/lib/jvm/java-8-openjdk-amd64/jre/lib/ext/cldrdata.jar
7f11cf55a000-7f11cf55b000 r--s 0000a000 08:02 6162075                    /usr/lib/jvm/java-8-openjdk-amd64/jre/lib/ext/jaccess.jar
7f11cf561000-7f11cf563000 r--s 00001000 08:02 6162073                    /usr/lib/jvm/java-8-openjdk-amd64/jre/lib/ext/dnsns.jar
7f11cf568000-7f11cf56a000 r--s 00008000 08:02 6162078                    /usr/lib/jvm/java-8-openjdk-amd64/jre/lib/ext/sunec.jar
7f11cf56f000-7f11cf572000 ---p 00000000 00:00 0 
7f11cf572000-7f11cf670000 rw-p 00000000 00:00 0 
7f11cf670000-7f11cf6c1000 r--p 00000000 08:02 6162749                    /usr/lib/locale/aa_DJ.utf8/LC_CTYPE
7f11cf6c8000-7f11cf7f8000 r--p 00000000 08:02 6162747                    /usr/lib/locale/aa_DJ.utf8/LC_COLLATE
7f11cf7f8000-7f11cf7fb000 ---p 00000000 00:00 0 
7f11cf7fb000-7f11cf8f9000 rw-p 00000000 00:00 0 
7f11cf8f9000-7f11cf8fc000 ---p 00000000 00:00 0 
7f11cf8fc000-7f11cf9fa000 rw-p 00000000 00:00 0 
7f11cf9fa000-7f11cf9fb000 ---p 00000000 00:00 0 
7f11cf9fb000-7f11d0000000 rw-p 00000000 00:00 0 
7f11d0000000-7f11d0021000 rw-p 00000000 00:00 0 
7f11d0021000-7f11d4000000 ---p 00000000 00:00 0 
7f11d4000000-7f11d4021000 rw-p 00000000 00:00 0 
7f11d4021000-7f11d8000000 ---p 00000000 00:00 0 
7f11d8000000-7f11d8021000 rw-p 00000000 00:00 0 
7f11d8021000-7f11dc000000 ---p 00000000 00:00 0 
7f11dc000000-7f11dc021000 rw-p 00000000 00:00 0 
7f11dc021000-7f11e0000000 ---p 00000000 00:00 0 
7f11e0000000-7f11e0001000 r--s 00010000 08:02 6162081                    /usr/lib/jvm/java-8-openjdk-amd64/jre/lib/ext/zipfs.jar
7f11e0008000-7f11e0009000 r--p 00000000 08:02 6162778                    /usr/lib/locale/aa_ET/LC_NUMERIC
7f11e0010000-7f11e0011000 r--p 00000000 08:02 6165421                    /usr/lib/locale/en_GB.utf8/LC_TIME
7f11e0015000-7f11e1679000 rw-p 00000000 00:00 0 
7f11e1679000-7f11e1848000 r--s 03c21000 08:02 6162101                    /usr/lib/jvm/java-8-openjdk-amd64/jre/lib/rt.jar
7f11e184b000-7f11e18c1000 rw-p 00000000 00:00 0 
7f11e18c1000-7f11e1e01000 rw-p 00000000 00:00 0 
7f11e1e01000-7f11e20c1000 ---p 00000000 00:00 0 
7f11e20c1000-7f11e2891000 rw-p 00000000 00:00 0 
7f11e2891000-7f11e2892000 ---p 00000000 00:00 0 
7f11e2892000-7f11e2992000 rw-p 00000000 00:00 0 
7f11e2992000-7f11e2993000 ---p 00000000 00:00 0 
7f11e2993000-7f11e2a93000 rw-p 00000000 00:00 0 
7f11e2a93000-7f11e2a94000 ---p 00000000 00:00 0 
7f11e2a94000-7f11e2b94000 rw-p 00000000 00:00 0 
7f11e2b94000-7f11e2b95000 ---p 00000000 00:00 0 
7f11e2b95000-7f11e2c95000 rw-p 00000000 00:00 0 
7f11e2c95000-7f11e2c96000 ---p 00000000 00:00 0 
7f11e2c96000-7f11e2d96000 rw-p 00000000 00:00 0 
7f11e2d96000-7f11e2d97000 ---p 00000000 00:00 0 
7f11e2d97000-7f11e2e97000 rw-p 00000000 00:00 0 
7f11e2e97000-7f11e2e98000 ---p 00000000 00:00 0 
7f11e2e98000-7f11e2f98000 rw-p 00000000 00:00 0 
7f11e2f98000-7f11e2f99000 ---p 00000000 00:00 0 
7f11e2f99000-7f11e3099000 rw-p 00000000 00:00 0 
7f11e3099000-7f11e30ed000 rw-p 00000000 00:00 0 
7f11e30ed000-7f11e35cf000 ---p 00000000 00:00 0 
7f11e35cf000-7f11e3623000 rw-p 00000000 00:00 0 
7f11e3623000-7f11e3b04000 ---p 00000000 00:00 0 
7f11e3b04000-7f11e3b2e000 rw-p 00000000 00:00 0 
7f11e3b2e000-7f11e3d9f000 ---p 00000000 00:00 0 
7f11e3d9f000-7f11e3daa000 rw-p 00000000 00:00 0 
7f11e3daa000-7f11e4160000 ---p 00000000 00:00 0 
7f11e4160000-7f11e43d0000 rwxp 00000000 00:00 0 
7f11e43d0000-7f11f3160000 ---p 00000000 00:00 0 
7f11f3160000-7f11f3168000 r-xp 00000000 08:02 6162057                    /usr/lib/jvm/java-8-openjdk-amd64/jre/lib/amd64/libzip.so
7f11f3168000-7f11f3367000 ---p 00008000 08:02 6162057                    /usr/lib/jvm/java-8-openjdk-amd64/jre/lib/amd64/libzip.so
7f11f3367000-7f11f3368000 r--p 00007000 08:02 6162057                    /usr/lib/jvm/java-8-openjdk-amd64/jre/lib/amd64/libzip.so
7f11f3368000-7f11f3369000 rw-p 00008000 08:02 6162057                    /usr/lib/jvm/java-8-openjdk-amd64/jre/lib/amd64/libzip.so
7f11f3370000-7f11f337b000 r-xp 00000000 08:02 1465569                    /lib/x86_64-linux-gnu/libnss_files-2.25.so
7f11f337b000-7f11f357a000 ---p 0000b000 08:02 1465569                    /lib/x86_64-linux-gnu/libnss_files-2.25.so
7f11f357a000-7f11f357b000 r--p 0000a000 08:02 1465569                    /lib/x86_64-linux-gnu/libnss_files-2.25.so
7f11f357b000-7f11f357c000 rw-p 0000b000 08:02 1465569                    /lib/x86_64-linux-gnu/libnss_files-2.25.so
7f11f357c000-7f11f3582000 rw-p 00000000 00:00 0 
7f11f3588000-7f11f3593000 r-xp 00000000 08:02 1465571                    /lib/x86_64-linux-gnu/libnss_nis-2.25.so
7f11f3593000-7f11f3792000 ---p 0000b000 08:02 1465571                    /lib/x86_64-linux-gnu/libnss_nis-2.25.so
7f11f3792000-7f11f3793000 r--p 0000a000 08:02 1465571                    /lib/x86_64-linux-gnu/libnss_nis-2.25.so
7f11f3793000-7f11f3794000 rw-p 0000b000 08:02 1465571                    /lib/x86_64-linux-gnu/libnss_nis-2.25.so
7f11f3798000-7f11f37ad000 r-xp 00000000 08:02 1465566                    /lib/x86_64-linux-gnu/libnsl-2.25.so
7f11f37ad000-7f11f39ac000 ---p 00015000 08:02 1465566                    /lib/x86_64-linux-gnu/libnsl-2.25.so
7f11f39ac000-7f11f39ad000 r--p 00014000 08:02 1465566                    /lib/x86_64-linux-gnu/libnsl-2.25.so
7f11f39ad000-7f11f39ae000 rw-p 00015000 08:02 1465566                    /lib/x86_64-linux-gnu/libnsl-2.25.so
7f11f39ae000-7f11f39b0000 rw-p 00000000 00:00 0 
7f11f39b0000-7f11f39b7000 r-xp 00000000 08:02 1465567                    /lib/x86_64-linux-gnu/libnss_compat-2.25.so
7f11f39b7000-7f11f3bb6000 ---p 00007000 08:02 1465567                    /lib/x86_64-linux-gnu/libnss_compat-2.25.so
7f11f3bb6000-7f11f3bb7000 r--p 00006000 08:02 1465567                    /lib/x86_64-linux-gnu/libnss_compat-2.25.so
7f11f3bb7000-7f11f3bb8000 rw-p 00007000 08:02 1465567                    /lib/x86_64-linux-gnu/libnss_compat-2.25.so
7f11f3bb8000-7f11f3be5000 r-xp 00000000 08:02 6162036                    /usr/lib/jvm/java-8-openjdk-amd64/jre/lib/amd64/libjava.so
7f11f3be5000-7f11f3de5000 ---p 0002d000 08:02 6162036                    /usr/lib/jvm/java-8-openjdk-amd64/jre/lib/amd64/libjava.so
7f11f3de5000-7f11f3de6000 r--p 0002d000 08:02 6162036                    /usr/lib/jvm/java-8-openjdk-amd64/jre/lib/amd64/libjava.so
7f11f3de6000-7f11f3de8000 rw-p 0002e000 08:02 6162036                    /usr/lib/jvm/java-8-openjdk-amd64/jre/lib/amd64/libjava.so
7f11f3de8000-7f11f3df8000 r-xp 00000000 08:02 6162056                    /usr/lib/jvm/java-8-openjdk-amd64/jre/lib/amd64/libverify.so
7f11f3df8000-7f11f3ff7000 ---p 00010000 08:02 6162056                    /usr/lib/jvm/java-8-openjdk-amd64/jre/lib/amd64/libverify.so
7f11f3ff7000-7f11f3ff9000 r--p 0000f000 08:02 6162056                    /usr/lib/jvm/java-8-openjdk-amd64/jre/lib/amd64/libverify.so
7f11f3ff9000-7f11f3ffa000 rw-p 00011000 08:02 6162056                    /usr/lib/jvm/java-8-openjdk-amd64/jre/lib/amd64/libverify.so
7f11f4000000-7f11f44f7000 rw-p 00000000 00:00 0 
7f11f44f7000-7f11f8000000 ---p 00000000 00:00 0 
7f11f8000000-7f11f8001000 r--p 00000000 08:02 6165204                    /usr/lib/locale/cy_GB.utf8/LC_MONETARY
7f11f8008000-7f11f8012000 r-xp 00000000 08:02 6162031                    /usr/lib/jvm/java-8-openjdk-amd64/jre/lib/amd64/libinstrument.so
7f11f8012000-7f11f8211000 ---p 0000a000 08:02 6162031                    /usr/lib/jvm/java-8-openjdk-amd64/jre/lib/amd64/libinstrument.so
7f11f8211000-7f11f8212000 r--p 00009000 08:02 6162031                    /usr/lib/jvm/java-8-openjdk-amd64/jre/lib/amd64/libinstrument.so
7f11f8212000-7f11f8213000 rw-p 0000a000 08:02 6162031                    /usr/lib/jvm/java-8-openjdk-amd64/jre/lib/amd64/libinstrument.so
7f11f8218000-7f11f821f000 r-xp 00000000 08:02 1465576                    /lib/x86_64-linux-gnu/librt-2.25.so
7f11f821f000-7f11f841e000 ---p 00007000 08:02 1465576                    /lib/x86_64-linux-gnu/librt-2.25.so
7f11f841e000-7f11f841f000 r--p 00006000 08:02 1465576                    /lib/x86_64-linux-gnu/librt-2.25.so
7f11f841f000-7f11f8420000 rw-p 00007000 08:02 1465576                    /lib/x86_64-linux-gnu/librt-2.25.so
7f11f8420000-7f11f8436000 r-xp 00000000 08:02 1444262                    /lib/x86_64-linux-gnu/libgcc_s.so.1
7f11f8436000-7f11f8635000 ---p 00016000 08:02 1444262                    /lib/x86_64-linux-gnu/libgcc_s.so.1
7f11f8635000-7f11f8636000 r--p 00015000 08:02 1444262                    /lib/x86_64-linux-gnu/libgcc_s.so.1
7f11f8636000-7f11f8637000 rw-p 00016000 08:02 1444262                    /lib/x86_64-linux-gnu/libgcc_s.so.1
7f11f8638000-7f11f874a000 r-xp 00000000 08:02 1465563                    /lib/x86_64-linux-gnu/libm-2.25.so
7f11f874a000-7f11f8949000 ---p 00112000 08:02 1465563                    /lib/x86_64-linux-gnu/libm-2.25.so
7f11f8949000-7f11f894a000 r--p 00111000 08:02 1465563                    /lib/x86_64-linux-gnu/libm-2.25.so
7f11f894a000-7f11f894b000 rw-p 00112000 08:02 1465563                    /lib/x86_64-linux-gnu/libm-2.25.so
7f11f8950000-7f11f8ac0000 r-xp 00000000 08:02 5508933                    /usr/lib/x86_64-linux-gnu/libstdc++.so.6.0.24
7f11f8ac0000-7f11f8cc0000 ---p 00170000 08:02 5508933                    /usr/lib/x86_64-linux-gnu/libstdc++.so.6.0.24
7f11f8cc0000-7f11f8cca000 r--p 00170000 08:02 5508933                    /usr/lib/x86_64-linux-gnu/libstdc++.so.6.0.24
7f11f8cca000-7f11f8ccc000 rw-p 0017a000 08:02 5508933                    /usr/lib/x86_64-linux-gnu/libstdc++.so.6.0.24
7f11f8ccc000-7f11f8ccf000 rw-p 00000000 00:00 0 
7f11f8cd0000-7f11f995a000 r-xp 00000000 08:02 6162061                    /usr/lib/jvm/java-8-openjdk-amd64/jre/lib/amd64/server/libjvm.so
7f11f995a000-7f11f9b5a000 ---p 00c8a000 08:02 6162061                    /usr/lib/jvm/java-8-openjdk-amd64/jre/lib/amd64/server/libjvm.so
7f11f9b5a000-7f11f9bed000 r--p 00c8a000 08:02 6162061                    /usr/lib/jvm/java-8-openjdk-amd64/jre/lib/amd64/server/libjvm.so
7f11f9bed000-7f11f9c15000 rw-p 00d1d000 08:02 6162061                    /usr/lib/jvm/java-8-openjdk-amd64/jre/lib/amd64/server/libjvm.so
7f11f9c15000-7f11f9c46000 rw-p 00000000 00:00 0 
7f11f9c48000-7f11f9de1000 r-xp 00000000 08:02 1465559                    /lib/x86_64-linux-gnu/libc-2.25.so
7f11f9de1000-7f11f9fe1000 ---p 00199000 08:02 1465559                    /lib/x86_64-linux-gnu/libc-2.25.so
7f11f9fe1000-7f11f9fe5000 r--p 00199000 08:02 1465559                    /lib/x86_64-linux-gnu/libc-2.25.so
7f11f9fe5000-7f11f9fe7000 rw-p 0019d000 08:02 1465559                    /lib/x86_64-linux-gnu/libc-2.25.so
7f11f9fe7000-7f11f9feb000 rw-p 00000000 00:00 0 
7f11f9ff0000-7f11f9ff3000 r-xp 00000000 08:02 1465562                    /lib/x86_64-linux-gnu/libdl-2.25.so
7f11f9ff3000-7f11fa1f2000 ---p 00003000 08:02 1465562                    /lib/x86_64-linux-gnu/libdl-2.25.so
7f11fa1f2000-7f11fa1f3000 r--p 00002000 08:02 1465562                    /lib/x86_64-linux-gnu/libdl-2.25.so
7f11fa1f3000-7f11fa1f4000 rw-p 00003000 08:02 1465562                    /lib/x86_64-linux-gnu/libdl-2.25.so
7f11fa1f8000-7f11fa206000 r-xp 00000000 08:02 6162021                    /usr/lib/jvm/java-8-openjdk-amd64/jre/lib/amd64/jli/libjli.so
7f11fa206000-7f11fa405000 ---p 0000e000 08:02 6162021                    /usr/lib/jvm/java-8-openjdk-amd64/jre/lib/amd64/jli/libjli.so
7f11fa405000-7f11fa406000 r--p 0000d000 08:02 6162021                    /usr/lib/jvm/java-8-openjdk-amd64/jre/lib/amd64/jli/libjli.so
7f11fa406000-7f11fa407000 rw-p 0000e000 08:02 6162021                    /usr/lib/jvm/java-8-openjdk-amd64/jre/lib/amd64/jli/libjli.so
7f11fa408000-7f11fa421000 r-xp 00000000 08:02 1444460                    /lib/x86_64-linux-gnu/libz.so.1.2.8
7f11fa421000-7f11fa620000 ---p 00019000 08:02 1444460                    /lib/x86_64-linux-gnu/libz.so.1.2.8
7f11fa620000-7f11fa621000 r--p 00018000 08:02 1444460                    /lib/x86_64-linux-gnu/libz.so.1.2.8
7f11fa621000-7f11fa622000 rw-p 00019000 08:02 1444460                    /lib/x86_64-linux-gnu/libz.so.1.2.8
7f11fa628000-7f11fa641000 r-xp 00000000 08:02 1465574                    /lib/x86_64-linux-gnu/libpthread-2.25.so
7f11fa641000-7f11fa840000 ---p 00019000 08:02 1465574                    /lib/x86_64-linux-gnu/libpthread-2.25.so
7f11fa840000-7f11fa841000 r--p 00018000 08:02 1465574                    /lib/x86_64-linux-gnu/libpthread-2.25.so
7f11fa841000-7f11fa842000 rw-p 00019000 08:02 1465574                    /lib/x86_64-linux-gnu/libpthread-2.25.so
7f11fa842000-7f11fa846000 rw-p 00000000 00:00 0 
7f11fa848000-7f11fa86b000 r-xp 00000000 08:02 1459620                    /lib/x86_64-linux-gnu/ld-2.25.so
7f11fa870000-7f11fa871000 r--p 00000000 08:02 6165354                    /usr/lib/locale/en_AG/LC_MESSAGES/SYS_LC_MESSAGES
7f11fa878000-7f11fa879000 r--p 00000000 08:02 6162757                    /usr/lib/locale/aa_DJ.utf8/LC_PAPER
7f11fa880000-7f11fa881000 r--p 00000000 08:02 6165139                    /usr/lib/locale/chr_US/LC_NAME
7f11fa883000-7f11fa8de000 rw-p 00000000 00:00 0 
7f11fa8de000-7f11fa92d000 rw-p 00000000 00:00 0 
7f11fa92d000-7f11fa930000 ---p 00000000 00:00 0 
7f11fa930000-7f11faa30000 rw-p 00000000 00:00 0 
7f11faa30000-7f11faa31000 r--p 00000000 08:02 6165419                    /usr/lib/locale/en_GB.utf8/LC_ADDRESS
7f11faa38000-7f11faa39000 r--p 00000000 08:02 6165205                    /usr/lib/locale/cy_GB.utf8/LC_TELEPHONE
7f11faa40000-7f11faa41000 r--p 00000000 08:02 6162751                    /usr/lib/locale/aa_DJ.utf8/LC_MEASUREMENT
7f11faa48000-7f11faa4f000 r--s 00000000 08:02 6164888                    /usr/lib/x86_64-linux-gnu/gconv/gconv-modules.cache
7f11faa50000-7f11faa51000 r--p 00000000 08:02 6165420                    /usr/lib/locale/en_GB.utf8/LC_IDENTIFICATION
7f11faa58000-7f11faa60000 rw-s 00000000 08:12 260617                     /tmp/hsperfdata_mart/10909
7f11faa66000-7f11faa67000 rw-p 00000000 00:00 0 
7f11faa67000-7f11faa68000 r--p 00000000 00:00 0 
7f11faa68000-7f11faa6a000 rw-p 00000000 00:00 0 
7f11faa6a000-7f11faa6b000 r--p 00022000 08:02 1459620                    /lib/x86_64-linux-gnu/ld-2.25.so
7f11faa6b000-7f11faa6c000 rw-p 00023000 08:02 1459620                    /lib/x86_64-linux-gnu/ld-2.25.so
7f11faa6c000-7f11faa6d000 rw-p 00000000 00:00 0 
7fff7ab37000-7fff7ab58000 rw-p 00000000 00:00 0                          [stack]
7fff7abf8000-7fff7abfb000 r--p 00000000 00:00 0                          [vvar]
7fff7abfb000-7fff7abfd000 r-xp 00000000 00:00 0                          [vdso]

VM Arguments:
jvm_args: -javaagent:/opt/intellij/lib/idea_rt.jar=42883:/opt/intellij/bin -Dfile.encoding=UTF-8 
java_command: Engine.Main
java_class_path (initial): /usr/lib/jvm/java-1.8.0-openjdk-amd64/jre/lib/charsets.jar:/usr/lib/jvm/java-1.8.0-openjdk-amd64/jre/lib/ext/cldrdata.jar:/usr/lib/jvm/java-1.8.0-openjdk-amd64/jre/lib/ext/dnsns.jar:/usr/lib/jvm/java-1.8.0-openjdk-amd64/jre/lib/ext/icedtea-sound.jar:/usr/lib/jvm/java-1.8.0-openjdk-amd64/jre/lib/ext/jaccess.jar:/usr/lib/jvm/java-1.8.0-openjdk-amd64/jre/lib/ext/java-atk-wrapper.jar:/usr/lib/jvm/java-1.8.0-openjdk-amd64/jre/lib/ext/localedata.jar:/usr/lib/jvm/java-1.8.0-openjdk-amd64/jre/lib/ext/nashorn.jar:/usr/lib/jvm/java-1.8.0-openjdk-amd64/jre/lib/ext/sunec.jar:/usr/lib/jvm/java-1.8.0-openjdk-amd64/jre/lib/ext/sunjce_provider.jar:/usr/lib/jvm/java-1.8.0-openjdk-amd64/jre/lib/ext/sunpkcs11.jar:/usr/lib/jvm/java-1.8.0-openjdk-amd64/jre/lib/ext/zipfs.jar:/usr/lib/jvm/java-1.8.0-openjdk-amd64/jre/lib/jce.jar:/usr/lib/jvm/java-1.8.0-openjdk-amd64/jre/lib/jsse.jar:/usr/lib/jvm/java-1.8.0-openjdk-amd64/jre/lib/management-agent.jar:/usr/lib/jvm/java-1.8.0-openjdk-amd64/jre/lib/resources.jar:/usr/lib/jvm/java-1.8.0-openjdk-amd64/jre/lib/rt.jar:/home/mart/IdeaProjects/silorex/out/production/silorex:/home/mart/IdeaProjects/silorex/lwjgl/lwjgl-natives-linux.jar:/home/mart/IdeaProjects/silorex/lwjgl/lwjgl-natives-macos.jar:/home/mart/IdeaProjects/silorex/lwjgl/lwjgl-natives-windows.jar:/home/mart/IdeaProjects/silorex/lwjgl/lwjgl.jar:/home/mart/IdeaProjects/silorex/lwjgl/lwjgl-opengl-natives-linux.jar:/home/mart/IdeaProjects/silorex/lwjgl/lwjgl-opengl-natives-macos.jar:/home/mart/IdeaProjects/silorex/lwjgl/lwjgl-opengl-natives-windows.jar:/home/mart/IdeaProjects/silorex/lwjgl/lwjgl-opengl.jar:/home/mart/IdeaProjects/silorex/lwjgl/lwjgl-glfw-natives-linux.jar:/home/mart/IdeaProjects/silorex/lwjgl/lwjgl-glfw-natives-macos.jar:/home/mart/IdeaProjects/silorex/lwjgl/lwjgl-glfw-natives-windows.jar:/home/mart/IdeaProjects/silorex/lwjgl/lwjgl-glfw.jar:/home/mart/IdeaProjects/silorex/lwjgl/lwjgl-opencl.jar:/opt/intellij/lib/idea_rt.jar
Launcher Type: SUN_STANDARD

Environment Variables:
PATH=/usr/local/bin:/usr/bin:/bin:/usr/local/games:/usr/games
USERNAME=mart
SHELL=/bin/bash
DISPLAY=:1

Signal Handlers:
SIGSEGV: [libjvm.so+0xaa6ae0], sa_mask[0]=11111111011111111101111111111110, sa_flags=SA_RESTART|SA_SIGINFO
SIGBUS: [libjvm.so+0xaa6ae0], sa_mask[0]=11111111011111111101111111111110, sa_flags=SA_RESTART|SA_SIGINFO
SIGFPE: [libjvm.so+0x8ddf00], sa_mask[0]=11111111011111111101111111111110, sa_flags=SA_RESTART|SA_SIGINFO
SIGPIPE: [libjvm.so+0x8ddf00], sa_mask[0]=11111111011111111101111111111110, sa_flags=SA_RESTART|SA_SIGINFO
SIGXFSZ: [libjvm.so+0x8ddf00], sa_mask[0]=11111111011111111101111111111110, sa_flags=SA_RESTART|SA_SIGINFO
SIGILL: [libjvm.so+0x8ddf00], sa_mask[0]=11111111011111111101111111111110, sa_flags=SA_RESTART|SA_SIGINFO
SIGUSR1: SIG_DFL, sa_mask[0]=00000000000000000000000000000000, sa_flags=none
SIGUSR2: [libjvm.so+0x8dddb0], sa_mask[0]=00100000000000000000000000000000, sa_flags=SA_RESTART|SA_SIGINFO
SIGHUP: [libjvm.so+0x8de260], sa_mask[0]=11111111011111111101111111111110, sa_flags=SA_RESTART|SA_SIGINFO
SIGINT: [libjvm.so+0x8de260], sa_mask[0]=11111111011111111101111111111110, sa_flags=SA_RESTART|SA_SIGINFO
SIGTERM: [libjvm.so+0x8de260], sa_mask[0]=11111111011111111101111111111110, sa_flags=SA_RESTART|SA_SIGINFO
SIGQUIT: [libjvm.so+0x8de260], sa_mask[0]=11111111011111111101111111111110, sa_flags=SA_RESTART|SA_SIGINFO


---------------  S Y S T E M  ---------------

OS:DISTRIB_ID=Kali
DISTRIB_RELEASE=kali-rolling
DISTRIB_CODENAME=kali-rolling
DISTRIB_DESCRIPTION="Kali GNU/Linux Rolling"

uname:Linux 4.14.0-kali1-amd64 #1 SMP Debian 4.14.2-1kali1 (2017-12-04) x86_64
libc:glibc 2.25 NPTL 2.25 
rlimit: STACK 8192k, CORE 0k, NPROC 63609, NOFILE 1048576, AS infinity
load average:2.58 1.98 1.53

/proc/meminfo:
MemTotal:       16383060 kB
MemFree:         6566640 kB
MemAvailable:    8903832 kB
Buffers:          375144 kB
Cached:          2329284 kB
SwapCached:            0 kB
Active:          7625384 kB
Inactive:        1636376 kB
Active(anon):    6558820 kB
Inactive(anon):   296200 kB
Active(file):    1066564 kB
Inactive(file):  1340176 kB
Unevictable:          16 kB
Mlocked:              16 kB
SwapTotal:      19530748 kB
SwapFree:       19530748 kB
Dirty:              3952 kB
Writeback:             0 kB
AnonPages:       5227084 kB
Mapped:           761952 kB
Shmem:            297708 kB
Slab:             338288 kB
SReclaimable:     268648 kB
SUnreclaim:        69640 kB
KernelStack:       16368 kB
PageTables:        54708 kB
NFS_Unstable:          0 kB
Bounce:                0 kB
WritebackTmp:          0 kB
CommitLimit:    27722276 kB
Committed_AS:   12730528 kB
VmallocTotal:   34359738367 kB
VmallocUsed:           0 kB
VmallocChunk:          0 kB
HardwareCorrupted:     0 kB
AnonHugePages:   2301952 kB
ShmemHugePages:        0 kB
ShmemPmdMapped:        0 kB
HugePages_Total:       0
HugePages_Free:        0
HugePages_Rsvd:        0
HugePages_Surp:        0
Hugepagesize:       2048 kB
DirectMap4k:      305588 kB
DirectMap2M:    11175936 kB
DirectMap1G:     5242880 kB


CPU:total 8 (initial active 8) (8 cores per cpu, 1 threads per core) family 21 model 2 stepping 0, cmov, cx8, fxsr, mmx, sse, sse2, sse3, ssse3, sse4.1, sse4.2, popcnt, avx, aes, clmul, mmxext, 3dnowpref, lzcnt, sse4a, tsc, tscinvbit, tscinv, bmi1

/proc/cpuinfo:
processor	: 0
vendor_id	: AuthenticAMD
cpu family	: 21
model		: 2
model name	: AMD FX(tm)-8320 Eight-Core Processor
stepping	: 0
microcode	: 0x600084f
cpu MHz		: 1400.000
cache size	: 2048 KB
physical id	: 0
siblings	: 8
core id		: 0
cpu cores	: 4
apicid		: 16
initial apicid	: 0
fpu		: yes
fpu_exception	: yes
cpuid level	: 13
wp		: yes
flags		: fpu vme de pse tsc msr pae mce cx8 apic sep mtrr pge mca cmov pat pse36 clflush mmx fxsr sse sse2 ht syscall nx mmxext fxsr_opt pdpe1gb rdtscp lm constant_tsc rep_good nopl nonstop_tsc cpuid extd_apicid aperfmperf pni pclmulqdq monitor ssse3 fma cx16 sse4_1 sse4_2 popcnt aes xsave avx f16c lahf_lm cmp_legacy svm extapic cr8_legacy abm sse4a misalignsse 3dnowprefetch osvw ibs xop skinit wdt lwp fma4 tce nodeid_msr tbm topoext perfctr_core perfctr_nb cpb hw_pstate vmmcall bmi1 arat npt lbrv svm_lock nrip_save tsc_scale vmcb_clean flushbyasid decodeassists pausefilter pfthreshold
bugs		: fxsave_leak sysret_ss_attrs null_seg
bogomips	: 7000.67
TLB size	: 1536 4K pages
clflush size	: 64
cache_alignment	: 64
address sizes	: 48 bits physical, 48 bits virtual
power management: ts ttp tm 100mhzsteps hwpstate cpb eff_freq_ro

processor	: 1
vendor_id	: AuthenticAMD
cpu family	: 21
model		: 2
model name	: AMD FX(tm)-8320 Eight-Core Processor
stepping	: 0
microcode	: 0x600084f
cpu MHz		: 3500.000
cache size	: 2048 KB
physical id	: 0
siblings	: 8
core id		: 1
cpu cores	: 4
apicid		: 17
initial apicid	: 1
fpu		: yes
fpu_exception	: yes
cpuid level	: 13
wp		: yes
flags		: fpu vme de pse tsc msr pae mce cx8 apic sep mtrr pge mca cmov pat pse36 clflush mmx fxsr sse sse2 ht syscall nx mmxext fxsr_opt pdpe1gb rdtscp lm constant_tsc rep_good nopl nonstop_tsc cpuid extd_apicid aperfmperf pni pclmulqdq monitor ssse3 fma cx16 sse4_1 sse4_2 popcnt aes xsave avx f16c lahf_lm cmp_legacy svm extapic cr8_legacy abm sse4a misalignsse 3dnowprefetch osvw ibs xop skinit wdt lwp fma4 tce nodeid_msr tbm topoext perfctr_core perfctr_nb cpb hw_pstate vmmcall bmi1 arat npt lbrv svm_lock nrip_save tsc_scale vmcb_clean flushbyasid decodeassists pausefilter pfthreshold
bugs		: fxsave_leak sysret_ss_attrs null_seg
bogomips	: 7000.67
TLB size	: 1536 4K pages
clflush size	: 64
cache_alignment	: 64
address sizes	: 48 bits physical, 48 bits virtual
power management: ts ttp tm 100mhzsteps hwpstate cpb eff_freq_ro

processor	: 2
vendor_id	: AuthenticAMD
cpu family	: 21
model		: 2
model name	: AMD FX(tm)-8320 Eight-Core Processor
stepping	: 0
microcode	: 0x600084f
cpu MHz		: 3500.000
cache size	: 2048 KB
physical id	: 0
siblings	: 8
core id		: 2
cpu cores	: 4
apicid		: 18
initial apicid	: 2
fpu		: yes
fpu_exception	: yes
cpuid level	: 13
wp		: yes
flags		: fpu vme de pse tsc msr pae mce cx8 apic sep mtrr pge mca cmov pat pse36 clflush mmx fxsr sse sse2 ht syscall nx mmxext fxsr_opt pdpe1gb rdtscp lm constant_tsc rep_good nopl nonstop_tsc cpuid extd_apicid aperfmperf pni pclmulqdq monitor ssse3 fma cx16 sse4_1 sse4_2 popcnt aes xsave avx f16c lahf_lm cmp_legacy svm extapic cr8_legacy abm sse4a misalignsse 3dnowprefetch osvw ibs xop skinit wdt lwp fma4 tce nodeid_msr tbm topoext perfctr_core perfctr_nb cpb hw_pstate vmmcall bmi1 arat npt lbrv svm_lock nrip_save tsc_scale vmcb_clean flushbyasid decodeassists pausefilter pfthreshold
bugs		: fxsave_leak sysret_ss_attrs null_seg
bogomips	: 7000.67
TLB size	: 1536 4K pages
clflush size	: 64
cache_alignment	: 64
address sizes	: 48 bits physical, 48 bits virtual
power management: ts ttp tm 100mhzsteps hwpstate cpb eff_freq_ro

processor	: 3
vendor_id	: AuthenticAMD
cpu family	: 21
model		: 2
model name	: AMD FX(tm)-8320 Eight-Core Processor
stepping	: 0
microcode	: 0x600084f
cpu MHz		: 3500.000
cache size	: 2048 KB
physical id	: 0
siblings	: 8
core id		: 3
cpu cores	: 4
apicid		: 19
initial apicid	: 3
fpu		: yes
fpu_exception	: yes
cpuid level	: 13
wp		: yes
flags		: fpu vme de pse tsc msr pae mce cx8 apic sep mtrr pge mca cmov pat pse36 clflush mmx fxsr sse sse2 ht syscall nx mmxext fxsr_opt pdpe1gb rdtscp lm constant_tsc rep_good nopl nonstop_tsc cpuid extd_apicid aperfmperf pni pclmulqdq monitor ssse3 fma cx16 sse4_1 sse4_2 popcnt aes xsave avx f16c lahf_lm cmp_legacy svm extapic cr8_legacy abm sse4a misalignsse 3dnowprefetch osvw ibs xop skinit wdt lwp fma4 tce nodeid_msr tbm topoext perfctr_core perfctr_nb cpb hw_pstate vmmcall bmi1 arat npt lbrv svm_lock nrip_save tsc_scale vmcb_clean flushbyasid decodeassists pausefilter pfthreshold
bugs		: fxsave_leak sysret_ss_attrs null_seg
bogomips	: 7000.67
TLB size	: 1536 4K pages
clflush size	: 64
cache_alignment	: 64
address sizes	: 48 bits physical, 48 bits virtual
power management: ts ttp tm 100mhzsteps hwpstate cpb eff_freq_ro

processor	: 4
vendor_id	: AuthenticAMD
cpu family	: 21
model		: 2
model name	: AMD FX(tm)-8320 Eight-Core Processor
stepping	: 0
microcode	: 0x600084f
cpu MHz		: 1700.000
cache size	: 2048 KB
physical id	: 0
siblings	: 8
core id		: 4
cpu cores	: 4
apicid		: 20
initial apicid	: 4
fpu		: yes
fpu_exception	: yes
cpuid level	: 13
wp		: yes
flags		: fpu vme de pse tsc msr pae mce cx8 apic sep mtrr pge mca cmov pat pse36 clflush mmx fxsr sse sse2 ht syscall nx mmxext fxsr_opt pdpe1gb rdtscp lm constant_tsc rep_good nopl nonstop_tsc cpuid extd_apicid aperfmperf pni pclmulqdq monitor ssse3 fma cx16 sse4_1 sse4_2 popcnt aes xsave avx f16c lahf_lm cmp_legacy svm extapic cr8_legacy abm sse4a misalignsse 3dnowprefetch osvw ibs xop skinit wdt lwp fma4 tce nodeid_msr tbm topoext perfctr_core perfctr_nb cpb hw_pstate vmmcall bmi1 arat npt lbrv svm_lock nrip_save tsc_scale vmcb_clean flushbyasid decodeassists pausefilter pfthreshold
bugs		: fxsave_leak sysret_ss_attrs null_seg
bogomips	: 7000.67
TLB size	: 1536 4K pages
clflush size	: 64
cache_alignment	: 64
address sizes	: 48 bits physical, 48 bits virtual
power management: ts ttp tm 100mhzsteps hwpstate cpb eff_freq_ro

processor	: 5
vendor_id	: AuthenticAMD
cpu family	: 21
model		: 2
model name	: AMD FX(tm)-8320 Eight-Core Processor
stepping	: 0
microcode	: 0x600084f
cpu MHz		: 1400.000
cache size	: 2048 KB
physical id	: 0
siblings	: 8
core id		: 5
cpu cores	: 4
apicid		: 21
initial apicid	: 5
fpu		: yes
fpu_exception	: yes
cpuid level	: 13
wp		: yes
flags		: fpu vme de pse tsc msr pae mce cx8 apic sep mtrr pge mca cmov pat pse36 clflush mmx fxsr sse sse2 ht syscall nx mmxext fxsr_opt pdpe1gb rdtscp lm constant_tsc rep_good nopl nonstop_tsc cpuid extd_apicid aperfmperf pni pclmulqdq monitor ssse3 fma cx16 sse4_1 sse4_2 popcnt aes xsave avx f16c lahf_lm cmp_legacy svm extapic cr8_legacy abm sse4a misalignsse 3dnowprefetch osvw ibs xop skinit wdt lwp fma4 tce nodeid_msr tbm topoext perfctr_core perfctr_nb cpb hw_pstate vmmcall bmi1 arat npt lbrv svm_lock nrip_save tsc_scale vmcb_clean flushbyasid decodeassists pausefilter pfthreshold
bugs		: fxsave_leak sysret_ss_attrs null_seg
bogomips	: 7000.67
TLB size	: 1536 4K pages
clflush size	: 64
cache_alignment	: 64
address sizes	: 48 bits physical, 48 bits virtual
power management: ts ttp tm 100mhzsteps hwpstate cpb eff_freq_ro

processor	: 6
vendor_id	: AuthenticAMD
cpu family	: 21
model		: 2
model name	: AMD FX(tm)-8320 Eight-Core Processor
stepping	: 0
microcode	: 0x600084f
cpu MHz		: 2300.000
cache size	: 2048 KB
physical id	: 0
siblings	: 8
core id		: 6
cpu cores	: 4
apicid		: 22
initial apicid	: 6
fpu		: yes
fpu_exception	: yes
cpuid level	: 13
wp		: yes
flags		: fpu vme de pse tsc msr pae mce cx8 apic sep mtrr pge mca cmov pat pse36 clflush mmx fxsr sse sse2 ht syscall nx mmxext fxsr_opt pdpe1gb rdtscp lm constant_tsc rep_good nopl nonstop_tsc cpuid extd_apicid aperfmperf pni pclmulqdq monitor ssse3 fma cx16 sse4_1 sse4_2 popcnt aes xsave avx f16c lahf_lm cmp_legacy svm extapic cr8_legacy abm sse4a misalignsse 3dnowprefetch osvw ibs xop skinit wdt lwp fma4 tce nodeid_msr tbm topoext perfctr_core perfctr_nb cpb hw_pstate vmmcall bmi1 arat npt lbrv svm_lock nrip_save tsc_scale vmcb_clean flushbyasid decodeassists pausefilter pfthreshold
bugs		: fxsave_leak sysret_ss_attrs null_seg
bogomips	: 7000.67
TLB size	: 1536 4K pages
clflush size	: 64
cache_alignment	: 64
address sizes	: 48 bits physical, 48 bits virtual
power management: ts ttp tm 100mhzsteps hwpstate cpb eff_freq_ro

processor	: 7
vendor_id	: AuthenticAMD
cpu family	: 21
model		: 2
model name	: AMD FX(tm)-8320 Eight-Core Processor
stepping	: 0
microcode	: 0x600084f
cpu MHz		: 1700.000
cache size	: 2048 KB
physical id	: 0
siblings	: 8
core id		: 7
cpu cores	: 4
apicid		: 23
initial apicid	: 7
fpu		: yes
fpu_exception	: yes
cpuid level	: 13
wp		: yes
flags		: fpu vme de pse tsc msr pae mce cx8 apic sep mtrr pge mca cmov pat pse36 clflush mmx fxsr sse sse2 ht syscall nx mmxext fxsr_opt pdpe1gb rdtscp lm constant_tsc rep_good nopl nonstop_tsc cpuid extd_apicid aperfmperf pni pclmulqdq monitor ssse3 fma cx16 sse4_1 sse4_2 popcnt aes xsave avx f16c lahf_lm cmp_legacy svm extapic cr8_legacy abm sse4a misalignsse 3dnowprefetch osvw ibs xop skinit wdt lwp fma4 tce nodeid_msr tbm topoext perfctr_core perfctr_nb cpb hw_pstate vmmcall bmi1 arat npt lbrv svm_lock nrip_save tsc_scale vmcb_clean flushbyasid decodeassists pausefilter pfthreshold
bugs		: fxsave_leak sysret_ss_attrs null_seg
bogomips	: 7000.67
TLB size	: 1536 4K pages
clflush size	: 64
cache_alignment	: 64
address sizes	: 48 bits physical, 48 bits virtual
power management: ts ttp tm 100mhzsteps hwpstate cpb eff_freq_ro



Memory: 4k page, physical 16383060k(6566516k free), swap 19530748k(19530748k free)

vm_info: OpenJDK 64-Bit Server VM (25.151-b12) for linux-amd64 JRE (1.8.0_151-8u151-b12-1-b12), built on Nov  1 2017 06:12:56 by "buildd" with gcc 7.2.1 20171025

time: Sat Jan  6 22:21:07 2018
elapsed time: 0 seconds (0d 0h 0m 0s)

