#
# A fatal error has been detected by the Java Runtime Environment:
#
#  SIGSEGV (0xb) at pc=0x00007f5fc2a3de99, pid=11338, tid=0x00007f600b58d700
#
# JRE version: OpenJDK Runtime Environment (8.0_151-b12) (build 1.8.0_151-8u151-b12-1-b12)
# Java VM: OpenJDK 64-Bit Server VM (25.151-b12 mixed mode linux-amd64 compressed oops)
# Problematic frame:
# C  [liblwjgl_opengl.so+0x45e99]  Java_org_lwjgl_opengl_GL20_glCreateShader+0x9
#
# Failed to write core dump. Core dumps have been disabled. To enable core dumping, try "ulimit -c unlimited" before starting Java again
#
# If you would like to submit a bug report, please visit:
#   http://bugreport.java.com/bugreport/crash.jsp
# The crash happened outside the Java Virtual Machine in native code.
# See problematic frame for where to report the bug.
#

---------------  T H R E A D  ---------------

Current thread (0x00007f6004012000):  JavaThread "main" [_thread_in_native, id=11346, stack(0x00007f600b48d000,0x00007f600b58e000)]

siginfo: si_signo: 11 (SIGSEGV), si_code: 1 (SEGV_MAPERR), si_addr: 0x00000000000008a8

Registers:
RAX=0x0000000000000000, RBX=0x00007f5ff2221288, RCX=0x0000000000000018, RDX=0x0000000000000000
RSP=0x00007f600b58c6f8, RBP=0x00007f600b58c748, RSI=0x00007f600b58c758, RDI=0x0000000000000000
R8 =0x00007f5ff2221288, R9 =0x0000000000000004, R10=0x00007f5ff45c7378, R11=0x00007f600a1c01e0
R12=0x0000000000000000, R13=0x00007f5ff2221278, R14=0x00007f600b58c768, R15=0x00007f6004012000
RIP=0x00007f5fc2a3de99, EFLAGS=0x0000000000010283, CSGSFS=0x002b000000000033, ERR=0x0000000000000004
  TRAPNO=0x000000000000000e

Top of Stack: (sp=0x00007f600b58c6f8)
0x00007f600b58c6f8:   00007f5ff45c73a4 00007f5ff45c6e22
0x00007f600b58c708:   00007f600b58c708 00007f5ff2221278
0x00007f600b58c718:   00007f600b58c768 00007f5ff2234598
0x00007f600b58c728:   0000000000000000 00007f5ff2221288
0x00007f600b58c738:   0000000000000000 00007f600b58c768
0x00007f600b58c748:   00007f600b58c7b0 00007f5ff45afac0
0x00007f600b58c758:   000000076cec4b70 00007f5ff45be1b6
0x00007f600b58c768:   0000000000000000 00007f600b58c770
0x00007f600b58c778:   00007f5ff221be9a 00007f600b58c7e0
0x00007f600b58c788:   00007f5ff221c008 0000000000000000
0x00007f600b58c798:   00007f5ff221bf48 00007f600b58c768
0x00007f600b58c7a8:   00007f600b58c7d8 00007f600b58c830
0x00007f600b58c7b8:   00007f5ff45afac0 0000000000000000
0x00007f600b58c7c8:   000000076ce8b200 000000076ce8aff8
0x00007f600b58c7d8:   0000000000008b31 000000076ce8aed8
0x00007f600b58c7e8:   000000076ce8afe0 00007f600b58c7f0
0x00007f600b58c7f8:   00007f5ff221b9f8 00007f600b58c850
0x00007f600b58c808:   00007f5ff221c008 0000000000000000
0x00007f600b58c818:   00007f5ff221ba70 00007f600b58c7d8
0x00007f600b58c828:   00007f600b58c840 00007f600b58c898
0x00007f600b58c838:   00007f5ff45b007d 000000076ce8af40
0x00007f600b58c848:   000000076ce8aed8 000000076ce8afe0
0x00007f600b58c858:   00007f600b58c858 00007f5ff221b1fd
0x00007f600b58c868:   00007f600b58c8a8 00007f5ff221c430
0x00007f600b58c878:   0000000000000000 00007f5ff221b218
0x00007f600b58c888:   00007f600b58c840 00007f600b58c8a8
0x00007f600b58c898:   00007f600b58c900 00007f5ff45b007d
0x00007f600b58c8a8:   000000076ce8afe0 000000076ce8afe0
0x00007f600b58c8b8:   000000076ce7ad70 00007f600b58c8c0
0x00007f600b58c8c8:   00007f5ff22188e3 00007f600b58c948
0x00007f600b58c8d8:   00007f5ff2218ea0 0000000000000000
0x00007f600b58c8e8:   00007f5ff2218a78 00007f600b58c8a8 

Instructions: (pc=0x00007f5fc2a3de99)
0x00007f5fc2a3de79:   48 8b 80 00 0a 00 00 ff e0 66 66 66 66 66 2e 0f
0x00007f5fc2a3de89:   1f 84 00 00 00 00 00 48 8b 07 89 d7 48 8b 40 18
0x00007f5fc2a3de99:   48 8b 80 a8 08 00 00 ff e0 66 66 66 66 66 2e 0f
0x00007f5fc2a3dea9:   1f 84 00 00 00 00 00 48 8b 07 89 d7 48 8b 40 18 

Register to memory mapping:

RAX=0x0000000000000000 is an unknown value
RBX={method} {0x00007f5ff2221288} 'glCreateShader' '(I)I' in 'org/lwjgl/opengl/GL20'
RCX=0x0000000000000018 is an unknown value
RDX=0x0000000000000000 is an unknown value
RSP=0x00007f600b58c6f8 is pointing into the stack for thread: 0x00007f6004012000
RBP=0x00007f600b58c748 is pointing into the stack for thread: 0x00007f6004012000
RSI=0x00007f600b58c758 is pointing into the stack for thread: 0x00007f6004012000
RDI=0x0000000000000000 is an unknown value
R8 ={method} {0x00007f5ff2221288} 'glCreateShader' '(I)I' in 'org/lwjgl/opengl/GL20'
R9 =0x0000000000000004 is an unknown value
R10=0x00007f5ff45c7378 is at code_begin+1528 in an Interpreter codelet
method entry point (kind = native)  [0x00007f5ff45c6d80, 0x00007f5ff45c7cc0]  3904 bytes
R11=0x00007f600a1c01e0: <offset 0x9901e0> in /usr/lib/jvm/java-8-openjdk-amd64/jre/lib/amd64/server/libjvm.so at 0x00007f6009830000
R12=0x0000000000000000 is an unknown value
R13=0x00007f5ff2221278 is pointing into metadata
R14=0x00007f600b58c768 is pointing into the stack for thread: 0x00007f6004012000
R15=0x00007f6004012000 is a thread


Stack: [0x00007f600b48d000,0x00007f600b58e000],  sp=0x00007f600b58c6f8,  free space=1021k
Native frames: (J=compiled Java code, j=interpreted, Vv=VM code, C=native code)
C  [liblwjgl_opengl.so+0x45e99]  Java_org_lwjgl_opengl_GL20_glCreateShader+0x9
j  Shaders.ShaderProgram.loadShader(Ljava/lang/String;I)I+66
j  Shaders.ShaderProgram.<init>(Ljava/lang/String;Ljava/lang/String;)V+8
j  Shaders.StaticShader.<init>()V+5
j  Engine.Main.init()V+27
j  Engine.Main.run()V+1
j  Engine.Main.main([Ljava/lang/String;)V+7
v  ~StubRoutines::call_stub
V  [libjvm.so+0x67b49b]
V  [libjvm.so+0x69f617]
V  [libjvm.so+0x6a1fd3]
C  [libjli.so+0x3726]
C  [libjli.so+0x76dd]
C  [libpthread.so.0+0x7519]  start_thread+0xd9

Java frames: (J=compiled Java code, j=interpreted, Vv=VM code)
j  org.lwjgl.opengl.GL20.glCreateShader(I)I+0
j  Shaders.ShaderProgram.loadShader(Ljava/lang/String;I)I+66
j  Shaders.ShaderProgram.<init>(Ljava/lang/String;Ljava/lang/String;)V+8
j  Shaders.StaticShader.<init>()V+5
j  Engine.Main.init()V+27
j  Engine.Main.run()V+1
j  Engine.Main.main([Ljava/lang/String;)V+7
v  ~StubRoutines::call_stub

---------------  P R O C E S S  ---------------

Java Threads: ( => current thread )
  0x00007f60043b7000 JavaThread "Service Thread" daemon [_thread_blocked, id=11379, stack(0x00007f5fc33f0000,0x00007f5fc34f1000)]
  0x00007f60043ab000 JavaThread "C1 CompilerThread3" daemon [_thread_blocked, id=11378, stack(0x00007f5fc34f1000,0x00007f5fc35f2000)]
  0x00007f60043a9000 JavaThread "C2 CompilerThread2" daemon [_thread_blocked, id=11377, stack(0x00007f5fc35f2000,0x00007f5fc36f3000)]
  0x00007f60043a2800 JavaThread "C2 CompilerThread1" daemon [_thread_blocked, id=11376, stack(0x00007f5fc36f3000,0x00007f5fc37f4000)]
  0x00007f60043a0000 JavaThread "C2 CompilerThread0" daemon [_thread_blocked, id=11375, stack(0x00007f5fc37f4000,0x00007f5fc38f5000)]
  0x00007f5fb4001000 JavaThread "JDWP Command Reader" daemon [_thread_in_native, id=11374, stack(0x00007f5fc38f5000,0x00007f5fc39f6000)]
  0x00007f6004214800 JavaThread "JDWP Event Helper Thread" daemon [_thread_blocked, id=11372, stack(0x00007f5fc39f6000,0x00007f5fc3af7000)]
  0x00007f6004210800 JavaThread "JDWP Transport Listener: dt_socket" daemon [_thread_blocked, id=11370, stack(0x00007f5fc3af7000,0x00007f5fc3bf8000)]
  0x00007f6004202000 JavaThread "Signal Dispatcher" daemon [_thread_blocked, id=11368, stack(0x00007f5fc3dfe000,0x00007f5fc3eff000)]
  0x00007f60041db000 JavaThread "Finalizer" daemon [_thread_blocked, id=11361, stack(0x00007f5fc3eff000,0x00007f5fc4000000)]
  0x00007f60041d6800 JavaThread "Reference Handler" daemon [_thread_blocked, id=11359, stack(0x00007f5fc80fe000,0x00007f5fc81ff000)]
=>0x00007f6004012000 JavaThread "main" [_thread_in_native, id=11346, stack(0x00007f600b48d000,0x00007f600b58e000)]

Other Threads:
  0x00007f60041ce800 VMThread [stack: 0x00007f5fc81ff000,0x00007f5fc8300000] [id=11357]
  0x00007f60043b9800 WatcherThread [stack: 0x00007f5fc32ef000,0x00007f5fc33f0000] [id=11380]

VM state:not at safepoint (normal execution)

VM Mutex/Monitor currently owned by a thread: None

Heap:
 PSYoungGen      total 74752K, used 10386K [0x000000076cb00000, 0x0000000771e00000, 0x00000007c0000000)
  eden space 64512K, 16% used [0x000000076cb00000,0x000000076d524a10,0x0000000770a00000)
  from space 10240K, 0% used [0x0000000771400000,0x0000000771400000,0x0000000771e00000)
  to   space 10240K, 0% used [0x0000000770a00000,0x0000000770a00000,0x0000000771400000)
 ParOldGen       total 171008K, used 0K [0x00000006c6000000, 0x00000006d0700000, 0x000000076cb00000)
  object space 171008K, 0% used [0x00000006c6000000,0x00000006c6000000,0x00000006d0700000)
 Metaspace       used 5659K, capacity 5862K, committed 6144K, reserved 1056768K
  class space    used 616K, capacity 703K, committed 768K, reserved 1048576K

Card table byte_map: [0x00007f5ff3a17000,0x00007f5ff41e8000] byte_map_base: 0x00007f5ff03e7000

Marking Bits: (ParMarkBitMap*) 0x00007f600a7890e0
 Begin Bits: [0x00007f5fc8300000, 0x00007f5fcc180000)
 End Bits:   [0x00007f5fcc180000, 0x00007f5fd0000000)

Polling page: 0x00007f600b5cd000

CodeCache: size=245760Kb used=1949Kb max_used=1949Kb free=243810Kb
 bounds [0x00007f5ff45a8000, 0x00007f5ff4818000, 0x00007f60035a8000]
 total_blobs=714 nmethods=404 adapters=234
 compilation: enabled

Compilation events (10 events):
Event: 0.356 Thread 0x00007f60043ab000  400       3       sun.net.www.ParseUtil::encodePath (336 bytes)
Event: 0.357 Thread 0x00007f60043ab000 nmethod 400 0x00007f5ff478c850 code [0x00007f5ff478cac0, 0x00007f5ff478db38]
Event: 0.357 Thread 0x00007f60043ab000  402       3       java.lang.CharacterDataLatin1::toUpperCase (53 bytes)
Event: 0.357 Thread 0x00007f60043ab000 nmethod 402 0x00007f5ff478e350 code [0x00007f5ff478e4c0, 0x00007f5ff478e7b0]
Event: 0.357 Thread 0x00007f60043ab000  401       3       java.lang.String::equalsIgnoreCase (48 bytes)
Event: 0.358 Thread 0x00007f60043ab000 nmethod 401 0x00007f5ff478e910 code [0x00007f5ff478ea80, 0x00007f5ff478ede8]
Event: 0.360 Thread 0x00007f60043ab000  403  s    1       java.util.Vector::size (5 bytes)
Event: 0.360 Thread 0x00007f60043ab000 nmethod 403 0x00007f5ff478ef10 code [0x00007f5ff478f060, 0x00007f5ff478f2d0]
Event: 0.362 Thread 0x00007f60043ab000  404       1       java.net.URLClassLoader::access$000 (5 bytes)
Event: 0.362 Thread 0x00007f60043ab000 nmethod 404 0x00007f5ff478f350 code [0x00007f5ff478f4a0, 0x00007f5ff478f590]

GC Heap History (0 events):
No events

Deoptimization events (1 events):
Event: 0.332 Thread 0x00007f6004012000 Uncommon trap: reason=unstable_if action=reinterpret pc=0x00007f5ff473ef74 method=java.lang.String.replace(CC)Ljava/lang/String; @ 26

Internal exceptions (10 events):
Event: 0.234 Thread 0x00007f6004012000 Exception <a 'java/lang/NoSuchFieldError': method resolution failed> (0x000000076d1a84d8) thrown at [/build/openjdk-8-O5BLDv/openjdk-8-8u151-b12/src/hotspot/src/share/vm/prims/methodHandles.cpp, line 1146]
Event: 0.238 Thread 0x00007f6004012000 Exception <a 'java/lang/NoSuchFieldError': method resolution failed> (0x000000076d1b6380) thrown at [/build/openjdk-8-O5BLDv/openjdk-8-8u151-b12/src/hotspot/src/share/vm/prims/methodHandles.cpp, line 1146]
Event: 0.293 Thread 0x00007f6004012000 Exception <a 'java/lang/NoSuchMethodError': java.lang.Object.lambda$static$0(Ljava/lang/String;)Ljava/lang/Boolean;> (0x000000076d30c658) thrown at [/build/openjdk-8-O5BLDv/openjdk-8-8u151-b12/src/hotspot/src/share/vm/interpreter/linkResolver.cpp, line 61
Event: 0.304 Thread 0x00007f6004012000 Exception <a 'java/security/PrivilegedActionException'> (0x000000076d365d58) thrown at [/build/openjdk-8-O5BLDv/openjdk-8-8u151-b12/src/hotspot/src/share/vm/prims/jvm.cpp, line 1390]
Event: 0.304 Thread 0x00007f6004012000 Exception <a 'java/security/PrivilegedActionException'> (0x000000076d365f68) thrown at [/build/openjdk-8-O5BLDv/openjdk-8-8u151-b12/src/hotspot/src/share/vm/prims/jvm.cpp, line 1390]
Event: 0.305 Thread 0x00007f6004012000 Exception <a 'java/security/PrivilegedActionException'> (0x000000076d367ff0) thrown at [/build/openjdk-8-O5BLDv/openjdk-8-8u151-b12/src/hotspot/src/share/vm/prims/jvm.cpp, line 1390]
Event: 0.305 Thread 0x00007f6004012000 Exception <a 'java/security/PrivilegedActionException'> (0x000000076d368200) thrown at [/build/openjdk-8-O5BLDv/openjdk-8-8u151-b12/src/hotspot/src/share/vm/prims/jvm.cpp, line 1390]
Event: 0.305 Thread 0x00007f6004012000 Exception <a 'java/security/PrivilegedActionException'> (0x000000076d368cd8) thrown at [/build/openjdk-8-O5BLDv/openjdk-8-8u151-b12/src/hotspot/src/share/vm/prims/jvm.cpp, line 1390]
Event: 0.305 Thread 0x00007f6004012000 Exception <a 'java/security/PrivilegedActionException'> (0x000000076d368ee8) thrown at [/build/openjdk-8-O5BLDv/openjdk-8-8u151-b12/src/hotspot/src/share/vm/prims/jvm.cpp, line 1390]
Event: 0.347 Thread 0x00007f6004012000 Exception <a 'sun/nio/fs/UnixException'> (0x000000076d44aaf8) thrown at [/build/openjdk-8-O5BLDv/openjdk-8-8u151-b12/src/hotspot/src/share/vm/prims/jni.cpp, line 709]

Events (10 events):
Event: 0.362 Thread 0x00007f6004012000 DEOPT PACKING pc=0x00007f5ff476c354 sp=0x00007f600b5886d0
Event: 0.362 Thread 0x00007f6004012000 DEOPT UNPACKING pc=0x00007f5ff45eef73 sp=0x00007f600b588510 mode 1
Event: 0.362 Thread 0x00007f6004012000 DEOPT PACKING pc=0x00007f5ff476c0f4 sp=0x00007f600b588860
Event: 0.362 Thread 0x00007f6004012000 DEOPT UNPACKING pc=0x00007f5ff45eef73 sp=0x00007f600b5886b8 mode 1
Event: 0.363 loading class org/lwjgl/system/SharedLibrary$Delegate
Event: 0.363 loading class org/lwjgl/system/SharedLibrary$Delegate done
Event: 0.363 Thread 0x00007f6004012000 DEOPT PACKING pc=0x00007f5ff476c354 sp=0x00007f600b5866d0
Event: 0.363 Thread 0x00007f6004012000 DEOPT UNPACKING pc=0x00007f5ff45eef73 sp=0x00007f600b586510 mode 1
Event: 0.363 Thread 0x00007f6004012000 DEOPT PACKING pc=0x00007f5ff476c0f4 sp=0x00007f600b586860
Event: 0.363 Thread 0x00007f6004012000 DEOPT UNPACKING pc=0x00007f5ff45eef73 sp=0x00007f600b5866b8 mode 1


Dynamic libraries:
6c6000000-6d0700000 rw-p 00000000 00:00 0 
6d0700000-76cb00000 ---p 00000000 00:00 0 
76cb00000-771e00000 rw-p 00000000 00:00 0 
771e00000-7c0000000 ---p 00000000 00:00 0 
7c0000000-7c00c0000 rw-p 00000000 00:00 0 
7c00c0000-800000000 ---p 00000000 00:00 0 
563d1a95f000-563d1a960000 r-xp 00000000 08:02 6162004                    /usr/lib/jvm/java-8-openjdk-amd64/jre/bin/java
563d1ab5f000-563d1ab60000 r--p 00000000 08:02 6162004                    /usr/lib/jvm/java-8-openjdk-amd64/jre/bin/java
563d1ab60000-563d1ab61000 rw-p 00001000 08:02 6162004                    /usr/lib/jvm/java-8-openjdk-amd64/jre/bin/java
563d1be36000-563d1be57000 rw-p 00000000 00:00 0                          [heap]
7f5f8cfff000-7f5f90000000 rw-p 00000000 00:00 0 
7f5f90000000-7f5f90021000 rw-p 00000000 00:00 0 
7f5f90021000-7f5f94000000 ---p 00000000 00:00 0 
7f5f94000000-7f5f94021000 rw-p 00000000 00:00 0 
7f5f94021000-7f5f98000000 ---p 00000000 00:00 0 
7f5f98000000-7f5f98048000 rw-p 00000000 00:00 0 
7f5f98048000-7f5f9c000000 ---p 00000000 00:00 0 
7f5f9c000000-7f5f9c181000 rw-p 00000000 00:00 0 
7f5f9c181000-7f5fa0000000 ---p 00000000 00:00 0 
7f5fa0000000-7f5fa00b4000 rw-p 00000000 00:00 0 
7f5fa00b4000-7f5fa4000000 ---p 00000000 00:00 0 
7f5fa4000000-7f5fa406c000 rw-p 00000000 00:00 0 
7f5fa406c000-7f5fa8000000 ---p 00000000 00:00 0 
7f5fa8000000-7f5fa8021000 rw-p 00000000 00:00 0 
7f5fa8021000-7f5fac000000 ---p 00000000 00:00 0 
7f5fac000000-7f5fac021000 rw-p 00000000 00:00 0 
7f5fac021000-7f5fb0000000 ---p 00000000 00:00 0 
7f5fb0000000-7f5fb0021000 rw-p 00000000 00:00 0 
7f5fb0021000-7f5fb4000000 ---p 00000000 00:00 0 
7f5fb4000000-7f5fb4021000 rw-p 00000000 00:00 0 
7f5fb4021000-7f5fb8000000 ---p 00000000 00:00 0 
7f5fb8000000-7f5fb8021000 rw-p 00000000 00:00 0 
7f5fb8021000-7f5fbc000000 ---p 00000000 00:00 0 
7f5fbc000000-7f5fbc021000 rw-p 00000000 00:00 0 
7f5fbc021000-7f5fc0000000 ---p 00000000 00:00 0 
7f5fc14d0000-7f5fc14e3000 r-xp 00000000 08:02 1443817                    /lib/x86_64-linux-gnu/libbsd.so.0.8.6
7f5fc14e3000-7f5fc16e2000 ---p 00013000 08:02 1443817                    /lib/x86_64-linux-gnu/libbsd.so.0.8.6
7f5fc16e2000-7f5fc16e3000 r--p 00012000 08:02 1443817                    /lib/x86_64-linux-gnu/libbsd.so.0.8.6
7f5fc16e3000-7f5fc16e4000 rw-p 00013000 08:02 1443817                    /lib/x86_64-linux-gnu/libbsd.so.0.8.6
7f5fc16e4000-7f5fc16e5000 rw-p 00000000 00:00 0 
7f5fc16e8000-7f5fc16ed000 r-xp 00000000 08:02 5518031                    /usr/lib/x86_64-linux-gnu/libXdmcp.so.6.0.0
7f5fc16ed000-7f5fc18ec000 ---p 00005000 08:02 5518031                    /usr/lib/x86_64-linux-gnu/libXdmcp.so.6.0.0
7f5fc18ec000-7f5fc18ed000 r--p 00004000 08:02 5518031                    /usr/lib/x86_64-linux-gnu/libXdmcp.so.6.0.0
7f5fc18ed000-7f5fc18ee000 rw-p 00005000 08:02 5518031                    /usr/lib/x86_64-linux-gnu/libXdmcp.so.6.0.0
7f5fc18f0000-7f5fc18f2000 r-xp 00000000 08:02 5518016                    /usr/lib/x86_64-linux-gnu/libXau.so.6.0.0
7f5fc18f2000-7f5fc1af2000 ---p 00002000 08:02 5518016                    /usr/lib/x86_64-linux-gnu/libXau.so.6.0.0
7f5fc1af2000-7f5fc1af3000 r--p 00002000 08:02 5518016                    /usr/lib/x86_64-linux-gnu/libXau.so.6.0.0
7f5fc1af3000-7f5fc1af4000 rw-p 00003000 08:02 5518016                    /usr/lib/x86_64-linux-gnu/libXau.so.6.0.0
7f5fc1af8000-7f5fc1b1f000 r-xp 00000000 08:02 5520824                    /usr/lib/x86_64-linux-gnu/libxcb.so.1.1.0
7f5fc1b1f000-7f5fc1d1e000 ---p 00027000 08:02 5520824                    /usr/lib/x86_64-linux-gnu/libxcb.so.1.1.0
7f5fc1d1e000-7f5fc1d1f000 r--p 00026000 08:02 5520824                    /usr/lib/x86_64-linux-gnu/libxcb.so.1.1.0
7f5fc1d1f000-7f5fc1d20000 rw-p 00027000 08:02 5520824                    /usr/lib/x86_64-linux-gnu/libxcb.so.1.1.0
7f5fc1d20000-7f5fc1d31000 r-xp 00000000 08:02 5518035                    /usr/lib/x86_64-linux-gnu/libXext.so.6.4.0
7f5fc1d31000-7f5fc1f30000 ---p 00011000 08:02 5518035                    /usr/lib/x86_64-linux-gnu/libXext.so.6.4.0
7f5fc1f30000-7f5fc1f31000 r--p 00010000 08:02 5518035                    /usr/lib/x86_64-linux-gnu/libXext.so.6.4.0
7f5fc1f31000-7f5fc1f32000 rw-p 00011000 08:02 5518035                    /usr/lib/x86_64-linux-gnu/libXext.so.6.4.0
7f5fc1f38000-7f5fc2072000 r-xp 00000000 08:02 5518010                    /usr/lib/x86_64-linux-gnu/libX11.so.6.3.0
7f5fc2072000-7f5fc2272000 ---p 0013a000 08:02 5518010                    /usr/lib/x86_64-linux-gnu/libX11.so.6.3.0
7f5fc2272000-7f5fc2273000 r--p 0013a000 08:02 5518010                    /usr/lib/x86_64-linux-gnu/libX11.so.6.3.0
7f5fc2273000-7f5fc2278000 rw-p 0013b000 08:02 5518010                    /usr/lib/x86_64-linux-gnu/libX11.so.6.3.0
7f5fc2278000-7f5fc22e6000 r-xp 00000000 08:02 5509326                    /usr/lib/x86_64-linux-gnu/libGLdispatch.so.0.0.0
7f5fc22e6000-7f5fc24e5000 ---p 0006e000 08:02 5509326                    /usr/lib/x86_64-linux-gnu/libGLdispatch.so.0.0.0
7f5fc24e5000-7f5fc250d000 r--p 0006d000 08:02 5509326                    /usr/lib/x86_64-linux-gnu/libGLdispatch.so.0.0.0
7f5fc250d000-7f5fc250e000 rw-p 00095000 08:02 5509326                    /usr/lib/x86_64-linux-gnu/libGLdispatch.so.0.0.0
7f5fc250e000-7f5fc252e000 rw-p 00000000 00:00 0 
7f5fc2530000-7f5fc2540000 r-xp 00000000 08:02 5509319                    /usr/lib/x86_64-linux-gnu/libGLX.so.0.0.0
7f5fc2540000-7f5fc273f000 ---p 00010000 08:02 5509319                    /usr/lib/x86_64-linux-gnu/libGLX.so.0.0.0
7f5fc273f000-7f5fc2740000 r--p 0000f000 08:02 5509319                    /usr/lib/x86_64-linux-gnu/libGLX.so.0.0.0
7f5fc2740000-7f5fc2741000 rw-p 00010000 08:02 5509319                    /usr/lib/x86_64-linux-gnu/libGLX.so.0.0.0
7f5fc2741000-7f5fc2761000 rw-p 00000000 00:00 0 
7f5fc2768000-7f5fc27d9000 r-xp 00000000 08:02 5509294                    /usr/lib/mesa-diverted/x86_64-linux-gnu/libGL.so.1.0.0
7f5fc27d9000-7f5fc29d8000 ---p 00071000 08:02 5509294                    /usr/lib/mesa-diverted/x86_64-linux-gnu/libGL.so.1.0.0
7f5fc29d8000-7f5fc29f2000 r--p 00070000 08:02 5509294                    /usr/lib/mesa-diverted/x86_64-linux-gnu/libGL.so.1.0.0
7f5fc29f2000-7f5fc29f3000 rw-p 0008a000 08:02 5509294                    /usr/lib/mesa-diverted/x86_64-linux-gnu/libGL.so.1.0.0
7f5fc29f3000-7f5fc29f4000 rw-p 00000000 00:00 0 
7f5fc29f8000-7f5fc2a63000 r-xp 00000000 08:12 390920                     /tmp/lwjglmart/3.1.4-build-8/liblwjgl_opengl.so
7f5fc2a63000-7f5fc2c62000 ---p 0006b000 08:12 390920                     /tmp/lwjglmart/3.1.4-build-8/liblwjgl_opengl.so
7f5fc2c62000-7f5fc2c63000 r--p 0006a000 08:12 390920                     /tmp/lwjglmart/3.1.4-build-8/liblwjgl_opengl.so
7f5fc2c63000-7f5fc2c64000 rw-p 0006b000 08:12 390920                     /tmp/lwjglmart/3.1.4-build-8/liblwjgl_opengl.so
7f5fc2c68000-7f5fc2cbe000 r-xp 00000000 08:12 390918                     /tmp/lwjglmart/3.1.4-build-8/liblwjgl.so
7f5fc2cbe000-7f5fc2ebd000 ---p 00056000 08:12 390918                     /tmp/lwjglmart/3.1.4-build-8/liblwjgl.so
7f5fc2ebd000-7f5fc2ebe000 r--p 00055000 08:12 390918                     /tmp/lwjglmart/3.1.4-build-8/liblwjgl.so
7f5fc2ebe000-7f5fc2ebf000 rw-p 00056000 08:12 390918                     /tmp/lwjglmart/3.1.4-build-8/liblwjgl.so
7f5fc2ec0000-7f5fc2ed7000 r-xp 00000000 08:02 6162048                    /usr/lib/jvm/java-8-openjdk-amd64/jre/lib/amd64/libnet.so
7f5fc2ed7000-7f5fc30d6000 ---p 00017000 08:02 6162048                    /usr/lib/jvm/java-8-openjdk-amd64/jre/lib/amd64/libnet.so
7f5fc30d6000-7f5fc30d7000 r--p 00016000 08:02 6162048                    /usr/lib/jvm/java-8-openjdk-amd64/jre/lib/amd64/libnet.so
7f5fc30d7000-7f5fc30d8000 rw-p 00017000 08:02 6162048                    /usr/lib/jvm/java-8-openjdk-amd64/jre/lib/amd64/libnet.so
7f5fc30d8000-7f5fc30e9000 r-xp 00000000 08:02 6162049                    /usr/lib/jvm/java-8-openjdk-amd64/jre/lib/amd64/libnio.so
7f5fc30e9000-7f5fc32e9000 ---p 00011000 08:02 6162049                    /usr/lib/jvm/java-8-openjdk-amd64/jre/lib/amd64/libnio.so
7f5fc32e9000-7f5fc32ea000 r--p 00011000 08:02 6162049                    /usr/lib/jvm/java-8-openjdk-amd64/jre/lib/amd64/libnio.so
7f5fc32ea000-7f5fc32eb000 rw-p 00012000 08:02 6162049                    /usr/lib/jvm/java-8-openjdk-amd64/jre/lib/amd64/libnio.so
7f5fc32ef000-7f5fc32f0000 ---p 00000000 00:00 0 
7f5fc32f0000-7f5fc33f0000 rw-p 00000000 00:00 0 
7f5fc33f0000-7f5fc33f3000 ---p 00000000 00:00 0 
7f5fc33f3000-7f5fc34f1000 rw-p 00000000 00:00 0 
7f5fc34f1000-7f5fc34f4000 ---p 00000000 00:00 0 
7f5fc34f4000-7f5fc35f2000 rw-p 00000000 00:00 0 
7f5fc35f2000-7f5fc35f5000 ---p 00000000 00:00 0 
7f5fc35f5000-7f5fc36f3000 rw-p 00000000 00:00 0 
7f5fc36f3000-7f5fc36f6000 ---p 00000000 00:00 0 
7f5fc36f6000-7f5fc37f4000 rw-p 00000000 00:00 0 
7f5fc37f4000-7f5fc37f7000 ---p 00000000 00:00 0 
7f5fc37f7000-7f5fc38f5000 rw-p 00000000 00:00 0 
7f5fc38f5000-7f5fc38f8000 ---p 00000000 00:00 0 
7f5fc38f8000-7f5fc39f6000 rw-p 00000000 00:00 0 
7f5fc39f6000-7f5fc39f9000 ---p 00000000 00:00 0 
7f5fc39f9000-7f5fc3af7000 rw-p 00000000 00:00 0 
7f5fc3af7000-7f5fc3afa000 ---p 00000000 00:00 0 
7f5fc3afa000-7f5fc3bf8000 rw-p 00000000 00:00 0 
7f5fc3bf8000-7f5fc3bfc000 r-xp 00000000 08:02 6162027                    /usr/lib/jvm/java-8-openjdk-amd64/jre/lib/amd64/libdt_socket.so
7f5fc3bfc000-7f5fc3dfb000 ---p 00004000 08:02 6162027                    /usr/lib/jvm/java-8-openjdk-amd64/jre/lib/amd64/libdt_socket.so
7f5fc3dfb000-7f5fc3dfc000 r--p 00003000 08:02 6162027                    /usr/lib/jvm/java-8-openjdk-amd64/jre/lib/amd64/libdt_socket.so
7f5fc3dfc000-7f5fc3dfd000 rw-p 00004000 08:02 6162027                    /usr/lib/jvm/java-8-openjdk-amd64/jre/lib/amd64/libdt_socket.so
7f5fc3dfe000-7f5fc3e01000 ---p 00000000 00:00 0 
7f5fc3e01000-7f5fc3eff000 rw-p 00000000 00:00 0 
7f5fc3eff000-7f5fc3f02000 ---p 00000000 00:00 0 
7f5fc3f02000-7f5fc4000000 rw-p 00000000 00:00 0 
7f5fc4000000-7f5fc4021000 rw-p 00000000 00:00 0 
7f5fc4021000-7f5fc8000000 ---p 00000000 00:00 0 
7f5fc8066000-7f5fc806d000 r--s 0005e000 08:02 1055194                    /opt/intellij/lib/asm-all.jar
7f5fc8073000-7f5fc8075000 r--s 00003000 08:02 1055306                    /opt/intellij/lib/rt/debugger-agent.jar
7f5fc807a000-7f5fc807c000 r--s 0001a000 08:02 1055240                    /opt/intellij/lib/idea_rt.jar
7f5fc807e000-7f5fc8082000 r--s 00026000 08:14 13769017                   /home/mart/IdeaProjects/silorex/lwjgl/lwjgl-opencl.jar
7f5fc8087000-7f5fc808b000 r--s 00017000 08:14 13768678                   /home/mart/IdeaProjects/silorex/lwjgl/lwjgl-glfw.jar
7f5fc808d000-7f5fc808e000 r--s 0003d000 08:14 13768676                   /home/mart/IdeaProjects/silorex/lwjgl/lwjgl-glfw-natives-windows.jar
7f5fc8095000-7f5fc8096000 r--s 0000d000 08:14 13768675                   /home/mart/IdeaProjects/silorex/lwjgl/lwjgl-glfw-natives-macos.jar
7f5fc8097000-7f5fc8098000 r--s 0001f000 08:14 13768674                   /home/mart/IdeaProjects/silorex/lwjgl/lwjgl-glfw-natives-linux.jar
7f5fc809e000-7f5fc80a8000 r--s 000be000 08:14 13769182                   /home/mart/IdeaProjects/silorex/lwjgl/lwjgl-opengl.jar
7f5fc80aa000-7f5fc80ab000 r--s 0002a000 08:14 13769186                   /home/mart/IdeaProjects/silorex/lwjgl/lwjgl-opengl-natives-windows.jar
7f5fc80ab000-7f5fc80ac000 r--s 0000b000 08:14 13769185                   /home/mart/IdeaProjects/silorex/lwjgl/lwjgl-opengl-natives-macos.jar
7f5fc80ae000-7f5fc80af000 r--s 00016000 08:14 13769184                   /home/mart/IdeaProjects/silorex/lwjgl/lwjgl-opengl-natives-linux.jar
7f5fc80b2000-7f5fc80b7000 r--s 00042000 08:14 13768649                   /home/mart/IdeaProjects/silorex/lwjgl/lwjgl.jar
7f5fc80b9000-7f5fc80ba000 r--s 00039000 08:14 13768647                   /home/mart/IdeaProjects/silorex/lwjgl/lwjgl-natives-windows.jar
7f5fc80c1000-7f5fc80c2000 r--s 00009000 08:14 13768646                   /home/mart/IdeaProjects/silorex/lwjgl/lwjgl-natives-macos.jar
7f5fc80c3000-7f5fc80c4000 r--s 00013000 08:14 13768645                   /home/mart/IdeaProjects/silorex/lwjgl/lwjgl-natives-linux.jar
7f5fc80c6000-7f5fc80d9000 r--s 00346000 08:02 6162100                    /usr/lib/jvm/java-8-openjdk-amd64/jre/lib/resources.jar
7f5fc80e0000-7f5fc80e1000 r--s 00000000 08:02 6162098                    /usr/lib/jvm/java-8-openjdk-amd64/jre/lib/management-agent.jar
7f5fc80e2000-7f5fc80e7000 r--s 0009a000 08:02 6162095                    /usr/lib/jvm/java-8-openjdk-amd64/jre/lib/jsse.jar
7f5fc80ed000-7f5fc80f0000 r--s 00015000 08:02 6162093                    /usr/lib/jvm/java-8-openjdk-amd64/jre/lib/jce.jar
7f5fc80f7000-7f5fc80f9000 r--s 00007000 08:02 1711658                    /usr/share/java/java-atk-wrapper.jar
7f5fc80f9000-7f5fc80fe000 r--s 002f9000 08:02 6162062                    /usr/lib/jvm/java-8-openjdk-amd64/jre/lib/charsets.jar
7f5fc80fe000-7f5fc8101000 ---p 00000000 00:00 0 
7f5fc8101000-7f5fc81ff000 rw-p 00000000 00:00 0 
7f5fc81ff000-7f5fc8200000 ---p 00000000 00:00 0 
7f5fc8200000-7f5fc8300000 rw-p 00000000 00:00 0 
7f5fc8300000-7f5fd0000000 rw-p 00000000 00:00 0 
7f5fd0000000-7f5fd0021000 rw-p 00000000 00:00 0 
7f5fd0021000-7f5fd4000000 ---p 00000000 00:00 0 
7f5fd4000000-7f5fd4021000 rw-p 00000000 00:00 0 
7f5fd4021000-7f5fd8000000 ---p 00000000 00:00 0 
7f5fd8000000-7f5fd8021000 rw-p 00000000 00:00 0 
7f5fd8021000-7f5fdc000000 ---p 00000000 00:00 0 
7f5fdc000000-7f5fdc021000 rw-p 00000000 00:00 0 
7f5fdc021000-7f5fe0000000 ---p 00000000 00:00 0 
7f5fe0000000-7f5fe0021000 rw-p 00000000 00:00 0 
7f5fe0021000-7f5fe4000000 ---p 00000000 00:00 0 
7f5fe4000000-7f5fe4021000 rw-p 00000000 00:00 0 
7f5fe4021000-7f5fe8000000 ---p 00000000 00:00 0 
7f5fe8000000-7f5fe8021000 rw-p 00000000 00:00 0 
7f5fe8021000-7f5fec000000 ---p 00000000 00:00 0 
7f5fec000000-7f5fec021000 rw-p 00000000 00:00 0 
7f5fec021000-7f5ff0000000 ---p 00000000 00:00 0 
7f5ff0006000-7f5ff0021000 r--s 001d6000 08:02 6162077                    /usr/lib/jvm/java-8-openjdk-amd64/jre/lib/ext/nashorn.jar
7f5ff0022000-7f5ff0028000 r--s 0003a000 08:02 6162079                    /usr/lib/jvm/java-8-openjdk-amd64/jre/lib/ext/sunjce_provider.jar
7f5ff002c000-7f5ff0047000 r--s 00394000 08:02 6162072                    /usr/lib/jvm/java-8-openjdk-amd64/jre/lib/ext/cldrdata.jar
7f5ff004e000-7f5ff1b69000 rw-p 00000000 00:00 0 
7f5ff1b69000-7f5ff1d38000 r--s 03c21000 08:02 6162101                    /usr/lib/jvm/java-8-openjdk-amd64/jre/lib/rt.jar
7f5ff1d39000-7f5ff1e0a000 rw-p 00000000 00:00 0 
7f5ff1e0a000-7f5ff234a000 rw-p 00000000 00:00 0 
7f5ff234a000-7f5ff260a000 ---p 00000000 00:00 0 
7f5ff260a000-7f5ff2dda000 rw-p 00000000 00:00 0 
7f5ff2dda000-7f5ff2ddb000 ---p 00000000 00:00 0 
7f5ff2ddb000-7f5ff2edb000 rw-p 00000000 00:00 0 
7f5ff2edb000-7f5ff2edc000 ---p 00000000 00:00 0 
7f5ff2edc000-7f5ff2fdc000 rw-p 00000000 00:00 0 
7f5ff2fdc000-7f5ff2fdd000 ---p 00000000 00:00 0 
7f5ff2fdd000-7f5ff30dd000 rw-p 00000000 00:00 0 
7f5ff30dd000-7f5ff30de000 ---p 00000000 00:00 0 
7f5ff30de000-7f5ff31de000 rw-p 00000000 00:00 0 
7f5ff31de000-7f5ff31df000 ---p 00000000 00:00 0 
7f5ff31df000-7f5ff32df000 rw-p 00000000 00:00 0 
7f5ff32df000-7f5ff32e0000 ---p 00000000 00:00 0 
7f5ff32e0000-7f5ff33e0000 rw-p 00000000 00:00 0 
7f5ff33e0000-7f5ff33e1000 ---p 00000000 00:00 0 
7f5ff33e1000-7f5ff34e1000 rw-p 00000000 00:00 0 
7f5ff34e1000-7f5ff3535000 rw-p 00000000 00:00 0 
7f5ff3535000-7f5ff3a17000 ---p 00000000 00:00 0 
7f5ff3a17000-7f5ff3a6b000 rw-p 00000000 00:00 0 
7f5ff3a6b000-7f5ff3f4c000 ---p 00000000 00:00 0 
7f5ff3f4c000-7f5ff3f76000 rw-p 00000000 00:00 0 
7f5ff3f76000-7f5ff41e7000 ---p 00000000 00:00 0 
7f5ff41e7000-7f5ff41f2000 rw-p 00000000 00:00 0 
7f5ff41f2000-7f5ff45a8000 ---p 00000000 00:00 0 
7f5ff45a8000-7f5ff4818000 rwxp 00000000 00:00 0 
7f5ff4818000-7f60035a8000 ---p 00000000 00:00 0 
7f60035a8000-7f60035b0000 r-xp 00000000 08:02 6162057                    /usr/lib/jvm/java-8-openjdk-amd64/jre/lib/amd64/libzip.so
7f60035b0000-7f60037af000 ---p 00008000 08:02 6162057                    /usr/lib/jvm/java-8-openjdk-amd64/jre/lib/amd64/libzip.so
7f60037af000-7f60037b0000 r--p 00007000 08:02 6162057                    /usr/lib/jvm/java-8-openjdk-amd64/jre/lib/amd64/libzip.so
7f60037b0000-7f60037b1000 rw-p 00008000 08:02 6162057                    /usr/lib/jvm/java-8-openjdk-amd64/jre/lib/amd64/libzip.so
7f60037b8000-7f60037c3000 r-xp 00000000 08:02 1465569                    /lib/x86_64-linux-gnu/libnss_files-2.25.so
7f60037c3000-7f60039c2000 ---p 0000b000 08:02 1465569                    /lib/x86_64-linux-gnu/libnss_files-2.25.so
7f60039c2000-7f60039c3000 r--p 0000a000 08:02 1465569                    /lib/x86_64-linux-gnu/libnss_files-2.25.so
7f60039c3000-7f60039c4000 rw-p 0000b000 08:02 1465569                    /lib/x86_64-linux-gnu/libnss_files-2.25.so
7f60039c4000-7f60039ca000 rw-p 00000000 00:00 0 
7f60039d0000-7f60039db000 r-xp 00000000 08:02 1465571                    /lib/x86_64-linux-gnu/libnss_nis-2.25.so
7f60039db000-7f6003bda000 ---p 0000b000 08:02 1465571                    /lib/x86_64-linux-gnu/libnss_nis-2.25.so
7f6003bda000-7f6003bdb000 r--p 0000a000 08:02 1465571                    /lib/x86_64-linux-gnu/libnss_nis-2.25.so
7f6003bdb000-7f6003bdc000 rw-p 0000b000 08:02 1465571                    /lib/x86_64-linux-gnu/libnss_nis-2.25.so
7f6003be0000-7f6003bf5000 r-xp 00000000 08:02 1465566                    /lib/x86_64-linux-gnu/libnsl-2.25.so
7f6003bf5000-7f6003df4000 ---p 00015000 08:02 1465566                    /lib/x86_64-linux-gnu/libnsl-2.25.so
7f6003df4000-7f6003df5000 r--p 00014000 08:02 1465566                    /lib/x86_64-linux-gnu/libnsl-2.25.so
7f6003df5000-7f6003df6000 rw-p 00015000 08:02 1465566                    /lib/x86_64-linux-gnu/libnsl-2.25.so
7f6003df6000-7f6003df8000 rw-p 00000000 00:00 0 
7f6003df8000-7f6003dff000 r-xp 00000000 08:02 1465567                    /lib/x86_64-linux-gnu/libnss_compat-2.25.so
7f6003dff000-7f6003ffe000 ---p 00007000 08:02 1465567                    /lib/x86_64-linux-gnu/libnss_compat-2.25.so
7f6003ffe000-7f6003fff000 r--p 00006000 08:02 1465567                    /lib/x86_64-linux-gnu/libnss_compat-2.25.so
7f6003fff000-7f6004000000 rw-p 00007000 08:02 1465567                    /lib/x86_64-linux-gnu/libnss_compat-2.25.so
7f6004000000-7f6004515000 rw-p 00000000 00:00 0 
7f6004515000-7f6008000000 ---p 00000000 00:00 0 
7f6008007000-7f600800a000 r--s 0000f000 08:02 6162074                    /usr/lib/jvm/java-8-openjdk-amd64/jre/lib/ext/icedtea-sound.jar
7f600800a000-7f6008058000 rw-p 00000000 00:00 0 
7f6008058000-7f60080a7000 rw-p 00000000 00:00 0 
7f60080a7000-7f60080a8000 ---p 00000000 00:00 0 
7f60080a8000-7f60081a8000 rw-p 00000000 00:00 0 
7f60081a8000-7f60081b2000 r-xp 00000000 08:02 6162031                    /usr/lib/jvm/java-8-openjdk-amd64/jre/lib/amd64/libinstrument.so
7f60081b2000-7f60083b1000 ---p 0000a000 08:02 6162031                    /usr/lib/jvm/java-8-openjdk-amd64/jre/lib/amd64/libinstrument.so
7f60083b1000-7f60083b2000 r--p 00009000 08:02 6162031                    /usr/lib/jvm/java-8-openjdk-amd64/jre/lib/amd64/libinstrument.so
7f60083b2000-7f60083b3000 rw-p 0000a000 08:02 6162031                    /usr/lib/jvm/java-8-openjdk-amd64/jre/lib/amd64/libinstrument.so
7f60083b8000-7f60084e8000 r--p 00000000 08:02 6162747                    /usr/lib/locale/aa_DJ.utf8/LC_COLLATE
7f60084e8000-7f60084ea000 r-xp 00000000 08:02 6162050                    /usr/lib/jvm/java-8-openjdk-amd64/jre/lib/amd64/libnpt.so
7f60084ea000-7f60086ea000 ---p 00002000 08:02 6162050                    /usr/lib/jvm/java-8-openjdk-amd64/jre/lib/amd64/libnpt.so
7f60086ea000-7f60086eb000 r--p 00002000 08:02 6162050                    /usr/lib/jvm/java-8-openjdk-amd64/jre/lib/amd64/libnpt.so
7f60086eb000-7f60086ec000 rw-p 00003000 08:02 6162050                    /usr/lib/jvm/java-8-openjdk-amd64/jre/lib/amd64/libnpt.so
7f60086f0000-7f600872b000 r-xp 00000000 08:02 6162041                    /usr/lib/jvm/java-8-openjdk-amd64/jre/lib/amd64/libjdwp.so
7f600872b000-7f600892a000 ---p 0003b000 08:02 6162041                    /usr/lib/jvm/java-8-openjdk-amd64/jre/lib/amd64/libjdwp.so
7f600892a000-7f600892b000 r--p 0003a000 08:02 6162041                    /usr/lib/jvm/java-8-openjdk-amd64/jre/lib/amd64/libjdwp.so
7f600892b000-7f600892c000 rw-p 0003b000 08:02 6162041                    /usr/lib/jvm/java-8-openjdk-amd64/jre/lib/amd64/libjdwp.so
7f6008930000-7f600895d000 r-xp 00000000 08:02 6162036                    /usr/lib/jvm/java-8-openjdk-amd64/jre/lib/amd64/libjava.so
7f600895d000-7f6008b5d000 ---p 0002d000 08:02 6162036                    /usr/lib/jvm/java-8-openjdk-amd64/jre/lib/amd64/libjava.so
7f6008b5d000-7f6008b5e000 r--p 0002d000 08:02 6162036                    /usr/lib/jvm/java-8-openjdk-amd64/jre/lib/amd64/libjava.so
7f6008b5e000-7f6008b60000 rw-p 0002e000 08:02 6162036                    /usr/lib/jvm/java-8-openjdk-amd64/jre/lib/amd64/libjava.so
7f6008b60000-7f6008b70000 r-xp 00000000 08:02 6162056                    /usr/lib/jvm/java-8-openjdk-amd64/jre/lib/amd64/libverify.so
7f6008b70000-7f6008d6f000 ---p 00010000 08:02 6162056                    /usr/lib/jvm/java-8-openjdk-amd64/jre/lib/amd64/libverify.so
7f6008d6f000-7f6008d71000 r--p 0000f000 08:02 6162056                    /usr/lib/jvm/java-8-openjdk-amd64/jre/lib/amd64/libverify.so
7f6008d71000-7f6008d72000 rw-p 00011000 08:02 6162056                    /usr/lib/jvm/java-8-openjdk-amd64/jre/lib/amd64/libverify.so
7f6008d78000-7f6008d7f000 r-xp 00000000 08:02 1465576                    /lib/x86_64-linux-gnu/librt-2.25.so
7f6008d7f000-7f6008f7e000 ---p 00007000 08:02 1465576                    /lib/x86_64-linux-gnu/librt-2.25.so
7f6008f7e000-7f6008f7f000 r--p 00006000 08:02 1465576                    /lib/x86_64-linux-gnu/librt-2.25.so
7f6008f7f000-7f6008f80000 rw-p 00007000 08:02 1465576                    /lib/x86_64-linux-gnu/librt-2.25.so
7f6008f80000-7f6008f96000 r-xp 00000000 08:02 1444262                    /lib/x86_64-linux-gnu/libgcc_s.so.1
7f6008f96000-7f6009195000 ---p 00016000 08:02 1444262                    /lib/x86_64-linux-gnu/libgcc_s.so.1
7f6009195000-7f6009196000 r--p 00015000 08:02 1444262                    /lib/x86_64-linux-gnu/libgcc_s.so.1
7f6009196000-7f6009197000 rw-p 00016000 08:02 1444262                    /lib/x86_64-linux-gnu/libgcc_s.so.1
7f6009198000-7f60092aa000 r-xp 00000000 08:02 1465563                    /lib/x86_64-linux-gnu/libm-2.25.so
7f60092aa000-7f60094a9000 ---p 00112000 08:02 1465563                    /lib/x86_64-linux-gnu/libm-2.25.so
7f60094a9000-7f60094aa000 r--p 00111000 08:02 1465563                    /lib/x86_64-linux-gnu/libm-2.25.so
7f60094aa000-7f60094ab000 rw-p 00112000 08:02 1465563                    /lib/x86_64-linux-gnu/libm-2.25.so
7f60094b0000-7f6009620000 r-xp 00000000 08:02 5508933                    /usr/lib/x86_64-linux-gnu/libstdc++.so.6.0.24
7f6009620000-7f6009820000 ---p 00170000 08:02 5508933                    /usr/lib/x86_64-linux-gnu/libstdc++.so.6.0.24
7f6009820000-7f600982a000 r--p 00170000 08:02 5508933                    /usr/lib/x86_64-linux-gnu/libstdc++.so.6.0.24
7f600982a000-7f600982c000 rw-p 0017a000 08:02 5508933                    /usr/lib/x86_64-linux-gnu/libstdc++.so.6.0.24
7f600982c000-7f600982f000 rw-p 00000000 00:00 0 
7f6009830000-7f600a4ba000 r-xp 00000000 08:02 6162061                    /usr/lib/jvm/java-8-openjdk-amd64/jre/lib/amd64/server/libjvm.so
7f600a4ba000-7f600a6ba000 ---p 00c8a000 08:02 6162061                    /usr/lib/jvm/java-8-openjdk-amd64/jre/lib/amd64/server/libjvm.so
7f600a6ba000-7f600a74d000 r--p 00c8a000 08:02 6162061                    /usr/lib/jvm/java-8-openjdk-amd64/jre/lib/amd64/server/libjvm.so
7f600a74d000-7f600a775000 rw-p 00d1d000 08:02 6162061                    /usr/lib/jvm/java-8-openjdk-amd64/jre/lib/amd64/server/libjvm.so
7f600a775000-7f600a7a6000 rw-p 00000000 00:00 0 
7f600a7a8000-7f600a941000 r-xp 00000000 08:02 1465559                    /lib/x86_64-linux-gnu/libc-2.25.so
7f600a941000-7f600ab41000 ---p 00199000 08:02 1465559                    /lib/x86_64-linux-gnu/libc-2.25.so
7f600ab41000-7f600ab45000 r--p 00199000 08:02 1465559                    /lib/x86_64-linux-gnu/libc-2.25.so
7f600ab45000-7f600ab47000 rw-p 0019d000 08:02 1465559                    /lib/x86_64-linux-gnu/libc-2.25.so
7f600ab47000-7f600ab4b000 rw-p 00000000 00:00 0 
7f600ab50000-7f600ab53000 r-xp 00000000 08:02 1465562                    /lib/x86_64-linux-gnu/libdl-2.25.so
7f600ab53000-7f600ad52000 ---p 00003000 08:02 1465562                    /lib/x86_64-linux-gnu/libdl-2.25.so
7f600ad52000-7f600ad53000 r--p 00002000 08:02 1465562                    /lib/x86_64-linux-gnu/libdl-2.25.so
7f600ad53000-7f600ad54000 rw-p 00003000 08:02 1465562                    /lib/x86_64-linux-gnu/libdl-2.25.so
7f600ad58000-7f600ad66000 r-xp 00000000 08:02 6162021                    /usr/lib/jvm/java-8-openjdk-amd64/jre/lib/amd64/jli/libjli.so
7f600ad66000-7f600af65000 ---p 0000e000 08:02 6162021                    /usr/lib/jvm/java-8-openjdk-amd64/jre/lib/amd64/jli/libjli.so
7f600af65000-7f600af66000 r--p 0000d000 08:02 6162021                    /usr/lib/jvm/java-8-openjdk-amd64/jre/lib/amd64/jli/libjli.so
7f600af66000-7f600af67000 rw-p 0000e000 08:02 6162021                    /usr/lib/jvm/java-8-openjdk-amd64/jre/lib/amd64/jli/libjli.so
7f600af68000-7f600af81000 r-xp 00000000 08:02 1444460                    /lib/x86_64-linux-gnu/libz.so.1.2.8
7f600af81000-7f600b180000 ---p 00019000 08:02 1444460                    /lib/x86_64-linux-gnu/libz.so.1.2.8
7f600b180000-7f600b181000 r--p 00018000 08:02 1444460                    /lib/x86_64-linux-gnu/libz.so.1.2.8
7f600b181000-7f600b182000 rw-p 00019000 08:02 1444460                    /lib/x86_64-linux-gnu/libz.so.1.2.8
7f600b188000-7f600b1a1000 r-xp 00000000 08:02 1465574                    /lib/x86_64-linux-gnu/libpthread-2.25.so
7f600b1a1000-7f600b3a0000 ---p 00019000 08:02 1465574                    /lib/x86_64-linux-gnu/libpthread-2.25.so
7f600b3a0000-7f600b3a1000 r--p 00018000 08:02 1465574                    /lib/x86_64-linux-gnu/libpthread-2.25.so
7f600b3a1000-7f600b3a2000 rw-p 00019000 08:02 1465574                    /lib/x86_64-linux-gnu/libpthread-2.25.so
7f600b3a2000-7f600b3a6000 rw-p 00000000 00:00 0 
7f600b3a8000-7f600b3cb000 r-xp 00000000 08:02 1459620                    /lib/x86_64-linux-gnu/ld-2.25.so
7f600b3cf000-7f600b3d3000 r--s 00037000 08:02 6162080                    /usr/lib/jvm/java-8-openjdk-amd64/jre/lib/ext/sunpkcs11.jar
7f600b3d6000-7f600b3e0000 r--s 00116000 08:02 6162076                    /usr/lib/jvm/java-8-openjdk-amd64/jre/lib/ext/localedata.jar
7f600b3e7000-7f600b3e9000 r--s 00007000 08:02 1711658                    /usr/share/java/java-atk-wrapper.jar
7f600b3ea000-7f600b3eb000 r--s 0000a000 08:02 6162075                    /usr/lib/jvm/java-8-openjdk-amd64/jre/lib/ext/jaccess.jar
7f600b3f1000-7f600b3f3000 r--s 00001000 08:02 6162073                    /usr/lib/jvm/java-8-openjdk-amd64/jre/lib/ext/dnsns.jar
7f600b3f8000-7f600b3f9000 r--s 00010000 08:02 6162081                    /usr/lib/jvm/java-8-openjdk-amd64/jre/lib/ext/zipfs.jar
7f600b400000-7f600b402000 r--s 00008000 08:02 6162078                    /usr/lib/jvm/java-8-openjdk-amd64/jre/lib/ext/sunec.jar
7f600b409000-7f600b40a000 r--s 00001000 08:02 1055305                    /opt/intellij/lib/rt/debugger-agent-storage.jar
7f600b410000-7f600b418000 rw-s 00000000 08:12 260617                     /tmp/hsperfdata_mart/11338
7f600b418000-7f600b469000 r--p 00000000 08:02 6162749                    /usr/lib/locale/aa_DJ.utf8/LC_CTYPE
7f600b470000-7f600b471000 r--p 00000000 08:02 6162778                    /usr/lib/locale/aa_ET/LC_NUMERIC
7f600b478000-7f600b479000 r--p 00000000 08:02 6165421                    /usr/lib/locale/en_GB.utf8/LC_TIME
7f600b480000-7f600b481000 r--p 00000000 08:02 6165204                    /usr/lib/locale/cy_GB.utf8/LC_MONETARY
7f600b488000-7f600b489000 r--p 00000000 08:02 6165354                    /usr/lib/locale/en_AG/LC_MESSAGES/SYS_LC_MESSAGES
7f600b48d000-7f600b490000 ---p 00000000 00:00 0 
7f600b490000-7f600b590000 rw-p 00000000 00:00 0 
7f600b590000-7f600b591000 r--p 00000000 08:02 6162757                    /usr/lib/locale/aa_DJ.utf8/LC_PAPER
7f600b598000-7f600b599000 r--p 00000000 08:02 6165139                    /usr/lib/locale/chr_US/LC_NAME
7f600b5a0000-7f600b5a1000 r--p 00000000 08:02 6165419                    /usr/lib/locale/en_GB.utf8/LC_ADDRESS
7f600b5a8000-7f600b5a9000 r--p 00000000 08:02 6165205                    /usr/lib/locale/cy_GB.utf8/LC_TELEPHONE
7f600b5b0000-7f600b5b1000 r--p 00000000 08:02 6162751                    /usr/lib/locale/aa_DJ.utf8/LC_MEASUREMENT
7f600b5b8000-7f600b5bf000 r--s 00000000 08:02 6164888                    /usr/lib/x86_64-linux-gnu/gconv/gconv-modules.cache
7f600b5c0000-7f600b5c1000 r--p 00000000 08:02 6165420                    /usr/lib/locale/en_GB.utf8/LC_IDENTIFICATION
7f600b5c7000-7f600b5ca000 rw-p 00000000 00:00 0 
7f600b5ca000-7f600b5cb000 r--p 00022000 08:02 1459620                    /lib/x86_64-linux-gnu/ld-2.25.so
7f600b5cb000-7f600b5cc000 rw-p 00023000 08:02 1459620                    /lib/x86_64-linux-gnu/ld-2.25.so
7f600b5cc000-7f600b5cd000 rw-p 00000000 00:00 0 
7f600b5cd000-7f600b5ce000 r--p 00000000 00:00 0 
7ffdc9ac6000-7ffdc9ae7000 rw-p 00000000 00:00 0                          [stack]
7ffdc9be8000-7ffdc9beb000 r--p 00000000 00:00 0                          [vvar]
7ffdc9beb000-7ffdc9bed000 r-xp 00000000 00:00 0                          [vdso]

VM Arguments:
jvm_args: -agentlib:jdwp=transport=dt_socket,address=127.0.0.1:36909,suspend=y,server=n -javaagent:/opt/intellij/lib/rt/debugger-agent.jar=/tmp/capture.props -Dfile.encoding=UTF-8 
java_command: Engine.Main
java_class_path (initial): /usr/lib/jvm/java-1.8.0-openjdk-amd64/jre/lib/charsets.jar:/usr/lib/jvm/java-1.8.0-openjdk-amd64/jre/lib/ext/cldrdata.jar:/usr/lib/jvm/java-1.8.0-openjdk-amd64/jre/lib/ext/dnsns.jar:/usr/lib/jvm/java-1.8.0-openjdk-amd64/jre/lib/ext/icedtea-sound.jar:/usr/lib/jvm/java-1.8.0-openjdk-amd64/jre/lib/ext/jaccess.jar:/usr/lib/jvm/java-1.8.0-openjdk-amd64/jre/lib/ext/java-atk-wrapper.jar:/usr/lib/jvm/java-1.8.0-openjdk-amd64/jre/lib/ext/localedata.jar:/usr/lib/jvm/java-1.8.0-openjdk-amd64/jre/lib/ext/nashorn.jar:/usr/lib/jvm/java-1.8.0-openjdk-amd64/jre/lib/ext/sunec.jar:/usr/lib/jvm/java-1.8.0-openjdk-amd64/jre/lib/ext/sunjce_provider.jar:/usr/lib/jvm/java-1.8.0-openjdk-amd64/jre/lib/ext/sunpkcs11.jar:/usr/lib/jvm/java-1.8.0-openjdk-amd64/jre/lib/ext/zipfs.jar:/usr/lib/jvm/java-1.8.0-openjdk-amd64/jre/lib/jce.jar:/usr/lib/jvm/java-1.8.0-openjdk-amd64/jre/lib/jsse.jar:/usr/lib/jvm/java-1.8.0-openjdk-amd64/jre/lib/management-agent.jar:/usr/lib/jvm/java-1.8.0-openjdk-amd64/jre/lib/resources.jar:/usr/lib/jvm/java-1.8.0-openjdk-amd64/jre/lib/rt.jar:/home/mart/IdeaProjects/silorex/out/production/silorex:/home/mart/IdeaProjects/silorex/lwjgl/lwjgl-natives-linux.jar:/home/mart/IdeaProjects/silorex/lwjgl/lwjgl-natives-macos.jar:/home/mart/IdeaProjects/silorex/lwjgl/lwjgl-natives-windows.jar:/home/mart/IdeaProjects/silorex/lwjgl/lwjgl.jar:/home/mart/IdeaProjects/silorex/lwjgl/lwjgl-opengl-natives-linux.jar:/home/mart/IdeaProjects/silorex/lwjgl/lwjgl-opengl-natives-macos.jar:/home/mart/IdeaProjects/silorex/lwjgl/lwjgl-opengl-natives-windows.jar:/home/mart/IdeaProjects/silorex/lwjgl/lwjgl-opengl.jar:/home/mart/IdeaProjects/silorex/lwjgl/lwjgl-glfw-natives-linux.jar:/home/mart/IdeaProjects/silorex/lwjgl/lwjgl-glfw-natives-macos.jar:/home/mart/IdeaProjects/silorex/lwjgl/lwjgl-glfw-natives-windows.jar:/home/mart/IdeaProjects/silorex/lwjgl/lwjgl-glfw.jar:/home/mart/IdeaProjects/silorex/lwjgl/lwjgl-opencl.jar:/opt/intellij/lib/idea_rt.jar:/opt/intellij/lib/rt/d
Launcher Type: SUN_STANDARD

Environment Variables:
PATH=/usr/local/bin:/usr/bin:/bin:/usr/local/games:/usr/games
USERNAME=mart
SHELL=/bin/bash
DISPLAY=:1

Signal Handlers:
SIGSEGV: [libjvm.so+0xaa6ae0], sa_mask[0]=11111111011111111101111111111110, sa_flags=SA_RESTART|SA_SIGINFO
SIGBUS: [libjvm.so+0xaa6ae0], sa_mask[0]=11111111011111111101111111111110, sa_flags=SA_RESTART|SA_SIGINFO
SIGFPE: [libjvm.so+0x8ddf00], sa_mask[0]=11111111011111111101111111111110, sa_flags=SA_RESTART|SA_SIGINFO
SIGPIPE: [libjvm.so+0x8ddf00], sa_mask[0]=11111111011111111101111111111110, sa_flags=SA_RESTART|SA_SIGINFO
SIGXFSZ: [libjvm.so+0x8ddf00], sa_mask[0]=11111111011111111101111111111110, sa_flags=SA_RESTART|SA_SIGINFO
SIGILL: [libjvm.so+0x8ddf00], sa_mask[0]=11111111011111111101111111111110, sa_flags=SA_RESTART|SA_SIGINFO
SIGUSR1: SIG_DFL, sa_mask[0]=00000000000000000000000000000000, sa_flags=none
SIGUSR2: [libjvm.so+0x8dddb0], sa_mask[0]=00100000000000000000000000000000, sa_flags=SA_RESTART|SA_SIGINFO
SIGHUP: [libjvm.so+0x8de260], sa_mask[0]=11111111011111111101111111111110, sa_flags=SA_RESTART|SA_SIGINFO
SIGINT: [libjvm.so+0x8de260], sa_mask[0]=11111111011111111101111111111110, sa_flags=SA_RESTART|SA_SIGINFO
SIGTERM: [libjvm.so+0x8de260], sa_mask[0]=11111111011111111101111111111110, sa_flags=SA_RESTART|SA_SIGINFO
SIGQUIT: [libjvm.so+0x8de260], sa_mask[0]=11111111011111111101111111111110, sa_flags=SA_RESTART|SA_SIGINFO


---------------  S Y S T E M  ---------------

OS:DISTRIB_ID=Kali
DISTRIB_RELEASE=kali-rolling
DISTRIB_CODENAME=kali-rolling
DISTRIB_DESCRIPTION="Kali GNU/Linux Rolling"

uname:Linux 4.14.0-kali1-amd64 #1 SMP Debian 4.14.2-1kali1 (2017-12-04) x86_64
libc:glibc 2.25 NPTL 2.25 
rlimit: STACK 8192k, CORE 0k, NPROC 63609, NOFILE 1048576, AS infinity
load average:2.24 1.95 1.62

/proc/meminfo:
MemTotal:       16383060 kB
MemFree:         6539340 kB
MemAvailable:    8878700 kB
Buffers:          376516 kB
Cached:          2340424 kB
SwapCached:            0 kB
Active:          7641492 kB
Inactive:        1647308 kB
Active(anon):    6573344 kB
Inactive(anon):   306780 kB
Active(file):    1068148 kB
Inactive(file):  1340528 kB
Unevictable:          16 kB
Mlocked:              16 kB
SwapTotal:      19530748 kB
SwapFree:       19530748 kB
Dirty:             12000 kB
Writeback:             0 kB
AnonPages:       5242436 kB
Mapped:           773216 kB
Shmem:            308284 kB
Slab:             338516 kB
SReclaimable:     268880 kB
SUnreclaim:        69636 kB
KernelStack:       16544 kB
PageTables:        54848 kB
NFS_Unstable:          0 kB
Bounce:                0 kB
WritebackTmp:          0 kB
CommitLimit:    27722276 kB
Committed_AS:   12776936 kB
VmallocTotal:   34359738367 kB
VmallocUsed:           0 kB
VmallocChunk:          0 kB
HardwareCorrupted:     0 kB
AnonHugePages:   2320384 kB
ShmemHugePages:        0 kB
ShmemPmdMapped:        0 kB
HugePages_Total:       0
HugePages_Free:        0
HugePages_Rsvd:        0
HugePages_Surp:        0
Hugepagesize:       2048 kB
DirectMap4k:      305588 kB
DirectMap2M:    11175936 kB
DirectMap1G:     5242880 kB


CPU:total 8 (initial active 8) (8 cores per cpu, 1 threads per core) family 21 model 2 stepping 0, cmov, cx8, fxsr, mmx, sse, sse2, sse3, ssse3, sse4.1, sse4.2, popcnt, avx, aes, clmul, mmxext, 3dnowpref, lzcnt, sse4a, tsc, tscinvbit, tscinv, bmi1

/proc/cpuinfo:
processor	: 0
vendor_id	: AuthenticAMD
cpu family	: 21
model		: 2
model name	: AMD FX(tm)-8320 Eight-Core Processor
stepping	: 0
microcode	: 0x600084f
cpu MHz		: 1400.000
cache size	: 2048 KB
physical id	: 0
siblings	: 8
core id		: 0
cpu cores	: 4
apicid		: 16
initial apicid	: 0
fpu		: yes
fpu_exception	: yes
cpuid level	: 13
wp		: yes
flags		: fpu vme de pse tsc msr pae mce cx8 apic sep mtrr pge mca cmov pat pse36 clflush mmx fxsr sse sse2 ht syscall nx mmxext fxsr_opt pdpe1gb rdtscp lm constant_tsc rep_good nopl nonstop_tsc cpuid extd_apicid aperfmperf pni pclmulqdq monitor ssse3 fma cx16 sse4_1 sse4_2 popcnt aes xsave avx f16c lahf_lm cmp_legacy svm extapic cr8_legacy abm sse4a misalignsse 3dnowprefetch osvw ibs xop skinit wdt lwp fma4 tce nodeid_msr tbm topoext perfctr_core perfctr_nb cpb hw_pstate vmmcall bmi1 arat npt lbrv svm_lock nrip_save tsc_scale vmcb_clean flushbyasid decodeassists pausefilter pfthreshold
bugs		: fxsave_leak sysret_ss_attrs null_seg
bogomips	: 7000.67
TLB size	: 1536 4K pages
clflush size	: 64
cache_alignment	: 64
address sizes	: 48 bits physical, 48 bits virtual
power management: ts ttp tm 100mhzsteps hwpstate cpb eff_freq_ro

processor	: 1
vendor_id	: AuthenticAMD
cpu family	: 21
model		: 2
model name	: AMD FX(tm)-8320 Eight-Core Processor
stepping	: 0
microcode	: 0x600084f
cpu MHz		: 2300.000
cache size	: 2048 KB
physical id	: 0
siblings	: 8
core id		: 1
cpu cores	: 4
apicid		: 17
initial apicid	: 1
fpu		: yes
fpu_exception	: yes
cpuid level	: 13
wp		: yes
flags		: fpu vme de pse tsc msr pae mce cx8 apic sep mtrr pge mca cmov pat pse36 clflush mmx fxsr sse sse2 ht syscall nx mmxext fxsr_opt pdpe1gb rdtscp lm constant_tsc rep_good nopl nonstop_tsc cpuid extd_apicid aperfmperf pni pclmulqdq monitor ssse3 fma cx16 sse4_1 sse4_2 popcnt aes xsave avx f16c lahf_lm cmp_legacy svm extapic cr8_legacy abm sse4a misalignsse 3dnowprefetch osvw ibs xop skinit wdt lwp fma4 tce nodeid_msr tbm topoext perfctr_core perfctr_nb cpb hw_pstate vmmcall bmi1 arat npt lbrv svm_lock nrip_save tsc_scale vmcb_clean flushbyasid decodeassists pausefilter pfthreshold
bugs		: fxsave_leak sysret_ss_attrs null_seg
bogomips	: 7000.67
TLB size	: 1536 4K pages
clflush size	: 64
cache_alignment	: 64
address sizes	: 48 bits physical, 48 bits virtual
power management: ts ttp tm 100mhzsteps hwpstate cpb eff_freq_ro

processor	: 2
vendor_id	: AuthenticAMD
cpu family	: 21
model		: 2
model name	: AMD FX(tm)-8320 Eight-Core Processor
stepping	: 0
microcode	: 0x600084f
cpu MHz		: 3500.000
cache size	: 2048 KB
physical id	: 0
siblings	: 8
core id		: 2
cpu cores	: 4
apicid		: 18
initial apicid	: 2
fpu		: yes
fpu_exception	: yes
cpuid level	: 13
wp		: yes
flags		: fpu vme de pse tsc msr pae mce cx8 apic sep mtrr pge mca cmov pat pse36 clflush mmx fxsr sse sse2 ht syscall nx mmxext fxsr_opt pdpe1gb rdtscp lm constant_tsc rep_good nopl nonstop_tsc cpuid extd_apicid aperfmperf pni pclmulqdq monitor ssse3 fma cx16 sse4_1 sse4_2 popcnt aes xsave avx f16c lahf_lm cmp_legacy svm extapic cr8_legacy abm sse4a misalignsse 3dnowprefetch osvw ibs xop skinit wdt lwp fma4 tce nodeid_msr tbm topoext perfctr_core perfctr_nb cpb hw_pstate vmmcall bmi1 arat npt lbrv svm_lock nrip_save tsc_scale vmcb_clean flushbyasid decodeassists pausefilter pfthreshold
bugs		: fxsave_leak sysret_ss_attrs null_seg
bogomips	: 7000.67
TLB size	: 1536 4K pages
clflush size	: 64
cache_alignment	: 64
address sizes	: 48 bits physical, 48 bits virtual
power management: ts ttp tm 100mhzsteps hwpstate cpb eff_freq_ro

processor	: 3
vendor_id	: AuthenticAMD
cpu family	: 21
model		: 2
model name	: AMD FX(tm)-8320 Eight-Core Processor
stepping	: 0
microcode	: 0x600084f
cpu MHz		: 3500.000
cache size	: 2048 KB
physical id	: 0
siblings	: 8
core id		: 3
cpu cores	: 4
apicid		: 19
initial apicid	: 3
fpu		: yes
fpu_exception	: yes
cpuid level	: 13
wp		: yes
flags		: fpu vme de pse tsc msr pae mce cx8 apic sep mtrr pge mca cmov pat pse36 clflush mmx fxsr sse sse2 ht syscall nx mmxext fxsr_opt pdpe1gb rdtscp lm constant_tsc rep_good nopl nonstop_tsc cpuid extd_apicid aperfmperf pni pclmulqdq monitor ssse3 fma cx16 sse4_1 sse4_2 popcnt aes xsave avx f16c lahf_lm cmp_legacy svm extapic cr8_legacy abm sse4a misalignsse 3dnowprefetch osvw ibs xop skinit wdt lwp fma4 tce nodeid_msr tbm topoext perfctr_core perfctr_nb cpb hw_pstate vmmcall bmi1 arat npt lbrv svm_lock nrip_save tsc_scale vmcb_clean flushbyasid decodeassists pausefilter pfthreshold
bugs		: fxsave_leak sysret_ss_attrs null_seg
bogomips	: 7000.67
TLB size	: 1536 4K pages
clflush size	: 64
cache_alignment	: 64
address sizes	: 48 bits physical, 48 bits virtual
power management: ts ttp tm 100mhzsteps hwpstate cpb eff_freq_ro

processor	: 4
vendor_id	: AuthenticAMD
cpu family	: 21
model		: 2
model name	: AMD FX(tm)-8320 Eight-Core Processor
stepping	: 0
microcode	: 0x600084f
cpu MHz		: 1700.000
cache size	: 2048 KB
physical id	: 0
siblings	: 8
core id		: 4
cpu cores	: 4
apicid		: 20
initial apicid	: 4
fpu		: yes
fpu_exception	: yes
cpuid level	: 13
wp		: yes
flags		: fpu vme de pse tsc msr pae mce cx8 apic sep mtrr pge mca cmov pat pse36 clflush mmx fxsr sse sse2 ht syscall nx mmxext fxsr_opt pdpe1gb rdtscp lm constant_tsc rep_good nopl nonstop_tsc cpuid extd_apicid aperfmperf pni pclmulqdq monitor ssse3 fma cx16 sse4_1 sse4_2 popcnt aes xsave avx f16c lahf_lm cmp_legacy svm extapic cr8_legacy abm sse4a misalignsse 3dnowprefetch osvw ibs xop skinit wdt lwp fma4 tce nodeid_msr tbm topoext perfctr_core perfctr_nb cpb hw_pstate vmmcall bmi1 arat npt lbrv svm_lock nrip_save tsc_scale vmcb_clean flushbyasid decodeassists pausefilter pfthreshold
bugs		: fxsave_leak sysret_ss_attrs null_seg
bogomips	: 7000.67
TLB size	: 1536 4K pages
clflush size	: 64
cache_alignment	: 64
address sizes	: 48 bits physical, 48 bits virtual
power management: ts ttp tm 100mhzsteps hwpstate cpb eff_freq_ro

processor	: 5
vendor_id	: AuthenticAMD
cpu family	: 21
model		: 2
model name	: AMD FX(tm)-8320 Eight-Core Processor
stepping	: 0
microcode	: 0x600084f
cpu MHz		: 3500.000
cache size	: 2048 KB
physical id	: 0
siblings	: 8
core id		: 5
cpu cores	: 4
apicid		: 21
initial apicid	: 5
fpu		: yes
fpu_exception	: yes
cpuid level	: 13
wp		: yes
flags		: fpu vme de pse tsc msr pae mce cx8 apic sep mtrr pge mca cmov pat pse36 clflush mmx fxsr sse sse2 ht syscall nx mmxext fxsr_opt pdpe1gb rdtscp lm constant_tsc rep_good nopl nonstop_tsc cpuid extd_apicid aperfmperf pni pclmulqdq monitor ssse3 fma cx16 sse4_1 sse4_2 popcnt aes xsave avx f16c lahf_lm cmp_legacy svm extapic cr8_legacy abm sse4a misalignsse 3dnowprefetch osvw ibs xop skinit wdt lwp fma4 tce nodeid_msr tbm topoext perfctr_core perfctr_nb cpb hw_pstate vmmcall bmi1 arat npt lbrv svm_lock nrip_save tsc_scale vmcb_clean flushbyasid decodeassists pausefilter pfthreshold
bugs		: fxsave_leak sysret_ss_attrs null_seg
bogomips	: 7000.67
TLB size	: 1536 4K pages
clflush size	: 64
cache_alignment	: 64
address sizes	: 48 bits physical, 48 bits virtual
power management: ts ttp tm 100mhzsteps hwpstate cpb eff_freq_ro

processor	: 6
vendor_id	: AuthenticAMD
cpu family	: 21
model		: 2
model name	: AMD FX(tm)-8320 Eight-Core Processor
stepping	: 0
microcode	: 0x600084f
cpu MHz		: 1700.000
cache size	: 2048 KB
physical id	: 0
siblings	: 8
core id		: 6
cpu cores	: 4
apicid		: 22
initial apicid	: 6
fpu		: yes
fpu_exception	: yes
cpuid level	: 13
wp		: yes
flags		: fpu vme de pse tsc msr pae mce cx8 apic sep mtrr pge mca cmov pat pse36 clflush mmx fxsr sse sse2 ht syscall nx mmxext fxsr_opt pdpe1gb rdtscp lm constant_tsc rep_good nopl nonstop_tsc cpuid extd_apicid aperfmperf pni pclmulqdq monitor ssse3 fma cx16 sse4_1 sse4_2 popcnt aes xsave avx f16c lahf_lm cmp_legacy svm extapic cr8_legacy abm sse4a misalignsse 3dnowprefetch osvw ibs xop skinit wdt lwp fma4 tce nodeid_msr tbm topoext perfctr_core perfctr_nb cpb hw_pstate vmmcall bmi1 arat npt lbrv svm_lock nrip_save tsc_scale vmcb_clean flushbyasid decodeassists pausefilter pfthreshold
bugs		: fxsave_leak sysret_ss_attrs null_seg
bogomips	: 7000.67
TLB size	: 1536 4K pages
clflush size	: 64
cache_alignment	: 64
address sizes	: 48 bits physical, 48 bits virtual
power management: ts ttp tm 100mhzsteps hwpstate cpb eff_freq_ro

processor	: 7
vendor_id	: AuthenticAMD
cpu family	: 21
model		: 2
model name	: AMD FX(tm)-8320 Eight-Core Processor
stepping	: 0
microcode	: 0x600084f
cpu MHz		: 3500.000
cache size	: 2048 KB
physical id	: 0
siblings	: 8
core id		: 7
cpu cores	: 4
apicid		: 23
initial apicid	: 7
fpu		: yes
fpu_exception	: yes
cpuid level	: 13
wp		: yes
flags		: fpu vme de pse tsc msr pae mce cx8 apic sep mtrr pge mca cmov pat pse36 clflush mmx fxsr sse sse2 ht syscall nx mmxext fxsr_opt pdpe1gb rdtscp lm constant_tsc rep_good nopl nonstop_tsc cpuid extd_apicid aperfmperf pni pclmulqdq monitor ssse3 fma cx16 sse4_1 sse4_2 popcnt aes xsave avx f16c lahf_lm cmp_legacy svm extapic cr8_legacy abm sse4a misalignsse 3dnowprefetch osvw ibs xop skinit wdt lwp fma4 tce nodeid_msr tbm topoext perfctr_core perfctr_nb cpb hw_pstate vmmcall bmi1 arat npt lbrv svm_lock nrip_save tsc_scale vmcb_clean flushbyasid decodeassists pausefilter pfthreshold
bugs		: fxsave_leak sysret_ss_attrs null_seg
bogomips	: 7000.67
TLB size	: 1536 4K pages
clflush size	: 64
cache_alignment	: 64
address sizes	: 48 bits physical, 48 bits virtual
power management: ts ttp tm 100mhzsteps hwpstate cpb eff_freq_ro



Memory: 4k page, physical 16383060k(6539340k free), swap 19530748k(19530748k free)

vm_info: OpenJDK 64-Bit Server VM (25.151-b12) for linux-amd64 JRE (1.8.0_151-8u151-b12-1-b12), built on Nov  1 2017 06:12:56 by "buildd" with gcc 7.2.1 20171025

time: Sat Jan  6 22:25:59 2018
elapsed time: 0 seconds (0d 0h 0m 0s)

