#
# A fatal error has been detected by the Java Runtime Environment:
#
#  SIGSEGV (0xb) at pc=0x00007f28b16fde99, pid=11002, tid=0x00007f28e9d27700
#
# JRE version: OpenJDK Runtime Environment (8.0_151-b12) (build 1.8.0_151-8u151-b12-1-b12)
# Java VM: OpenJDK 64-Bit Server VM (25.151-b12 mixed mode linux-amd64 compressed oops)
# Problematic frame:
# C  [liblwjgl_opengl.so+0x45e99]  Java_org_lwjgl_opengl_GL20_glCreateShader+0x9
#
# Failed to write core dump. Core dumps have been disabled. To enable core dumping, try "ulimit -c unlimited" before starting Java again
#
# If you would like to submit a bug report, please visit:
#   http://bugreport.java.com/bugreport/crash.jsp
# The crash happened outside the Java Virtual Machine in native code.
# See problematic frame for where to report the bug.
#

---------------  T H R E A D  ---------------

Current thread (0x00007f28e000c000):  JavaThread "main" [_thread_in_native, id=11004, stack(0x00007f28e9c27000,0x00007f28e9d28000)]

siginfo: si_signo: 11 (SIGSEGV), si_code: 1 (SEGV_MAPERR), si_addr: 0x00000000000008a8

Registers:
RAX=0x0000000000000000, RBX=0x00007f28d0c0add0, RCX=0x0000000000000018, RDX=0x0000000000008b30
RSP=0x00007f28e9d266f8, RBP=0x00007f28e9d26748, RSI=0x00007f28e9d26758, RDI=0x0000000000008b30
R8 =0x00007f28d0c0add0, R9 =0x0000000000000004, R10=0x00007f28d1017108, R11=0x00007f28e89201e0
R12=0x0000000000000000, R13=0x00007f28d0c0adc0, R14=0x00007f28e9d26768, R15=0x00007f28e000c000
RIP=0x00007f28b16fde99, EFLAGS=0x0000000000010283, CSGSFS=0x002b000000000033, ERR=0x0000000000000004
  TRAPNO=0x000000000000000e

Top of Stack: (sp=0x00007f28e9d266f8)
0x00007f28e9d266f8:   00007f28d1017134 00007f28d1016e82
0x00007f28e9d26708:   00007f28e9d26708 00007f28d0c0adc0
0x00007f28e9d26718:   00007f28e9d26768 00007f28d0c1dc28
0x00007f28e9d26728:   0000000000000000 00007f28d0c0add0
0x00007f28e9d26738:   0000000000000000 00007f28e9d26768
0x00007f28e9d26748:   00007f28e9d267b0 00007f28d1007a40
0x00007f28e9d26758:   000000076ccf4b98 00007f28d1011276
0x00007f28e9d26768:   0000000000008b30 00007f28e9d26770
0x00007f28e9d26778:   00007f28d0c07132 00007f28e9d267e0
0x00007f28e9d26788:   00007f28d0c07268 0000000000000000
0x00007f28e9d26798:   00007f28d0c071e0 00007f28e9d26768
0x00007f28e9d267a8:   00007f28e9d267d8 00007f28e9d26830
0x00007f28e9d267b8:   00007f28d1007a40 0000000000000000
0x00007f28e9d267c8:   000000076ccbb7e0 000000076ccbb798
0x00007f28e9d267d8:   0000000000008b30 000000076ccbaed8
0x00007f28e9d267e8:   000000076ccbb5c0 00007f28e9d267f0
0x00007f28e9d267f8:   00007f28d0c06cb0 00007f28e9d26850
0x00007f28e9d26808:   00007f28d0c07268 0000000000000000
0x00007f28e9d26818:   00007f28d0c06d10 00007f28e9d267d8
0x00007f28e9d26828:   00007f28e9d26840 00007f28e9d26898
0x00007f28e9d26838:   00007f28d1007ffd 000000076ccbaed8
0x00007f28e9d26848:   000000076ccbae70 000000076ccbb5c0
0x00007f28e9d26858:   00007f28e9d26858 00007f28d0c064bd
0x00007f28e9d26868:   00007f28e9d268a8 00007f28d0c07690
0x00007f28e9d26878:   0000000000000000 00007f28d0c064d8
0x00007f28e9d26888:   00007f28e9d26840 00007f28e9d268a8
0x00007f28e9d26898:   00007f28e9d26900 00007f28d1007ffd
0x00007f28e9d268a8:   000000076ccbb5c0 000000076ccbb5c0
0x00007f28e9d268b8:   000000076ccaaa48 00007f28e9d268c0
0x00007f28e9d268c8:   00007f28d0c03bab 00007f28e9d26948
0x00007f28e9d268d8:   00007f28d0c041a8 0000000000000000
0x00007f28e9d268e8:   00007f28d0c03d40 00007f28e9d268a8 

Instructions: (pc=0x00007f28b16fde99)
0x00007f28b16fde79:   48 8b 80 00 0a 00 00 ff e0 66 66 66 66 66 2e 0f
0x00007f28b16fde89:   1f 84 00 00 00 00 00 48 8b 07 89 d7 48 8b 40 18
0x00007f28b16fde99:   48 8b 80 a8 08 00 00 ff e0 66 66 66 66 66 2e 0f
0x00007f28b16fdea9:   1f 84 00 00 00 00 00 48 8b 07 89 d7 48 8b 40 18 

Register to memory mapping:

RAX=0x0000000000000000 is an unknown value
RBX={method} {0x00007f28d0c0add0} 'glCreateShader' '(I)I' in 'org/lwjgl/opengl/GL20'
RCX=0x0000000000000018 is an unknown value
RDX=0x0000000000008b30 is an unknown value
RSP=0x00007f28e9d266f8 is pointing into the stack for thread: 0x00007f28e000c000
RBP=0x00007f28e9d26748 is pointing into the stack for thread: 0x00007f28e000c000
RSI=0x00007f28e9d26758 is pointing into the stack for thread: 0x00007f28e000c000
RDI=0x0000000000008b30 is an unknown value
R8 ={method} {0x00007f28d0c0add0} 'glCreateShader' '(I)I' in 'org/lwjgl/opengl/GL20'
R9 =0x0000000000000004 is an unknown value
R10=0x00007f28d1017108 is at code_begin+808 in an Interpreter codelet
method entry point (kind = native)  [0x00007f28d1016de0, 0x00007f28d10176e0]  2304 bytes
R11=0x00007f28e89201e0: <offset 0x9901e0> in /usr/lib/jvm/java-8-openjdk-amd64/jre/lib/amd64/server/libjvm.so at 0x00007f28e7f90000
R12=0x0000000000000000 is an unknown value
R13=0x00007f28d0c0adc0 is pointing into metadata
R14=0x00007f28e9d26768 is pointing into the stack for thread: 0x00007f28e000c000
R15=0x00007f28e000c000 is a thread


Stack: [0x00007f28e9c27000,0x00007f28e9d28000],  sp=0x00007f28e9d266f8,  free space=1021k
Native frames: (J=compiled Java code, j=interpreted, Vv=VM code, C=native code)
C  [liblwjgl_opengl.so+0x45e99]  Java_org_lwjgl_opengl_GL20_glCreateShader+0x9
j  Shaders.ShaderProgram.loadShader(Ljava/lang/String;I)I+66
j  Shaders.ShaderProgram.<init>(Ljava/lang/String;Ljava/lang/String;)V+8
j  Shaders.StaticShader.<init>()V+5
j  Engine.Main.init()V+27
j  Engine.Main.run()V+1
j  Engine.Main.main([Ljava/lang/String;)V+7
v  ~StubRoutines::call_stub
V  [libjvm.so+0x67b49b]
V  [libjvm.so+0x69f617]
V  [libjvm.so+0x6a1fd3]
C  [libjli.so+0x3726]
C  [libjli.so+0x76dd]
C  [libpthread.so.0+0x7519]  start_thread+0xd9

Java frames: (J=compiled Java code, j=interpreted, Vv=VM code)
j  org.lwjgl.opengl.GL20.glCreateShader(I)I+0
j  Shaders.ShaderProgram.loadShader(Ljava/lang/String;I)I+66
j  Shaders.ShaderProgram.<init>(Ljava/lang/String;Ljava/lang/String;)V+8
j  Shaders.StaticShader.<init>()V+5
j  Engine.Main.init()V+27
j  Engine.Main.run()V+1
j  Engine.Main.main([Ljava/lang/String;)V+7
v  ~StubRoutines::call_stub

---------------  P R O C E S S  ---------------

Java Threads: ( => current thread )
  0x00007f28e0380000 JavaThread "Service Thread" daemon [_thread_blocked, id=11040, stack(0x00007f28b1e96000,0x00007f28b1f97000)]
  0x00007f28e0373000 JavaThread "C1 CompilerThread3" daemon [_thread_blocked, id=11039, stack(0x00007f28b1f97000,0x00007f28b2098000)]
  0x00007f28e0371800 JavaThread "C2 CompilerThread2" daemon [_thread_blocked, id=11038, stack(0x00007f28b22b3000,0x00007f28b23b4000)]
  0x00007f28e036f000 JavaThread "C2 CompilerThread1" daemon [_thread_blocked, id=11037, stack(0x00007f28b23b4000,0x00007f28b24b5000)]
  0x00007f28e036d000 JavaThread "C2 CompilerThread0" daemon [_thread_blocked, id=11036, stack(0x00007f28b24b5000,0x00007f28b25b6000)]
  0x00007f28e036b800 JavaThread "Monitor Ctrl-Break" daemon [_thread_in_native, id=11035, stack(0x00007f28b25b6000,0x00007f28b26b7000)]
  0x00007f28e0200000 JavaThread "Signal Dispatcher" daemon [_thread_blocked, id=11034, stack(0x00007f28b26b7000,0x00007f28b27b8000)]
  0x00007f28e01d4800 JavaThread "Finalizer" daemon [_thread_blocked, id=11026, stack(0x00007f28b28e9000,0x00007f28b29ea000)]
  0x00007f28e01d0000 JavaThread "Reference Handler" daemon [_thread_blocked, id=11024, stack(0x00007f28b29ea000,0x00007f28b2aeb000)]
=>0x00007f28e000c000 JavaThread "main" [_thread_in_native, id=11004, stack(0x00007f28e9c27000,0x00007f28e9d28000)]

Other Threads:
  0x00007f28e01c8800 VMThread [stack: 0x00007f28b2aeb000,0x00007f28b2bec000] [id=11022]
  0x00007f28e0382800 WatcherThread [stack: 0x00007f28b1d95000,0x00007f28b1e96000] [id=11041]

VM state:not at safepoint (normal execution)

VM Mutex/Monitor currently owned by a thread: None

Heap:
 PSYoungGen      total 74752K, used 10342K [0x000000076cb00000, 0x0000000771e00000, 0x00000007c0000000)
  eden space 64512K, 16% used [0x000000076cb00000,0x000000076d519968,0x0000000770a00000)
  from space 10240K, 0% used [0x0000000771400000,0x0000000771400000,0x0000000771e00000)
  to   space 10240K, 0% used [0x0000000770a00000,0x0000000770a00000,0x0000000771400000)
 ParOldGen       total 171008K, used 0K [0x00000006c6000000, 0x00000006d0700000, 0x000000076cb00000)
  object space 171008K, 0% used [0x00000006c6000000,0x00000006c6000000,0x00000006d0700000)
 Metaspace       used 5749K, capacity 5922K, committed 6144K, reserved 1056768K
  class space    used 635K, capacity 703K, committed 768K, reserved 1048576K

Card table byte_map: [0x00007f28e5897000,0x00007f28e6068000] byte_map_base: 0x00007f28e2267000

Marking Bits: (ParMarkBitMap*) 0x00007f28e8ee90e0
 Begin Bits: [0x00007f28a4300000, 0x00007f28a8180000)
 End Bits:   [0x00007f28a8180000, 0x00007f28ac000000)

Polling page: 0x00007f28e9c26000

CodeCache: size=245760Kb used=1878Kb max_used=1878Kb free=243881Kb
 bounds [0x00007f28d1000000, 0x00007f28d1270000, 0x00007f28e0000000]
 total_blobs=709 nmethods=387 adapters=238
 compilation: enabled

Compilation events (10 events):
Event: 0.299 Thread 0x00007f28e0373000 nmethod 382 0x00007f28d11cf290 code [0x00007f28d11cf400, 0x00007f28d11cf648]
Event: 0.301 Thread 0x00007f28e0373000  383       1       java.net.URL::getUserInfo (5 bytes)
Event: 0.301 Thread 0x00007f28e0373000 nmethod 383 0x00007f28d11cf710 code [0x00007f28d11cf860, 0x00007f28d11cf970]
Event: 0.301 Thread 0x00007f28e0373000  384       1       sun.misc.URLClassPath$JarLoader::access$700 (5 bytes)
Event: 0.301 Thread 0x00007f28e0373000 nmethod 384 0x00007f28d11cf9d0 code [0x00007f28d11cfb20, 0x00007f28d11cfc10]
Event: 0.303 Thread 0x00007f28e0373000  385   !   3       sun.misc.URLClassPath$JarLoader::getResource (353 bytes)
Event: 0.305 Thread 0x00007f28e0373000 nmethod 385 0x00007f28d11cfc90 code [0x00007f28d11d00c0, 0x00007f28d11d2138]
Event: 0.305 Thread 0x00007f28e0373000  386       3       java.lang.StringCoding::deref (19 bytes)
Event: 0.306 Thread 0x00007f28e0373000 nmethod 386 0x00007f28d11d3e10 code [0x00007f28d11d3fa0, 0x00007f28d11d4448]
Event: 0.306 Thread 0x00007f28e0373000  387       3       java.lang.String::regionMatches (149 bytes)

GC Heap History (0 events):
No events

Deoptimization events (0 events):
No events

Internal exceptions (10 events):
Event: 0.197 Thread 0x00007f28e000c000 Exception <a 'java/lang/NoSuchFieldError': method resolution failed> (0x000000076d11a6c8) thrown at [/build/openjdk-8-O5BLDv/openjdk-8-8u151-b12/src/hotspot/src/share/vm/prims/methodHandles.cpp, line 1146]
Event: 0.200 Thread 0x00007f28e000c000 Exception <a 'java/lang/NoSuchFieldError': method resolution failed> (0x000000076d128570) thrown at [/build/openjdk-8-O5BLDv/openjdk-8-8u151-b12/src/hotspot/src/share/vm/prims/methodHandles.cpp, line 1146]
Event: 0.244 Thread 0x00007f28e000c000 Exception <a 'java/lang/NoSuchMethodError': java.lang.Object.lambda$static$0(Ljava/lang/String;)Ljava/lang/Boolean;> (0x000000076d27d5d8) thrown at [/build/openjdk-8-O5BLDv/openjdk-8-8u151-b12/src/hotspot/src/share/vm/interpreter/linkResolver.cpp, line 61
Event: 0.252 Thread 0x00007f28e000c000 Exception <a 'java/security/PrivilegedActionException'> (0x000000076d2cf380) thrown at [/build/openjdk-8-O5BLDv/openjdk-8-8u151-b12/src/hotspot/src/share/vm/prims/jvm.cpp, line 1390]
Event: 0.252 Thread 0x00007f28e000c000 Exception <a 'java/security/PrivilegedActionException'> (0x000000076d2cf590) thrown at [/build/openjdk-8-O5BLDv/openjdk-8-8u151-b12/src/hotspot/src/share/vm/prims/jvm.cpp, line 1390]
Event: 0.253 Thread 0x00007f28e000c000 Exception <a 'java/security/PrivilegedActionException'> (0x000000076d2d1618) thrown at [/build/openjdk-8-O5BLDv/openjdk-8-8u151-b12/src/hotspot/src/share/vm/prims/jvm.cpp, line 1390]
Event: 0.253 Thread 0x00007f28e000c000 Exception <a 'java/security/PrivilegedActionException'> (0x000000076d2d1828) thrown at [/build/openjdk-8-O5BLDv/openjdk-8-8u151-b12/src/hotspot/src/share/vm/prims/jvm.cpp, line 1390]
Event: 0.253 Thread 0x00007f28e000c000 Exception <a 'java/security/PrivilegedActionException'> (0x000000076d2d2300) thrown at [/build/openjdk-8-O5BLDv/openjdk-8-8u151-b12/src/hotspot/src/share/vm/prims/jvm.cpp, line 1390]
Event: 0.253 Thread 0x00007f28e000c000 Exception <a 'java/security/PrivilegedActionException'> (0x000000076d2d2510) thrown at [/build/openjdk-8-O5BLDv/openjdk-8-8u151-b12/src/hotspot/src/share/vm/prims/jvm.cpp, line 1390]
Event: 0.290 Thread 0x00007f28e000c000 Exception <a 'sun/nio/fs/UnixException'> (0x000000076d3b14e0) thrown at [/build/openjdk-8-O5BLDv/openjdk-8-8u151-b12/src/hotspot/src/share/vm/prims/jni.cpp, line 709]

Events (10 events):
Event: 0.301 loading class org/lwjgl/system/jni/JNINativeInterface
Event: 0.301 loading class org/lwjgl/system/jni/JNINativeInterface done
Event: 0.303 loading class org/lwjgl/system/linux/DynamicLinkLoader
Event: 0.303 loading class org/lwjgl/system/linux/DynamicLinkLoader done
Event: 0.304 loading class org/lwjgl/opengl/GL$2
Event: 0.304 loading class org/lwjgl/opengl/GL$2 done
Event: 0.305 loading class org/lwjgl/opengl/GL$SharedLibraryGL
Event: 0.305 loading class org/lwjgl/opengl/GL$SharedLibraryGL done
Event: 0.305 loading class org/lwjgl/system/SharedLibrary$Delegate
Event: 0.305 loading class org/lwjgl/system/SharedLibrary$Delegate done


Dynamic libraries:
6c6000000-6d0700000 rw-p 00000000 00:00 0 
6d0700000-76cb00000 ---p 00000000 00:00 0 
76cb00000-771e00000 rw-p 00000000 00:00 0 
771e00000-7c0000000 ---p 00000000 00:00 0 
7c0000000-7c00c0000 rw-p 00000000 00:00 0 
7c00c0000-800000000 ---p 00000000 00:00 0 
5557495bc000-5557495bd000 r-xp 00000000 08:02 6162004                    /usr/lib/jvm/java-8-openjdk-amd64/jre/bin/java
5557497bc000-5557497bd000 r--p 00000000 08:02 6162004                    /usr/lib/jvm/java-8-openjdk-amd64/jre/bin/java
5557497bd000-5557497be000 rw-p 00001000 08:02 6162004                    /usr/lib/jvm/java-8-openjdk-amd64/jre/bin/java
55574ad7b000-55574ad9c000 rw-p 00000000 00:00 0                          [heap]
7f2870000000-7f2870021000 rw-p 00000000 00:00 0 
7f2870021000-7f2874000000 ---p 00000000 00:00 0 
7f2878000000-7f287818b000 rw-p 00000000 00:00 0 
7f287818b000-7f287c000000 ---p 00000000 00:00 0 
7f287c000000-7f287c021000 rw-p 00000000 00:00 0 
7f287c021000-7f2880000000 ---p 00000000 00:00 0 
7f2880000000-7f288003b000 rw-p 00000000 00:00 0 
7f288003b000-7f2884000000 ---p 00000000 00:00 0 
7f2884fff000-7f2888000000 rw-p 00000000 00:00 0 
7f2888000000-7f2888111000 rw-p 00000000 00:00 0 
7f2888111000-7f288c000000 ---p 00000000 00:00 0 
7f288c000000-7f288c021000 rw-p 00000000 00:00 0 
7f288c021000-7f2890000000 ---p 00000000 00:00 0 
7f2890000000-7f2890021000 rw-p 00000000 00:00 0 
7f2890021000-7f2894000000 ---p 00000000 00:00 0 
7f2894000000-7f2894029000 rw-p 00000000 00:00 0 
7f2894029000-7f2898000000 ---p 00000000 00:00 0 
7f2898000000-7f2898021000 rw-p 00000000 00:00 0 
7f2898021000-7f289c000000 ---p 00000000 00:00 0 
7f289c000000-7f289c021000 rw-p 00000000 00:00 0 
7f289c021000-7f28a0000000 ---p 00000000 00:00 0 
7f28a0000000-7f28a0021000 rw-p 00000000 00:00 0 
7f28a0021000-7f28a4000000 ---p 00000000 00:00 0 
7f28a4300000-7f28ac000000 rw-p 00000000 00:00 0 
7f28ac000000-7f28ac021000 rw-p 00000000 00:00 0 
7f28ac021000-7f28b0000000 ---p 00000000 00:00 0 
7f28b0190000-7f28b01a3000 r-xp 00000000 08:02 1443817                    /lib/x86_64-linux-gnu/libbsd.so.0.8.6
7f28b01a3000-7f28b03a2000 ---p 00013000 08:02 1443817                    /lib/x86_64-linux-gnu/libbsd.so.0.8.6
7f28b03a2000-7f28b03a3000 r--p 00012000 08:02 1443817                    /lib/x86_64-linux-gnu/libbsd.so.0.8.6
7f28b03a3000-7f28b03a4000 rw-p 00013000 08:02 1443817                    /lib/x86_64-linux-gnu/libbsd.so.0.8.6
7f28b03a4000-7f28b03a5000 rw-p 00000000 00:00 0 
7f28b03a8000-7f28b03ad000 r-xp 00000000 08:02 5518031                    /usr/lib/x86_64-linux-gnu/libXdmcp.so.6.0.0
7f28b03ad000-7f28b05ac000 ---p 00005000 08:02 5518031                    /usr/lib/x86_64-linux-gnu/libXdmcp.so.6.0.0
7f28b05ac000-7f28b05ad000 r--p 00004000 08:02 5518031                    /usr/lib/x86_64-linux-gnu/libXdmcp.so.6.0.0
7f28b05ad000-7f28b05ae000 rw-p 00005000 08:02 5518031                    /usr/lib/x86_64-linux-gnu/libXdmcp.so.6.0.0
7f28b05b0000-7f28b05b2000 r-xp 00000000 08:02 5518016                    /usr/lib/x86_64-linux-gnu/libXau.so.6.0.0
7f28b05b2000-7f28b07b2000 ---p 00002000 08:02 5518016                    /usr/lib/x86_64-linux-gnu/libXau.so.6.0.0
7f28b07b2000-7f28b07b3000 r--p 00002000 08:02 5518016                    /usr/lib/x86_64-linux-gnu/libXau.so.6.0.0
7f28b07b3000-7f28b07b4000 rw-p 00003000 08:02 5518016                    /usr/lib/x86_64-linux-gnu/libXau.so.6.0.0
7f28b07b8000-7f28b07df000 r-xp 00000000 08:02 5520824                    /usr/lib/x86_64-linux-gnu/libxcb.so.1.1.0
7f28b07df000-7f28b09de000 ---p 00027000 08:02 5520824                    /usr/lib/x86_64-linux-gnu/libxcb.so.1.1.0
7f28b09de000-7f28b09df000 r--p 00026000 08:02 5520824                    /usr/lib/x86_64-linux-gnu/libxcb.so.1.1.0
7f28b09df000-7f28b09e0000 rw-p 00027000 08:02 5520824                    /usr/lib/x86_64-linux-gnu/libxcb.so.1.1.0
7f28b09e0000-7f28b09f1000 r-xp 00000000 08:02 5518035                    /usr/lib/x86_64-linux-gnu/libXext.so.6.4.0
7f28b09f1000-7f28b0bf0000 ---p 00011000 08:02 5518035                    /usr/lib/x86_64-linux-gnu/libXext.so.6.4.0
7f28b0bf0000-7f28b0bf1000 r--p 00010000 08:02 5518035                    /usr/lib/x86_64-linux-gnu/libXext.so.6.4.0
7f28b0bf1000-7f28b0bf2000 rw-p 00011000 08:02 5518035                    /usr/lib/x86_64-linux-gnu/libXext.so.6.4.0
7f28b0bf8000-7f28b0d32000 r-xp 00000000 08:02 5518010                    /usr/lib/x86_64-linux-gnu/libX11.so.6.3.0
7f28b0d32000-7f28b0f32000 ---p 0013a000 08:02 5518010                    /usr/lib/x86_64-linux-gnu/libX11.so.6.3.0
7f28b0f32000-7f28b0f33000 r--p 0013a000 08:02 5518010                    /usr/lib/x86_64-linux-gnu/libX11.so.6.3.0
7f28b0f33000-7f28b0f38000 rw-p 0013b000 08:02 5518010                    /usr/lib/x86_64-linux-gnu/libX11.so.6.3.0
7f28b0f38000-7f28b0fa6000 r-xp 00000000 08:02 5509326                    /usr/lib/x86_64-linux-gnu/libGLdispatch.so.0.0.0
7f28b0fa6000-7f28b11a5000 ---p 0006e000 08:02 5509326                    /usr/lib/x86_64-linux-gnu/libGLdispatch.so.0.0.0
7f28b11a5000-7f28b11cd000 r--p 0006d000 08:02 5509326                    /usr/lib/x86_64-linux-gnu/libGLdispatch.so.0.0.0
7f28b11cd000-7f28b11ce000 rw-p 00095000 08:02 5509326                    /usr/lib/x86_64-linux-gnu/libGLdispatch.so.0.0.0
7f28b11ce000-7f28b11ee000 rw-p 00000000 00:00 0 
7f28b11f0000-7f28b1200000 r-xp 00000000 08:02 5509319                    /usr/lib/x86_64-linux-gnu/libGLX.so.0.0.0
7f28b1200000-7f28b13ff000 ---p 00010000 08:02 5509319                    /usr/lib/x86_64-linux-gnu/libGLX.so.0.0.0
7f28b13ff000-7f28b1400000 r--p 0000f000 08:02 5509319                    /usr/lib/x86_64-linux-gnu/libGLX.so.0.0.0
7f28b1400000-7f28b1401000 rw-p 00010000 08:02 5509319                    /usr/lib/x86_64-linux-gnu/libGLX.so.0.0.0
7f28b1401000-7f28b1421000 rw-p 00000000 00:00 0 
7f28b1428000-7f28b1499000 r-xp 00000000 08:02 5509294                    /usr/lib/mesa-diverted/x86_64-linux-gnu/libGL.so.1.0.0
7f28b1499000-7f28b1698000 ---p 00071000 08:02 5509294                    /usr/lib/mesa-diverted/x86_64-linux-gnu/libGL.so.1.0.0
7f28b1698000-7f28b16b2000 r--p 00070000 08:02 5509294                    /usr/lib/mesa-diverted/x86_64-linux-gnu/libGL.so.1.0.0
7f28b16b2000-7f28b16b3000 rw-p 0008a000 08:02 5509294                    /usr/lib/mesa-diverted/x86_64-linux-gnu/libGL.so.1.0.0
7f28b16b3000-7f28b16b4000 rw-p 00000000 00:00 0 
7f28b16b8000-7f28b1723000 r-xp 00000000 08:12 390920                     /tmp/lwjglmart/3.1.4-build-8/liblwjgl_opengl.so
7f28b1723000-7f28b1922000 ---p 0006b000 08:12 390920                     /tmp/lwjglmart/3.1.4-build-8/liblwjgl_opengl.so
7f28b1922000-7f28b1923000 r--p 0006a000 08:12 390920                     /tmp/lwjglmart/3.1.4-build-8/liblwjgl_opengl.so
7f28b1923000-7f28b1924000 rw-p 0006b000 08:12 390920                     /tmp/lwjglmart/3.1.4-build-8/liblwjgl_opengl.so
7f28b1928000-7f28b197e000 r-xp 00000000 08:12 390918                     /tmp/lwjglmart/3.1.4-build-8/liblwjgl.so
7f28b197e000-7f28b1b7d000 ---p 00056000 08:12 390918                     /tmp/lwjglmart/3.1.4-build-8/liblwjgl.so
7f28b1b7d000-7f28b1b7e000 r--p 00055000 08:12 390918                     /tmp/lwjglmart/3.1.4-build-8/liblwjgl.so
7f28b1b7e000-7f28b1b7f000 rw-p 00056000 08:12 390918                     /tmp/lwjglmart/3.1.4-build-8/liblwjgl.so
7f28b1b80000-7f28b1b91000 r-xp 00000000 08:02 6162049                    /usr/lib/jvm/java-8-openjdk-amd64/jre/lib/amd64/libnio.so
7f28b1b91000-7f28b1d91000 ---p 00011000 08:02 6162049                    /usr/lib/jvm/java-8-openjdk-amd64/jre/lib/amd64/libnio.so
7f28b1d91000-7f28b1d92000 r--p 00011000 08:02 6162049                    /usr/lib/jvm/java-8-openjdk-amd64/jre/lib/amd64/libnio.so
7f28b1d92000-7f28b1d93000 rw-p 00012000 08:02 6162049                    /usr/lib/jvm/java-8-openjdk-amd64/jre/lib/amd64/libnio.so
7f28b1d95000-7f28b1d96000 ---p 00000000 00:00 0 
7f28b1d96000-7f28b1e96000 rw-p 00000000 00:00 0 
7f28b1e96000-7f28b1e99000 ---p 00000000 00:00 0 
7f28b1e99000-7f28b1f97000 rw-p 00000000 00:00 0 
7f28b1f97000-7f28b1f9a000 ---p 00000000 00:00 0 
7f28b1f9a000-7f28b2098000 rw-p 00000000 00:00 0 
7f28b2098000-7f28b20af000 r-xp 00000000 08:02 6162048                    /usr/lib/jvm/java-8-openjdk-amd64/jre/lib/amd64/libnet.so
7f28b20af000-7f28b22ae000 ---p 00017000 08:02 6162048                    /usr/lib/jvm/java-8-openjdk-amd64/jre/lib/amd64/libnet.so
7f28b22ae000-7f28b22af000 r--p 00016000 08:02 6162048                    /usr/lib/jvm/java-8-openjdk-amd64/jre/lib/amd64/libnet.so
7f28b22af000-7f28b22b0000 rw-p 00017000 08:02 6162048                    /usr/lib/jvm/java-8-openjdk-amd64/jre/lib/amd64/libnet.so
7f28b22b3000-7f28b22b6000 ---p 00000000 00:00 0 
7f28b22b6000-7f28b23b4000 rw-p 00000000 00:00 0 
7f28b23b4000-7f28b23b7000 ---p 00000000 00:00 0 
7f28b23b7000-7f28b24b5000 rw-p 00000000 00:00 0 
7f28b24b5000-7f28b24b8000 ---p 00000000 00:00 0 
7f28b24b8000-7f28b25b6000 rw-p 00000000 00:00 0 
7f28b25b6000-7f28b25b9000 ---p 00000000 00:00 0 
7f28b25b9000-7f28b26b7000 rw-p 00000000 00:00 0 
7f28b26b7000-7f28b26ba000 ---p 00000000 00:00 0 
7f28b26ba000-7f28b27b8000 rw-p 00000000 00:00 0 
7f28b27b8000-7f28b28e8000 r--p 00000000 08:02 6162747                    /usr/lib/locale/aa_DJ.utf8/LC_COLLATE
7f28b28e9000-7f28b28ec000 ---p 00000000 00:00 0 
7f28b28ec000-7f28b29ea000 rw-p 00000000 00:00 0 
7f28b29ea000-7f28b29ed000 ---p 00000000 00:00 0 
7f28b29ed000-7f28b2aeb000 rw-p 00000000 00:00 0 
7f28b2aeb000-7f28b2aec000 ---p 00000000 00:00 0 
7f28b2aec000-7f28b4000000 rw-p 00000000 00:00 0 
7f28b4000000-7f28b4021000 rw-p 00000000 00:00 0 
7f28b4021000-7f28b8000000 ---p 00000000 00:00 0 
7f28b8000000-7f28b8021000 rw-p 00000000 00:00 0 
7f28b8021000-7f28bc000000 ---p 00000000 00:00 0 
7f28bc000000-7f28bc021000 rw-p 00000000 00:00 0 
7f28bc021000-7f28c0000000 ---p 00000000 00:00 0 
7f28c0000000-7f28c0021000 rw-p 00000000 00:00 0 
7f28c0021000-7f28c4000000 ---p 00000000 00:00 0 
7f28c4000000-7f28c4021000 rw-p 00000000 00:00 0 
7f28c4021000-7f28c8000000 ---p 00000000 00:00 0 
7f28c8000000-7f28c8021000 rw-p 00000000 00:00 0 
7f28c8021000-7f28cc000000 ---p 00000000 00:00 0 
7f28cc000000-7f28cc021000 rw-p 00000000 00:00 0 
7f28cc021000-7f28d0000000 ---p 00000000 00:00 0 
7f28d006a000-7f28d006c000 r--s 0001a000 08:02 1055240                    /opt/intellij/lib/idea_rt.jar
7f28d006e000-7f28d0072000 r--s 00026000 08:14 13769017                   /home/mart/IdeaProjects/silorex/lwjgl/lwjgl-opencl.jar
7f28d0077000-7f28d007b000 r--s 00017000 08:14 13768678                   /home/mart/IdeaProjects/silorex/lwjgl/lwjgl-glfw.jar
7f28d007d000-7f28d007e000 r--s 0003d000 08:14 13768676                   /home/mart/IdeaProjects/silorex/lwjgl/lwjgl-glfw-natives-windows.jar
7f28d0085000-7f28d0086000 r--s 0000d000 08:14 13768675                   /home/mart/IdeaProjects/silorex/lwjgl/lwjgl-glfw-natives-macos.jar
7f28d0087000-7f28d0088000 r--s 0001f000 08:14 13768674                   /home/mart/IdeaProjects/silorex/lwjgl/lwjgl-glfw-natives-linux.jar
7f28d008e000-7f28d0098000 r--s 000be000 08:14 13769182                   /home/mart/IdeaProjects/silorex/lwjgl/lwjgl-opengl.jar
7f28d009a000-7f28d009b000 r--s 0002a000 08:14 13769186                   /home/mart/IdeaProjects/silorex/lwjgl/lwjgl-opengl-natives-windows.jar
7f28d009b000-7f28d009c000 r--s 0000b000 08:14 13769185                   /home/mart/IdeaProjects/silorex/lwjgl/lwjgl-opengl-natives-macos.jar
7f28d009e000-7f28d009f000 r--s 00016000 08:14 13769184                   /home/mart/IdeaProjects/silorex/lwjgl/lwjgl-opengl-natives-linux.jar
7f28d00a2000-7f28d00a7000 r--s 00042000 08:14 13768649                   /home/mart/IdeaProjects/silorex/lwjgl/lwjgl.jar
7f28d00a9000-7f28d00aa000 r--s 00039000 08:14 13768647                   /home/mart/IdeaProjects/silorex/lwjgl/lwjgl-natives-windows.jar
7f28d00b1000-7f28d00b2000 r--s 00009000 08:14 13768646                   /home/mart/IdeaProjects/silorex/lwjgl/lwjgl-natives-macos.jar
7f28d00b3000-7f28d00b4000 r--s 00013000 08:14 13768645                   /home/mart/IdeaProjects/silorex/lwjgl/lwjgl-natives-linux.jar
7f28d00b6000-7f28d00c9000 r--s 00346000 08:02 6162100                    /usr/lib/jvm/java-8-openjdk-amd64/jre/lib/resources.jar
7f28d00d0000-7f28d00d1000 r--s 00000000 08:02 6162098                    /usr/lib/jvm/java-8-openjdk-amd64/jre/lib/management-agent.jar
7f28d00d2000-7f28d00d7000 r--s 0009a000 08:02 6162095                    /usr/lib/jvm/java-8-openjdk-amd64/jre/lib/jsse.jar
7f28d00de000-7f28d00f9000 r--s 001d6000 08:02 6162077                    /usr/lib/jvm/java-8-openjdk-amd64/jre/lib/ext/nashorn.jar
7f28d00f9000-7f28d0800000 rw-p 00000000 00:00 0 
7f28d0800000-7f28d0d40000 rw-p 00000000 00:00 0 
7f28d0d40000-7f28d1000000 ---p 00000000 00:00 0 
7f28d1000000-7f28d1270000 rwxp 00000000 00:00 0 
7f28d1270000-7f28e0000000 ---p 00000000 00:00 0 
7f28e0000000-7f28e04d0000 rw-p 00000000 00:00 0 
7f28e04d0000-7f28e4000000 ---p 00000000 00:00 0 
7f28e4005000-7f28e4008000 r--s 00015000 08:02 6162093                    /usr/lib/jvm/java-8-openjdk-amd64/jre/lib/jce.jar
7f28e400f000-7f28e4011000 r--s 00007000 08:02 1711658                    /usr/share/java/java-atk-wrapper.jar
7f28e4011000-7f28e4016000 r--s 002f9000 08:02 6162062                    /usr/lib/jvm/java-8-openjdk-amd64/jre/lib/charsets.jar
7f28e4017000-7f28e401a000 r--s 0000f000 08:02 6162074                    /usr/lib/jvm/java-8-openjdk-amd64/jre/lib/ext/icedtea-sound.jar
7f28e401f000-7f28e4023000 r--s 00037000 08:02 6162080                    /usr/lib/jvm/java-8-openjdk-amd64/jre/lib/ext/sunpkcs11.jar
7f28e402a000-7f28e4030000 r--s 0003a000 08:02 6162079                    /usr/lib/jvm/java-8-openjdk-amd64/jre/lib/ext/sunjce_provider.jar
7f28e4036000-7f28e4040000 r--s 00116000 08:02 6162076                    /usr/lib/jvm/java-8-openjdk-amd64/jre/lib/ext/localedata.jar
7f28e4047000-7f28e4049000 r--s 00007000 08:02 1711658                    /usr/share/java/java-atk-wrapper.jar
7f28e404c000-7f28e4067000 r--s 00394000 08:02 6162072                    /usr/lib/jvm/java-8-openjdk-amd64/jre/lib/ext/cldrdata.jar
7f28e406a000-7f28e406b000 r--s 0000a000 08:02 6162075                    /usr/lib/jvm/java-8-openjdk-amd64/jre/lib/ext/jaccess.jar
7f28e4071000-7f28e4073000 r--s 00001000 08:02 6162073                    /usr/lib/jvm/java-8-openjdk-amd64/jre/lib/ext/dnsns.jar
7f28e4078000-7f28e4079000 r--s 00010000 08:02 6162081                    /usr/lib/jvm/java-8-openjdk-amd64/jre/lib/ext/zipfs.jar
7f28e4080000-7f28e4082000 r--s 00008000 08:02 6162078                    /usr/lib/jvm/java-8-openjdk-amd64/jre/lib/ext/sunec.jar
7f28e4088000-7f28e40d9000 r--p 00000000 08:02 6162749                    /usr/lib/locale/aa_DJ.utf8/LC_CTYPE
7f28e40e0000-7f28e40e1000 r--p 00000000 08:02 6162778                    /usr/lib/locale/aa_ET/LC_NUMERIC
7f28e40e8000-7f28e40e9000 r--p 00000000 08:02 6165421                    /usr/lib/locale/en_GB.utf8/LC_TIME
7f28e40f0000-7f28e40f1000 r--p 00000000 08:02 6165204                    /usr/lib/locale/cy_GB.utf8/LC_MONETARY
7f28e40f3000-7f28e4141000 rw-p 00000000 00:00 0 
7f28e4141000-7f28e4310000 r--s 03c21000 08:02 6162101                    /usr/lib/jvm/java-8-openjdk-amd64/jre/lib/rt.jar
7f28e4313000-7f28e4389000 rw-p 00000000 00:00 0 
7f28e4389000-7f28e4b59000 rw-p 00000000 00:00 0 
7f28e4b59000-7f28e4b5a000 ---p 00000000 00:00 0 
7f28e4b5a000-7f28e4c5a000 rw-p 00000000 00:00 0 
7f28e4c5a000-7f28e4c5b000 ---p 00000000 00:00 0 
7f28e4c5b000-7f28e4d5b000 rw-p 00000000 00:00 0 
7f28e4d5b000-7f28e4d5c000 ---p 00000000 00:00 0 
7f28e4d5c000-7f28e4e5c000 rw-p 00000000 00:00 0 
7f28e4e5c000-7f28e4e5d000 ---p 00000000 00:00 0 
7f28e4e5d000-7f28e4f5d000 rw-p 00000000 00:00 0 
7f28e4f5d000-7f28e4f5e000 ---p 00000000 00:00 0 
7f28e4f5e000-7f28e505e000 rw-p 00000000 00:00 0 
7f28e505e000-7f28e505f000 ---p 00000000 00:00 0 
7f28e505f000-7f28e515f000 rw-p 00000000 00:00 0 
7f28e515f000-7f28e5160000 ---p 00000000 00:00 0 
7f28e5160000-7f28e5260000 rw-p 00000000 00:00 0 
7f28e5260000-7f28e5261000 ---p 00000000 00:00 0 
7f28e5261000-7f28e5361000 rw-p 00000000 00:00 0 
7f28e5361000-7f28e53b5000 rw-p 00000000 00:00 0 
7f28e53b5000-7f28e5897000 ---p 00000000 00:00 0 
7f28e5897000-7f28e58eb000 rw-p 00000000 00:00 0 
7f28e58eb000-7f28e5dcc000 ---p 00000000 00:00 0 
7f28e5dcc000-7f28e5df6000 rw-p 00000000 00:00 0 
7f28e5df6000-7f28e6067000 ---p 00000000 00:00 0 
7f28e6067000-7f28e6072000 rw-p 00000000 00:00 0 
7f28e6072000-7f28e6428000 ---p 00000000 00:00 0 
7f28e6428000-7f28e6430000 r-xp 00000000 08:02 6162057                    /usr/lib/jvm/java-8-openjdk-amd64/jre/lib/amd64/libzip.so
7f28e6430000-7f28e662f000 ---p 00008000 08:02 6162057                    /usr/lib/jvm/java-8-openjdk-amd64/jre/lib/amd64/libzip.so
7f28e662f000-7f28e6630000 r--p 00007000 08:02 6162057                    /usr/lib/jvm/java-8-openjdk-amd64/jre/lib/amd64/libzip.so
7f28e6630000-7f28e6631000 rw-p 00008000 08:02 6162057                    /usr/lib/jvm/java-8-openjdk-amd64/jre/lib/amd64/libzip.so
7f28e6638000-7f28e6643000 r-xp 00000000 08:02 1465569                    /lib/x86_64-linux-gnu/libnss_files-2.25.so
7f28e6643000-7f28e6842000 ---p 0000b000 08:02 1465569                    /lib/x86_64-linux-gnu/libnss_files-2.25.so
7f28e6842000-7f28e6843000 r--p 0000a000 08:02 1465569                    /lib/x86_64-linux-gnu/libnss_files-2.25.so
7f28e6843000-7f28e6844000 rw-p 0000b000 08:02 1465569                    /lib/x86_64-linux-gnu/libnss_files-2.25.so
7f28e6844000-7f28e684a000 rw-p 00000000 00:00 0 
7f28e6850000-7f28e685b000 r-xp 00000000 08:02 1465571                    /lib/x86_64-linux-gnu/libnss_nis-2.25.so
7f28e685b000-7f28e6a5a000 ---p 0000b000 08:02 1465571                    /lib/x86_64-linux-gnu/libnss_nis-2.25.so
7f28e6a5a000-7f28e6a5b000 r--p 0000a000 08:02 1465571                    /lib/x86_64-linux-gnu/libnss_nis-2.25.so
7f28e6a5b000-7f28e6a5c000 rw-p 0000b000 08:02 1465571                    /lib/x86_64-linux-gnu/libnss_nis-2.25.so
7f28e6a60000-7f28e6a75000 r-xp 00000000 08:02 1465566                    /lib/x86_64-linux-gnu/libnsl-2.25.so
7f28e6a75000-7f28e6c74000 ---p 00015000 08:02 1465566                    /lib/x86_64-linux-gnu/libnsl-2.25.so
7f28e6c74000-7f28e6c75000 r--p 00014000 08:02 1465566                    /lib/x86_64-linux-gnu/libnsl-2.25.so
7f28e6c75000-7f28e6c76000 rw-p 00015000 08:02 1465566                    /lib/x86_64-linux-gnu/libnsl-2.25.so
7f28e6c76000-7f28e6c78000 rw-p 00000000 00:00 0 
7f28e6c78000-7f28e6c7f000 r-xp 00000000 08:02 1465567                    /lib/x86_64-linux-gnu/libnss_compat-2.25.so
7f28e6c7f000-7f28e6e7e000 ---p 00007000 08:02 1465567                    /lib/x86_64-linux-gnu/libnss_compat-2.25.so
7f28e6e7e000-7f28e6e7f000 r--p 00006000 08:02 1465567                    /lib/x86_64-linux-gnu/libnss_compat-2.25.so
7f28e6e7f000-7f28e6e80000 rw-p 00007000 08:02 1465567                    /lib/x86_64-linux-gnu/libnss_compat-2.25.so
7f28e6e80000-7f28e6e8a000 r-xp 00000000 08:02 6162031                    /usr/lib/jvm/java-8-openjdk-amd64/jre/lib/amd64/libinstrument.so
7f28e6e8a000-7f28e7089000 ---p 0000a000 08:02 6162031                    /usr/lib/jvm/java-8-openjdk-amd64/jre/lib/amd64/libinstrument.so
7f28e7089000-7f28e708a000 r--p 00009000 08:02 6162031                    /usr/lib/jvm/java-8-openjdk-amd64/jre/lib/amd64/libinstrument.so
7f28e708a000-7f28e708b000 rw-p 0000a000 08:02 6162031                    /usr/lib/jvm/java-8-openjdk-amd64/jre/lib/amd64/libinstrument.so
7f28e7090000-7f28e70bd000 r-xp 00000000 08:02 6162036                    /usr/lib/jvm/java-8-openjdk-amd64/jre/lib/amd64/libjava.so
7f28e70bd000-7f28e72bd000 ---p 0002d000 08:02 6162036                    /usr/lib/jvm/java-8-openjdk-amd64/jre/lib/amd64/libjava.so
7f28e72bd000-7f28e72be000 r--p 0002d000 08:02 6162036                    /usr/lib/jvm/java-8-openjdk-amd64/jre/lib/amd64/libjava.so
7f28e72be000-7f28e72c0000 rw-p 0002e000 08:02 6162036                    /usr/lib/jvm/java-8-openjdk-amd64/jre/lib/amd64/libjava.so
7f28e72c0000-7f28e72d0000 r-xp 00000000 08:02 6162056                    /usr/lib/jvm/java-8-openjdk-amd64/jre/lib/amd64/libverify.so
7f28e72d0000-7f28e74cf000 ---p 00010000 08:02 6162056                    /usr/lib/jvm/java-8-openjdk-amd64/jre/lib/amd64/libverify.so
7f28e74cf000-7f28e74d1000 r--p 0000f000 08:02 6162056                    /usr/lib/jvm/java-8-openjdk-amd64/jre/lib/amd64/libverify.so
7f28e74d1000-7f28e74d2000 rw-p 00011000 08:02 6162056                    /usr/lib/jvm/java-8-openjdk-amd64/jre/lib/amd64/libverify.so
7f28e74d8000-7f28e74df000 r-xp 00000000 08:02 1465576                    /lib/x86_64-linux-gnu/librt-2.25.so
7f28e74df000-7f28e76de000 ---p 00007000 08:02 1465576                    /lib/x86_64-linux-gnu/librt-2.25.so
7f28e76de000-7f28e76df000 r--p 00006000 08:02 1465576                    /lib/x86_64-linux-gnu/librt-2.25.so
7f28e76df000-7f28e76e0000 rw-p 00007000 08:02 1465576                    /lib/x86_64-linux-gnu/librt-2.25.so
7f28e76e0000-7f28e76f6000 r-xp 00000000 08:02 1444262                    /lib/x86_64-linux-gnu/libgcc_s.so.1
7f28e76f6000-7f28e78f5000 ---p 00016000 08:02 1444262                    /lib/x86_64-linux-gnu/libgcc_s.so.1
7f28e78f5000-7f28e78f6000 r--p 00015000 08:02 1444262                    /lib/x86_64-linux-gnu/libgcc_s.so.1
7f28e78f6000-7f28e78f7000 rw-p 00016000 08:02 1444262                    /lib/x86_64-linux-gnu/libgcc_s.so.1
7f28e78f8000-7f28e7a0a000 r-xp 00000000 08:02 1465563                    /lib/x86_64-linux-gnu/libm-2.25.so
7f28e7a0a000-7f28e7c09000 ---p 00112000 08:02 1465563                    /lib/x86_64-linux-gnu/libm-2.25.so
7f28e7c09000-7f28e7c0a000 r--p 00111000 08:02 1465563                    /lib/x86_64-linux-gnu/libm-2.25.so
7f28e7c0a000-7f28e7c0b000 rw-p 00112000 08:02 1465563                    /lib/x86_64-linux-gnu/libm-2.25.so
7f28e7c10000-7f28e7d80000 r-xp 00000000 08:02 5508933                    /usr/lib/x86_64-linux-gnu/libstdc++.so.6.0.24
7f28e7d80000-7f28e7f80000 ---p 00170000 08:02 5508933                    /usr/lib/x86_64-linux-gnu/libstdc++.so.6.0.24
7f28e7f80000-7f28e7f8a000 r--p 00170000 08:02 5508933                    /usr/lib/x86_64-linux-gnu/libstdc++.so.6.0.24
7f28e7f8a000-7f28e7f8c000 rw-p 0017a000 08:02 5508933                    /usr/lib/x86_64-linux-gnu/libstdc++.so.6.0.24
7f28e7f8c000-7f28e7f8f000 rw-p 00000000 00:00 0 
7f28e7f90000-7f28e8c1a000 r-xp 00000000 08:02 6162061                    /usr/lib/jvm/java-8-openjdk-amd64/jre/lib/amd64/server/libjvm.so
7f28e8c1a000-7f28e8e1a000 ---p 00c8a000 08:02 6162061                    /usr/lib/jvm/java-8-openjdk-amd64/jre/lib/amd64/server/libjvm.so
7f28e8e1a000-7f28e8ead000 r--p 00c8a000 08:02 6162061                    /usr/lib/jvm/java-8-openjdk-amd64/jre/lib/amd64/server/libjvm.so
7f28e8ead000-7f28e8ed5000 rw-p 00d1d000 08:02 6162061                    /usr/lib/jvm/java-8-openjdk-amd64/jre/lib/amd64/server/libjvm.so
7f28e8ed5000-7f28e8f06000 rw-p 00000000 00:00 0 
7f28e8f08000-7f28e90a1000 r-xp 00000000 08:02 1465559                    /lib/x86_64-linux-gnu/libc-2.25.so
7f28e90a1000-7f28e92a1000 ---p 00199000 08:02 1465559                    /lib/x86_64-linux-gnu/libc-2.25.so
7f28e92a1000-7f28e92a5000 r--p 00199000 08:02 1465559                    /lib/x86_64-linux-gnu/libc-2.25.so
7f28e92a5000-7f28e92a7000 rw-p 0019d000 08:02 1465559                    /lib/x86_64-linux-gnu/libc-2.25.so
7f28e92a7000-7f28e92ab000 rw-p 00000000 00:00 0 
7f28e92b0000-7f28e92b3000 r-xp 00000000 08:02 1465562                    /lib/x86_64-linux-gnu/libdl-2.25.so
7f28e92b3000-7f28e94b2000 ---p 00003000 08:02 1465562                    /lib/x86_64-linux-gnu/libdl-2.25.so
7f28e94b2000-7f28e94b3000 r--p 00002000 08:02 1465562                    /lib/x86_64-linux-gnu/libdl-2.25.so
7f28e94b3000-7f28e94b4000 rw-p 00003000 08:02 1465562                    /lib/x86_64-linux-gnu/libdl-2.25.so
7f28e94b8000-7f28e94c6000 r-xp 00000000 08:02 6162021                    /usr/lib/jvm/java-8-openjdk-amd64/jre/lib/amd64/jli/libjli.so
7f28e94c6000-7f28e96c5000 ---p 0000e000 08:02 6162021                    /usr/lib/jvm/java-8-openjdk-amd64/jre/lib/amd64/jli/libjli.so
7f28e96c5000-7f28e96c6000 r--p 0000d000 08:02 6162021                    /usr/lib/jvm/java-8-openjdk-amd64/jre/lib/amd64/jli/libjli.so
7f28e96c6000-7f28e96c7000 rw-p 0000e000 08:02 6162021                    /usr/lib/jvm/java-8-openjdk-amd64/jre/lib/amd64/jli/libjli.so
7f28e96c8000-7f28e96e1000 r-xp 00000000 08:02 1444460                    /lib/x86_64-linux-gnu/libz.so.1.2.8
7f28e96e1000-7f28e98e0000 ---p 00019000 08:02 1444460                    /lib/x86_64-linux-gnu/libz.so.1.2.8
7f28e98e0000-7f28e98e1000 r--p 00018000 08:02 1444460                    /lib/x86_64-linux-gnu/libz.so.1.2.8
7f28e98e1000-7f28e98e2000 rw-p 00019000 08:02 1444460                    /lib/x86_64-linux-gnu/libz.so.1.2.8
7f28e98e8000-7f28e9901000 r-xp 00000000 08:02 1465574                    /lib/x86_64-linux-gnu/libpthread-2.25.so
7f28e9901000-7f28e9b00000 ---p 00019000 08:02 1465574                    /lib/x86_64-linux-gnu/libpthread-2.25.so
7f28e9b00000-7f28e9b01000 r--p 00018000 08:02 1465574                    /lib/x86_64-linux-gnu/libpthread-2.25.so
7f28e9b01000-7f28e9b02000 rw-p 00019000 08:02 1465574                    /lib/x86_64-linux-gnu/libpthread-2.25.so
7f28e9b02000-7f28e9b06000 rw-p 00000000 00:00 0 
7f28e9b08000-7f28e9b2b000 r-xp 00000000 08:02 1459620                    /lib/x86_64-linux-gnu/ld-2.25.so
7f28e9b30000-7f28e9b31000 r--p 00000000 08:02 6165354                    /usr/lib/locale/en_AG/LC_MESSAGES/SYS_LC_MESSAGES
7f28e9b38000-7f28e9b39000 r--p 00000000 08:02 6162757                    /usr/lib/locale/aa_DJ.utf8/LC_PAPER
7f28e9b40000-7f28e9b41000 r--p 00000000 08:02 6165139                    /usr/lib/locale/chr_US/LC_NAME
7f28e9b48000-7f28e9b49000 r--p 00000000 08:02 6165419                    /usr/lib/locale/en_GB.utf8/LC_ADDRESS
7f28e9b50000-7f28e9b51000 r--p 00000000 08:02 6165205                    /usr/lib/locale/cy_GB.utf8/LC_TELEPHONE
7f28e9b58000-7f28e9b59000 r--p 00000000 08:02 6162751                    /usr/lib/locale/aa_DJ.utf8/LC_MEASUREMENT
7f28e9b60000-7f28e9b67000 r--s 00000000 08:02 6164888                    /usr/lib/x86_64-linux-gnu/gconv/gconv-modules.cache
7f28e9b68000-7f28e9b69000 r--p 00000000 08:02 6165420                    /usr/lib/locale/en_GB.utf8/LC_IDENTIFICATION
7f28e9b6e000-7f28e9bc9000 rw-p 00000000 00:00 0 
7f28e9bc9000-7f28e9c18000 rw-p 00000000 00:00 0 
7f28e9c18000-7f28e9c20000 rw-s 00000000 08:12 260617                     /tmp/hsperfdata_mart/11002
7f28e9c25000-7f28e9c26000 rw-p 00000000 00:00 0 
7f28e9c26000-7f28e9c27000 r--p 00000000 00:00 0 
7f28e9c27000-7f28e9c2a000 ---p 00000000 00:00 0 
7f28e9c2a000-7f28e9d2a000 rw-p 00000000 00:00 0 
7f28e9d2a000-7f28e9d2b000 r--p 00022000 08:02 1459620                    /lib/x86_64-linux-gnu/ld-2.25.so
7f28e9d2b000-7f28e9d2c000 rw-p 00023000 08:02 1459620                    /lib/x86_64-linux-gnu/ld-2.25.so
7f28e9d2c000-7f28e9d2f000 rw-p 00000000 00:00 0 
7ffcae8cf000-7ffcae8f0000 rw-p 00000000 00:00 0                          [stack]
7ffcae9f8000-7ffcae9fb000 r--p 00000000 00:00 0                          [vvar]
7ffcae9fb000-7ffcae9fd000 r-xp 00000000 00:00 0                          [vdso]

VM Arguments:
jvm_args: -javaagent:/opt/intellij/lib/idea_rt.jar=40439:/opt/intellij/bin -Dfile.encoding=UTF-8 
java_command: Engine.Main
java_class_path (initial): /usr/lib/jvm/java-1.8.0-openjdk-amd64/jre/lib/charsets.jar:/usr/lib/jvm/java-1.8.0-openjdk-amd64/jre/lib/ext/cldrdata.jar:/usr/lib/jvm/java-1.8.0-openjdk-amd64/jre/lib/ext/dnsns.jar:/usr/lib/jvm/java-1.8.0-openjdk-amd64/jre/lib/ext/icedtea-sound.jar:/usr/lib/jvm/java-1.8.0-openjdk-amd64/jre/lib/ext/jaccess.jar:/usr/lib/jvm/java-1.8.0-openjdk-amd64/jre/lib/ext/java-atk-wrapper.jar:/usr/lib/jvm/java-1.8.0-openjdk-amd64/jre/lib/ext/localedata.jar:/usr/lib/jvm/java-1.8.0-openjdk-amd64/jre/lib/ext/nashorn.jar:/usr/lib/jvm/java-1.8.0-openjdk-amd64/jre/lib/ext/sunec.jar:/usr/lib/jvm/java-1.8.0-openjdk-amd64/jre/lib/ext/sunjce_provider.jar:/usr/lib/jvm/java-1.8.0-openjdk-amd64/jre/lib/ext/sunpkcs11.jar:/usr/lib/jvm/java-1.8.0-openjdk-amd64/jre/lib/ext/zipfs.jar:/usr/lib/jvm/java-1.8.0-openjdk-amd64/jre/lib/jce.jar:/usr/lib/jvm/java-1.8.0-openjdk-amd64/jre/lib/jsse.jar:/usr/lib/jvm/java-1.8.0-openjdk-amd64/jre/lib/management-agent.jar:/usr/lib/jvm/java-1.8.0-openjdk-amd64/jre/lib/resources.jar:/usr/lib/jvm/java-1.8.0-openjdk-amd64/jre/lib/rt.jar:/home/mart/IdeaProjects/silorex/out/production/silorex:/home/mart/IdeaProjects/silorex/lwjgl/lwjgl-natives-linux.jar:/home/mart/IdeaProjects/silorex/lwjgl/lwjgl-natives-macos.jar:/home/mart/IdeaProjects/silorex/lwjgl/lwjgl-natives-windows.jar:/home/mart/IdeaProjects/silorex/lwjgl/lwjgl.jar:/home/mart/IdeaProjects/silorex/lwjgl/lwjgl-opengl-natives-linux.jar:/home/mart/IdeaProjects/silorex/lwjgl/lwjgl-opengl-natives-macos.jar:/home/mart/IdeaProjects/silorex/lwjgl/lwjgl-opengl-natives-windows.jar:/home/mart/IdeaProjects/silorex/lwjgl/lwjgl-opengl.jar:/home/mart/IdeaProjects/silorex/lwjgl/lwjgl-glfw-natives-linux.jar:/home/mart/IdeaProjects/silorex/lwjgl/lwjgl-glfw-natives-macos.jar:/home/mart/IdeaProjects/silorex/lwjgl/lwjgl-glfw-natives-windows.jar:/home/mart/IdeaProjects/silorex/lwjgl/lwjgl-glfw.jar:/home/mart/IdeaProjects/silorex/lwjgl/lwjgl-opencl.jar:/opt/intellij/lib/idea_rt.jar
Launcher Type: SUN_STANDARD

Environment Variables:
PATH=/usr/local/bin:/usr/bin:/bin:/usr/local/games:/usr/games
USERNAME=mart
SHELL=/bin/bash
DISPLAY=:1

Signal Handlers:
SIGSEGV: [libjvm.so+0xaa6ae0], sa_mask[0]=11111111011111111101111111111110, sa_flags=SA_RESTART|SA_SIGINFO
SIGBUS: [libjvm.so+0xaa6ae0], sa_mask[0]=11111111011111111101111111111110, sa_flags=SA_RESTART|SA_SIGINFO
SIGFPE: [libjvm.so+0x8ddf00], sa_mask[0]=11111111011111111101111111111110, sa_flags=SA_RESTART|SA_SIGINFO
SIGPIPE: [libjvm.so+0x8ddf00], sa_mask[0]=11111111011111111101111111111110, sa_flags=SA_RESTART|SA_SIGINFO
SIGXFSZ: [libjvm.so+0x8ddf00], sa_mask[0]=11111111011111111101111111111110, sa_flags=SA_RESTART|SA_SIGINFO
SIGILL: [libjvm.so+0x8ddf00], sa_mask[0]=11111111011111111101111111111110, sa_flags=SA_RESTART|SA_SIGINFO
SIGUSR1: SIG_DFL, sa_mask[0]=00000000000000000000000000000000, sa_flags=none
SIGUSR2: [libjvm.so+0x8dddb0], sa_mask[0]=00100000000000000000000000000000, sa_flags=SA_RESTART|SA_SIGINFO
SIGHUP: [libjvm.so+0x8de260], sa_mask[0]=11111111011111111101111111111110, sa_flags=SA_RESTART|SA_SIGINFO
SIGINT: [libjvm.so+0x8de260], sa_mask[0]=11111111011111111101111111111110, sa_flags=SA_RESTART|SA_SIGINFO
SIGTERM: [libjvm.so+0x8de260], sa_mask[0]=11111111011111111101111111111110, sa_flags=SA_RESTART|SA_SIGINFO
SIGQUIT: [libjvm.so+0x8de260], sa_mask[0]=11111111011111111101111111111110, sa_flags=SA_RESTART|SA_SIGINFO


---------------  S Y S T E M  ---------------

OS:DISTRIB_ID=Kali
DISTRIB_RELEASE=kali-rolling
DISTRIB_CODENAME=kali-rolling
DISTRIB_DESCRIPTION="Kali GNU/Linux Rolling"

uname:Linux 4.14.0-kali1-amd64 #1 SMP Debian 4.14.2-1kali1 (2017-12-04) x86_64
libc:glibc 2.25 NPTL 2.25 
rlimit: STACK 8192k, CORE 0k, NPROC 63609, NOFILE 1048576, AS infinity
load average:1.66 1.79 1.51

/proc/meminfo:
MemTotal:       16383060 kB
MemFree:         6582816 kB
MemAvailable:    8921344 kB
Buffers:          375500 kB
Cached:          2330584 kB
SwapCached:            0 kB
Active:          7608252 kB
Inactive:        1637644 kB
Active(anon):    6541300 kB
Inactive(anon):   296224 kB
Active(file):    1066952 kB
Inactive(file):  1341420 kB
Unevictable:          16 kB
Mlocked:              16 kB
SwapTotal:      19530748 kB
SwapFree:       19530748 kB
Dirty:              2500 kB
Writeback:             0 kB
AnonPages:       5211508 kB
Mapped:           762036 kB
Shmem:            297728 kB
Slab:             337756 kB
SReclaimable:     268352 kB
SUnreclaim:        69404 kB
KernelStack:       16288 kB
PageTables:        54648 kB
NFS_Unstable:          0 kB
Bounce:                0 kB
WritebackTmp:          0 kB
CommitLimit:    27722276 kB
Committed_AS:   12688064 kB
VmallocTotal:   34359738367 kB
VmallocUsed:           0 kB
VmallocChunk:          0 kB
HardwareCorrupted:     0 kB
AnonHugePages:   2283520 kB
ShmemHugePages:        0 kB
ShmemPmdMapped:        0 kB
HugePages_Total:       0
HugePages_Free:        0
HugePages_Rsvd:        0
HugePages_Surp:        0
Hugepagesize:       2048 kB
DirectMap4k:      305588 kB
DirectMap2M:    11175936 kB
DirectMap1G:     5242880 kB


CPU:total 8 (initial active 8) (8 cores per cpu, 1 threads per core) family 21 model 2 stepping 0, cmov, cx8, fxsr, mmx, sse, sse2, sse3, ssse3, sse4.1, sse4.2, popcnt, avx, aes, clmul, mmxext, 3dnowpref, lzcnt, sse4a, tsc, tscinvbit, tscinv, bmi1

/proc/cpuinfo:
processor	: 0
vendor_id	: AuthenticAMD
cpu family	: 21
model		: 2
model name	: AMD FX(tm)-8320 Eight-Core Processor
stepping	: 0
microcode	: 0x600084f
cpu MHz		: 3500.000
cache size	: 2048 KB
physical id	: 0
siblings	: 8
core id		: 0
cpu cores	: 4
apicid		: 16
initial apicid	: 0
fpu		: yes
fpu_exception	: yes
cpuid level	: 13
wp		: yes
flags		: fpu vme de pse tsc msr pae mce cx8 apic sep mtrr pge mca cmov pat pse36 clflush mmx fxsr sse sse2 ht syscall nx mmxext fxsr_opt pdpe1gb rdtscp lm constant_tsc rep_good nopl nonstop_tsc cpuid extd_apicid aperfmperf pni pclmulqdq monitor ssse3 fma cx16 sse4_1 sse4_2 popcnt aes xsave avx f16c lahf_lm cmp_legacy svm extapic cr8_legacy abm sse4a misalignsse 3dnowprefetch osvw ibs xop skinit wdt lwp fma4 tce nodeid_msr tbm topoext perfctr_core perfctr_nb cpb hw_pstate vmmcall bmi1 arat npt lbrv svm_lock nrip_save tsc_scale vmcb_clean flushbyasid decodeassists pausefilter pfthreshold
bugs		: fxsave_leak sysret_ss_attrs null_seg
bogomips	: 7000.67
TLB size	: 1536 4K pages
clflush size	: 64
cache_alignment	: 64
address sizes	: 48 bits physical, 48 bits virtual
power management: ts ttp tm 100mhzsteps hwpstate cpb eff_freq_ro

processor	: 1
vendor_id	: AuthenticAMD
cpu family	: 21
model		: 2
model name	: AMD FX(tm)-8320 Eight-Core Processor
stepping	: 0
microcode	: 0x600084f
cpu MHz		: 1400.000
cache size	: 2048 KB
physical id	: 0
siblings	: 8
core id		: 1
cpu cores	: 4
apicid		: 17
initial apicid	: 1
fpu		: yes
fpu_exception	: yes
cpuid level	: 13
wp		: yes
flags		: fpu vme de pse tsc msr pae mce cx8 apic sep mtrr pge mca cmov pat pse36 clflush mmx fxsr sse sse2 ht syscall nx mmxext fxsr_opt pdpe1gb rdtscp lm constant_tsc rep_good nopl nonstop_tsc cpuid extd_apicid aperfmperf pni pclmulqdq monitor ssse3 fma cx16 sse4_1 sse4_2 popcnt aes xsave avx f16c lahf_lm cmp_legacy svm extapic cr8_legacy abm sse4a misalignsse 3dnowprefetch osvw ibs xop skinit wdt lwp fma4 tce nodeid_msr tbm topoext perfctr_core perfctr_nb cpb hw_pstate vmmcall bmi1 arat npt lbrv svm_lock nrip_save tsc_scale vmcb_clean flushbyasid decodeassists pausefilter pfthreshold
bugs		: fxsave_leak sysret_ss_attrs null_seg
bogomips	: 7000.67
TLB size	: 1536 4K pages
clflush size	: 64
cache_alignment	: 64
address sizes	: 48 bits physical, 48 bits virtual
power management: ts ttp tm 100mhzsteps hwpstate cpb eff_freq_ro

processor	: 2
vendor_id	: AuthenticAMD
cpu family	: 21
model		: 2
model name	: AMD FX(tm)-8320 Eight-Core Processor
stepping	: 0
microcode	: 0x600084f
cpu MHz		: 1400.000
cache size	: 2048 KB
physical id	: 0
siblings	: 8
core id		: 2
cpu cores	: 4
apicid		: 18
initial apicid	: 2
fpu		: yes
fpu_exception	: yes
cpuid level	: 13
wp		: yes
flags		: fpu vme de pse tsc msr pae mce cx8 apic sep mtrr pge mca cmov pat pse36 clflush mmx fxsr sse sse2 ht syscall nx mmxext fxsr_opt pdpe1gb rdtscp lm constant_tsc rep_good nopl nonstop_tsc cpuid extd_apicid aperfmperf pni pclmulqdq monitor ssse3 fma cx16 sse4_1 sse4_2 popcnt aes xsave avx f16c lahf_lm cmp_legacy svm extapic cr8_legacy abm sse4a misalignsse 3dnowprefetch osvw ibs xop skinit wdt lwp fma4 tce nodeid_msr tbm topoext perfctr_core perfctr_nb cpb hw_pstate vmmcall bmi1 arat npt lbrv svm_lock nrip_save tsc_scale vmcb_clean flushbyasid decodeassists pausefilter pfthreshold
bugs		: fxsave_leak sysret_ss_attrs null_seg
bogomips	: 7000.67
TLB size	: 1536 4K pages
clflush size	: 64
cache_alignment	: 64
address sizes	: 48 bits physical, 48 bits virtual
power management: ts ttp tm 100mhzsteps hwpstate cpb eff_freq_ro

processor	: 3
vendor_id	: AuthenticAMD
cpu family	: 21
model		: 2
model name	: AMD FX(tm)-8320 Eight-Core Processor
stepping	: 0
microcode	: 0x600084f
cpu MHz		: 3500.000
cache size	: 2048 KB
physical id	: 0
siblings	: 8
core id		: 3
cpu cores	: 4
apicid		: 19
initial apicid	: 3
fpu		: yes
fpu_exception	: yes
cpuid level	: 13
wp		: yes
flags		: fpu vme de pse tsc msr pae mce cx8 apic sep mtrr pge mca cmov pat pse36 clflush mmx fxsr sse sse2 ht syscall nx mmxext fxsr_opt pdpe1gb rdtscp lm constant_tsc rep_good nopl nonstop_tsc cpuid extd_apicid aperfmperf pni pclmulqdq monitor ssse3 fma cx16 sse4_1 sse4_2 popcnt aes xsave avx f16c lahf_lm cmp_legacy svm extapic cr8_legacy abm sse4a misalignsse 3dnowprefetch osvw ibs xop skinit wdt lwp fma4 tce nodeid_msr tbm topoext perfctr_core perfctr_nb cpb hw_pstate vmmcall bmi1 arat npt lbrv svm_lock nrip_save tsc_scale vmcb_clean flushbyasid decodeassists pausefilter pfthreshold
bugs		: fxsave_leak sysret_ss_attrs null_seg
bogomips	: 7000.67
TLB size	: 1536 4K pages
clflush size	: 64
cache_alignment	: 64
address sizes	: 48 bits physical, 48 bits virtual
power management: ts ttp tm 100mhzsteps hwpstate cpb eff_freq_ro

processor	: 4
vendor_id	: AuthenticAMD
cpu family	: 21
model		: 2
model name	: AMD FX(tm)-8320 Eight-Core Processor
stepping	: 0
microcode	: 0x600084f
cpu MHz		: 1700.000
cache size	: 2048 KB
physical id	: 0
siblings	: 8
core id		: 4
cpu cores	: 4
apicid		: 20
initial apicid	: 4
fpu		: yes
fpu_exception	: yes
cpuid level	: 13
wp		: yes
flags		: fpu vme de pse tsc msr pae mce cx8 apic sep mtrr pge mca cmov pat pse36 clflush mmx fxsr sse sse2 ht syscall nx mmxext fxsr_opt pdpe1gb rdtscp lm constant_tsc rep_good nopl nonstop_tsc cpuid extd_apicid aperfmperf pni pclmulqdq monitor ssse3 fma cx16 sse4_1 sse4_2 popcnt aes xsave avx f16c lahf_lm cmp_legacy svm extapic cr8_legacy abm sse4a misalignsse 3dnowprefetch osvw ibs xop skinit wdt lwp fma4 tce nodeid_msr tbm topoext perfctr_core perfctr_nb cpb hw_pstate vmmcall bmi1 arat npt lbrv svm_lock nrip_save tsc_scale vmcb_clean flushbyasid decodeassists pausefilter pfthreshold
bugs		: fxsave_leak sysret_ss_attrs null_seg
bogomips	: 7000.67
TLB size	: 1536 4K pages
clflush size	: 64
cache_alignment	: 64
address sizes	: 48 bits physical, 48 bits virtual
power management: ts ttp tm 100mhzsteps hwpstate cpb eff_freq_ro

processor	: 5
vendor_id	: AuthenticAMD
cpu family	: 21
model		: 2
model name	: AMD FX(tm)-8320 Eight-Core Processor
stepping	: 0
microcode	: 0x600084f
cpu MHz		: 2300.000
cache size	: 2048 KB
physical id	: 0
siblings	: 8
core id		: 5
cpu cores	: 4
apicid		: 21
initial apicid	: 5
fpu		: yes
fpu_exception	: yes
cpuid level	: 13
wp		: yes
flags		: fpu vme de pse tsc msr pae mce cx8 apic sep mtrr pge mca cmov pat pse36 clflush mmx fxsr sse sse2 ht syscall nx mmxext fxsr_opt pdpe1gb rdtscp lm constant_tsc rep_good nopl nonstop_tsc cpuid extd_apicid aperfmperf pni pclmulqdq monitor ssse3 fma cx16 sse4_1 sse4_2 popcnt aes xsave avx f16c lahf_lm cmp_legacy svm extapic cr8_legacy abm sse4a misalignsse 3dnowprefetch osvw ibs xop skinit wdt lwp fma4 tce nodeid_msr tbm topoext perfctr_core perfctr_nb cpb hw_pstate vmmcall bmi1 arat npt lbrv svm_lock nrip_save tsc_scale vmcb_clean flushbyasid decodeassists pausefilter pfthreshold
bugs		: fxsave_leak sysret_ss_attrs null_seg
bogomips	: 7000.67
TLB size	: 1536 4K pages
clflush size	: 64
cache_alignment	: 64
address sizes	: 48 bits physical, 48 bits virtual
power management: ts ttp tm 100mhzsteps hwpstate cpb eff_freq_ro

processor	: 6
vendor_id	: AuthenticAMD
cpu family	: 21
model		: 2
model name	: AMD FX(tm)-8320 Eight-Core Processor
stepping	: 0
microcode	: 0x600084f
cpu MHz		: 1700.000
cache size	: 2048 KB
physical id	: 0
siblings	: 8
core id		: 6
cpu cores	: 4
apicid		: 22
initial apicid	: 6
fpu		: yes
fpu_exception	: yes
cpuid level	: 13
wp		: yes
flags		: fpu vme de pse tsc msr pae mce cx8 apic sep mtrr pge mca cmov pat pse36 clflush mmx fxsr sse sse2 ht syscall nx mmxext fxsr_opt pdpe1gb rdtscp lm constant_tsc rep_good nopl nonstop_tsc cpuid extd_apicid aperfmperf pni pclmulqdq monitor ssse3 fma cx16 sse4_1 sse4_2 popcnt aes xsave avx f16c lahf_lm cmp_legacy svm extapic cr8_legacy abm sse4a misalignsse 3dnowprefetch osvw ibs xop skinit wdt lwp fma4 tce nodeid_msr tbm topoext perfctr_core perfctr_nb cpb hw_pstate vmmcall bmi1 arat npt lbrv svm_lock nrip_save tsc_scale vmcb_clean flushbyasid decodeassists pausefilter pfthreshold
bugs		: fxsave_leak sysret_ss_attrs null_seg
bogomips	: 7000.67
TLB size	: 1536 4K pages
clflush size	: 64
cache_alignment	: 64
address sizes	: 48 bits physical, 48 bits virtual
power management: ts ttp tm 100mhzsteps hwpstate cpb eff_freq_ro

processor	: 7
vendor_id	: AuthenticAMD
cpu family	: 21
model		: 2
model name	: AMD FX(tm)-8320 Eight-Core Processor
stepping	: 0
microcode	: 0x600084f
cpu MHz		: 2900.000
cache size	: 2048 KB
physical id	: 0
siblings	: 8
core id		: 7
cpu cores	: 4
apicid		: 23
initial apicid	: 7
fpu		: yes
fpu_exception	: yes
cpuid level	: 13
wp		: yes
flags		: fpu vme de pse tsc msr pae mce cx8 apic sep mtrr pge mca cmov pat pse36 clflush mmx fxsr sse sse2 ht syscall nx mmxext fxsr_opt pdpe1gb rdtscp lm constant_tsc rep_good nopl nonstop_tsc cpuid extd_apicid aperfmperf pni pclmulqdq monitor ssse3 fma cx16 sse4_1 sse4_2 popcnt aes xsave avx f16c lahf_lm cmp_legacy svm extapic cr8_legacy abm sse4a misalignsse 3dnowprefetch osvw ibs xop skinit wdt lwp fma4 tce nodeid_msr tbm topoext perfctr_core perfctr_nb cpb hw_pstate vmmcall bmi1 arat npt lbrv svm_lock nrip_save tsc_scale vmcb_clean flushbyasid decodeassists pausefilter pfthreshold
bugs		: fxsave_leak sysret_ss_attrs null_seg
bogomips	: 7000.67
TLB size	: 1536 4K pages
clflush size	: 64
cache_alignment	: 64
address sizes	: 48 bits physical, 48 bits virtual
power management: ts ttp tm 100mhzsteps hwpstate cpb eff_freq_ro



Memory: 4k page, physical 16383060k(6582816k free), swap 19530748k(19530748k free)

vm_info: OpenJDK 64-Bit Server VM (25.151-b12) for linux-amd64 JRE (1.8.0_151-8u151-b12-1-b12), built on Nov  1 2017 06:12:56 by "buildd" with gcc 7.2.1 20171025

time: Sat Jan  6 22:22:49 2018
elapsed time: 0 seconds (0d 0h 0m 0s)

