#
# A fatal error has been detected by the Java Runtime Environment:
#
#  SIGSEGV (0xb) at pc=0x00007f699dc4de99, pid=11637, tid=0x00007f69c6211700
#
# JRE version: OpenJDK Runtime Environment (8.0_151-b12) (build 1.8.0_151-8u151-b12-1-b12)
# Java VM: OpenJDK 64-Bit Server VM (25.151-b12 mixed mode linux-amd64 compressed oops)
# Problematic frame:
# C  [liblwjgl_opengl.so+0x45e99]  Java_org_lwjgl_opengl_GL20_glCreateShader+0x9
#
# Failed to write core dump. Core dumps have been disabled. To enable core dumping, try "ulimit -c unlimited" before starting Java again
#
# If you would like to submit a bug report, please visit:
#   http://bugreport.java.com/bugreport/crash.jsp
# The crash happened outside the Java Virtual Machine in native code.
# See problematic frame for where to report the bug.
#

---------------  T H R E A D  ---------------

Current thread (0x00007f69bc00c000):  JavaThread "main" [_thread_in_native, id=11638, stack(0x00007f69c6111000,0x00007f69c6212000)]

siginfo: si_signo: 11 (SIGSEGV), si_code: 1 (SEGV_MAPERR), si_addr: 0x00000000000008a8

Registers:
RAX=0x0000000000000000, RBX=0x00007f69c047bdf8, RCX=0x0000000000000018, RDX=0x0000000000008b31
RSP=0x00007f69c62106f8, RBP=0x00007f69c6210748, RSI=0x00007f69c6210758, RDI=0x0000000000008b31
R8 =0x00007f69c047bdf8, R9 =0x0000000000000004, R10=0x00007f69ad017108, R11=0x00007f69c4e081e0
R12=0x0000000000000000, R13=0x00007f69c047bde8, R14=0x00007f69c6210768, R15=0x00007f69bc00c000
RIP=0x00007f699dc4de99, EFLAGS=0x0000000000010283, CSGSFS=0x002b000000000033, ERR=0x0000000000000004
  TRAPNO=0x000000000000000e

Top of Stack: (sp=0x00007f69c62106f8)
0x00007f69c62106f8:   00007f69ad017134 00007f69ad016e82
0x00007f69c6210708:   00007f69c6210708 00007f69c047bde8
0x00007f69c6210718:   00007f69c6210768 00007f69c048ec28
0x00007f69c6210728:   0000000000000000 00007f69c047bdf8
0x00007f69c6210738:   0000000000000000 00007f69c6210768
0x00007f69c6210748:   00007f69c62107b0 00007f69ad007a40
0x00007f69c6210758:   000000076ccf4f18 00007f69ad011276
0x00007f69c6210768:   0000000000008b31 00007f69c6210770
0x00007f69c6210778:   00007f69c047815a 00007f69c62107e0
0x00007f69c6210788:   00007f69c0478290 0000000000000000
0x00007f69c6210798:   00007f69c0478208 00007f69c6210768
0x00007f69c62107a8:   00007f69c62107d8 00007f69c6210830
0x00007f69c62107b8:   00007f69ad007a40 0000000000000000
0x00007f69c62107c8:   000000076ccbb840 000000076ccbb7f8
0x00007f69c62107d8:   0000000000008b31 000000076ccbaed0
0x00007f69c62107e8:   000000076ccbb620 00007f69c62107f0
0x00007f69c62107f8:   00007f69c0477cb8 00007f69c6210850
0x00007f69c6210808:   00007f69c0478290 0000000000000000
0x00007f69c6210818:   00007f69c0477d30 00007f69c62107d8
0x00007f69c6210828:   00007f69c6210840 00007f69c6210898
0x00007f69c6210838:   00007f69ad007ffd 000000076ccbaf38
0x00007f69c6210848:   000000076ccbaed0 000000076ccbb620
0x00007f69c6210858:   00007f69c6210858 00007f69c04774bd
0x00007f69c6210868:   00007f69c62108a8 00007f69c04786b8
0x00007f69c6210878:   0000000000000000 00007f69c04774d8
0x00007f69c6210888:   00007f69c6210840 00007f69c62108a8
0x00007f69c6210898:   00007f69c6210900 00007f69ad007ffd
0x00007f69c62108a8:   000000076ccbb620 000000076ccbb620
0x00007f69c62108b8:   000000076ccaaa48 00007f69c62108c0
0x00007f69c62108c8:   00007f69c0474bab 00007f69c6210948
0x00007f69c62108d8:   00007f69c04751a8 0000000000000000
0x00007f69c62108e8:   00007f69c0474d40 00007f69c62108a8 

Instructions: (pc=0x00007f699dc4de99)
0x00007f699dc4de79:   48 8b 80 00 0a 00 00 ff e0 66 66 66 66 66 2e 0f
0x00007f699dc4de89:   1f 84 00 00 00 00 00 48 8b 07 89 d7 48 8b 40 18
0x00007f699dc4de99:   48 8b 80 a8 08 00 00 ff e0 66 66 66 66 66 2e 0f
0x00007f699dc4dea9:   1f 84 00 00 00 00 00 48 8b 07 89 d7 48 8b 40 18 

Register to memory mapping:

RAX=0x0000000000000000 is an unknown value
RBX={method} {0x00007f69c047bdf8} 'glCreateShader' '(I)I' in 'org/lwjgl/opengl/GL20'
RCX=0x0000000000000018 is an unknown value
RDX=0x0000000000008b31 is an unknown value
RSP=0x00007f69c62106f8 is pointing into the stack for thread: 0x00007f69bc00c000
RBP=0x00007f69c6210748 is pointing into the stack for thread: 0x00007f69bc00c000
RSI=0x00007f69c6210758 is pointing into the stack for thread: 0x00007f69bc00c000
RDI=0x0000000000008b31 is an unknown value
R8 ={method} {0x00007f69c047bdf8} 'glCreateShader' '(I)I' in 'org/lwjgl/opengl/GL20'
R9 =0x0000000000000004 is an unknown value
R10=0x00007f69ad017108 is at code_begin+808 in an Interpreter codelet
method entry point (kind = native)  [0x00007f69ad016de0, 0x00007f69ad0176e0]  2304 bytes
R11=0x00007f69c4e081e0: <offset 0x9901e0> in /usr/lib/jvm/java-8-openjdk-amd64/jre/lib/amd64/server/libjvm.so at 0x00007f69c4478000
R12=0x0000000000000000 is an unknown value
R13=0x00007f69c047bde8 is pointing into metadata
R14=0x00007f69c6210768 is pointing into the stack for thread: 0x00007f69bc00c000
R15=0x00007f69bc00c000 is a thread


Stack: [0x00007f69c6111000,0x00007f69c6212000],  sp=0x00007f69c62106f8,  free space=1021k
Native frames: (J=compiled Java code, j=interpreted, Vv=VM code, C=native code)
C  [liblwjgl_opengl.so+0x45e99]  Java_org_lwjgl_opengl_GL20_glCreateShader+0x9
j  Shaders.ShaderProgram.loadShader(Ljava/lang/String;I)I+66
j  Shaders.ShaderProgram.<init>(Ljava/lang/String;Ljava/lang/String;)V+8
j  Shaders.StaticShader.<init>()V+5
j  Engine.Main.init()V+27
j  Engine.Main.run()V+1
j  Engine.Main.main([Ljava/lang/String;)V+7
v  ~StubRoutines::call_stub
V  [libjvm.so+0x67b49b]
V  [libjvm.so+0x69f617]
V  [libjvm.so+0x6a1fd3]
C  [libjli.so+0x3726]
C  [libjli.so+0x76dd]
C  [libpthread.so.0+0x7519]  start_thread+0xd9

Java frames: (J=compiled Java code, j=interpreted, Vv=VM code)
j  org.lwjgl.opengl.GL20.glCreateShader(I)I+0
j  Shaders.ShaderProgram.loadShader(Ljava/lang/String;I)I+66
j  Shaders.ShaderProgram.<init>(Ljava/lang/String;Ljava/lang/String;)V+8
j  Shaders.StaticShader.<init>()V+5
j  Engine.Main.init()V+27
j  Engine.Main.run()V+1
j  Engine.Main.main([Ljava/lang/String;)V+7
v  ~StubRoutines::call_stub

---------------  P R O C E S S  ---------------

Java Threads: ( => current thread )
  0x00007f69bc380800 JavaThread "Service Thread" daemon [_thread_blocked, id=11675, stack(0x00007f699e3e7000,0x00007f699e4e8000)]
  0x00007f69bc373800 JavaThread "C1 CompilerThread3" daemon [_thread_blocked, id=11674, stack(0x00007f699e705000,0x00007f699e806000)]
  0x00007f69bc371800 JavaThread "C2 CompilerThread2" daemon [_thread_blocked, id=11673, stack(0x00007f699e806000,0x00007f699e907000)]
  0x00007f69bc36f000 JavaThread "C2 CompilerThread1" daemon [_thread_blocked, id=11672, stack(0x00007f699e907000,0x00007f699ea08000)]
  0x00007f69bc36d000 JavaThread "C2 CompilerThread0" daemon [_thread_blocked, id=11671, stack(0x00007f699ea08000,0x00007f699eb09000)]
  0x00007f69bc36b800 JavaThread "Monitor Ctrl-Break" daemon [_thread_in_native, id=11670, stack(0x00007f699eb09000,0x00007f699ec0a000)]
  0x00007f69bc200000 JavaThread "Signal Dispatcher" daemon [_thread_blocked, id=11669, stack(0x00007f699ecb7000,0x00007f699edb8000)]
  0x00007f69bc1d4800 JavaThread "Finalizer" daemon [_thread_blocked, id=11661, stack(0x00007f699eeef000,0x00007f699eff0000)]
  0x00007f69bc1d0000 JavaThread "Reference Handler" daemon [_thread_blocked, id=11659, stack(0x00007f699eff0000,0x00007f699f0f1000)]
=>0x00007f69bc00c000 JavaThread "main" [_thread_in_native, id=11638, stack(0x00007f69c6111000,0x00007f69c6212000)]

Other Threads:
  0x00007f69bc1c8800 VMThread [stack: 0x00007f699f0f1000,0x00007f699f1f2000] [id=11657]
  0x00007f69bc383000 WatcherThread [stack: 0x00007f699e2e6000,0x00007f699e3e7000] [id=11676]

VM state:not at safepoint (normal execution)

VM Mutex/Monitor currently owned by a thread: None

Heap:
 PSYoungGen      total 74752K, used 10342K [0x000000076cb00000, 0x0000000771e00000, 0x00000007c0000000)
  eden space 64512K, 16% used [0x000000076cb00000,0x000000076d519998,0x0000000770a00000)
  from space 10240K, 0% used [0x0000000771400000,0x0000000771400000,0x0000000771e00000)
  to   space 10240K, 0% used [0x0000000770a00000,0x0000000770a00000,0x0000000771400000)
 ParOldGen       total 171008K, used 0K [0x00000006c6000000, 0x00000006d0700000, 0x000000076cb00000)
  object space 171008K, 0% used [0x00000006c6000000,0x00000006c6000000,0x00000006d0700000)
 Metaspace       used 5752K, capacity 5922K, committed 6144K, reserved 1056768K
  class space    used 635K, capacity 703K, committed 768K, reserved 1048576K

Card table byte_map: [0x00007f69c1d7f000,0x00007f69c2550000] byte_map_base: 0x00007f69be74f000

Marking Bits: (ParMarkBitMap*) 0x00007f69c53d10e0
 Begin Bits: [0x00007f6970300000, 0x00007f6974180000)
 End Bits:   [0x00007f6974180000, 0x00007f6978000000)

Polling page: 0x00007f69c6215000

CodeCache: size=245760Kb used=1912Kb max_used=1912Kb free=243847Kb
 bounds [0x00007f69ad000000, 0x00007f69ad270000, 0x00007f69bc000000]
 total_blobs=726 nmethods=404 adapters=238
 compilation: enabled

Compilation events (10 events):
Event: 0.318 Thread 0x00007f69bc373800  399       1       sun.misc.URLClassPath$JarLoader::access$700 (5 bytes)
Event: 0.318 Thread 0x00007f69bc373800 nmethod 399 0x00007f69ad1db950 code [0x00007f69ad1dbaa0, 0x00007f69ad1dbb90]
Event: 0.320 Thread 0x00007f69bc373800  400       3       java.lang.StringCoding::deref (19 bytes)
Event: 0.320 Thread 0x00007f69bc373800 nmethod 400 0x00007f69ad1dbc10 code [0x00007f69ad1dbda0, 0x00007f69ad1dc248]
Event: 0.322 Thread 0x00007f69bc373800  401       3       java.lang.String::regionMatches (149 bytes)
Event: 0.323 Thread 0x00007f69bc373800 nmethod 401 0x00007f69ad1dc710 code [0x00007f69ad1dc980, 0x00007f69ad1dd658]
Event: 0.323 Thread 0x00007f69bc373800  403       3       java.lang.String::equalsIgnoreCase (48 bytes)
Event: 0.323 Thread 0x00007f69bc373800 nmethod 403 0x00007f69ad1ddfd0 code [0x00007f69ad1de140, 0x00007f69ad1de4a8]
Event: 0.323 Thread 0x00007f69bc373800  404       3       java.nio.charset.CharsetDecoder::maxCharsPerByte (5 bytes)
Event: 0.323 Thread 0x00007f69bc373800 nmethod 404 0x00007f69ad1de5d0 code [0x00007f69ad1de720, 0x00007f69ad1de870]

GC Heap History (0 events):
No events

Deoptimization events (0 events):
No events

Internal exceptions (10 events):
Event: 0.204 Thread 0x00007f69bc00c000 Exception <a 'java/lang/NoSuchFieldError': method resolution failed> (0x000000076d11aac8) thrown at [/build/openjdk-8-O5BLDv/openjdk-8-8u151-b12/src/hotspot/src/share/vm/prims/methodHandles.cpp, line 1146]
Event: 0.207 Thread 0x00007f69bc00c000 Exception <a 'java/lang/NoSuchFieldError': method resolution failed> (0x000000076d128970) thrown at [/build/openjdk-8-O5BLDv/openjdk-8-8u151-b12/src/hotspot/src/share/vm/prims/methodHandles.cpp, line 1146]
Event: 0.258 Thread 0x00007f69bc00c000 Exception <a 'java/lang/NoSuchMethodError': java.lang.Object.lambda$static$0(Ljava/lang/String;)Ljava/lang/Boolean;> (0x000000076d27d968) thrown at [/build/openjdk-8-O5BLDv/openjdk-8-8u151-b12/src/hotspot/src/share/vm/interpreter/linkResolver.cpp, line 61
Event: 0.268 Thread 0x00007f69bc00c000 Exception <a 'java/security/PrivilegedActionException'> (0x000000076d2cf3b0) thrown at [/build/openjdk-8-O5BLDv/openjdk-8-8u151-b12/src/hotspot/src/share/vm/prims/jvm.cpp, line 1390]
Event: 0.268 Thread 0x00007f69bc00c000 Exception <a 'java/security/PrivilegedActionException'> (0x000000076d2cf5c0) thrown at [/build/openjdk-8-O5BLDv/openjdk-8-8u151-b12/src/hotspot/src/share/vm/prims/jvm.cpp, line 1390]
Event: 0.269 Thread 0x00007f69bc00c000 Exception <a 'java/security/PrivilegedActionException'> (0x000000076d2d1648) thrown at [/build/openjdk-8-O5BLDv/openjdk-8-8u151-b12/src/hotspot/src/share/vm/prims/jvm.cpp, line 1390]
Event: 0.269 Thread 0x00007f69bc00c000 Exception <a 'java/security/PrivilegedActionException'> (0x000000076d2d1858) thrown at [/build/openjdk-8-O5BLDv/openjdk-8-8u151-b12/src/hotspot/src/share/vm/prims/jvm.cpp, line 1390]
Event: 0.269 Thread 0x00007f69bc00c000 Exception <a 'java/security/PrivilegedActionException'> (0x000000076d2d2330) thrown at [/build/openjdk-8-O5BLDv/openjdk-8-8u151-b12/src/hotspot/src/share/vm/prims/jvm.cpp, line 1390]
Event: 0.269 Thread 0x00007f69bc00c000 Exception <a 'java/security/PrivilegedActionException'> (0x000000076d2d2540) thrown at [/build/openjdk-8-O5BLDv/openjdk-8-8u151-b12/src/hotspot/src/share/vm/prims/jvm.cpp, line 1390]
Event: 0.307 Thread 0x00007f69bc00c000 Exception <a 'sun/nio/fs/UnixException'> (0x000000076d3b1510) thrown at [/build/openjdk-8-O5BLDv/openjdk-8-8u151-b12/src/hotspot/src/share/vm/prims/jni.cpp, line 709]

Events (10 events):
Event: 0.318 loading class org/lwjgl/system/jni/JNINativeInterface
Event: 0.318 loading class org/lwjgl/system/jni/JNINativeInterface done
Event: 0.320 loading class org/lwjgl/system/linux/DynamicLinkLoader
Event: 0.320 loading class org/lwjgl/system/linux/DynamicLinkLoader done
Event: 0.322 loading class org/lwjgl/opengl/GL$2
Event: 0.322 loading class org/lwjgl/opengl/GL$2 done
Event: 0.322 loading class org/lwjgl/opengl/GL$SharedLibraryGL
Event: 0.322 loading class org/lwjgl/opengl/GL$SharedLibraryGL done
Event: 0.323 loading class org/lwjgl/system/SharedLibrary$Delegate
Event: 0.323 loading class org/lwjgl/system/SharedLibrary$Delegate done


Dynamic libraries:
6c6000000-6d0700000 rw-p 00000000 00:00 0 
6d0700000-76cb00000 ---p 00000000 00:00 0 
76cb00000-771e00000 rw-p 00000000 00:00 0 
771e00000-7c0000000 ---p 00000000 00:00 0 
7c0000000-7c00c0000 rw-p 00000000 00:00 0 
7c00c0000-800000000 ---p 00000000 00:00 0 
55a154af1000-55a154af2000 r-xp 00000000 08:02 6162004                    /usr/lib/jvm/java-8-openjdk-amd64/jre/bin/java
55a154cf1000-55a154cf2000 r--p 00000000 08:02 6162004                    /usr/lib/jvm/java-8-openjdk-amd64/jre/bin/java
55a154cf2000-55a154cf3000 rw-p 00001000 08:02 6162004                    /usr/lib/jvm/java-8-openjdk-amd64/jre/bin/java
55a15502e000-55a15504f000 rw-p 00000000 00:00 0                          [heap]
7f6944000000-7f6944021000 rw-p 00000000 00:00 0 
7f6944021000-7f6948000000 ---p 00000000 00:00 0 
7f6948000000-7f6948021000 rw-p 00000000 00:00 0 
7f6948021000-7f694c000000 ---p 00000000 00:00 0 
7f694c000000-7f694c098000 rw-p 00000000 00:00 0 
7f694c098000-7f6950000000 ---p 00000000 00:00 0 
7f6950000000-7f69501ad000 rw-p 00000000 00:00 0 
7f69501ad000-7f6954000000 ---p 00000000 00:00 0 
7f6954000000-7f6954021000 rw-p 00000000 00:00 0 
7f6954021000-7f6958000000 ---p 00000000 00:00 0 
7f6958000000-7f6958021000 rw-p 00000000 00:00 0 
7f6958021000-7f695c000000 ---p 00000000 00:00 0 
7f695c000000-7f695c021000 rw-p 00000000 00:00 0 
7f695c021000-7f6960000000 ---p 00000000 00:00 0 
7f6960000000-7f6960021000 rw-p 00000000 00:00 0 
7f6960021000-7f6964000000 ---p 00000000 00:00 0 
7f6964000000-7f6964021000 rw-p 00000000 00:00 0 
7f6964021000-7f6968000000 ---p 00000000 00:00 0 
7f6968000000-7f6968021000 rw-p 00000000 00:00 0 
7f6968021000-7f696c000000 ---p 00000000 00:00 0 
7f696c000000-7f696c021000 rw-p 00000000 00:00 0 
7f696c021000-7f6970000000 ---p 00000000 00:00 0 
7f6970300000-7f6978000000 rw-p 00000000 00:00 0 
7f6978000000-7f6978021000 rw-p 00000000 00:00 0 
7f6978021000-7f697c000000 ---p 00000000 00:00 0 
7f6980000000-7f6980021000 rw-p 00000000 00:00 0 
7f6980021000-7f6984000000 ---p 00000000 00:00 0 
7f6988000000-7f6988021000 rw-p 00000000 00:00 0 
7f6988021000-7f698c000000 ---p 00000000 00:00 0 
7f6990000000-7f6990021000 rw-p 00000000 00:00 0 
7f6990021000-7f6994000000 ---p 00000000 00:00 0 
7f6994fff000-7f6998000000 rw-p 00000000 00:00 0 
7f6998000000-7f6998021000 rw-p 00000000 00:00 0 
7f6998021000-7f699c000000 ---p 00000000 00:00 0 
7f699c6a8000-7f699c6bb000 r-xp 00000000 08:02 1443817                    /lib/x86_64-linux-gnu/libbsd.so.0.8.6
7f699c6bb000-7f699c8ba000 ---p 00013000 08:02 1443817                    /lib/x86_64-linux-gnu/libbsd.so.0.8.6
7f699c8ba000-7f699c8bb000 r--p 00012000 08:02 1443817                    /lib/x86_64-linux-gnu/libbsd.so.0.8.6
7f699c8bb000-7f699c8bc000 rw-p 00013000 08:02 1443817                    /lib/x86_64-linux-gnu/libbsd.so.0.8.6
7f699c8bc000-7f699c8bd000 rw-p 00000000 00:00 0 
7f699c8c0000-7f699c8c5000 r-xp 00000000 08:02 5518031                    /usr/lib/x86_64-linux-gnu/libXdmcp.so.6.0.0
7f699c8c5000-7f699cac4000 ---p 00005000 08:02 5518031                    /usr/lib/x86_64-linux-gnu/libXdmcp.so.6.0.0
7f699cac4000-7f699cac5000 r--p 00004000 08:02 5518031                    /usr/lib/x86_64-linux-gnu/libXdmcp.so.6.0.0
7f699cac5000-7f699cac6000 rw-p 00005000 08:02 5518031                    /usr/lib/x86_64-linux-gnu/libXdmcp.so.6.0.0
7f699cac8000-7f699caca000 r-xp 00000000 08:02 5518016                    /usr/lib/x86_64-linux-gnu/libXau.so.6.0.0
7f699caca000-7f699ccca000 ---p 00002000 08:02 5518016                    /usr/lib/x86_64-linux-gnu/libXau.so.6.0.0
7f699ccca000-7f699cccb000 r--p 00002000 08:02 5518016                    /usr/lib/x86_64-linux-gnu/libXau.so.6.0.0
7f699cccb000-7f699cccc000 rw-p 00003000 08:02 5518016                    /usr/lib/x86_64-linux-gnu/libXau.so.6.0.0
7f699ccd0000-7f699ccf7000 r-xp 00000000 08:02 5520824                    /usr/lib/x86_64-linux-gnu/libxcb.so.1.1.0
7f699ccf7000-7f699cef6000 ---p 00027000 08:02 5520824                    /usr/lib/x86_64-linux-gnu/libxcb.so.1.1.0
7f699cef6000-7f699cef7000 r--p 00026000 08:02 5520824                    /usr/lib/x86_64-linux-gnu/libxcb.so.1.1.0
7f699cef7000-7f699cef8000 rw-p 00027000 08:02 5520824                    /usr/lib/x86_64-linux-gnu/libxcb.so.1.1.0
7f699cef8000-7f699cf09000 r-xp 00000000 08:02 5518035                    /usr/lib/x86_64-linux-gnu/libXext.so.6.4.0
7f699cf09000-7f699d108000 ---p 00011000 08:02 5518035                    /usr/lib/x86_64-linux-gnu/libXext.so.6.4.0
7f699d108000-7f699d109000 r--p 00010000 08:02 5518035                    /usr/lib/x86_64-linux-gnu/libXext.so.6.4.0
7f699d109000-7f699d10a000 rw-p 00011000 08:02 5518035                    /usr/lib/x86_64-linux-gnu/libXext.so.6.4.0
7f699d110000-7f699d24a000 r-xp 00000000 08:02 5518010                    /usr/lib/x86_64-linux-gnu/libX11.so.6.3.0
7f699d24a000-7f699d44a000 ---p 0013a000 08:02 5518010                    /usr/lib/x86_64-linux-gnu/libX11.so.6.3.0
7f699d44a000-7f699d44b000 r--p 0013a000 08:02 5518010                    /usr/lib/x86_64-linux-gnu/libX11.so.6.3.0
7f699d44b000-7f699d450000 rw-p 0013b000 08:02 5518010                    /usr/lib/x86_64-linux-gnu/libX11.so.6.3.0
7f699d450000-7f699d4be000 r-xp 00000000 08:02 5509326                    /usr/lib/x86_64-linux-gnu/libGLdispatch.so.0.0.0
7f699d4be000-7f699d6bd000 ---p 0006e000 08:02 5509326                    /usr/lib/x86_64-linux-gnu/libGLdispatch.so.0.0.0
7f699d6bd000-7f699d6e5000 r--p 0006d000 08:02 5509326                    /usr/lib/x86_64-linux-gnu/libGLdispatch.so.0.0.0
7f699d6e5000-7f699d6e6000 rw-p 00095000 08:02 5509326                    /usr/lib/x86_64-linux-gnu/libGLdispatch.so.0.0.0
7f699d6e6000-7f699d706000 rw-p 00000000 00:00 0 
7f699d708000-7f699d718000 r-xp 00000000 08:02 5509319                    /usr/lib/x86_64-linux-gnu/libGLX.so.0.0.0
7f699d718000-7f699d917000 ---p 00010000 08:02 5509319                    /usr/lib/x86_64-linux-gnu/libGLX.so.0.0.0
7f699d917000-7f699d918000 r--p 0000f000 08:02 5509319                    /usr/lib/x86_64-linux-gnu/libGLX.so.0.0.0
7f699d918000-7f699d919000 rw-p 00010000 08:02 5509319                    /usr/lib/x86_64-linux-gnu/libGLX.so.0.0.0
7f699d919000-7f699d939000 rw-p 00000000 00:00 0 
7f699d940000-7f699d9b1000 r-xp 00000000 08:02 5509294                    /usr/lib/mesa-diverted/x86_64-linux-gnu/libGL.so.1.0.0
7f699d9b1000-7f699dbb0000 ---p 00071000 08:02 5509294                    /usr/lib/mesa-diverted/x86_64-linux-gnu/libGL.so.1.0.0
7f699dbb0000-7f699dbca000 r--p 00070000 08:02 5509294                    /usr/lib/mesa-diverted/x86_64-linux-gnu/libGL.so.1.0.0
7f699dbca000-7f699dbcb000 rw-p 0008a000 08:02 5509294                    /usr/lib/mesa-diverted/x86_64-linux-gnu/libGL.so.1.0.0
7f699dbcb000-7f699dbcc000 rw-p 00000000 00:00 0 
7f699dc08000-7f699dc73000 r-xp 00000000 08:12 390920                     /tmp/lwjglmart/3.1.4-build-8/liblwjgl_opengl.so
7f699dc73000-7f699de72000 ---p 0006b000 08:12 390920                     /tmp/lwjglmart/3.1.4-build-8/liblwjgl_opengl.so
7f699de72000-7f699de73000 r--p 0006a000 08:12 390920                     /tmp/lwjglmart/3.1.4-build-8/liblwjgl_opengl.so
7f699de73000-7f699de74000 rw-p 0006b000 08:12 390920                     /tmp/lwjglmart/3.1.4-build-8/liblwjgl_opengl.so
7f699de78000-7f699dece000 r-xp 00000000 08:12 390918                     /tmp/lwjglmart/3.1.4-build-8/liblwjgl.so
7f699dece000-7f699e0cd000 ---p 00056000 08:12 390918                     /tmp/lwjglmart/3.1.4-build-8/liblwjgl.so
7f699e0cd000-7f699e0ce000 r--p 00055000 08:12 390918                     /tmp/lwjglmart/3.1.4-build-8/liblwjgl.so
7f699e0ce000-7f699e0cf000 rw-p 00056000 08:12 390918                     /tmp/lwjglmart/3.1.4-build-8/liblwjgl.so
7f699e0d0000-7f699e0e1000 r-xp 00000000 08:02 6162049                    /usr/lib/jvm/java-8-openjdk-amd64/jre/lib/amd64/libnio.so
7f699e0e1000-7f699e2e1000 ---p 00011000 08:02 6162049                    /usr/lib/jvm/java-8-openjdk-amd64/jre/lib/amd64/libnio.so
7f699e2e1000-7f699e2e2000 r--p 00011000 08:02 6162049                    /usr/lib/jvm/java-8-openjdk-amd64/jre/lib/amd64/libnio.so
7f699e2e2000-7f699e2e3000 rw-p 00012000 08:02 6162049                    /usr/lib/jvm/java-8-openjdk-amd64/jre/lib/amd64/libnio.so
7f699e2e6000-7f699e2e7000 ---p 00000000 00:00 0 
7f699e2e7000-7f699e3e7000 rw-p 00000000 00:00 0 
7f699e3e7000-7f699e3ea000 ---p 00000000 00:00 0 
7f699e3ea000-7f699e4e8000 rw-p 00000000 00:00 0 
7f699e4e8000-7f699e4ff000 r-xp 00000000 08:02 6162048                    /usr/lib/jvm/java-8-openjdk-amd64/jre/lib/amd64/libnet.so
7f699e4ff000-7f699e6fe000 ---p 00017000 08:02 6162048                    /usr/lib/jvm/java-8-openjdk-amd64/jre/lib/amd64/libnet.so
7f699e6fe000-7f699e6ff000 r--p 00016000 08:02 6162048                    /usr/lib/jvm/java-8-openjdk-amd64/jre/lib/amd64/libnet.so
7f699e6ff000-7f699e700000 rw-p 00017000 08:02 6162048                    /usr/lib/jvm/java-8-openjdk-amd64/jre/lib/amd64/libnet.so
7f699e705000-7f699e708000 ---p 00000000 00:00 0 
7f699e708000-7f699e806000 rw-p 00000000 00:00 0 
7f699e806000-7f699e809000 ---p 00000000 00:00 0 
7f699e809000-7f699e907000 rw-p 00000000 00:00 0 
7f699e907000-7f699e90a000 ---p 00000000 00:00 0 
7f699e90a000-7f699ea08000 rw-p 00000000 00:00 0 
7f699ea08000-7f699ea0b000 ---p 00000000 00:00 0 
7f699ea0b000-7f699eb09000 rw-p 00000000 00:00 0 
7f699eb09000-7f699eb0c000 ---p 00000000 00:00 0 
7f699eb0c000-7f699ec0a000 rw-p 00000000 00:00 0 
7f699ec0a000-7f699ec0c000 r--s 0001a000 08:02 1055240                    /opt/intellij/lib/idea_rt.jar
7f699ec0e000-7f699ec12000 r--s 00026000 08:14 13769017                   /home/mart/IdeaProjects/silorex/lwjgl/lwjgl-opencl.jar
7f699ec17000-7f699ec1b000 r--s 00017000 08:14 13768678                   /home/mart/IdeaProjects/silorex/lwjgl/lwjgl-glfw.jar
7f699ec1d000-7f699ec1e000 r--s 0003d000 08:14 13768676                   /home/mart/IdeaProjects/silorex/lwjgl/lwjgl-glfw-natives-windows.jar
7f699ec25000-7f699ec26000 r--s 0000d000 08:14 13768675                   /home/mart/IdeaProjects/silorex/lwjgl/lwjgl-glfw-natives-macos.jar
7f699ec27000-7f699ec28000 r--s 0001f000 08:14 13768674                   /home/mart/IdeaProjects/silorex/lwjgl/lwjgl-glfw-natives-linux.jar
7f699ec2e000-7f699ec38000 r--s 000be000 08:14 13769182                   /home/mart/IdeaProjects/silorex/lwjgl/lwjgl-opengl.jar
7f699ec3a000-7f699ec3b000 r--s 0002a000 08:14 13769186                   /home/mart/IdeaProjects/silorex/lwjgl/lwjgl-opengl-natives-windows.jar
7f699ec3b000-7f699ec3c000 r--s 0000b000 08:14 13769185                   /home/mart/IdeaProjects/silorex/lwjgl/lwjgl-opengl-natives-macos.jar
7f699ec3e000-7f699ec3f000 r--s 00016000 08:14 13769184                   /home/mart/IdeaProjects/silorex/lwjgl/lwjgl-opengl-natives-linux.jar
7f699ec42000-7f699ec47000 r--s 00042000 08:14 13768649                   /home/mart/IdeaProjects/silorex/lwjgl/lwjgl.jar
7f699ec49000-7f699ec4a000 r--s 00039000 08:14 13768647                   /home/mart/IdeaProjects/silorex/lwjgl/lwjgl-natives-windows.jar
7f699ec51000-7f699ec52000 r--s 00009000 08:14 13768646                   /home/mart/IdeaProjects/silorex/lwjgl/lwjgl-natives-macos.jar
7f699ec53000-7f699ec54000 r--s 00013000 08:14 13768645                   /home/mart/IdeaProjects/silorex/lwjgl/lwjgl-natives-linux.jar
7f699ec56000-7f699ec69000 r--s 00346000 08:02 6162100                    /usr/lib/jvm/java-8-openjdk-amd64/jre/lib/resources.jar
7f699ec70000-7f699ec71000 r--s 00000000 08:02 6162098                    /usr/lib/jvm/java-8-openjdk-amd64/jre/lib/management-agent.jar
7f699ec72000-7f699ec77000 r--s 0009a000 08:02 6162095                    /usr/lib/jvm/java-8-openjdk-amd64/jre/lib/jsse.jar
7f699ec7d000-7f699ec80000 r--s 00015000 08:02 6162093                    /usr/lib/jvm/java-8-openjdk-amd64/jre/lib/jce.jar
7f699ec87000-7f699ec89000 r--s 00007000 08:02 1711658                    /usr/share/java/java-atk-wrapper.jar
7f699ec89000-7f699ec8e000 r--s 002f9000 08:02 6162062                    /usr/lib/jvm/java-8-openjdk-amd64/jre/lib/charsets.jar
7f699ec8f000-7f699ec92000 r--s 0000f000 08:02 6162074                    /usr/lib/jvm/java-8-openjdk-amd64/jre/lib/ext/icedtea-sound.jar
7f699ec96000-7f699ecb1000 r--s 001d6000 08:02 6162077                    /usr/lib/jvm/java-8-openjdk-amd64/jre/lib/ext/nashorn.jar
7f699ecb7000-7f699ecba000 ---p 00000000 00:00 0 
7f699ecba000-7f699edb8000 rw-p 00000000 00:00 0 
7f699edb8000-7f699eee8000 r--p 00000000 08:02 6162747                    /usr/lib/locale/aa_DJ.utf8/LC_COLLATE
7f699eeef000-7f699eef2000 ---p 00000000 00:00 0 
7f699eef2000-7f699eff0000 rw-p 00000000 00:00 0 
7f699eff0000-7f699eff3000 ---p 00000000 00:00 0 
7f699eff3000-7f699f0f1000 rw-p 00000000 00:00 0 
7f699f0f1000-7f699f0f2000 ---p 00000000 00:00 0 
7f699f0f2000-7f69a0000000 rw-p 00000000 00:00 0 
7f69a0000000-7f69a0021000 rw-p 00000000 00:00 0 
7f69a0021000-7f69a4000000 ---p 00000000 00:00 0 
7f69a4000000-7f69a4021000 rw-p 00000000 00:00 0 
7f69a4021000-7f69a8000000 ---p 00000000 00:00 0 
7f69a8000000-7f69a8021000 rw-p 00000000 00:00 0 
7f69a8021000-7f69ac000000 ---p 00000000 00:00 0 
7f69ac007000-7f69ac00b000 r--s 00037000 08:02 6162080                    /usr/lib/jvm/java-8-openjdk-amd64/jre/lib/ext/sunpkcs11.jar
7f69ac012000-7f69ac018000 r--s 0003a000 08:02 6162079                    /usr/lib/jvm/java-8-openjdk-amd64/jre/lib/ext/sunjce_provider.jar
7f69ac01e000-7f69ac028000 r--s 00116000 08:02 6162076                    /usr/lib/jvm/java-8-openjdk-amd64/jre/lib/ext/localedata.jar
7f69ac02f000-7f69ac031000 r--s 00007000 08:02 1711658                    /usr/share/java/java-atk-wrapper.jar
7f69ac034000-7f69ac04f000 r--s 00394000 08:02 6162072                    /usr/lib/jvm/java-8-openjdk-amd64/jre/lib/ext/cldrdata.jar
7f69ac051000-7f69ac053000 r--s 00001000 08:02 6162073                    /usr/lib/jvm/java-8-openjdk-amd64/jre/lib/ext/dnsns.jar
7f69ac058000-7f69ac0a9000 r--p 00000000 08:02 6162749                    /usr/lib/locale/aa_DJ.utf8/LC_CTYPE
7f69ac0ac000-7f69acdb9000 rw-p 00000000 00:00 0 
7f69acdb9000-7f69acf88000 r--s 03c21000 08:02 6162101                    /usr/lib/jvm/java-8-openjdk-amd64/jre/lib/rt.jar
7f69acf8a000-7f69ad000000 rw-p 00000000 00:00 0 
7f69ad000000-7f69ad270000 rwxp 00000000 00:00 0 
7f69ad270000-7f69bc000000 ---p 00000000 00:00 0 
7f69bc000000-7f69bc4e8000 rw-p 00000000 00:00 0 
7f69bc4e8000-7f69c0000000 ---p 00000000 00:00 0 
7f69c0002000-7f69c0003000 r--s 0000a000 08:02 6162075                    /usr/lib/jvm/java-8-openjdk-amd64/jre/lib/ext/jaccess.jar
7f69c0008000-7f69c0009000 r--s 00010000 08:02 6162081                    /usr/lib/jvm/java-8-openjdk-amd64/jre/lib/ext/zipfs.jar
7f69c0010000-7f69c0012000 r--s 00008000 08:02 6162078                    /usr/lib/jvm/java-8-openjdk-amd64/jre/lib/ext/sunec.jar
7f69c0018000-7f69c0019000 r--p 00000000 08:02 6162778                    /usr/lib/locale/aa_ET/LC_NUMERIC
7f69c0020000-7f69c0021000 r--p 00000000 08:02 6165421                    /usr/lib/locale/en_GB.utf8/LC_TIME
7f69c0023000-7f69c0071000 rw-p 00000000 00:00 0 
7f69c0071000-7f69c05b1000 rw-p 00000000 00:00 0 
7f69c05b1000-7f69c0871000 ---p 00000000 00:00 0 
7f69c0871000-7f69c1041000 rw-p 00000000 00:00 0 
7f69c1041000-7f69c1042000 ---p 00000000 00:00 0 
7f69c1042000-7f69c1142000 rw-p 00000000 00:00 0 
7f69c1142000-7f69c1143000 ---p 00000000 00:00 0 
7f69c1143000-7f69c1243000 rw-p 00000000 00:00 0 
7f69c1243000-7f69c1244000 ---p 00000000 00:00 0 
7f69c1244000-7f69c1344000 rw-p 00000000 00:00 0 
7f69c1344000-7f69c1345000 ---p 00000000 00:00 0 
7f69c1345000-7f69c1445000 rw-p 00000000 00:00 0 
7f69c1445000-7f69c1446000 ---p 00000000 00:00 0 
7f69c1446000-7f69c1546000 rw-p 00000000 00:00 0 
7f69c1546000-7f69c1547000 ---p 00000000 00:00 0 
7f69c1547000-7f69c1647000 rw-p 00000000 00:00 0 
7f69c1647000-7f69c1648000 ---p 00000000 00:00 0 
7f69c1648000-7f69c1748000 rw-p 00000000 00:00 0 
7f69c1748000-7f69c1749000 ---p 00000000 00:00 0 
7f69c1749000-7f69c1849000 rw-p 00000000 00:00 0 
7f69c1849000-7f69c189d000 rw-p 00000000 00:00 0 
7f69c189d000-7f69c1d7f000 ---p 00000000 00:00 0 
7f69c1d7f000-7f69c1dd3000 rw-p 00000000 00:00 0 
7f69c1dd3000-7f69c22b4000 ---p 00000000 00:00 0 
7f69c22b4000-7f69c22de000 rw-p 00000000 00:00 0 
7f69c22de000-7f69c254f000 ---p 00000000 00:00 0 
7f69c254f000-7f69c255a000 rw-p 00000000 00:00 0 
7f69c255a000-7f69c2910000 ---p 00000000 00:00 0 
7f69c2910000-7f69c2918000 r-xp 00000000 08:02 6162057                    /usr/lib/jvm/java-8-openjdk-amd64/jre/lib/amd64/libzip.so
7f69c2918000-7f69c2b17000 ---p 00008000 08:02 6162057                    /usr/lib/jvm/java-8-openjdk-amd64/jre/lib/amd64/libzip.so
7f69c2b17000-7f69c2b18000 r--p 00007000 08:02 6162057                    /usr/lib/jvm/java-8-openjdk-amd64/jre/lib/amd64/libzip.so
7f69c2b18000-7f69c2b19000 rw-p 00008000 08:02 6162057                    /usr/lib/jvm/java-8-openjdk-amd64/jre/lib/amd64/libzip.so
7f69c2b20000-7f69c2b2b000 r-xp 00000000 08:02 1465569                    /lib/x86_64-linux-gnu/libnss_files-2.25.so
7f69c2b2b000-7f69c2d2a000 ---p 0000b000 08:02 1465569                    /lib/x86_64-linux-gnu/libnss_files-2.25.so
7f69c2d2a000-7f69c2d2b000 r--p 0000a000 08:02 1465569                    /lib/x86_64-linux-gnu/libnss_files-2.25.so
7f69c2d2b000-7f69c2d2c000 rw-p 0000b000 08:02 1465569                    /lib/x86_64-linux-gnu/libnss_files-2.25.so
7f69c2d2c000-7f69c2d32000 rw-p 00000000 00:00 0 
7f69c2d38000-7f69c2d43000 r-xp 00000000 08:02 1465571                    /lib/x86_64-linux-gnu/libnss_nis-2.25.so
7f69c2d43000-7f69c2f42000 ---p 0000b000 08:02 1465571                    /lib/x86_64-linux-gnu/libnss_nis-2.25.so
7f69c2f42000-7f69c2f43000 r--p 0000a000 08:02 1465571                    /lib/x86_64-linux-gnu/libnss_nis-2.25.so
7f69c2f43000-7f69c2f44000 rw-p 0000b000 08:02 1465571                    /lib/x86_64-linux-gnu/libnss_nis-2.25.so
7f69c2f48000-7f69c2f5d000 r-xp 00000000 08:02 1465566                    /lib/x86_64-linux-gnu/libnsl-2.25.so
7f69c2f5d000-7f69c315c000 ---p 00015000 08:02 1465566                    /lib/x86_64-linux-gnu/libnsl-2.25.so
7f69c315c000-7f69c315d000 r--p 00014000 08:02 1465566                    /lib/x86_64-linux-gnu/libnsl-2.25.so
7f69c315d000-7f69c315e000 rw-p 00015000 08:02 1465566                    /lib/x86_64-linux-gnu/libnsl-2.25.so
7f69c315e000-7f69c3160000 rw-p 00000000 00:00 0 
7f69c3160000-7f69c3167000 r-xp 00000000 08:02 1465567                    /lib/x86_64-linux-gnu/libnss_compat-2.25.so
7f69c3167000-7f69c3366000 ---p 00007000 08:02 1465567                    /lib/x86_64-linux-gnu/libnss_compat-2.25.so
7f69c3366000-7f69c3367000 r--p 00006000 08:02 1465567                    /lib/x86_64-linux-gnu/libnss_compat-2.25.so
7f69c3367000-7f69c3368000 rw-p 00007000 08:02 1465567                    /lib/x86_64-linux-gnu/libnss_compat-2.25.so
7f69c3368000-7f69c3372000 r-xp 00000000 08:02 6162031                    /usr/lib/jvm/java-8-openjdk-amd64/jre/lib/amd64/libinstrument.so
7f69c3372000-7f69c3571000 ---p 0000a000 08:02 6162031                    /usr/lib/jvm/java-8-openjdk-amd64/jre/lib/amd64/libinstrument.so
7f69c3571000-7f69c3572000 r--p 00009000 08:02 6162031                    /usr/lib/jvm/java-8-openjdk-amd64/jre/lib/amd64/libinstrument.so
7f69c3572000-7f69c3573000 rw-p 0000a000 08:02 6162031                    /usr/lib/jvm/java-8-openjdk-amd64/jre/lib/amd64/libinstrument.so
7f69c3578000-7f69c35a5000 r-xp 00000000 08:02 6162036                    /usr/lib/jvm/java-8-openjdk-amd64/jre/lib/amd64/libjava.so
7f69c35a5000-7f69c37a5000 ---p 0002d000 08:02 6162036                    /usr/lib/jvm/java-8-openjdk-amd64/jre/lib/amd64/libjava.so
7f69c37a5000-7f69c37a6000 r--p 0002d000 08:02 6162036                    /usr/lib/jvm/java-8-openjdk-amd64/jre/lib/amd64/libjava.so
7f69c37a6000-7f69c37a8000 rw-p 0002e000 08:02 6162036                    /usr/lib/jvm/java-8-openjdk-amd64/jre/lib/amd64/libjava.so
7f69c37a8000-7f69c37b8000 r-xp 00000000 08:02 6162056                    /usr/lib/jvm/java-8-openjdk-amd64/jre/lib/amd64/libverify.so
7f69c37b8000-7f69c39b7000 ---p 00010000 08:02 6162056                    /usr/lib/jvm/java-8-openjdk-amd64/jre/lib/amd64/libverify.so
7f69c39b7000-7f69c39b9000 r--p 0000f000 08:02 6162056                    /usr/lib/jvm/java-8-openjdk-amd64/jre/lib/amd64/libverify.so
7f69c39b9000-7f69c39ba000 rw-p 00011000 08:02 6162056                    /usr/lib/jvm/java-8-openjdk-amd64/jre/lib/amd64/libverify.so
7f69c39c0000-7f69c39c7000 r-xp 00000000 08:02 1465576                    /lib/x86_64-linux-gnu/librt-2.25.so
7f69c39c7000-7f69c3bc6000 ---p 00007000 08:02 1465576                    /lib/x86_64-linux-gnu/librt-2.25.so
7f69c3bc6000-7f69c3bc7000 r--p 00006000 08:02 1465576                    /lib/x86_64-linux-gnu/librt-2.25.so
7f69c3bc7000-7f69c3bc8000 rw-p 00007000 08:02 1465576                    /lib/x86_64-linux-gnu/librt-2.25.so
7f69c3bc8000-7f69c3bde000 r-xp 00000000 08:02 1444262                    /lib/x86_64-linux-gnu/libgcc_s.so.1
7f69c3bde000-7f69c3ddd000 ---p 00016000 08:02 1444262                    /lib/x86_64-linux-gnu/libgcc_s.so.1
7f69c3ddd000-7f69c3dde000 r--p 00015000 08:02 1444262                    /lib/x86_64-linux-gnu/libgcc_s.so.1
7f69c3dde000-7f69c3ddf000 rw-p 00016000 08:02 1444262                    /lib/x86_64-linux-gnu/libgcc_s.so.1
7f69c3de0000-7f69c3ef2000 r-xp 00000000 08:02 1465563                    /lib/x86_64-linux-gnu/libm-2.25.so
7f69c3ef2000-7f69c40f1000 ---p 00112000 08:02 1465563                    /lib/x86_64-linux-gnu/libm-2.25.so
7f69c40f1000-7f69c40f2000 r--p 00111000 08:02 1465563                    /lib/x86_64-linux-gnu/libm-2.25.so
7f69c40f2000-7f69c40f3000 rw-p 00112000 08:02 1465563                    /lib/x86_64-linux-gnu/libm-2.25.so
7f69c40f8000-7f69c4268000 r-xp 00000000 08:02 5508933                    /usr/lib/x86_64-linux-gnu/libstdc++.so.6.0.24
7f69c4268000-7f69c4468000 ---p 00170000 08:02 5508933                    /usr/lib/x86_64-linux-gnu/libstdc++.so.6.0.24
7f69c4468000-7f69c4472000 r--p 00170000 08:02 5508933                    /usr/lib/x86_64-linux-gnu/libstdc++.so.6.0.24
7f69c4472000-7f69c4474000 rw-p 0017a000 08:02 5508933                    /usr/lib/x86_64-linux-gnu/libstdc++.so.6.0.24
7f69c4474000-7f69c4477000 rw-p 00000000 00:00 0 
7f69c4478000-7f69c5102000 r-xp 00000000 08:02 6162061                    /usr/lib/jvm/java-8-openjdk-amd64/jre/lib/amd64/server/libjvm.so
7f69c5102000-7f69c5302000 ---p 00c8a000 08:02 6162061                    /usr/lib/jvm/java-8-openjdk-amd64/jre/lib/amd64/server/libjvm.so
7f69c5302000-7f69c5395000 r--p 00c8a000 08:02 6162061                    /usr/lib/jvm/java-8-openjdk-amd64/jre/lib/amd64/server/libjvm.so
7f69c5395000-7f69c53bd000 rw-p 00d1d000 08:02 6162061                    /usr/lib/jvm/java-8-openjdk-amd64/jre/lib/amd64/server/libjvm.so
7f69c53bd000-7f69c53ee000 rw-p 00000000 00:00 0 
7f69c53f0000-7f69c5589000 r-xp 00000000 08:02 1465559                    /lib/x86_64-linux-gnu/libc-2.25.so
7f69c5589000-7f69c5789000 ---p 00199000 08:02 1465559                    /lib/x86_64-linux-gnu/libc-2.25.so
7f69c5789000-7f69c578d000 r--p 00199000 08:02 1465559                    /lib/x86_64-linux-gnu/libc-2.25.so
7f69c578d000-7f69c578f000 rw-p 0019d000 08:02 1465559                    /lib/x86_64-linux-gnu/libc-2.25.so
7f69c578f000-7f69c5793000 rw-p 00000000 00:00 0 
7f69c5798000-7f69c579b000 r-xp 00000000 08:02 1465562                    /lib/x86_64-linux-gnu/libdl-2.25.so
7f69c579b000-7f69c599a000 ---p 00003000 08:02 1465562                    /lib/x86_64-linux-gnu/libdl-2.25.so
7f69c599a000-7f69c599b000 r--p 00002000 08:02 1465562                    /lib/x86_64-linux-gnu/libdl-2.25.so
7f69c599b000-7f69c599c000 rw-p 00003000 08:02 1465562                    /lib/x86_64-linux-gnu/libdl-2.25.so
7f69c59a0000-7f69c59ae000 r-xp 00000000 08:02 6162021                    /usr/lib/jvm/java-8-openjdk-amd64/jre/lib/amd64/jli/libjli.so
7f69c59ae000-7f69c5bad000 ---p 0000e000 08:02 6162021                    /usr/lib/jvm/java-8-openjdk-amd64/jre/lib/amd64/jli/libjli.so
7f69c5bad000-7f69c5bae000 r--p 0000d000 08:02 6162021                    /usr/lib/jvm/java-8-openjdk-amd64/jre/lib/amd64/jli/libjli.so
7f69c5bae000-7f69c5baf000 rw-p 0000e000 08:02 6162021                    /usr/lib/jvm/java-8-openjdk-amd64/jre/lib/amd64/jli/libjli.so
7f69c5bb0000-7f69c5bc9000 r-xp 00000000 08:02 1444460                    /lib/x86_64-linux-gnu/libz.so.1.2.8
7f69c5bc9000-7f69c5dc8000 ---p 00019000 08:02 1444460                    /lib/x86_64-linux-gnu/libz.so.1.2.8
7f69c5dc8000-7f69c5dc9000 r--p 00018000 08:02 1444460                    /lib/x86_64-linux-gnu/libz.so.1.2.8
7f69c5dc9000-7f69c5dca000 rw-p 00019000 08:02 1444460                    /lib/x86_64-linux-gnu/libz.so.1.2.8
7f69c5dd0000-7f69c5de9000 r-xp 00000000 08:02 1465574                    /lib/x86_64-linux-gnu/libpthread-2.25.so
7f69c5de9000-7f69c5fe8000 ---p 00019000 08:02 1465574                    /lib/x86_64-linux-gnu/libpthread-2.25.so
7f69c5fe8000-7f69c5fe9000 r--p 00018000 08:02 1465574                    /lib/x86_64-linux-gnu/libpthread-2.25.so
7f69c5fe9000-7f69c5fea000 rw-p 00019000 08:02 1465574                    /lib/x86_64-linux-gnu/libpthread-2.25.so
7f69c5fea000-7f69c5fee000 rw-p 00000000 00:00 0 
7f69c5ff0000-7f69c6013000 r-xp 00000000 08:02 1459620                    /lib/x86_64-linux-gnu/ld-2.25.so
7f69c6018000-7f69c6019000 r--p 00000000 08:02 6165204                    /usr/lib/locale/cy_GB.utf8/LC_MONETARY
7f69c6020000-7f69c6021000 r--p 00000000 08:02 6165354                    /usr/lib/locale/en_AG/LC_MESSAGES/SYS_LC_MESSAGES
7f69c6028000-7f69c6029000 r--p 00000000 08:02 6162757                    /usr/lib/locale/aa_DJ.utf8/LC_PAPER
7f69c6030000-7f69c6031000 r--p 00000000 08:02 6165139                    /usr/lib/locale/chr_US/LC_NAME
7f69c6038000-7f69c6039000 r--p 00000000 08:02 6165419                    /usr/lib/locale/en_GB.utf8/LC_ADDRESS
7f69c6040000-7f69c6041000 r--p 00000000 08:02 6165205                    /usr/lib/locale/cy_GB.utf8/LC_TELEPHONE
7f69c6048000-7f69c6049000 r--p 00000000 08:02 6162751                    /usr/lib/locale/aa_DJ.utf8/LC_MEASUREMENT
7f69c6050000-7f69c6057000 r--s 00000000 08:02 6164888                    /usr/lib/x86_64-linux-gnu/gconv/gconv-modules.cache
7f69c6058000-7f69c6059000 r--p 00000000 08:02 6165420                    /usr/lib/locale/en_GB.utf8/LC_IDENTIFICATION
7f69c605e000-7f69c60b9000 rw-p 00000000 00:00 0 
7f69c60b9000-7f69c6108000 rw-p 00000000 00:00 0 
7f69c6108000-7f69c6110000 rw-s 00000000 08:12 260617                     /tmp/hsperfdata_mart/11637
7f69c6110000-7f69c6111000 rw-p 00000000 00:00 0 
7f69c6111000-7f69c6114000 ---p 00000000 00:00 0 
7f69c6114000-7f69c6212000 rw-p 00000000 00:00 0 
7f69c6212000-7f69c6213000 r--p 00022000 08:02 1459620                    /lib/x86_64-linux-gnu/ld-2.25.so
7f69c6213000-7f69c6214000 rw-p 00023000 08:02 1459620                    /lib/x86_64-linux-gnu/ld-2.25.so
7f69c6214000-7f69c6215000 rw-p 00000000 00:00 0 
7f69c6215000-7f69c6216000 r--p 00000000 00:00 0 
7f69c6216000-7f69c621a000 rw-p 00000000 00:00 0 
7fffcd1f9000-7fffcd21a000 rw-p 00000000 00:00 0                          [stack]
7fffcd3d8000-7fffcd3db000 r--p 00000000 00:00 0                          [vvar]
7fffcd3db000-7fffcd3dd000 r-xp 00000000 00:00 0                          [vdso]

VM Arguments:
jvm_args: -javaagent:/opt/intellij/lib/idea_rt.jar=35695:/opt/intellij/bin -Dfile.encoding=UTF-8 
java_command: Engine.Main
java_class_path (initial): /usr/lib/jvm/java-1.8.0-openjdk-amd64/jre/lib/charsets.jar:/usr/lib/jvm/java-1.8.0-openjdk-amd64/jre/lib/ext/cldrdata.jar:/usr/lib/jvm/java-1.8.0-openjdk-amd64/jre/lib/ext/dnsns.jar:/usr/lib/jvm/java-1.8.0-openjdk-amd64/jre/lib/ext/icedtea-sound.jar:/usr/lib/jvm/java-1.8.0-openjdk-amd64/jre/lib/ext/jaccess.jar:/usr/lib/jvm/java-1.8.0-openjdk-amd64/jre/lib/ext/java-atk-wrapper.jar:/usr/lib/jvm/java-1.8.0-openjdk-amd64/jre/lib/ext/localedata.jar:/usr/lib/jvm/java-1.8.0-openjdk-amd64/jre/lib/ext/nashorn.jar:/usr/lib/jvm/java-1.8.0-openjdk-amd64/jre/lib/ext/sunec.jar:/usr/lib/jvm/java-1.8.0-openjdk-amd64/jre/lib/ext/sunjce_provider.jar:/usr/lib/jvm/java-1.8.0-openjdk-amd64/jre/lib/ext/sunpkcs11.jar:/usr/lib/jvm/java-1.8.0-openjdk-amd64/jre/lib/ext/zipfs.jar:/usr/lib/jvm/java-1.8.0-openjdk-amd64/jre/lib/jce.jar:/usr/lib/jvm/java-1.8.0-openjdk-amd64/jre/lib/jsse.jar:/usr/lib/jvm/java-1.8.0-openjdk-amd64/jre/lib/management-agent.jar:/usr/lib/jvm/java-1.8.0-openjdk-amd64/jre/lib/resources.jar:/usr/lib/jvm/java-1.8.0-openjdk-amd64/jre/lib/rt.jar:/home/mart/IdeaProjects/silorex/out/production/silorex:/home/mart/IdeaProjects/silorex/lwjgl/lwjgl-natives-linux.jar:/home/mart/IdeaProjects/silorex/lwjgl/lwjgl-natives-macos.jar:/home/mart/IdeaProjects/silorex/lwjgl/lwjgl-natives-windows.jar:/home/mart/IdeaProjects/silorex/lwjgl/lwjgl.jar:/home/mart/IdeaProjects/silorex/lwjgl/lwjgl-opengl-natives-linux.jar:/home/mart/IdeaProjects/silorex/lwjgl/lwjgl-opengl-natives-macos.jar:/home/mart/IdeaProjects/silorex/lwjgl/lwjgl-opengl-natives-windows.jar:/home/mart/IdeaProjects/silorex/lwjgl/lwjgl-opengl.jar:/home/mart/IdeaProjects/silorex/lwjgl/lwjgl-glfw-natives-linux.jar:/home/mart/IdeaProjects/silorex/lwjgl/lwjgl-glfw-natives-macos.jar:/home/mart/IdeaProjects/silorex/lwjgl/lwjgl-glfw-natives-windows.jar:/home/mart/IdeaProjects/silorex/lwjgl/lwjgl-glfw.jar:/home/mart/IdeaProjects/silorex/lwjgl/lwjgl-opencl.jar:/opt/intellij/lib/idea_rt.jar
Launcher Type: SUN_STANDARD

Environment Variables:
PATH=/usr/local/bin:/usr/bin:/bin:/usr/local/games:/usr/games
USERNAME=mart
SHELL=/bin/bash
DISPLAY=:1

Signal Handlers:
SIGSEGV: [libjvm.so+0xaa6ae0], sa_mask[0]=11111111011111111101111111111110, sa_flags=SA_RESTART|SA_SIGINFO
SIGBUS: [libjvm.so+0xaa6ae0], sa_mask[0]=11111111011111111101111111111110, sa_flags=SA_RESTART|SA_SIGINFO
SIGFPE: [libjvm.so+0x8ddf00], sa_mask[0]=11111111011111111101111111111110, sa_flags=SA_RESTART|SA_SIGINFO
SIGPIPE: [libjvm.so+0x8ddf00], sa_mask[0]=11111111011111111101111111111110, sa_flags=SA_RESTART|SA_SIGINFO
SIGXFSZ: [libjvm.so+0x8ddf00], sa_mask[0]=11111111011111111101111111111110, sa_flags=SA_RESTART|SA_SIGINFO
SIGILL: [libjvm.so+0x8ddf00], sa_mask[0]=11111111011111111101111111111110, sa_flags=SA_RESTART|SA_SIGINFO
SIGUSR1: SIG_DFL, sa_mask[0]=00000000000000000000000000000000, sa_flags=none
SIGUSR2: [libjvm.so+0x8dddb0], sa_mask[0]=00100000000000000000000000000000, sa_flags=SA_RESTART|SA_SIGINFO
SIGHUP: [libjvm.so+0x8de260], sa_mask[0]=11111111011111111101111111111110, sa_flags=SA_RESTART|SA_SIGINFO
SIGINT: [libjvm.so+0x8de260], sa_mask[0]=11111111011111111101111111111110, sa_flags=SA_RESTART|SA_SIGINFO
SIGTERM: [libjvm.so+0x8de260], sa_mask[0]=11111111011111111101111111111110, sa_flags=SA_RESTART|SA_SIGINFO
SIGQUIT: [libjvm.so+0x8de260], sa_mask[0]=11111111011111111101111111111110, sa_flags=SA_RESTART|SA_SIGINFO


---------------  S Y S T E M  ---------------

OS:DISTRIB_ID=Kali
DISTRIB_RELEASE=kali-rolling
DISTRIB_CODENAME=kali-rolling
DISTRIB_DESCRIPTION="Kali GNU/Linux Rolling"

uname:Linux 4.14.0-kali1-amd64 #1 SMP Debian 4.14.2-1kali1 (2017-12-04) x86_64
libc:glibc 2.25 NPTL 2.25 
rlimit: STACK 8192k, CORE 0k, NPROC 63609, NOFILE 1048576, AS infinity
load average:1.70 1.83 1.65

/proc/meminfo:
MemTotal:       16383060 kB
MemFree:         6369608 kB
MemAvailable:    8710684 kB
Buffers:          377588 kB
Cached:          2289496 kB
SwapCached:            0 kB
Active:          7863896 kB
Inactive:        1595396 kB
Active(anon):    6793720 kB
Inactive(anon):   255112 kB
Active(file):    1070176 kB
Inactive(file):  1340284 kB
Unevictable:          16 kB
Mlocked:              16 kB
SwapTotal:      19530748 kB
SwapFree:       19530748 kB
Dirty:             11488 kB
Writeback:             0 kB
AnonPages:       5462468 kB
Mapped:           720716 kB
Shmem:            256640 kB
Slab:             338240 kB
SReclaimable:     268812 kB
SUnreclaim:        69428 kB
KernelStack:       16256 kB
PageTables:        54860 kB
NFS_Unstable:          0 kB
Bounce:                0 kB
WritebackTmp:          0 kB
CommitLimit:    27722276 kB
Committed_AS:   12779820 kB
VmallocTotal:   34359738367 kB
VmallocUsed:           0 kB
VmallocChunk:          0 kB
HardwareCorrupted:     0 kB
AnonHugePages:   2381824 kB
ShmemHugePages:        0 kB
ShmemPmdMapped:        0 kB
HugePages_Total:       0
HugePages_Free:        0
HugePages_Rsvd:        0
HugePages_Surp:        0
Hugepagesize:       2048 kB
DirectMap4k:      305588 kB
DirectMap2M:    11175936 kB
DirectMap1G:     5242880 kB


CPU:total 8 (initial active 8) (8 cores per cpu, 1 threads per core) family 21 model 2 stepping 0, cmov, cx8, fxsr, mmx, sse, sse2, sse3, ssse3, sse4.1, sse4.2, popcnt, avx, aes, clmul, mmxext, 3dnowpref, lzcnt, sse4a, tsc, tscinvbit, tscinv, bmi1

/proc/cpuinfo:
processor	: 0
vendor_id	: AuthenticAMD
cpu family	: 21
model		: 2
model name	: AMD FX(tm)-8320 Eight-Core Processor
stepping	: 0
microcode	: 0x600084f
cpu MHz		: 2300.000
cache size	: 2048 KB
physical id	: 0
siblings	: 8
core id		: 0
cpu cores	: 4
apicid		: 16
initial apicid	: 0
fpu		: yes
fpu_exception	: yes
cpuid level	: 13
wp		: yes
flags		: fpu vme de pse tsc msr pae mce cx8 apic sep mtrr pge mca cmov pat pse36 clflush mmx fxsr sse sse2 ht syscall nx mmxext fxsr_opt pdpe1gb rdtscp lm constant_tsc rep_good nopl nonstop_tsc cpuid extd_apicid aperfmperf pni pclmulqdq monitor ssse3 fma cx16 sse4_1 sse4_2 popcnt aes xsave avx f16c lahf_lm cmp_legacy svm extapic cr8_legacy abm sse4a misalignsse 3dnowprefetch osvw ibs xop skinit wdt lwp fma4 tce nodeid_msr tbm topoext perfctr_core perfctr_nb cpb hw_pstate vmmcall bmi1 arat npt lbrv svm_lock nrip_save tsc_scale vmcb_clean flushbyasid decodeassists pausefilter pfthreshold
bugs		: fxsave_leak sysret_ss_attrs null_seg
bogomips	: 7000.67
TLB size	: 1536 4K pages
clflush size	: 64
cache_alignment	: 64
address sizes	: 48 bits physical, 48 bits virtual
power management: ts ttp tm 100mhzsteps hwpstate cpb eff_freq_ro

processor	: 1
vendor_id	: AuthenticAMD
cpu family	: 21
model		: 2
model name	: AMD FX(tm)-8320 Eight-Core Processor
stepping	: 0
microcode	: 0x600084f
cpu MHz		: 1700.000
cache size	: 2048 KB
physical id	: 0
siblings	: 8
core id		: 1
cpu cores	: 4
apicid		: 17
initial apicid	: 1
fpu		: yes
fpu_exception	: yes
cpuid level	: 13
wp		: yes
flags		: fpu vme de pse tsc msr pae mce cx8 apic sep mtrr pge mca cmov pat pse36 clflush mmx fxsr sse sse2 ht syscall nx mmxext fxsr_opt pdpe1gb rdtscp lm constant_tsc rep_good nopl nonstop_tsc cpuid extd_apicid aperfmperf pni pclmulqdq monitor ssse3 fma cx16 sse4_1 sse4_2 popcnt aes xsave avx f16c lahf_lm cmp_legacy svm extapic cr8_legacy abm sse4a misalignsse 3dnowprefetch osvw ibs xop skinit wdt lwp fma4 tce nodeid_msr tbm topoext perfctr_core perfctr_nb cpb hw_pstate vmmcall bmi1 arat npt lbrv svm_lock nrip_save tsc_scale vmcb_clean flushbyasid decodeassists pausefilter pfthreshold
bugs		: fxsave_leak sysret_ss_attrs null_seg
bogomips	: 7000.67
TLB size	: 1536 4K pages
clflush size	: 64
cache_alignment	: 64
address sizes	: 48 bits physical, 48 bits virtual
power management: ts ttp tm 100mhzsteps hwpstate cpb eff_freq_ro

processor	: 2
vendor_id	: AuthenticAMD
cpu family	: 21
model		: 2
model name	: AMD FX(tm)-8320 Eight-Core Processor
stepping	: 0
microcode	: 0x600084f
cpu MHz		: 2300.000
cache size	: 2048 KB
physical id	: 0
siblings	: 8
core id		: 2
cpu cores	: 4
apicid		: 18
initial apicid	: 2
fpu		: yes
fpu_exception	: yes
cpuid level	: 13
wp		: yes
flags		: fpu vme de pse tsc msr pae mce cx8 apic sep mtrr pge mca cmov pat pse36 clflush mmx fxsr sse sse2 ht syscall nx mmxext fxsr_opt pdpe1gb rdtscp lm constant_tsc rep_good nopl nonstop_tsc cpuid extd_apicid aperfmperf pni pclmulqdq monitor ssse3 fma cx16 sse4_1 sse4_2 popcnt aes xsave avx f16c lahf_lm cmp_legacy svm extapic cr8_legacy abm sse4a misalignsse 3dnowprefetch osvw ibs xop skinit wdt lwp fma4 tce nodeid_msr tbm topoext perfctr_core perfctr_nb cpb hw_pstate vmmcall bmi1 arat npt lbrv svm_lock nrip_save tsc_scale vmcb_clean flushbyasid decodeassists pausefilter pfthreshold
bugs		: fxsave_leak sysret_ss_attrs null_seg
bogomips	: 7000.67
TLB size	: 1536 4K pages
clflush size	: 64
cache_alignment	: 64
address sizes	: 48 bits physical, 48 bits virtual
power management: ts ttp tm 100mhzsteps hwpstate cpb eff_freq_ro

processor	: 3
vendor_id	: AuthenticAMD
cpu family	: 21
model		: 2
model name	: AMD FX(tm)-8320 Eight-Core Processor
stepping	: 0
microcode	: 0x600084f
cpu MHz		: 3500.000
cache size	: 2048 KB
physical id	: 0
siblings	: 8
core id		: 3
cpu cores	: 4
apicid		: 19
initial apicid	: 3
fpu		: yes
fpu_exception	: yes
cpuid level	: 13
wp		: yes
flags		: fpu vme de pse tsc msr pae mce cx8 apic sep mtrr pge mca cmov pat pse36 clflush mmx fxsr sse sse2 ht syscall nx mmxext fxsr_opt pdpe1gb rdtscp lm constant_tsc rep_good nopl nonstop_tsc cpuid extd_apicid aperfmperf pni pclmulqdq monitor ssse3 fma cx16 sse4_1 sse4_2 popcnt aes xsave avx f16c lahf_lm cmp_legacy svm extapic cr8_legacy abm sse4a misalignsse 3dnowprefetch osvw ibs xop skinit wdt lwp fma4 tce nodeid_msr tbm topoext perfctr_core perfctr_nb cpb hw_pstate vmmcall bmi1 arat npt lbrv svm_lock nrip_save tsc_scale vmcb_clean flushbyasid decodeassists pausefilter pfthreshold
bugs		: fxsave_leak sysret_ss_attrs null_seg
bogomips	: 7000.67
TLB size	: 1536 4K pages
clflush size	: 64
cache_alignment	: 64
address sizes	: 48 bits physical, 48 bits virtual
power management: ts ttp tm 100mhzsteps hwpstate cpb eff_freq_ro

processor	: 4
vendor_id	: AuthenticAMD
cpu family	: 21
model		: 2
model name	: AMD FX(tm)-8320 Eight-Core Processor
stepping	: 0
microcode	: 0x600084f
cpu MHz		: 3500.000
cache size	: 2048 KB
physical id	: 0
siblings	: 8
core id		: 4
cpu cores	: 4
apicid		: 20
initial apicid	: 4
fpu		: yes
fpu_exception	: yes
cpuid level	: 13
wp		: yes
flags		: fpu vme de pse tsc msr pae mce cx8 apic sep mtrr pge mca cmov pat pse36 clflush mmx fxsr sse sse2 ht syscall nx mmxext fxsr_opt pdpe1gb rdtscp lm constant_tsc rep_good nopl nonstop_tsc cpuid extd_apicid aperfmperf pni pclmulqdq monitor ssse3 fma cx16 sse4_1 sse4_2 popcnt aes xsave avx f16c lahf_lm cmp_legacy svm extapic cr8_legacy abm sse4a misalignsse 3dnowprefetch osvw ibs xop skinit wdt lwp fma4 tce nodeid_msr tbm topoext perfctr_core perfctr_nb cpb hw_pstate vmmcall bmi1 arat npt lbrv svm_lock nrip_save tsc_scale vmcb_clean flushbyasid decodeassists pausefilter pfthreshold
bugs		: fxsave_leak sysret_ss_attrs null_seg
bogomips	: 7000.67
TLB size	: 1536 4K pages
clflush size	: 64
cache_alignment	: 64
address sizes	: 48 bits physical, 48 bits virtual
power management: ts ttp tm 100mhzsteps hwpstate cpb eff_freq_ro

processor	: 5
vendor_id	: AuthenticAMD
cpu family	: 21
model		: 2
model name	: AMD FX(tm)-8320 Eight-Core Processor
stepping	: 0
microcode	: 0x600084f
cpu MHz		: 2300.000
cache size	: 2048 KB
physical id	: 0
siblings	: 8
core id		: 5
cpu cores	: 4
apicid		: 21
initial apicid	: 5
fpu		: yes
fpu_exception	: yes
cpuid level	: 13
wp		: yes
flags		: fpu vme de pse tsc msr pae mce cx8 apic sep mtrr pge mca cmov pat pse36 clflush mmx fxsr sse sse2 ht syscall nx mmxext fxsr_opt pdpe1gb rdtscp lm constant_tsc rep_good nopl nonstop_tsc cpuid extd_apicid aperfmperf pni pclmulqdq monitor ssse3 fma cx16 sse4_1 sse4_2 popcnt aes xsave avx f16c lahf_lm cmp_legacy svm extapic cr8_legacy abm sse4a misalignsse 3dnowprefetch osvw ibs xop skinit wdt lwp fma4 tce nodeid_msr tbm topoext perfctr_core perfctr_nb cpb hw_pstate vmmcall bmi1 arat npt lbrv svm_lock nrip_save tsc_scale vmcb_clean flushbyasid decodeassists pausefilter pfthreshold
bugs		: fxsave_leak sysret_ss_attrs null_seg
bogomips	: 7000.67
TLB size	: 1536 4K pages
clflush size	: 64
cache_alignment	: 64
address sizes	: 48 bits physical, 48 bits virtual
power management: ts ttp tm 100mhzsteps hwpstate cpb eff_freq_ro

processor	: 6
vendor_id	: AuthenticAMD
cpu family	: 21
model		: 2
model name	: AMD FX(tm)-8320 Eight-Core Processor
stepping	: 0
microcode	: 0x600084f
cpu MHz		: 1400.000
cache size	: 2048 KB
physical id	: 0
siblings	: 8
core id		: 6
cpu cores	: 4
apicid		: 22
initial apicid	: 6
fpu		: yes
fpu_exception	: yes
cpuid level	: 13
wp		: yes
flags		: fpu vme de pse tsc msr pae mce cx8 apic sep mtrr pge mca cmov pat pse36 clflush mmx fxsr sse sse2 ht syscall nx mmxext fxsr_opt pdpe1gb rdtscp lm constant_tsc rep_good nopl nonstop_tsc cpuid extd_apicid aperfmperf pni pclmulqdq monitor ssse3 fma cx16 sse4_1 sse4_2 popcnt aes xsave avx f16c lahf_lm cmp_legacy svm extapic cr8_legacy abm sse4a misalignsse 3dnowprefetch osvw ibs xop skinit wdt lwp fma4 tce nodeid_msr tbm topoext perfctr_core perfctr_nb cpb hw_pstate vmmcall bmi1 arat npt lbrv svm_lock nrip_save tsc_scale vmcb_clean flushbyasid decodeassists pausefilter pfthreshold
bugs		: fxsave_leak sysret_ss_attrs null_seg
bogomips	: 7000.67
TLB size	: 1536 4K pages
clflush size	: 64
cache_alignment	: 64
address sizes	: 48 bits physical, 48 bits virtual
power management: ts ttp tm 100mhzsteps hwpstate cpb eff_freq_ro

processor	: 7
vendor_id	: AuthenticAMD
cpu family	: 21
model		: 2
model name	: AMD FX(tm)-8320 Eight-Core Processor
stepping	: 0
microcode	: 0x600084f
cpu MHz		: 1700.000
cache size	: 2048 KB
physical id	: 0
siblings	: 8
core id		: 7
cpu cores	: 4
apicid		: 23
initial apicid	: 7
fpu		: yes
fpu_exception	: yes
cpuid level	: 13
wp		: yes
flags		: fpu vme de pse tsc msr pae mce cx8 apic sep mtrr pge mca cmov pat pse36 clflush mmx fxsr sse sse2 ht syscall nx mmxext fxsr_opt pdpe1gb rdtscp lm constant_tsc rep_good nopl nonstop_tsc cpuid extd_apicid aperfmperf pni pclmulqdq monitor ssse3 fma cx16 sse4_1 sse4_2 popcnt aes xsave avx f16c lahf_lm cmp_legacy svm extapic cr8_legacy abm sse4a misalignsse 3dnowprefetch osvw ibs xop skinit wdt lwp fma4 tce nodeid_msr tbm topoext perfctr_core perfctr_nb cpb hw_pstate vmmcall bmi1 arat npt lbrv svm_lock nrip_save tsc_scale vmcb_clean flushbyasid decodeassists pausefilter pfthreshold
bugs		: fxsave_leak sysret_ss_attrs null_seg
bogomips	: 7000.67
TLB size	: 1536 4K pages
clflush size	: 64
cache_alignment	: 64
address sizes	: 48 bits physical, 48 bits virtual
power management: ts ttp tm 100mhzsteps hwpstate cpb eff_freq_ro



Memory: 4k page, physical 16383060k(6369608k free), swap 19530748k(19530748k free)

vm_info: OpenJDK 64-Bit Server VM (25.151-b12) for linux-amd64 JRE (1.8.0_151-8u151-b12-1-b12), built on Nov  1 2017 06:12:56 by "buildd" with gcc 7.2.1 20171025

time: Sat Jan  6 22:29:52 2018
elapsed time: 0 seconds (0d 0h 0m 0s)

