#
# A fatal error has been detected by the Java Runtime Environment:
#
#  SIGSEGV (0xb) at pc=0x00007f0fb96c703c, pid=7341, tid=0x00007f102dbe5700
#
# JRE version: OpenJDK Runtime Environment (8.0_151-b12) (build 1.8.0_151-8u151-b12-1-b12)
# Java VM: OpenJDK 64-Bit Server VM (25.151-b12 mixed mode linux-amd64 compressed oops)
# Problematic frame:
# C  [liblwjgl_opengl.so+0x4f03c]  Java_org_lwjgl_opengl_ARBVertexArrayObject_nglGenVertexArrays__IJ+0xc
#
# Failed to write core dump. Core dumps have been disabled. To enable core dumping, try "ulimit -c unlimited" before starting Java again
#
# If you would like to submit a bug report, please visit:
#   http://bugreport.java.com/bugreport/crash.jsp
# The crash happened outside the Java Virtual Machine in native code.
# See problematic frame for where to report the bug.
#

---------------  T H R E A D  ---------------

Current thread (0x00007f102400b800):  JavaThread "main" [_thread_in_native, id=7350, stack(0x00007f102dae5000,0x00007f102dbe6000)]

siginfo: si_signo: 11 (SIGSEGV), si_code: 1 (SEGV_MAPERR), si_addr: 0x0000000000000f70

Registers:
RAX=0x0000000000000000, RBX=0x00007f1014d5cfb0, RCX=0x00007f102444c52c, RDX=0x0000000000000001
RSP=0x00007f102dbe47c8, RBP=0x00007f102dbe4828, RSI=0x00007f102444c52c, RDI=0x0000000000000001
R8 =0x00007f1014d5cfb0, R9 =0x0000000000000004, R10=0x00007f1015017108, R11=0x00007f102c8181e0
R12=0x0000000000000000, R13=0x00007f1014d5cfb0, R14=0x00007f102dbe4858, R15=0x00007f102400b800
RIP=0x00007f0fb96c703c, EFLAGS=0x0000000000010287, CSGSFS=0x002b000000000033, ERR=0x0000000000000004
  TRAPNO=0x000000000000000e

Top of Stack: (sp=0x00007f102dbe47c8)
0x00007f102dbe47c8:   00007f1015017134 00007f102dbe4828
0x00007f102dbe47d8:   00007f1015016ec7 00007f1015016e82
0x00007f102dbe47e8:   00007f102dbe47e8 00007f1014d5cfb0
0x00007f102dbe47f8:   00007f102dbe4858 00007f1014d5d580
0x00007f102dbe4808:   0000000000000000 00007f1014d5cfb0
0x00007f102dbe4818:   0000000000000000 00007f102dbe4848
0x00007f102dbe4828:   00007f102dbe48a0 00007f1015007ffd
0x00007f102dbe4838:   000000076d56c310 00007f1015011278
0x00007f102dbe4848:   00007f102444c52c 000000076d5c3088
0x00007f102dbe4858:   0000000000000001 00007f102dbe4860
0x00007f102dbe4868:   00007f1014d5d124 00007f102dbe48d0
0x00007f102dbe4878:   00007f1014d5d580 0000000000000000
0x00007f102dbe4888:   00007f1014d5d190 00007f102dbe4848
0x00007f102dbe4898:   00007f102dbe48d8 00007f102dbe4918
0x00007f102dbe48a8:   00007f1015007a40 0000000000000000
0x00007f102dbe48b8:   0000000000000000 000000076d5c3088
0x00007f102dbe48c8:   0000000000010000 000000076d1a08f0
0x00007f102dbe48d8:   00007f102dbe48d8 00007f1014d5b780
0x00007f102dbe48e8:   00007f102dbe4930 00007f1014d5bb30
0x00007f102dbe48f8:   0000000000000000 00007f1014d5b7b8
0x00007f102dbe4908:   00007f102dbe48d8 00007f102dbe4930
0x00007f102dbe4918:   00007f102dbe4978 00007f1015007a40
0x00007f102dbe4928:   0000000000000000 000000076d55d720
0x00007f102dbe4938:   00007f102dbe4938 00007f1014d5b589
0x00007f102dbe4948:   00007f102dbe4998 00007f1014d5bb30
0x00007f102dbe4958:   0000000000000000 00007f1014d5b5d8
0x00007f102dbe4968:   00007f102dbe4930 00007f102dbe4990
0x00007f102dbe4978:   00007f102dbe49e0 00007f1015007d80
0x00007f102dbe4988:   0000000000000000 000000076d560e60
0x00007f102dbe4998:   000000076d55d720 00007f102dbe49a0
0x00007f102dbe49a8:   00007f1014c02d0b 00007f102dbe49f8
0x00007f102dbe49b8:   00007f1014c03028 0000000000000000 

Instructions: (pc=0x00007f0fb96c703c)
0x00007f0fb96c701c:   78 1c 00 00 ff e0 66 66 66 66 66 2e 0f 1f 84 00
0x00007f0fb96c702c:   00 00 00 00 48 8b 07 48 89 ce 89 d7 48 8b 40 18
0x00007f0fb96c703c:   48 8b 80 70 0f 00 00 ff e0 66 66 2e 0f 1f 84 00
0x00007f0fb96c704c:   00 00 00 00 48 8b 07 48 89 ce 89 d7 48 8b 40 18 

Register to memory mapping:

RAX=0x0000000000000000 is an unknown value
RBX={method} {0x00007f1014d5cfb0} 'nglGenVertexArrays' '(IJ)V' in 'org/lwjgl/opengl/ARBVertexArrayObject'
RCX=0x00007f102444c52c is an unknown value
RDX=0x0000000000000001 is an unknown value
RSP=0x00007f102dbe47c8 is pointing into the stack for thread: 0x00007f102400b800
RBP=0x00007f102dbe4828 is pointing into the stack for thread: 0x00007f102400b800
RSI=0x00007f102444c52c is an unknown value
RDI=0x0000000000000001 is an unknown value
R8 ={method} {0x00007f1014d5cfb0} 'nglGenVertexArrays' '(IJ)V' in 'org/lwjgl/opengl/ARBVertexArrayObject'
R9 =0x0000000000000004 is an unknown value
R10=0x00007f1015017108 is at code_begin+808 in an Interpreter codelet
method entry point (kind = native)  [0x00007f1015016de0, 0x00007f10150176e0]  2304 bytes
R11=0x00007f102c8181e0: <offset 0x9901e0> in /usr/lib/jvm/java-8-openjdk-amd64/jre/lib/amd64/server/libjvm.so at 0x00007f102be88000
R12=0x0000000000000000 is an unknown value
R13={method} {0x00007f1014d5cfb0} 'nglGenVertexArrays' '(IJ)V' in 'org/lwjgl/opengl/ARBVertexArrayObject'
R14=0x00007f102dbe4858 is pointing into the stack for thread: 0x00007f102400b800
R15=0x00007f102400b800 is a thread


Stack: [0x00007f102dae5000,0x00007f102dbe6000],  sp=0x00007f102dbe47c8,  free space=1021k
Native frames: (J=compiled Java code, j=interpreted, Vv=VM code, C=native code)
C  [liblwjgl_opengl.so+0x4f03c]  Java_org_lwjgl_opengl_ARBVertexArrayObject_nglGenVertexArrays__IJ+0xc
j  org.lwjgl.opengl.ARBVertexArrayObject.glGenVertexArrays()I+20
j  RenderEngine.Loader.createVAO()I+0
j  RenderEngine.Loader.loadToVAO([F)LRenderEngine/RawModel;+1
j  Engine.Main.main([Ljava/lang/String;)V+131
v  ~StubRoutines::call_stub
V  [libjvm.so+0x67b49b]
V  [libjvm.so+0x69f617]
V  [libjvm.so+0x6a1fd3]
C  [libjli.so+0x3726]
C  [libjli.so+0x76dd]
C  [libpthread.so.0+0x7519]  start_thread+0xd9

Java frames: (J=compiled Java code, j=interpreted, Vv=VM code)
j  org.lwjgl.opengl.ARBVertexArrayObject.nglGenVertexArrays(IJ)V+0
j  org.lwjgl.opengl.ARBVertexArrayObject.glGenVertexArrays()I+20
j  RenderEngine.Loader.createVAO()I+0
j  RenderEngine.Loader.loadToVAO([F)LRenderEngine/RawModel;+1
j  Engine.Main.main([Ljava/lang/String;)V+131
v  ~StubRoutines::call_stub

---------------  P R O C E S S  ---------------

Java Threads: ( => current thread )
  0x00007f1024388000 JavaThread "Service Thread" daemon [_thread_blocked, id=7379, stack(0x00007f0ff5dff000,0x00007f0ff5f00000)]
  0x00007f1024369000 JavaThread "C1 CompilerThread3" daemon [_thread_blocked, id=7378, stack(0x00007f0ff611d000,0x00007f0ff621e000)]
  0x00007f1024367000 JavaThread "C2 CompilerThread2" daemon [_thread_blocked, id=7377, stack(0x00007f0ff621e000,0x00007f0ff631f000)]
  0x00007f1024364800 JavaThread "C2 CompilerThread1" daemon [_thread_blocked, id=7376, stack(0x00007f0ff631f000,0x00007f0ff6420000)]
  0x00007f1024362800 JavaThread "C2 CompilerThread0" daemon [_thread_blocked, id=7375, stack(0x00007f0ff6420000,0x00007f0ff6521000)]
  0x00007f1024361000 JavaThread "Monitor Ctrl-Break" daemon [_thread_in_native, id=7374, stack(0x00007f0ff6521000,0x00007f0ff6622000)]
  0x00007f1024200000 JavaThread "Signal Dispatcher" daemon [_thread_blocked, id=7373, stack(0x00007f0ff66b7000,0x00007f0ff67b8000)]
  0x00007f10241d4800 JavaThread "Finalizer" daemon [_thread_blocked, id=7365, stack(0x00007f0ff68e9000,0x00007f0ff69ea000)]
  0x00007f10241d0000 JavaThread "Reference Handler" daemon [_thread_blocked, id=7364, stack(0x00007f0ff69ea000,0x00007f0ff6aeb000)]
=>0x00007f102400b800 JavaThread "main" [_thread_in_native, id=7350, stack(0x00007f102dae5000,0x00007f102dbe6000)]

Other Threads:
  0x00007f10241c8800 VMThread [stack: 0x00007f0ff6aeb000,0x00007f0ff6bec000] [id=7361]
  0x00007f102438a800 WatcherThread [stack: 0x00007f0ff5cfe000,0x00007f0ff5dff000] [id=7380]

VM state:not at safepoint (normal execution)

VM Mutex/Monitor currently owned by a thread: None

Heap:
 PSYoungGen      total 74752K, used 11637K [0x000000076cb00000, 0x0000000771e00000, 0x00000007c0000000)
  eden space 64512K, 18% used [0x000000076cb00000,0x000000076d65d5c8,0x0000000770a00000)
  from space 10240K, 0% used [0x0000000771400000,0x0000000771400000,0x0000000771e00000)
  to   space 10240K, 0% used [0x0000000770a00000,0x0000000770a00000,0x0000000771400000)
 ParOldGen       total 171008K, used 0K [0x00000006c6000000, 0x00000006d0700000, 0x000000076cb00000)
  object space 171008K, 0% used [0x00000006c6000000,0x00000006c6000000,0x00000006d0700000)
 Metaspace       used 6100K, capacity 6280K, committed 6400K, reserved 1056768K
  class space    used 660K, capacity 738K, committed 768K, reserved 1048576K

Card table byte_map: [0x00007f102978f000,0x00007f1029f60000] byte_map_base: 0x00007f102615f000

Marking Bits: (ParMarkBitMap*) 0x00007f102cde10e0
 Begin Bits: [0x00007f0fe8300000, 0x00007f0fec180000)
 End Bits:   [0x00007f0fec180000, 0x00007f0ff0000000)

Polling page: 0x00007f102dc25000

CodeCache: size=245760Kb used=2220Kb max_used=2220Kb free=243540Kb
 bounds [0x00007f1015000000, 0x00007f1015270000, 0x00007f1024000000]
 total_blobs=1161 nmethods=451 adapters=626
 compilation: enabled

Compilation events (10 events):
Event: 0.608 Thread 0x00007f1024369000 nmethod 445 0x00007f1015229690 code [0x00007f1015229800, 0x00007f10152299b0]
Event: 0.610 Thread 0x00007f1024369000  446       3       java.nio.Buffer::limit (62 bytes)
Event: 0.610 Thread 0x00007f1024369000 nmethod 446 0x00007f1015229a50 code [0x00007f1015229bc0, 0x00007f1015229ec8]
Event: 0.616 Thread 0x00007f1024369000  449       1       java.util.Formatter$Flags::valueOf (5 bytes)
Event: 0.617 Thread 0x00007f1024369000 nmethod 449 0x00007f1015229f90 code [0x00007f101522a0e0, 0x00007f101522a1f0]
Event: 0.617 Thread 0x00007f1024369000  451       3       java.util.WeakHashMap::hash (28 bytes)
Event: 0.617 Thread 0x00007f1024369000 nmethod 451 0x00007f101522a250 code [0x00007f101522a3c0, 0x00007f101522a608]
Event: 0.617 Thread 0x00007f1024369000  447       3       sun.misc.SharedSecrets::getJavaLangAccess (4 bytes)
Event: 0.617 Thread 0x00007f1024369000 nmethod 447 0x00007f101522a6d0 code [0x00007f101522a820, 0x00007f101522a970]
Event: 0.617 Thread 0x00007f1024369000  448       3       java.util.zip.CRC32::update (51 bytes)

GC Heap History (0 events):
No events

Deoptimization events (1 events):
Event: 0.278 Thread 0x00007f102400b800 Uncommon trap: reason=unstable_if action=reinterpret pc=0x00007f10151b208c method=java.lang.String.replace(CC)Ljava/lang/String; @ 26

Internal exceptions (10 events):
Event: 0.168 Thread 0x00007f102400b800 Exception <a 'java/lang/NoSuchMethodError': java.lang.Object.lambda$static$0(Ljava/lang/String;)Ljava/lang/Boolean;> (0x000000076d045568) thrown at [/build/openjdk-8-O5BLDv/openjdk-8-8u151-b12/src/hotspot/src/share/vm/interpreter/linkResolver.cpp, line 61
Event: 0.190 Thread 0x00007f102400b800 Exception <a 'java/lang/NoSuchFieldError': method resolution failed> (0x000000076d0c7ad8) thrown at [/build/openjdk-8-O5BLDv/openjdk-8-8u151-b12/src/hotspot/src/share/vm/prims/methodHandles.cpp, line 1146]
Event: 0.192 Thread 0x00007f102400b800 Exception <a 'java/lang/NoSuchFieldError': method resolution failed> (0x000000076d0d5950) thrown at [/build/openjdk-8-O5BLDv/openjdk-8-8u151-b12/src/hotspot/src/share/vm/prims/methodHandles.cpp, line 1146]
Event: 0.254 Thread 0x00007f102400b800 Exception <a 'java/security/PrivilegedActionException'> (0x000000076d2dabd0) thrown at [/build/openjdk-8-O5BLDv/openjdk-8-8u151-b12/src/hotspot/src/share/vm/prims/jvm.cpp, line 1390]
Event: 0.254 Thread 0x00007f102400b800 Exception <a 'java/security/PrivilegedActionException'> (0x000000076d2dade0) thrown at [/build/openjdk-8-O5BLDv/openjdk-8-8u151-b12/src/hotspot/src/share/vm/prims/jvm.cpp, line 1390]
Event: 0.255 Thread 0x00007f102400b800 Exception <a 'java/security/PrivilegedActionException'> (0x000000076d2dd050) thrown at [/build/openjdk-8-O5BLDv/openjdk-8-8u151-b12/src/hotspot/src/share/vm/prims/jvm.cpp, line 1390]
Event: 0.255 Thread 0x00007f102400b800 Exception <a 'java/security/PrivilegedActionException'> (0x000000076d2dd260) thrown at [/build/openjdk-8-O5BLDv/openjdk-8-8u151-b12/src/hotspot/src/share/vm/prims/jvm.cpp, line 1390]
Event: 0.255 Thread 0x00007f102400b800 Exception <a 'java/security/PrivilegedActionException'> (0x000000076d2ddf20) thrown at [/build/openjdk-8-O5BLDv/openjdk-8-8u151-b12/src/hotspot/src/share/vm/prims/jvm.cpp, line 1390]
Event: 0.255 Thread 0x00007f102400b800 Exception <a 'java/security/PrivilegedActionException'> (0x000000076d2de130) thrown at [/build/openjdk-8-O5BLDv/openjdk-8-8u151-b12/src/hotspot/src/share/vm/prims/jvm.cpp, line 1390]
Event: 0.615 Thread 0x00007f102400b800 Exception <a 'sun/nio/fs/UnixException'> (0x000000076d5b01d0) thrown at [/build/openjdk-8-O5BLDv/openjdk-8-8u151-b12/src/hotspot/src/share/vm/prims/jni.cpp, line 709]

Events (10 events):
Event: 0.615 loading class java/nio/file/NoSuchFileException
Event: 0.615 loading class java/nio/file/FileSystemException
Event: 0.615 loading class java/nio/file/FileSystemException done
Event: 0.615 loading class java/nio/file/NoSuchFileException done
Event: 0.616 loading class org/lwjgl/opengl/GL$2
Event: 0.616 loading class org/lwjgl/opengl/GL$2 done
Event: 0.616 loading class org/lwjgl/opengl/GL$SharedLibraryGL
Event: 0.616 loading class org/lwjgl/opengl/GL$SharedLibraryGL done
Event: 0.616 loading class org/lwjgl/system/SharedLibrary$Delegate
Event: 0.616 loading class org/lwjgl/system/SharedLibrary$Delegate done


Dynamic libraries:
40e10000-40e12000 r-xs 00000000 08:12 33                                 /tmp/.glHzHOk2 (deleted)
40eb4000-40f55000 rw-p 00000000 00:00 0 
6c6000000-6d0700000 rw-p 00000000 00:00 0 
6d0700000-76cb00000 ---p 00000000 00:00 0 
76cb00000-771e00000 rw-p 00000000 00:00 0 
771e00000-7c0000000 ---p 00000000 00:00 0 
7c0000000-7c00c0000 rw-p 00000000 00:00 0 
7c00c0000-800000000 ---p 00000000 00:00 0 
562f3b0d4000-562f3b0d5000 r-xp 00000000 08:02 6162004                    /usr/lib/jvm/java-8-openjdk-amd64/jre/bin/java
562f3b2d4000-562f3b2d5000 r--p 00000000 08:02 6162004                    /usr/lib/jvm/java-8-openjdk-amd64/jre/bin/java
562f3b2d5000-562f3b2d6000 rw-p 00001000 08:02 6162004                    /usr/lib/jvm/java-8-openjdk-amd64/jre/bin/java
562f3c218000-562f3c239000 rw-p 00000000 00:00 0                          [heap]
7f0fb4000000-7f0fb4021000 rw-p 00000000 00:00 0 
7f0fb4021000-7f0fb8000000 ---p 00000000 00:00 0 
7f0fb9678000-7f0fb96e3000 r-xp 00000000 08:12 390920                     /tmp/lwjglmart/3.1.4-build-8/liblwjgl_opengl.so
7f0fb96e3000-7f0fb98e2000 ---p 0006b000 08:12 390920                     /tmp/lwjglmart/3.1.4-build-8/liblwjgl_opengl.so
7f0fb98e2000-7f0fb98e3000 r--p 0006a000 08:12 390920                     /tmp/lwjglmart/3.1.4-build-8/liblwjgl_opengl.so
7f0fb98e3000-7f0fb98e4000 rw-p 0006b000 08:12 390920                     /tmp/lwjglmart/3.1.4-build-8/liblwjgl_opengl.so
7f0fb98e8000-7f0fb9968000 rw-s 00000000 00:06 17890                      /dev/nvidiactl
7f0fb9968000-7f0fb99e8000 rw-s 00000000 00:06 17890                      /dev/nvidiactl
7f0fb99e8000-7f0fb9ae8000 rw-s 00000000 00:06 17890                      /dev/nvidiactl
7f0fb9ae8000-7f0fb9bed000 rw-s 00000000 00:06 17890                      /dev/nvidiactl
7f0fb9bf0000-7f0fbb08d000 r-xp 00000000 08:02 5521144                    /usr/lib/x86_64-linux-gnu/libnvidia-glcore.so.384.98
7f0fbb08d000-7f0fbb0ae000 rwxp 0149d000 08:02 5521144                    /usr/lib/x86_64-linux-gnu/libnvidia-glcore.so.384.98
7f0fbb0ae000-7f0fbb490000 r-xp 014be000 08:02 5521144                    /usr/lib/x86_64-linux-gnu/libnvidia-glcore.so.384.98
7f0fbb490000-7f0fbb690000 ---p 018a0000 08:02 5521144                    /usr/lib/x86_64-linux-gnu/libnvidia-glcore.so.384.98
7f0fbb690000-7f0fbba93000 rw-p 018a0000 08:02 5521144                    /usr/lib/x86_64-linux-gnu/libnvidia-glcore.so.384.98
7f0fbba93000-7f0fbbaac000 rw-p 00000000 00:00 0 
7f0fbbab0000-7f0fbbab3000 r-xp 00000000 08:02 5521309                    /usr/lib/x86_64-linux-gnu/tls/libnvidia-tls.so.384.98
7f0fbbab3000-7f0fbbcb3000 ---p 00003000 08:02 5521309                    /usr/lib/x86_64-linux-gnu/tls/libnvidia-tls.so.384.98
7f0fbbcb3000-7f0fbbcb4000 rw-p 00003000 08:02 5521309                    /usr/lib/x86_64-linux-gnu/tls/libnvidia-tls.so.384.98
7f0fbbcb8000-7f0fbbd83000 r-xp 00000000 08:02 5521310                    /usr/lib/x86_64-linux-gnu/nvidia/current/libGLX_nvidia.so.384.98
7f0fbbd83000-7f0fbbdb7000 rwxp 000cb000 08:02 5521310                    /usr/lib/x86_64-linux-gnu/nvidia/current/libGLX_nvidia.so.384.98
7f0fbbdb7000-7f0fbbdcb000 r-xp 000ff000 08:02 5521310                    /usr/lib/x86_64-linux-gnu/nvidia/current/libGLX_nvidia.so.384.98
7f0fbbdcb000-7f0fbbfca000 ---p 00113000 08:02 5521310                    /usr/lib/x86_64-linux-gnu/nvidia/current/libGLX_nvidia.so.384.98
7f0fbbfca000-7f0fbbff3000 rw-p 00112000 08:02 5521310                    /usr/lib/x86_64-linux-gnu/nvidia/current/libGLX_nvidia.so.384.98
7f0fbbff3000-7f0fbbffa000 rw-p 00000000 00:00 0 
7f0fbc000000-7f0fbc021000 rw-p 00000000 00:00 0 
7f0fbc021000-7f0fc0000000 ---p 00000000 00:00 0 
7f0fc0058000-7f0fc009a000 r-xp 00000000 08:02 5509326                    /usr/lib/x86_64-linux-gnu/libGLdispatch.so.0.0.0
7f0fc009a000-7f0fc00b3000 r-xp 00042000 08:02 5509326                    /usr/lib/x86_64-linux-gnu/libGLdispatch.so.0.0.0
7f0fc00b3000-7f0fc00c6000 r-xp 0005b000 08:02 5509326                    /usr/lib/x86_64-linux-gnu/libGLdispatch.so.0.0.0
7f0fc00c6000-7f0fc02c5000 ---p 0006e000 08:02 5509326                    /usr/lib/x86_64-linux-gnu/libGLdispatch.so.0.0.0
7f0fc02c5000-7f0fc02ed000 r--p 0006d000 08:02 5509326                    /usr/lib/x86_64-linux-gnu/libGLdispatch.so.0.0.0
7f0fc02ed000-7f0fc02ee000 rw-p 00095000 08:02 5509326                    /usr/lib/x86_64-linux-gnu/libGLdispatch.so.0.0.0
7f0fc02ee000-7f0fc030e000 rw-p 00000000 00:00 0 
7f0fc0310000-7f0fc0320000 r-xp 00000000 08:02 5509319                    /usr/lib/x86_64-linux-gnu/libGLX.so.0.0.0
7f0fc0320000-7f0fc051f000 ---p 00010000 08:02 5509319                    /usr/lib/x86_64-linux-gnu/libGLX.so.0.0.0
7f0fc051f000-7f0fc0520000 r--p 0000f000 08:02 5509319                    /usr/lib/x86_64-linux-gnu/libGLX.so.0.0.0
7f0fc0520000-7f0fc0521000 rw-p 00010000 08:02 5509319                    /usr/lib/x86_64-linux-gnu/libGLX.so.0.0.0
7f0fc0521000-7f0fc0541000 rw-p 00000000 00:00 0 
7f0fc0548000-7f0fc058c000 r-xp 00000000 08:02 5509294                    /usr/lib/mesa-diverted/x86_64-linux-gnu/libGL.so.1.0.0
7f0fc058c000-7f0fc05a5000 r-xp 00044000 08:02 5509294                    /usr/lib/mesa-diverted/x86_64-linux-gnu/libGL.so.1.0.0
7f0fc05a5000-7f0fc05b9000 r-xp 0005d000 08:02 5509294                    /usr/lib/mesa-diverted/x86_64-linux-gnu/libGL.so.1.0.0
7f0fc05b9000-7f0fc07b8000 ---p 00071000 08:02 5509294                    /usr/lib/mesa-diverted/x86_64-linux-gnu/libGL.so.1.0.0
7f0fc07b8000-7f0fc07d2000 r--p 00070000 08:02 5509294                    /usr/lib/mesa-diverted/x86_64-linux-gnu/libGL.so.1.0.0
7f0fc07d2000-7f0fc07d3000 rw-p 0008a000 08:02 5509294                    /usr/lib/mesa-diverted/x86_64-linux-gnu/libGL.so.1.0.0
7f0fc07d3000-7f0fc07d4000 rw-p 00000000 00:00 0 
7f0fc07d8000-7f0fc07d9000 r-xp 00000000 08:02 5518006                    /usr/lib/x86_64-linux-gnu/libX11-xcb.so.1.0.0
7f0fc07d9000-7f0fc09d8000 ---p 00001000 08:02 5518006                    /usr/lib/x86_64-linux-gnu/libX11-xcb.so.1.0.0
7f0fc09d8000-7f0fc09d9000 r--p 00000000 08:02 5518006                    /usr/lib/x86_64-linux-gnu/libX11-xcb.so.1.0.0
7f0fc09d9000-7f0fc09da000 rw-p 00001000 08:02 5518006                    /usr/lib/x86_64-linux-gnu/libX11-xcb.so.1.0.0
7f0fc09e0000-7f0fc09e2000 r-xp 00000000 08:02 5518049                    /usr/lib/x86_64-linux-gnu/libXinerama.so.1.0.0
7f0fc09e2000-7f0fc0be1000 ---p 00002000 08:02 5518049                    /usr/lib/x86_64-linux-gnu/libXinerama.so.1.0.0
7f0fc0be1000-7f0fc0be2000 r--p 00001000 08:02 5518049                    /usr/lib/x86_64-linux-gnu/libXinerama.so.1.0.0
7f0fc0be2000-7f0fc0be3000 rw-p 00002000 08:02 5518049                    /usr/lib/x86_64-linux-gnu/libXinerama.so.1.0.0
7f0fc0be8000-7f0fc0bed000 r-xp 00000000 08:02 5518039                    /usr/lib/x86_64-linux-gnu/libXfixes.so.3.1.0
7f0fc0bed000-7f0fc0dec000 ---p 00005000 08:02 5518039                    /usr/lib/x86_64-linux-gnu/libXfixes.so.3.1.0
7f0fc0dec000-7f0fc0ded000 r--p 00004000 08:02 5518039                    /usr/lib/x86_64-linux-gnu/libXfixes.so.3.1.0
7f0fc0ded000-7f0fc0dee000 rw-p 00005000 08:02 5518039                    /usr/lib/x86_64-linux-gnu/libXfixes.so.3.1.0
7f0fc0df0000-7f0fc0df9000 r-xp 00000000 08:02 5505363                    /usr/lib/x86_64-linux-gnu/libXcursor.so.1.0.2
7f0fc0df9000-7f0fc0ff8000 ---p 00009000 08:02 5505363                    /usr/lib/x86_64-linux-gnu/libXcursor.so.1.0.2
7f0fc0ff8000-7f0fc0ff9000 r--p 00008000 08:02 5505363                    /usr/lib/x86_64-linux-gnu/libXcursor.so.1.0.2
7f0fc0ff9000-7f0fc0ffa000 rw-p 00009000 08:02 5505363                    /usr/lib/x86_64-linux-gnu/libXcursor.so.1.0.2
7f0fc0fff000-7f0fc4000000 rw-p 00000000 00:00 0 
7f0fc4000000-7f0fc4021000 rw-p 00000000 00:00 0 
7f0fc4021000-7f0fc8000000 ---p 00000000 00:00 0 
7f0fc8000000-7f0fc81d2000 rw-p 00000000 00:00 0 
7f0fc81d2000-7f0fcc000000 ---p 00000000 00:00 0 
7f0fcc000000-7f0fcc081000 rw-p 00000000 00:00 0 
7f0fcc081000-7f0fd0000000 ---p 00000000 00:00 0 
7f0fd0000000-7f0fd003b000 rw-p 00000000 00:00 0 
7f0fd003b000-7f0fd4000000 ---p 00000000 00:00 0 
7f0fd4000000-7f0fd4021000 rw-p 00000000 00:00 0 
7f0fd4021000-7f0fd8000000 ---p 00000000 00:00 0 
7f0fd8000000-7f0fd8021000 rw-p 00000000 00:00 0 
7f0fd8021000-7f0fdc000000 ---p 00000000 00:00 0 
7f0fdc000000-7f0fdc021000 rw-p 00000000 00:00 0 
7f0fdc021000-7f0fe0000000 ---p 00000000 00:00 0 
7f0fe0000000-7f0fe0021000 rw-p 00000000 00:00 0 
7f0fe0021000-7f0fe4000000 ---p 00000000 00:00 0 
7f0fe4000000-7f0fe4021000 rw-p 00000000 00:00 0 
7f0fe4021000-7f0fe8000000 ---p 00000000 00:00 0 
7f0fe8070000-7f0fe80f0000 rw-s 00000000 00:06 17890                      /dev/nvidiactl
7f0fe80f0000-7f0fe80f9000 r-xp 00000000 08:02 5518062                    /usr/lib/x86_64-linux-gnu/libXrender.so.1.3.0
7f0fe80f9000-7f0fe82f8000 ---p 00009000 08:02 5518062                    /usr/lib/x86_64-linux-gnu/libXrender.so.1.3.0
7f0fe82f8000-7f0fe82f9000 r--p 00008000 08:02 5518062                    /usr/lib/x86_64-linux-gnu/libXrender.so.1.3.0
7f0fe82f9000-7f0fe82fa000 rw-p 00009000 08:02 5518062                    /usr/lib/x86_64-linux-gnu/libXrender.so.1.3.0
7f0fe8300000-7f0ff0000000 rw-p 00000000 00:00 0 
7f0ff0000000-7f0ff0021000 rw-p 00000000 00:00 0 
7f0ff0021000-7f0ff4000000 ---p 00000000 00:00 0 
7f0ff403a000-7f0ff40ae000 rw-p 00000000 00:00 0 
7f0ff4108000-7f0ff4148000 rw-s 00000000 00:06 17890                      /dev/nvidiactl
7f0ff4148000-7f0ff4188000 rw-s 00000000 00:06 17890                      /dev/nvidiactl
7f0ff4188000-7f0ff4192000 r-xp 00000000 08:02 5518060                    /usr/lib/x86_64-linux-gnu/libXrandr.so.2.2.0
7f0ff4192000-7f0ff4391000 ---p 0000a000 08:02 5518060                    /usr/lib/x86_64-linux-gnu/libXrandr.so.2.2.0
7f0ff4391000-7f0ff4392000 r--p 00009000 08:02 5518060                    /usr/lib/x86_64-linux-gnu/libXrandr.so.2.2.0
7f0ff4392000-7f0ff4393000 rw-p 0000a000 08:02 5518060                    /usr/lib/x86_64-linux-gnu/libXrandr.so.2.2.0
7f0ff43b8000-7f0ff43cb000 rw-s 00000000 00:06 17890                      /dev/nvidiactl
7f0ff43d0000-7f0ff43df000 r-xp 00000000 08:02 5518047                    /usr/lib/x86_64-linux-gnu/libXi.so.6.1.0
7f0ff43df000-7f0ff45de000 ---p 0000f000 08:02 5518047                    /usr/lib/x86_64-linux-gnu/libXi.so.6.1.0
7f0ff45de000-7f0ff45df000 r--p 0000e000 08:02 5518047                    /usr/lib/x86_64-linux-gnu/libXi.so.6.1.0
7f0ff45df000-7f0ff45e0000 rw-p 0000f000 08:02 5518047                    /usr/lib/x86_64-linux-gnu/libXi.so.6.1.0
7f0ff45f8000-7f0ff4618000 rw-s 00000000 00:06 16745                      /dev/nvidia0
7f0ff4618000-7f0ff4629000 r-xp 00000000 08:02 5518035                    /usr/lib/x86_64-linux-gnu/libXext.so.6.4.0
7f0ff4629000-7f0ff4828000 ---p 00011000 08:02 5518035                    /usr/lib/x86_64-linux-gnu/libXext.so.6.4.0
7f0ff4828000-7f0ff4829000 r--p 00010000 08:02 5518035                    /usr/lib/x86_64-linux-gnu/libXext.so.6.4.0
7f0ff4829000-7f0ff482a000 rw-p 00011000 08:02 5518035                    /usr/lib/x86_64-linux-gnu/libXext.so.6.4.0
7f0ff4830000-7f0ff4835000 r-xp 00000000 08:02 5518082                    /usr/lib/x86_64-linux-gnu/libXxf86vm.so.1.0.0
7f0ff4835000-7f0ff4a34000 ---p 00005000 08:02 5518082                    /usr/lib/x86_64-linux-gnu/libXxf86vm.so.1.0.0
7f0ff4a34000-7f0ff4a35000 r--p 00004000 08:02 5518082                    /usr/lib/x86_64-linux-gnu/libXxf86vm.so.1.0.0
7f0ff4a35000-7f0ff4a36000 rw-p 00005000 08:02 5518082                    /usr/lib/x86_64-linux-gnu/libXxf86vm.so.1.0.0
7f0ff4a38000-7f0ff4a3a000 rw-s 00000000 08:12 33                         /tmp/.glHzHOk2 (deleted)
7f0ff4a40000-7f0ff4a41000 rw-s 00000000 00:06 17890                      /dev/nvidiactl
7f0ff4a48000-7f0ff4a4c000 rw-s 00000000 00:06 17890                      /dev/nvidiactl
7f0ff4a50000-7f0ff4a70000 rw-s 00000000 00:06 17890                      /dev/nvidiactl
7f0ff4a70000-7f0ff4a83000 r-xp 00000000 08:02 1443817                    /lib/x86_64-linux-gnu/libbsd.so.0.8.6
7f0ff4a83000-7f0ff4c82000 ---p 00013000 08:02 1443817                    /lib/x86_64-linux-gnu/libbsd.so.0.8.6
7f0ff4c82000-7f0ff4c83000 r--p 00012000 08:02 1443817                    /lib/x86_64-linux-gnu/libbsd.so.0.8.6
7f0ff4c83000-7f0ff4c84000 rw-p 00013000 08:02 1443817                    /lib/x86_64-linux-gnu/libbsd.so.0.8.6
7f0ff4c84000-7f0ff4c85000 rw-p 00000000 00:00 0 
7f0ff4c88000-7f0ff4c8d000 r-xp 00000000 08:02 5518031                    /usr/lib/x86_64-linux-gnu/libXdmcp.so.6.0.0
7f0ff4c8d000-7f0ff4e8c000 ---p 00005000 08:02 5518031                    /usr/lib/x86_64-linux-gnu/libXdmcp.so.6.0.0
7f0ff4e8c000-7f0ff4e8d000 r--p 00004000 08:02 5518031                    /usr/lib/x86_64-linux-gnu/libXdmcp.so.6.0.0
7f0ff4e8d000-7f0ff4e8e000 rw-p 00005000 08:02 5518031                    /usr/lib/x86_64-linux-gnu/libXdmcp.so.6.0.0
7f0ff4e90000-7f0ff4e92000 r-xp 00000000 08:02 5518016                    /usr/lib/x86_64-linux-gnu/libXau.so.6.0.0
7f0ff4e92000-7f0ff5092000 ---p 00002000 08:02 5518016                    /usr/lib/x86_64-linux-gnu/libXau.so.6.0.0
7f0ff5092000-7f0ff5093000 r--p 00002000 08:02 5518016                    /usr/lib/x86_64-linux-gnu/libXau.so.6.0.0
7f0ff5093000-7f0ff5094000 rw-p 00003000 08:02 5518016                    /usr/lib/x86_64-linux-gnu/libXau.so.6.0.0
7f0ff5098000-7f0ff50bf000 r-xp 00000000 08:02 5520824                    /usr/lib/x86_64-linux-gnu/libxcb.so.1.1.0
7f0ff50bf000-7f0ff52be000 ---p 00027000 08:02 5520824                    /usr/lib/x86_64-linux-gnu/libxcb.so.1.1.0
7f0ff52be000-7f0ff52bf000 r--p 00026000 08:02 5520824                    /usr/lib/x86_64-linux-gnu/libxcb.so.1.1.0
7f0ff52bf000-7f0ff52c0000 rw-p 00027000 08:02 5520824                    /usr/lib/x86_64-linux-gnu/libxcb.so.1.1.0
7f0ff52c0000-7f0ff53fa000 r-xp 00000000 08:02 5518010                    /usr/lib/x86_64-linux-gnu/libX11.so.6.3.0
7f0ff53fa000-7f0ff55fa000 ---p 0013a000 08:02 5518010                    /usr/lib/x86_64-linux-gnu/libX11.so.6.3.0
7f0ff55fa000-7f0ff55fb000 r--p 0013a000 08:02 5518010                    /usr/lib/x86_64-linux-gnu/libX11.so.6.3.0
7f0ff55fb000-7f0ff5600000 rw-p 0013b000 08:02 5518010                    /usr/lib/x86_64-linux-gnu/libX11.so.6.3.0
7f0ff5600000-7f0ff5601000 rw-s 00000000 00:06 16745                      /dev/nvidia0
7f0ff5608000-7f0ff5609000 rw-s 00000000 00:06 16745                      /dev/nvidia0
7f0ff5610000-7f0ff5630000 rw-s 00000000 00:06 17890                      /dev/nvidiactl
7f0ff5630000-7f0ff5631000 rw-s 00000000 00:06 17890                      /dev/nvidiactl
7f0ff5638000-7f0ff5667000 r-xp 00000000 08:12 390919                     /tmp/lwjglmart/3.1.4-build-8/libglfw.so
7f0ff5667000-7f0ff5866000 ---p 0002f000 08:12 390919                     /tmp/lwjglmart/3.1.4-build-8/libglfw.so
7f0ff5866000-7f0ff5867000 r--p 0002e000 08:12 390919                     /tmp/lwjglmart/3.1.4-build-8/libglfw.so
7f0ff5867000-7f0ff5868000 rw-p 0002f000 08:12 390919                     /tmp/lwjglmart/3.1.4-build-8/libglfw.so
7f0ff5868000-7f0ff5889000 rw-p 00000000 00:00 0 
7f0ff5890000-7f0ff58e6000 r-xp 00000000 08:12 390918                     /tmp/lwjglmart/3.1.4-build-8/liblwjgl.so
7f0ff58e6000-7f0ff5ae5000 ---p 00056000 08:12 390918                     /tmp/lwjglmart/3.1.4-build-8/liblwjgl.so
7f0ff5ae5000-7f0ff5ae6000 r--p 00055000 08:12 390918                     /tmp/lwjglmart/3.1.4-build-8/liblwjgl.so
7f0ff5ae6000-7f0ff5ae7000 rw-p 00056000 08:12 390918                     /tmp/lwjglmart/3.1.4-build-8/liblwjgl.so
7f0ff5ae8000-7f0ff5af9000 r-xp 00000000 08:02 6162049                    /usr/lib/jvm/java-8-openjdk-amd64/jre/lib/amd64/libnio.so
7f0ff5af9000-7f0ff5cf9000 ---p 00011000 08:02 6162049                    /usr/lib/jvm/java-8-openjdk-amd64/jre/lib/amd64/libnio.so
7f0ff5cf9000-7f0ff5cfa000 r--p 00011000 08:02 6162049                    /usr/lib/jvm/java-8-openjdk-amd64/jre/lib/amd64/libnio.so
7f0ff5cfa000-7f0ff5cfb000 rw-p 00012000 08:02 6162049                    /usr/lib/jvm/java-8-openjdk-amd64/jre/lib/amd64/libnio.so
7f0ff5cfe000-7f0ff5cff000 ---p 00000000 00:00 0 
7f0ff5cff000-7f0ff5dff000 rw-p 00000000 00:00 0 
7f0ff5dff000-7f0ff5e02000 ---p 00000000 00:00 0 
7f0ff5e02000-7f0ff5f00000 rw-p 00000000 00:00 0 
7f0ff5f00000-7f0ff5f17000 r-xp 00000000 08:02 6162048                    /usr/lib/jvm/java-8-openjdk-amd64/jre/lib/amd64/libnet.so
7f0ff5f17000-7f0ff6116000 ---p 00017000 08:02 6162048                    /usr/lib/jvm/java-8-openjdk-amd64/jre/lib/amd64/libnet.so
7f0ff6116000-7f0ff6117000 r--p 00016000 08:02 6162048                    /usr/lib/jvm/java-8-openjdk-amd64/jre/lib/amd64/libnet.so
7f0ff6117000-7f0ff6118000 rw-p 00017000 08:02 6162048                    /usr/lib/jvm/java-8-openjdk-amd64/jre/lib/amd64/libnet.so
7f0ff611d000-7f0ff6120000 ---p 00000000 00:00 0 
7f0ff6120000-7f0ff621e000 rw-p 00000000 00:00 0 
7f0ff621e000-7f0ff6221000 ---p 00000000 00:00 0 
7f0ff6221000-7f0ff631f000 rw-p 00000000 00:00 0 
7f0ff631f000-7f0ff6322000 ---p 00000000 00:00 0 
7f0ff6322000-7f0ff6420000 rw-p 00000000 00:00 0 
7f0ff6420000-7f0ff6423000 ---p 00000000 00:00 0 
7f0ff6423000-7f0ff6521000 rw-p 00000000 00:00 0 
7f0ff6521000-7f0ff6524000 ---p 00000000 00:00 0 
7f0ff6524000-7f0ff6622000 rw-p 00000000 00:00 0 
7f0ff6622000-7f0ff6624000 r--s 0001a000 08:02 1055240                    /opt/intellij/lib/idea_rt.jar
7f0ff6627000-7f0ff662b000 r--s 00017000 08:14 13768678                   /home/mart/IdeaProjects/silorex/lwjgl/lwjgl-glfw.jar
7f0ff662d000-7f0ff662e000 r--s 0003d000 08:14 13768676                   /home/mart/IdeaProjects/silorex/lwjgl/lwjgl-glfw-natives-windows.jar
7f0ff6635000-7f0ff6636000 r--s 0000d000 08:14 13768675                   /home/mart/IdeaProjects/silorex/lwjgl/lwjgl-glfw-natives-macos.jar
7f0ff6637000-7f0ff6638000 r--s 0001f000 08:14 13768674                   /home/mart/IdeaProjects/silorex/lwjgl/lwjgl-glfw-natives-linux.jar
7f0ff663e000-7f0ff6648000 r--s 000be000 08:14 13769182                   /home/mart/IdeaProjects/silorex/lwjgl/lwjgl-opengl.jar
7f0ff664a000-7f0ff664b000 r--s 0002a000 08:14 13769186                   /home/mart/IdeaProjects/silorex/lwjgl/lwjgl-opengl-natives-windows.jar
7f0ff664b000-7f0ff664c000 r--s 0000b000 08:14 13769185                   /home/mart/IdeaProjects/silorex/lwjgl/lwjgl-opengl-natives-macos.jar
7f0ff664e000-7f0ff664f000 r--s 00016000 08:14 13769184                   /home/mart/IdeaProjects/silorex/lwjgl/lwjgl-opengl-natives-linux.jar
7f0ff6652000-7f0ff6657000 r--s 00042000 08:14 13768649                   /home/mart/IdeaProjects/silorex/lwjgl/lwjgl.jar
7f0ff6659000-7f0ff665a000 r--s 00039000 08:14 13768647                   /home/mart/IdeaProjects/silorex/lwjgl/lwjgl-natives-windows.jar
7f0ff6661000-7f0ff6662000 r--s 00009000 08:14 13768646                   /home/mart/IdeaProjects/silorex/lwjgl/lwjgl-natives-macos.jar
7f0ff6663000-7f0ff6664000 r--s 00013000 08:14 13768645                   /home/mart/IdeaProjects/silorex/lwjgl/lwjgl-natives-linux.jar
7f0ff6666000-7f0ff6679000 r--s 00346000 08:02 6162100                    /usr/lib/jvm/java-8-openjdk-amd64/jre/lib/resources.jar
7f0ff6680000-7f0ff6681000 r--s 00000000 08:02 6162098                    /usr/lib/jvm/java-8-openjdk-amd64/jre/lib/management-agent.jar
7f0ff6682000-7f0ff6687000 r--s 0009a000 08:02 6162095                    /usr/lib/jvm/java-8-openjdk-amd64/jre/lib/jsse.jar
7f0ff668d000-7f0ff6690000 r--s 00015000 08:02 6162093                    /usr/lib/jvm/java-8-openjdk-amd64/jre/lib/jce.jar
7f0ff6696000-7f0ff66b1000 r--s 001d6000 08:02 6162077                    /usr/lib/jvm/java-8-openjdk-amd64/jre/lib/ext/nashorn.jar
7f0ff66b7000-7f0ff66ba000 ---p 00000000 00:00 0 
7f0ff66ba000-7f0ff67b8000 rw-p 00000000 00:00 0 
7f0ff67b8000-7f0ff68e8000 r--p 00000000 08:02 6162747                    /usr/lib/locale/aa_DJ.utf8/LC_COLLATE
7f0ff68e9000-7f0ff68ec000 ---p 00000000 00:00 0 
7f0ff68ec000-7f0ff69ea000 rw-p 00000000 00:00 0 
7f0ff69ea000-7f0ff69ed000 ---p 00000000 00:00 0 
7f0ff69ed000-7f0ff6aeb000 rw-p 00000000 00:00 0 
7f0ff6aeb000-7f0ff6aec000 ---p 00000000 00:00 0 
7f0ff6aec000-7f0ff8000000 rw-p 00000000 00:00 0 
7f0ff8000000-7f0ff8021000 rw-p 00000000 00:00 0 
7f0ff8021000-7f0ffc000000 ---p 00000000 00:00 0 
7f0ffc000000-7f0ffc021000 rw-p 00000000 00:00 0 
7f0ffc021000-7f1000000000 ---p 00000000 00:00 0 
7f1000000000-7f1000021000 rw-p 00000000 00:00 0 
7f1000021000-7f1004000000 ---p 00000000 00:00 0 
7f1004000000-7f1004021000 rw-p 00000000 00:00 0 
7f1004021000-7f1008000000 ---p 00000000 00:00 0 
7f1008000000-7f1008021000 rw-p 00000000 00:00 0 
7f1008021000-7f100c000000 ---p 00000000 00:00 0 
7f100c000000-7f100c021000 rw-p 00000000 00:00 0 
7f100c021000-7f1010000000 ---p 00000000 00:00 0 
7f1010000000-7f1010021000 rw-p 00000000 00:00 0 
7f1010021000-7f1014000000 ---p 00000000 00:00 0 
7f1014007000-7f1014009000 r--s 00007000 08:02 1711658                    /usr/share/java/java-atk-wrapper.jar
7f1014009000-7f101400e000 r--s 002f9000 08:02 6162062                    /usr/lib/jvm/java-8-openjdk-amd64/jre/lib/charsets.jar
7f101400f000-7f1014012000 r--s 0000f000 08:02 6162074                    /usr/lib/jvm/java-8-openjdk-amd64/jre/lib/ext/icedtea-sound.jar
7f1014017000-7f101401b000 r--s 00037000 08:02 6162080                    /usr/lib/jvm/java-8-openjdk-amd64/jre/lib/ext/sunpkcs11.jar
7f1014022000-7f1014028000 r--s 0003a000 08:02 6162079                    /usr/lib/jvm/java-8-openjdk-amd64/jre/lib/ext/sunjce_provider.jar
7f101402e000-7f1014038000 r--s 00116000 08:02 6162076                    /usr/lib/jvm/java-8-openjdk-amd64/jre/lib/ext/localedata.jar
7f101403c000-7f1014057000 r--s 00394000 08:02 6162072                    /usr/lib/jvm/java-8-openjdk-amd64/jre/lib/ext/cldrdata.jar
7f1014058000-7f10140a9000 r--p 00000000 08:02 6162749                    /usr/lib/locale/aa_DJ.utf8/LC_CTYPE
7f10140ab000-7f1014800000 rw-p 00000000 00:00 0 
7f1014800000-7f1014d80000 rw-p 00000000 00:00 0 
7f1014d80000-7f1015000000 ---p 00000000 00:00 0 
7f1015000000-7f1015270000 rwxp 00000000 00:00 0 
7f1015270000-7f1024000000 ---p 00000000 00:00 0 
7f1024000000-7f102492c000 rw-p 00000000 00:00 0 
7f102492c000-7f1028000000 ---p 00000000 00:00 0 
7f1028007000-7f1028009000 r--s 00007000 08:02 1711658                    /usr/share/java/java-atk-wrapper.jar
7f102800a000-7f102800b000 r--s 0000a000 08:02 6162075                    /usr/lib/jvm/java-8-openjdk-amd64/jre/lib/ext/jaccess.jar
7f1028011000-7f1028013000 r--s 00001000 08:02 6162073                    /usr/lib/jvm/java-8-openjdk-amd64/jre/lib/ext/dnsns.jar
7f1028018000-7f1028019000 r--s 00010000 08:02 6162081                    /usr/lib/jvm/java-8-openjdk-amd64/jre/lib/ext/zipfs.jar
7f1028020000-7f1028022000 r--s 00008000 08:02 6162078                    /usr/lib/jvm/java-8-openjdk-amd64/jre/lib/ext/sunec.jar
7f1028028000-7f1028029000 r--p 00000000 08:02 6162778                    /usr/lib/locale/aa_ET/LC_NUMERIC
7f1028030000-7f1028031000 r--p 00000000 08:02 6165421                    /usr/lib/locale/en_GB.utf8/LC_TIME
7f1028038000-7f1028039000 r--p 00000000 08:02 6165204                    /usr/lib/locale/cy_GB.utf8/LC_MONETARY
7f1028039000-7f1028208000 r--s 03c21000 08:02 6162101                    /usr/lib/jvm/java-8-openjdk-amd64/jre/lib/rt.jar
7f102820b000-7f1028281000 rw-p 00000000 00:00 0 
7f1028281000-7f1028a51000 rw-p 00000000 00:00 0 
7f1028a51000-7f1028a52000 ---p 00000000 00:00 0 
7f1028a52000-7f1028b52000 rw-p 00000000 00:00 0 
7f1028b52000-7f1028b53000 ---p 00000000 00:00 0 
7f1028b53000-7f1028c53000 rw-p 00000000 00:00 0 
7f1028c53000-7f1028c54000 ---p 00000000 00:00 0 
7f1028c54000-7f1028d54000 rw-p 00000000 00:00 0 
7f1028d54000-7f1028d55000 ---p 00000000 00:00 0 
7f1028d55000-7f1028e55000 rw-p 00000000 00:00 0 
7f1028e55000-7f1028e56000 ---p 00000000 00:00 0 
7f1028e56000-7f1028f56000 rw-p 00000000 00:00 0 
7f1028f56000-7f1028f57000 ---p 00000000 00:00 0 
7f1028f57000-7f1029057000 rw-p 00000000 00:00 0 
7f1029057000-7f1029058000 ---p 00000000 00:00 0 
7f1029058000-7f1029158000 rw-p 00000000 00:00 0 
7f1029158000-7f1029159000 ---p 00000000 00:00 0 
7f1029159000-7f1029259000 rw-p 00000000 00:00 0 
7f1029259000-7f10292ad000 rw-p 00000000 00:00 0 
7f10292ad000-7f102978f000 ---p 00000000 00:00 0 
7f102978f000-7f10297e3000 rw-p 00000000 00:00 0 
7f10297e3000-7f1029cc4000 ---p 00000000 00:00 0 
7f1029cc4000-7f1029cee000 rw-p 00000000 00:00 0 
7f1029cee000-7f1029f5f000 ---p 00000000 00:00 0 
7f1029f5f000-7f1029f6a000 rw-p 00000000 00:00 0 
7f1029f6a000-7f102a320000 ---p 00000000 00:00 0 
7f102a320000-7f102a328000 r-xp 00000000 08:02 6162057                    /usr/lib/jvm/java-8-openjdk-amd64/jre/lib/amd64/libzip.so
7f102a328000-7f102a527000 ---p 00008000 08:02 6162057                    /usr/lib/jvm/java-8-openjdk-amd64/jre/lib/amd64/libzip.so
7f102a527000-7f102a528000 r--p 00007000 08:02 6162057                    /usr/lib/jvm/java-8-openjdk-amd64/jre/lib/amd64/libzip.so
7f102a528000-7f102a529000 rw-p 00008000 08:02 6162057                    /usr/lib/jvm/java-8-openjdk-amd64/jre/lib/amd64/libzip.so
7f102a530000-7f102a53b000 r-xp 00000000 08:02 1465569                    /lib/x86_64-linux-gnu/libnss_files-2.25.so
7f102a53b000-7f102a73a000 ---p 0000b000 08:02 1465569                    /lib/x86_64-linux-gnu/libnss_files-2.25.so
7f102a73a000-7f102a73b000 r--p 0000a000 08:02 1465569                    /lib/x86_64-linux-gnu/libnss_files-2.25.so
7f102a73b000-7f102a73c000 rw-p 0000b000 08:02 1465569                    /lib/x86_64-linux-gnu/libnss_files-2.25.so
7f102a73c000-7f102a742000 rw-p 00000000 00:00 0 
7f102a748000-7f102a753000 r-xp 00000000 08:02 1465571                    /lib/x86_64-linux-gnu/libnss_nis-2.25.so
7f102a753000-7f102a952000 ---p 0000b000 08:02 1465571                    /lib/x86_64-linux-gnu/libnss_nis-2.25.so
7f102a952000-7f102a953000 r--p 0000a000 08:02 1465571                    /lib/x86_64-linux-gnu/libnss_nis-2.25.so
7f102a953000-7f102a954000 rw-p 0000b000 08:02 1465571                    /lib/x86_64-linux-gnu/libnss_nis-2.25.so
7f102a958000-7f102a96d000 r-xp 00000000 08:02 1465566                    /lib/x86_64-linux-gnu/libnsl-2.25.so
7f102a96d000-7f102ab6c000 ---p 00015000 08:02 1465566                    /lib/x86_64-linux-gnu/libnsl-2.25.so
7f102ab6c000-7f102ab6d000 r--p 00014000 08:02 1465566                    /lib/x86_64-linux-gnu/libnsl-2.25.so
7f102ab6d000-7f102ab6e000 rw-p 00015000 08:02 1465566                    /lib/x86_64-linux-gnu/libnsl-2.25.so
7f102ab6e000-7f102ab70000 rw-p 00000000 00:00 0 
7f102ab70000-7f102ab77000 r-xp 00000000 08:02 1465567                    /lib/x86_64-linux-gnu/libnss_compat-2.25.so
7f102ab77000-7f102ad76000 ---p 00007000 08:02 1465567                    /lib/x86_64-linux-gnu/libnss_compat-2.25.so
7f102ad76000-7f102ad77000 r--p 00006000 08:02 1465567                    /lib/x86_64-linux-gnu/libnss_compat-2.25.so
7f102ad77000-7f102ad78000 rw-p 00007000 08:02 1465567                    /lib/x86_64-linux-gnu/libnss_compat-2.25.so
7f102ad78000-7f102ad82000 r-xp 00000000 08:02 6162031                    /usr/lib/jvm/java-8-openjdk-amd64/jre/lib/amd64/libinstrument.so
7f102ad82000-7f102af81000 ---p 0000a000 08:02 6162031                    /usr/lib/jvm/java-8-openjdk-amd64/jre/lib/amd64/libinstrument.so
7f102af81000-7f102af82000 r--p 00009000 08:02 6162031                    /usr/lib/jvm/java-8-openjdk-amd64/jre/lib/amd64/libinstrument.so
7f102af82000-7f102af83000 rw-p 0000a000 08:02 6162031                    /usr/lib/jvm/java-8-openjdk-amd64/jre/lib/amd64/libinstrument.so
7f102af88000-7f102afb5000 r-xp 00000000 08:02 6162036                    /usr/lib/jvm/java-8-openjdk-amd64/jre/lib/amd64/libjava.so
7f102afb5000-7f102b1b5000 ---p 0002d000 08:02 6162036                    /usr/lib/jvm/java-8-openjdk-amd64/jre/lib/amd64/libjava.so
7f102b1b5000-7f102b1b6000 r--p 0002d000 08:02 6162036                    /usr/lib/jvm/java-8-openjdk-amd64/jre/lib/amd64/libjava.so
7f102b1b6000-7f102b1b8000 rw-p 0002e000 08:02 6162036                    /usr/lib/jvm/java-8-openjdk-amd64/jre/lib/amd64/libjava.so
7f102b1b8000-7f102b1c8000 r-xp 00000000 08:02 6162056                    /usr/lib/jvm/java-8-openjdk-amd64/jre/lib/amd64/libverify.so
7f102b1c8000-7f102b3c7000 ---p 00010000 08:02 6162056                    /usr/lib/jvm/java-8-openjdk-amd64/jre/lib/amd64/libverify.so
7f102b3c7000-7f102b3c9000 r--p 0000f000 08:02 6162056                    /usr/lib/jvm/java-8-openjdk-amd64/jre/lib/amd64/libverify.so
7f102b3c9000-7f102b3ca000 rw-p 00011000 08:02 6162056                    /usr/lib/jvm/java-8-openjdk-amd64/jre/lib/amd64/libverify.so
7f102b3d0000-7f102b3d7000 r-xp 00000000 08:02 1465576                    /lib/x86_64-linux-gnu/librt-2.25.so
7f102b3d7000-7f102b5d6000 ---p 00007000 08:02 1465576                    /lib/x86_64-linux-gnu/librt-2.25.so
7f102b5d6000-7f102b5d7000 r--p 00006000 08:02 1465576                    /lib/x86_64-linux-gnu/librt-2.25.so
7f102b5d7000-7f102b5d8000 rw-p 00007000 08:02 1465576                    /lib/x86_64-linux-gnu/librt-2.25.so
7f102b5d8000-7f102b5ee000 r-xp 00000000 08:02 1444262                    /lib/x86_64-linux-gnu/libgcc_s.so.1
7f102b5ee000-7f102b7ed000 ---p 00016000 08:02 1444262                    /lib/x86_64-linux-gnu/libgcc_s.so.1
7f102b7ed000-7f102b7ee000 r--p 00015000 08:02 1444262                    /lib/x86_64-linux-gnu/libgcc_s.so.1
7f102b7ee000-7f102b7ef000 rw-p 00016000 08:02 1444262                    /lib/x86_64-linux-gnu/libgcc_s.so.1
7f102b7f0000-7f102b902000 r-xp 00000000 08:02 1465563                    /lib/x86_64-linux-gnu/libm-2.25.so
7f102b902000-7f102bb01000 ---p 00112000 08:02 1465563                    /lib/x86_64-linux-gnu/libm-2.25.so
7f102bb01000-7f102bb02000 r--p 00111000 08:02 1465563                    /lib/x86_64-linux-gnu/libm-2.25.so
7f102bb02000-7f102bb03000 rw-p 00112000 08:02 1465563                    /lib/x86_64-linux-gnu/libm-2.25.so
7f102bb08000-7f102bc78000 r-xp 00000000 08:02 5508933                    /usr/lib/x86_64-linux-gnu/libstdc++.so.6.0.24
7f102bc78000-7f102be78000 ---p 00170000 08:02 5508933                    /usr/lib/x86_64-linux-gnu/libstdc++.so.6.0.24
7f102be78000-7f102be82000 r--p 00170000 08:02 5508933                    /usr/lib/x86_64-linux-gnu/libstdc++.so.6.0.24
7f102be82000-7f102be84000 rw-p 0017a000 08:02 5508933                    /usr/lib/x86_64-linux-gnu/libstdc++.so.6.0.24
7f102be84000-7f102be87000 rw-p 00000000 00:00 0 
7f102be88000-7f102cb12000 r-xp 00000000 08:02 6162061                    /usr/lib/jvm/java-8-openjdk-amd64/jre/lib/amd64/server/libjvm.so
7f102cb12000-7f102cd12000 ---p 00c8a000 08:02 6162061                    /usr/lib/jvm/java-8-openjdk-amd64/jre/lib/amd64/server/libjvm.so
7f102cd12000-7f102cda5000 r--p 00c8a000 08:02 6162061                    /usr/lib/jvm/java-8-openjdk-amd64/jre/lib/amd64/server/libjvm.so
7f102cda5000-7f102cdcd000 rw-p 00d1d000 08:02 6162061                    /usr/lib/jvm/java-8-openjdk-amd64/jre/lib/amd64/server/libjvm.so
7f102cdcd000-7f102cdfe000 rw-p 00000000 00:00 0 
7f102ce00000-7f102cf99000 r-xp 00000000 08:02 1465559                    /lib/x86_64-linux-gnu/libc-2.25.so
7f102cf99000-7f102d199000 ---p 00199000 08:02 1465559                    /lib/x86_64-linux-gnu/libc-2.25.so
7f102d199000-7f102d19d000 r--p 00199000 08:02 1465559                    /lib/x86_64-linux-gnu/libc-2.25.so
7f102d19d000-7f102d19f000 rw-p 0019d000 08:02 1465559                    /lib/x86_64-linux-gnu/libc-2.25.so
7f102d19f000-7f102d1a3000 rw-p 00000000 00:00 0 
7f102d1a8000-7f102d1ab000 r-xp 00000000 08:02 1465562                    /lib/x86_64-linux-gnu/libdl-2.25.so
7f102d1ab000-7f102d3aa000 ---p 00003000 08:02 1465562                    /lib/x86_64-linux-gnu/libdl-2.25.so
7f102d3aa000-7f102d3ab000 r--p 00002000 08:02 1465562                    /lib/x86_64-linux-gnu/libdl-2.25.so
7f102d3ab000-7f102d3ac000 rw-p 00003000 08:02 1465562                    /lib/x86_64-linux-gnu/libdl-2.25.so
7f102d3b0000-7f102d3be000 r-xp 00000000 08:02 6162021                    /usr/lib/jvm/java-8-openjdk-amd64/jre/lib/amd64/jli/libjli.so
7f102d3be000-7f102d5bd000 ---p 0000e000 08:02 6162021                    /usr/lib/jvm/java-8-openjdk-amd64/jre/lib/amd64/jli/libjli.so
7f102d5bd000-7f102d5be000 r--p 0000d000 08:02 6162021                    /usr/lib/jvm/java-8-openjdk-amd64/jre/lib/amd64/jli/libjli.so
7f102d5be000-7f102d5bf000 rw-p 0000e000 08:02 6162021                    /usr/lib/jvm/java-8-openjdk-amd64/jre/lib/amd64/jli/libjli.so
7f102d5c0000-7f102d5d9000 r-xp 00000000 08:02 1444460                    /lib/x86_64-linux-gnu/libz.so.1.2.8
7f102d5d9000-7f102d7d8000 ---p 00019000 08:02 1444460                    /lib/x86_64-linux-gnu/libz.so.1.2.8
7f102d7d8000-7f102d7d9000 r--p 00018000 08:02 1444460                    /lib/x86_64-linux-gnu/libz.so.1.2.8
7f102d7d9000-7f102d7da000 rw-p 00019000 08:02 1444460                    /lib/x86_64-linux-gnu/libz.so.1.2.8
7f102d7e0000-7f102d7f9000 r-xp 00000000 08:02 1465574                    /lib/x86_64-linux-gnu/libpthread-2.25.so
7f102d7f9000-7f102d9f8000 ---p 00019000 08:02 1465574                    /lib/x86_64-linux-gnu/libpthread-2.25.so
7f102d9f8000-7f102d9f9000 r--p 00018000 08:02 1465574                    /lib/x86_64-linux-gnu/libpthread-2.25.so
7f102d9f9000-7f102d9fa000 rw-p 00019000 08:02 1465574                    /lib/x86_64-linux-gnu/libpthread-2.25.so
7f102d9fa000-7f102d9fe000 rw-p 00000000 00:00 0 
7f102da00000-7f102da23000 r-xp 00000000 08:02 1459620                    /lib/x86_64-linux-gnu/ld-2.25.so
7f102da28000-7f102da29000 r--p 00000000 08:02 6165354                    /usr/lib/locale/en_AG/LC_MESSAGES/SYS_LC_MESSAGES
7f102da30000-7f102da31000 r--p 00000000 08:02 6162757                    /usr/lib/locale/aa_DJ.utf8/LC_PAPER
7f102da38000-7f102da39000 r--p 00000000 08:02 6165139                    /usr/lib/locale/chr_US/LC_NAME
7f102da3b000-7f102da96000 rw-p 00000000 00:00 0 
7f102da96000-7f102dae5000 rw-p 00000000 00:00 0 
7f102dae5000-7f102dae8000 ---p 00000000 00:00 0 
7f102dae8000-7f102dbe8000 rw-p 00000000 00:00 0 
7f102dbe8000-7f102dbe9000 r--p 00000000 08:02 6165419                    /usr/lib/locale/en_GB.utf8/LC_ADDRESS
7f102dbf0000-7f102dbf1000 r--p 00000000 08:02 6165205                    /usr/lib/locale/cy_GB.utf8/LC_TELEPHONE
7f102dbf8000-7f102dbf9000 r--p 00000000 08:02 6162751                    /usr/lib/locale/aa_DJ.utf8/LC_MEASUREMENT
7f102dc00000-7f102dc07000 r--s 00000000 08:02 6164888                    /usr/lib/x86_64-linux-gnu/gconv/gconv-modules.cache
7f102dc08000-7f102dc09000 r--p 00000000 08:02 6165420                    /usr/lib/locale/en_GB.utf8/LC_IDENTIFICATION
7f102dc10000-7f102dc18000 rw-s 00000000 08:12 260617                     /tmp/hsperfdata_mart/7341
7f102dc1d000-7f102dc1f000 r-xp 00000000 00:00 0 
7f102dc1f000-7f102dc22000 rw-p 00000000 00:00 0 
7f102dc22000-7f102dc23000 r--p 00022000 08:02 1459620                    /lib/x86_64-linux-gnu/ld-2.25.so
7f102dc23000-7f102dc24000 rw-p 00023000 08:02 1459620                    /lib/x86_64-linux-gnu/ld-2.25.so
7f102dc24000-7f102dc25000 rw-p 00000000 00:00 0 
7f102dc25000-7f102dc26000 r--p 00000000 00:00 0 
7ffd29f18000-7ffd29f39000 rw-p 00000000 00:00 0                          [stack]
7ffd29f68000-7ffd29f6b000 r--p 00000000 00:00 0                          [vvar]
7ffd29f6b000-7ffd29f6d000 r-xp 00000000 00:00 0                          [vdso]

VM Arguments:
jvm_args: -javaagent:/opt/intellij/lib/idea_rt.jar=45795:/opt/intellij/bin -Dfile.encoding=UTF-8 
java_command: Engine.Main
java_class_path (initial): /usr/lib/jvm/java-1.8.0-openjdk-amd64/jre/lib/charsets.jar:/usr/lib/jvm/java-1.8.0-openjdk-amd64/jre/lib/ext/cldrdata.jar:/usr/lib/jvm/java-1.8.0-openjdk-amd64/jre/lib/ext/dnsns.jar:/usr/lib/jvm/java-1.8.0-openjdk-amd64/jre/lib/ext/icedtea-sound.jar:/usr/lib/jvm/java-1.8.0-openjdk-amd64/jre/lib/ext/jaccess.jar:/usr/lib/jvm/java-1.8.0-openjdk-amd64/jre/lib/ext/java-atk-wrapper.jar:/usr/lib/jvm/java-1.8.0-openjdk-amd64/jre/lib/ext/localedata.jar:/usr/lib/jvm/java-1.8.0-openjdk-amd64/jre/lib/ext/nashorn.jar:/usr/lib/jvm/java-1.8.0-openjdk-amd64/jre/lib/ext/sunec.jar:/usr/lib/jvm/java-1.8.0-openjdk-amd64/jre/lib/ext/sunjce_provider.jar:/usr/lib/jvm/java-1.8.0-openjdk-amd64/jre/lib/ext/sunpkcs11.jar:/usr/lib/jvm/java-1.8.0-openjdk-amd64/jre/lib/ext/zipfs.jar:/usr/lib/jvm/java-1.8.0-openjdk-amd64/jre/lib/jce.jar:/usr/lib/jvm/java-1.8.0-openjdk-amd64/jre/lib/jsse.jar:/usr/lib/jvm/java-1.8.0-openjdk-amd64/jre/lib/management-agent.jar:/usr/lib/jvm/java-1.8.0-openjdk-amd64/jre/lib/resources.jar:/usr/lib/jvm/java-1.8.0-openjdk-amd64/jre/lib/rt.jar:/home/mart/IdeaProjects/silorex/out/production/silorex:/home/mart/IdeaProjects/silorex/lwjgl/lwjgl-natives-linux.jar:/home/mart/IdeaProjects/silorex/lwjgl/lwjgl-natives-macos.jar:/home/mart/IdeaProjects/silorex/lwjgl/lwjgl-natives-windows.jar:/home/mart/IdeaProjects/silorex/lwjgl/lwjgl.jar:/home/mart/IdeaProjects/silorex/lwjgl/lwjgl-opengl-natives-linux.jar:/home/mart/IdeaProjects/silorex/lwjgl/lwjgl-opengl-natives-macos.jar:/home/mart/IdeaProjects/silorex/lwjgl/lwjgl-opengl-natives-windows.jar:/home/mart/IdeaProjects/silorex/lwjgl/lwjgl-opengl.jar:/home/mart/IdeaProjects/silorex/lwjgl/lwjgl-glfw-natives-linux.jar:/home/mart/IdeaProjects/silorex/lwjgl/lwjgl-glfw-natives-macos.jar:/home/mart/IdeaProjects/silorex/lwjgl/lwjgl-glfw-natives-windows.jar:/home/mart/IdeaProjects/silorex/lwjgl/lwjgl-glfw.jar:/opt/intellij/lib/idea_rt.jar
Launcher Type: SUN_STANDARD

Environment Variables:
PATH=/usr/local/bin:/usr/bin:/bin:/usr/local/games:/usr/games
USERNAME=mart
SHELL=/bin/bash
DISPLAY=:1

Signal Handlers:
SIGSEGV: [libjvm.so+0xaa6ae0], sa_mask[0]=11111111011111111101111111111110, sa_flags=SA_RESTART|SA_SIGINFO
SIGBUS: [libjvm.so+0xaa6ae0], sa_mask[0]=11111111011111111101111111111110, sa_flags=SA_RESTART|SA_SIGINFO
SIGFPE: [libjvm.so+0x8ddf00], sa_mask[0]=11111111011111111101111111111110, sa_flags=SA_RESTART|SA_SIGINFO
SIGPIPE: [libjvm.so+0x8ddf00], sa_mask[0]=11111111011111111101111111111110, sa_flags=SA_RESTART|SA_SIGINFO
SIGXFSZ: [libjvm.so+0x8ddf00], sa_mask[0]=11111111011111111101111111111110, sa_flags=SA_RESTART|SA_SIGINFO
SIGILL: [libjvm.so+0x8ddf00], sa_mask[0]=11111111011111111101111111111110, sa_flags=SA_RESTART|SA_SIGINFO
SIGUSR1: SIG_DFL, sa_mask[0]=00000000000000000000000000000000, sa_flags=none
SIGUSR2: [libjvm.so+0x8dddb0], sa_mask[0]=00100000000000000000000000000000, sa_flags=SA_RESTART|SA_SIGINFO
SIGHUP: [libjvm.so+0x8de260], sa_mask[0]=11111111011111111101111111111110, sa_flags=SA_RESTART|SA_SIGINFO
SIGINT: [libjvm.so+0x8de260], sa_mask[0]=11111111011111111101111111111110, sa_flags=SA_RESTART|SA_SIGINFO
SIGTERM: [libjvm.so+0x8de260], sa_mask[0]=11111111011111111101111111111110, sa_flags=SA_RESTART|SA_SIGINFO
SIGQUIT: [libjvm.so+0x8de260], sa_mask[0]=11111111011111111101111111111110, sa_flags=SA_RESTART|SA_SIGINFO


---------------  S Y S T E M  ---------------

OS:DISTRIB_ID=Kali
DISTRIB_RELEASE=kali-rolling
DISTRIB_CODENAME=kali-rolling
DISTRIB_DESCRIPTION="Kali GNU/Linux Rolling"

uname:Linux 4.14.0-kali1-amd64 #1 SMP Debian 4.14.2-1kali1 (2017-12-04) x86_64
libc:glibc 2.25 NPTL 2.25 
rlimit: STACK 8192k, CORE 0k, NPROC 63609, NOFILE 1048576, AS infinity
load average:2.16 1.22 1.16

/proc/meminfo:
MemTotal:       16383060 kB
MemFree:         7170436 kB
MemAvailable:    9333184 kB
Buffers:          354892 kB
Cached:          2148712 kB
SwapCached:            0 kB
Active:          7099924 kB
Inactive:        1567928 kB
Active(anon):    6165600 kB
Inactive(anon):   264384 kB
Active(file):     934324 kB
Inactive(file):  1303544 kB
Unevictable:          16 kB
Mlocked:              16 kB
SwapTotal:      19530748 kB
SwapFree:       19530748 kB
Dirty:              1116 kB
Writeback:             0 kB
AnonPages:       5030404 kB
Mapped:           724632 kB
Shmem:            265756 kB
Slab:             330384 kB
SReclaimable:     263076 kB
SUnreclaim:        67308 kB
KernelStack:       16032 kB
PageTables:        53680 kB
NFS_Unstable:          0 kB
Bounce:                0 kB
WritebackTmp:          0 kB
CommitLimit:    27722276 kB
Committed_AS:   12300896 kB
VmallocTotal:   34359738367 kB
VmallocUsed:           0 kB
VmallocChunk:          0 kB
HardwareCorrupted:     0 kB
AnonHugePages:   2242560 kB
ShmemHugePages:        0 kB
ShmemPmdMapped:        0 kB
HugePages_Total:       0
HugePages_Free:        0
HugePages_Rsvd:        0
HugePages_Surp:        0
Hugepagesize:       2048 kB
DirectMap4k:      260532 kB
DirectMap2M:    10172416 kB
DirectMap1G:     6291456 kB


CPU:total 8 (initial active 8) (8 cores per cpu, 1 threads per core) family 21 model 2 stepping 0, cmov, cx8, fxsr, mmx, sse, sse2, sse3, ssse3, sse4.1, sse4.2, popcnt, avx, aes, clmul, mmxext, 3dnowpref, lzcnt, sse4a, tsc, tscinvbit, tscinv, bmi1

/proc/cpuinfo:
processor	: 0
vendor_id	: AuthenticAMD
cpu family	: 21
model		: 2
model name	: AMD FX(tm)-8320 Eight-Core Processor
stepping	: 0
microcode	: 0x600084f
cpu MHz		: 3500.000
cache size	: 2048 KB
physical id	: 0
siblings	: 8
core id		: 0
cpu cores	: 4
apicid		: 16
initial apicid	: 0
fpu		: yes
fpu_exception	: yes
cpuid level	: 13
wp		: yes
flags		: fpu vme de pse tsc msr pae mce cx8 apic sep mtrr pge mca cmov pat pse36 clflush mmx fxsr sse sse2 ht syscall nx mmxext fxsr_opt pdpe1gb rdtscp lm constant_tsc rep_good nopl nonstop_tsc cpuid extd_apicid aperfmperf pni pclmulqdq monitor ssse3 fma cx16 sse4_1 sse4_2 popcnt aes xsave avx f16c lahf_lm cmp_legacy svm extapic cr8_legacy abm sse4a misalignsse 3dnowprefetch osvw ibs xop skinit wdt lwp fma4 tce nodeid_msr tbm topoext perfctr_core perfctr_nb cpb hw_pstate vmmcall bmi1 arat npt lbrv svm_lock nrip_save tsc_scale vmcb_clean flushbyasid decodeassists pausefilter pfthreshold
bugs		: fxsave_leak sysret_ss_attrs null_seg
bogomips	: 7000.67
TLB size	: 1536 4K pages
clflush size	: 64
cache_alignment	: 64
address sizes	: 48 bits physical, 48 bits virtual
power management: ts ttp tm 100mhzsteps hwpstate cpb eff_freq_ro

processor	: 1
vendor_id	: AuthenticAMD
cpu family	: 21
model		: 2
model name	: AMD FX(tm)-8320 Eight-Core Processor
stepping	: 0
microcode	: 0x600084f
cpu MHz		: 3500.000
cache size	: 2048 KB
physical id	: 0
siblings	: 8
core id		: 1
cpu cores	: 4
apicid		: 17
initial apicid	: 1
fpu		: yes
fpu_exception	: yes
cpuid level	: 13
wp		: yes
flags		: fpu vme de pse tsc msr pae mce cx8 apic sep mtrr pge mca cmov pat pse36 clflush mmx fxsr sse sse2 ht syscall nx mmxext fxsr_opt pdpe1gb rdtscp lm constant_tsc rep_good nopl nonstop_tsc cpuid extd_apicid aperfmperf pni pclmulqdq monitor ssse3 fma cx16 sse4_1 sse4_2 popcnt aes xsave avx f16c lahf_lm cmp_legacy svm extapic cr8_legacy abm sse4a misalignsse 3dnowprefetch osvw ibs xop skinit wdt lwp fma4 tce nodeid_msr tbm topoext perfctr_core perfctr_nb cpb hw_pstate vmmcall bmi1 arat npt lbrv svm_lock nrip_save tsc_scale vmcb_clean flushbyasid decodeassists pausefilter pfthreshold
bugs		: fxsave_leak sysret_ss_attrs null_seg
bogomips	: 7000.67
TLB size	: 1536 4K pages
clflush size	: 64
cache_alignment	: 64
address sizes	: 48 bits physical, 48 bits virtual
power management: ts ttp tm 100mhzsteps hwpstate cpb eff_freq_ro

processor	: 2
vendor_id	: AuthenticAMD
cpu family	: 21
model		: 2
model name	: AMD FX(tm)-8320 Eight-Core Processor
stepping	: 0
microcode	: 0x600084f
cpu MHz		: 1700.000
cache size	: 2048 KB
physical id	: 0
siblings	: 8
core id		: 2
cpu cores	: 4
apicid		: 18
initial apicid	: 2
fpu		: yes
fpu_exception	: yes
cpuid level	: 13
wp		: yes
flags		: fpu vme de pse tsc msr pae mce cx8 apic sep mtrr pge mca cmov pat pse36 clflush mmx fxsr sse sse2 ht syscall nx mmxext fxsr_opt pdpe1gb rdtscp lm constant_tsc rep_good nopl nonstop_tsc cpuid extd_apicid aperfmperf pni pclmulqdq monitor ssse3 fma cx16 sse4_1 sse4_2 popcnt aes xsave avx f16c lahf_lm cmp_legacy svm extapic cr8_legacy abm sse4a misalignsse 3dnowprefetch osvw ibs xop skinit wdt lwp fma4 tce nodeid_msr tbm topoext perfctr_core perfctr_nb cpb hw_pstate vmmcall bmi1 arat npt lbrv svm_lock nrip_save tsc_scale vmcb_clean flushbyasid decodeassists pausefilter pfthreshold
bugs		: fxsave_leak sysret_ss_attrs null_seg
bogomips	: 7000.67
TLB size	: 1536 4K pages
clflush size	: 64
cache_alignment	: 64
address sizes	: 48 bits physical, 48 bits virtual
power management: ts ttp tm 100mhzsteps hwpstate cpb eff_freq_ro

processor	: 3
vendor_id	: AuthenticAMD
cpu family	: 21
model		: 2
model name	: AMD FX(tm)-8320 Eight-Core Processor
stepping	: 0
microcode	: 0x600084f
cpu MHz		: 3500.000
cache size	: 2048 KB
physical id	: 0
siblings	: 8
core id		: 3
cpu cores	: 4
apicid		: 19
initial apicid	: 3
fpu		: yes
fpu_exception	: yes
cpuid level	: 13
wp		: yes
flags		: fpu vme de pse tsc msr pae mce cx8 apic sep mtrr pge mca cmov pat pse36 clflush mmx fxsr sse sse2 ht syscall nx mmxext fxsr_opt pdpe1gb rdtscp lm constant_tsc rep_good nopl nonstop_tsc cpuid extd_apicid aperfmperf pni pclmulqdq monitor ssse3 fma cx16 sse4_1 sse4_2 popcnt aes xsave avx f16c lahf_lm cmp_legacy svm extapic cr8_legacy abm sse4a misalignsse 3dnowprefetch osvw ibs xop skinit wdt lwp fma4 tce nodeid_msr tbm topoext perfctr_core perfctr_nb cpb hw_pstate vmmcall bmi1 arat npt lbrv svm_lock nrip_save tsc_scale vmcb_clean flushbyasid decodeassists pausefilter pfthreshold
bugs		: fxsave_leak sysret_ss_attrs null_seg
bogomips	: 7000.67
TLB size	: 1536 4K pages
clflush size	: 64
cache_alignment	: 64
address sizes	: 48 bits physical, 48 bits virtual
power management: ts ttp tm 100mhzsteps hwpstate cpb eff_freq_ro

processor	: 4
vendor_id	: AuthenticAMD
cpu family	: 21
model		: 2
model name	: AMD FX(tm)-8320 Eight-Core Processor
stepping	: 0
microcode	: 0x600084f
cpu MHz		: 3500.000
cache size	: 2048 KB
physical id	: 0
siblings	: 8
core id		: 4
cpu cores	: 4
apicid		: 20
initial apicid	: 4
fpu		: yes
fpu_exception	: yes
cpuid level	: 13
wp		: yes
flags		: fpu vme de pse tsc msr pae mce cx8 apic sep mtrr pge mca cmov pat pse36 clflush mmx fxsr sse sse2 ht syscall nx mmxext fxsr_opt pdpe1gb rdtscp lm constant_tsc rep_good nopl nonstop_tsc cpuid extd_apicid aperfmperf pni pclmulqdq monitor ssse3 fma cx16 sse4_1 sse4_2 popcnt aes xsave avx f16c lahf_lm cmp_legacy svm extapic cr8_legacy abm sse4a misalignsse 3dnowprefetch osvw ibs xop skinit wdt lwp fma4 tce nodeid_msr tbm topoext perfctr_core perfctr_nb cpb hw_pstate vmmcall bmi1 arat npt lbrv svm_lock nrip_save tsc_scale vmcb_clean flushbyasid decodeassists pausefilter pfthreshold
bugs		: fxsave_leak sysret_ss_attrs null_seg
bogomips	: 7000.67
TLB size	: 1536 4K pages
clflush size	: 64
cache_alignment	: 64
address sizes	: 48 bits physical, 48 bits virtual
power management: ts ttp tm 100mhzsteps hwpstate cpb eff_freq_ro

processor	: 5
vendor_id	: AuthenticAMD
cpu family	: 21
model		: 2
model name	: AMD FX(tm)-8320 Eight-Core Processor
stepping	: 0
microcode	: 0x600084f
cpu MHz		: 1700.000
cache size	: 2048 KB
physical id	: 0
siblings	: 8
core id		: 5
cpu cores	: 4
apicid		: 21
initial apicid	: 5
fpu		: yes
fpu_exception	: yes
cpuid level	: 13
wp		: yes
flags		: fpu vme de pse tsc msr pae mce cx8 apic sep mtrr pge mca cmov pat pse36 clflush mmx fxsr sse sse2 ht syscall nx mmxext fxsr_opt pdpe1gb rdtscp lm constant_tsc rep_good nopl nonstop_tsc cpuid extd_apicid aperfmperf pni pclmulqdq monitor ssse3 fma cx16 sse4_1 sse4_2 popcnt aes xsave avx f16c lahf_lm cmp_legacy svm extapic cr8_legacy abm sse4a misalignsse 3dnowprefetch osvw ibs xop skinit wdt lwp fma4 tce nodeid_msr tbm topoext perfctr_core perfctr_nb cpb hw_pstate vmmcall bmi1 arat npt lbrv svm_lock nrip_save tsc_scale vmcb_clean flushbyasid decodeassists pausefilter pfthreshold
bugs		: fxsave_leak sysret_ss_attrs null_seg
bogomips	: 7000.67
TLB size	: 1536 4K pages
clflush size	: 64
cache_alignment	: 64
address sizes	: 48 bits physical, 48 bits virtual
power management: ts ttp tm 100mhzsteps hwpstate cpb eff_freq_ro

processor	: 6
vendor_id	: AuthenticAMD
cpu family	: 21
model		: 2
model name	: AMD FX(tm)-8320 Eight-Core Processor
stepping	: 0
microcode	: 0x600084f
cpu MHz		: 3500.000
cache size	: 2048 KB
physical id	: 0
siblings	: 8
core id		: 6
cpu cores	: 4
apicid		: 22
initial apicid	: 6
fpu		: yes
fpu_exception	: yes
cpuid level	: 13
wp		: yes
flags		: fpu vme de pse tsc msr pae mce cx8 apic sep mtrr pge mca cmov pat pse36 clflush mmx fxsr sse sse2 ht syscall nx mmxext fxsr_opt pdpe1gb rdtscp lm constant_tsc rep_good nopl nonstop_tsc cpuid extd_apicid aperfmperf pni pclmulqdq monitor ssse3 fma cx16 sse4_1 sse4_2 popcnt aes xsave avx f16c lahf_lm cmp_legacy svm extapic cr8_legacy abm sse4a misalignsse 3dnowprefetch osvw ibs xop skinit wdt lwp fma4 tce nodeid_msr tbm topoext perfctr_core perfctr_nb cpb hw_pstate vmmcall bmi1 arat npt lbrv svm_lock nrip_save tsc_scale vmcb_clean flushbyasid decodeassists pausefilter pfthreshold
bugs		: fxsave_leak sysret_ss_attrs null_seg
bogomips	: 7000.67
TLB size	: 1536 4K pages
clflush size	: 64
cache_alignment	: 64
address sizes	: 48 bits physical, 48 bits virtual
power management: ts ttp tm 100mhzsteps hwpstate cpb eff_freq_ro

processor	: 7
vendor_id	: AuthenticAMD
cpu family	: 21
model		: 2
model name	: AMD FX(tm)-8320 Eight-Core Processor
stepping	: 0
microcode	: 0x600084f
cpu MHz		: 3500.000
cache size	: 2048 KB
physical id	: 0
siblings	: 8
core id		: 7
cpu cores	: 4
apicid		: 23
initial apicid	: 7
fpu		: yes
fpu_exception	: yes
cpuid level	: 13
wp		: yes
flags		: fpu vme de pse tsc msr pae mce cx8 apic sep mtrr pge mca cmov pat pse36 clflush mmx fxsr sse sse2 ht syscall nx mmxext fxsr_opt pdpe1gb rdtscp lm constant_tsc rep_good nopl nonstop_tsc cpuid extd_apicid aperfmperf pni pclmulqdq monitor ssse3 fma cx16 sse4_1 sse4_2 popcnt aes xsave avx f16c lahf_lm cmp_legacy svm extapic cr8_legacy abm sse4a misalignsse 3dnowprefetch osvw ibs xop skinit wdt lwp fma4 tce nodeid_msr tbm topoext perfctr_core perfctr_nb cpb hw_pstate vmmcall bmi1 arat npt lbrv svm_lock nrip_save tsc_scale vmcb_clean flushbyasid decodeassists pausefilter pfthreshold
bugs		: fxsave_leak sysret_ss_attrs null_seg
bogomips	: 7000.67
TLB size	: 1536 4K pages
clflush size	: 64
cache_alignment	: 64
address sizes	: 48 bits physical, 48 bits virtual
power management: ts ttp tm 100mhzsteps hwpstate cpb eff_freq_ro



Memory: 4k page, physical 16383060k(7170436k free), swap 19530748k(19530748k free)

vm_info: OpenJDK 64-Bit Server VM (25.151-b12) for linux-amd64 JRE (1.8.0_151-8u151-b12-1-b12), built on Nov  1 2017 06:12:56 by "buildd" with gcc 7.2.1 20171025

time: Sat Jan  6 20:53:26 2018
elapsed time: 0 seconds (0d 0h 0m 0s)

