#
# A fatal error has been detected by the Java Runtime Environment:
#
#  EXCEPTION_ACCESS_VIOLATION (0xc0000005) at pc=0x1d5125bd, pid=11980, tid=0x00002ddc
#
# JRE version: Java(TM) SE Runtime Environment (8.0_112-b15) (build 1.8.0_112-b15)
# Java VM: Java HotSpot(TM) Client VM (25.112-b15 mixed mode windows-x86 )
# Problematic frame:
# C  [lwjgl_opengl32.dll+0x125bd]
#
# Failed to write core dump. Minidumps are not enabled by default on client versions of Windows
#
# If you would like to submit a bug report, please visit:
#   http://bugreport.java.com/bugreport/crash.jsp
# The crash happened outside the Java Virtual Machine in native code.
# See problematic frame for where to report the bug.
#

---------------  T H R E A D  ---------------

Current thread (0x026dd400):  JavaThread "main" [_thread_in_native, id=11740, stack(0x02820000,0x02870000)]

siginfo: ExceptionCode=0xc0000005, reading address 0x00000454

Registers:
EAX=0x00000000, EBX=0x167f9b60, ECX=0x026dd540, EDX=0x00000000
ESP=0x0286f678, EBP=0x0286f6b4, ESI=0x167f9b58, EDI=0x026dd400
EIP=0x1d5125bd, EFLAGS=0x00010287

Top of Stack: (sp=0x0286f678)
0x0286f678:   00008b31 041ad3d3 026dd540 0286f6bc
0x0286f688:   00008b31 167f9b60 041ad1c6 0286f694
0x0286f698:   167f9b58 0286f6c4 16803be0 00000000
0x0286f6a8:   167f9b60 00000000 0286f6c4 0286f6e8
0x0286f6b8:   041a44e0 06551560 041a9d09 00008b31
0x0286f6c8:   0286f6c8 167f73ea 0286f700 167f7758
0x0286f6d8:   00000000 167f7498 0286f6c4 0286f6fc
0x0286f6e8:   0286f728 041a44e0 00000000 06529100 

Instructions: (pc=0x1d5125bd)
0x1d51259d:   8b 80 f8 0d 00 00 ff d0 c2 0c 00 cc cc cc cc cc
0x1d5125ad:   cc cc cc 8b 44 24 04 ff 74 24 0c 8b 00 8b 40 0c
0x1d5125bd:   8b 80 54 04 00 00 ff d0 c2 0c 00 cc cc cc cc cc
0x1d5125cd:   cc cc cc 8b 44 24 04 ff 74 24 0c 8b 00 8b 40 0c 


Register to memory mapping:

EAX=0x00000000 is an unknown value
EBX={method} {0x167f9b64} 'glCreateShader' '(I)I' in 'org/lwjgl/opengl/GL20'
ECX=0x026dd540 is an unknown value
EDX=0x00000000 is an unknown value
ESP=0x0286f678 is pointing into the stack for thread: 0x026dd400
EBP=0x0286f6b4 is pointing into the stack for thread: 0x026dd400
ESI=0x167f9b58 is pointing into metadata
EDI=0x026dd400 is a thread


Stack: [0x02820000,0x02870000],  sp=0x0286f678,  free space=317k
Native frames: (J=compiled Java code, j=interpreted, Vv=VM code, C=native code)
C  [lwjgl_opengl32.dll+0x125bd]
j  Shaders.ShaderProgram.loadShader(Ljava/lang/String;I)I+66
j  Shaders.ShaderProgram.<init>(Ljava/lang/String;Ljava/lang/String;)V+8
j  Shaders.StaticShader.<init>()V+5
j  Engine.Main.myInit()V+27
j  Engine.Main.run()V+5
j  Engine.Main.main([Ljava/lang/String;)V+7
v  ~StubRoutines::call_stub
V  [jvm.dll+0x15a945]
V  [jvm.dll+0x220d0e]
V  [jvm.dll+0x15a9de]
V  [jvm.dll+0x167178]
V  [jvm.dll+0x1673e3]
V  [jvm.dll+0x103be3]
C  [java.dll+0x3b26]
j  sun.reflect.NativeMethodAccessorImpl.invoke(Ljava/lang/Object;[Ljava/lang/Object;)Ljava/lang/Object;+100
j  sun.reflect.DelegatingMethodAccessorImpl.invoke(Ljava/lang/Object;[Ljava/lang/Object;)Ljava/lang/Object;+6
j  java.lang.reflect.Method.invoke(Ljava/lang/Object;[Ljava/lang/Object;)Ljava/lang/Object;+56
j  com.intellij.rt.execution.application.AppMain.main([Ljava/lang/String;)V+170
v  ~StubRoutines::call_stub
V  [jvm.dll+0x15a945]
V  [jvm.dll+0x220d0e]
V  [jvm.dll+0x15a9de]
V  [jvm.dll+0xdc707]
V  [jvm.dll+0xe4c9f]
C  [java.exe+0x229e]
C  [java.exe+0xae9f]
C  [java.exe+0xaf29]
C  [KERNEL32.DLL+0x18654]
C  [ntdll.dll+0x64a47]
C  [ntdll.dll+0x64a17]
C  0x00000000

Java frames: (J=compiled Java code, j=interpreted, Vv=VM code)
j  org.lwjgl.opengl.GL20.glCreateShader(I)I+0
j  Shaders.ShaderProgram.loadShader(Ljava/lang/String;I)I+66
j  Shaders.ShaderProgram.<init>(Ljava/lang/String;Ljava/lang/String;)V+8
j  Shaders.StaticShader.<init>()V+5
j  Engine.Main.myInit()V+27
j  Engine.Main.run()V+5
j  Engine.Main.main([Ljava/lang/String;)V+7
v  ~StubRoutines::call_stub
j  sun.reflect.NativeMethodAccessorImpl.invoke0(Ljava/lang/reflect/Method;Ljava/lang/Object;[Ljava/lang/Object;)Ljava/lang/Object;+0
j  sun.reflect.NativeMethodAccessorImpl.invoke(Ljava/lang/Object;[Ljava/lang/Object;)Ljava/lang/Object;+100
j  sun.reflect.DelegatingMethodAccessorImpl.invoke(Ljava/lang/Object;[Ljava/lang/Object;)Ljava/lang/Object;+6
j  java.lang.reflect.Method.invoke(Ljava/lang/Object;[Ljava/lang/Object;)Ljava/lang/Object;+56
j  com.intellij.rt.execution.application.AppMain.main([Ljava/lang/String;)V+170
v  ~StubRoutines::call_stub

---------------  P R O C E S S  ---------------

Java Threads: ( => current thread )
  0x16a47000 JavaThread "Monitor Ctrl-Break" daemon [_thread_in_native, id=4316, stack(0x16ff0000,0x17040000)]
  0x168b8400 JavaThread "Service Thread" daemon [_thread_blocked, id=8272, stack(0x16dd0000,0x16e20000)]
  0x1689b000 JavaThread "C1 CompilerThread0" daemon [_thread_blocked, id=1136, stack(0x16d40000,0x16d90000)]
  0x1689a000 JavaThread "Attach Listener" daemon [_thread_blocked, id=5740, stack(0x16cb0000,0x16d00000)]
  0x16898000 JavaThread "Signal Dispatcher" daemon [_thread_blocked, id=7452, stack(0x16c20000,0x16c70000)]
  0x1687ac00 JavaThread "Finalizer" daemon [_thread_blocked, id=11928, stack(0x16aa0000,0x16af0000)]
  0x16864c00 JavaThread "Reference Handler" daemon [_thread_blocked, id=11796, stack(0x06380000,0x063d0000)]
=>0x026dd400 JavaThread "main" [_thread_in_native, id=11740, stack(0x02820000,0x02870000)]

Other Threads:
  0x0419d800 VMThread [stack: 0x062f0000,0x06340000] [id=10116]
  0x168bc800 WatcherThread [stack: 0x16e60000,0x16eb0000] [id=1160]

VM state:not at safepoint (normal execution)

VM Mutex/Monitor currently owned by a thread: None

Heap:
 def new generation   total 4928K, used 2198K [0x06400000, 0x06950000, 0x0b950000)
  eden space 4416K,  38% used [0x06400000, 0x065a5ae8, 0x06850000)
  from space 512K, 100% used [0x068d0000, 0x06950000, 0x06950000)
  to   space 512K,   0% used [0x06850000, 0x06850000, 0x068d0000)
 tenured generation   total 10944K, used 490K [0x0b950000, 0x0c400000, 0x16400000)
   the space 10944K,   4% used [0x0b950000, 0x0b9ca910, 0x0b9caa00, 0x0c400000)
 Metaspace       used 3941K, capacity 4147K, committed 4160K, reserved 4480K

Card table byte_map: [0x06220000,0x062b0000] byte_map_base: 0x061ee000

Polling page: 0x02500000

CodeCache: size=32768Kb used=1028Kb max_used=1028Kb free=31739Kb
 bounds [0x041a0000, 0x042a8000, 0x061a0000]
 total_blobs=640 nmethods=184 adapters=387
 compilation: enabled

Compilation events (10 events):
Event: 2.091 Thread 0x1689b000  180             java.util.jar.JarFile::getEntry (22 bytes)
Event: 2.091 Thread 0x1689b000 nmethod 180 0x0429c588 code [0x0429c6a0, 0x0429c7c8]
Event: 2.091 Thread 0x1689b000  181   !         java.util.zip.ZipFile::getEntry (86 bytes)
Event: 2.091 Thread 0x1689b000 nmethod 181 0x0429c888 code [0x0429c9d0, 0x0429cd78]
Event: 2.092 Thread 0x1689b000  182             java.lang.String::toUpperCase (439 bytes)
Event: 2.092 Thread 0x1689b000 nmethod 182 0x0429d008 code [0x0429d210, 0x0429da30]
Event: 2.729 Thread 0x1689b000  183             java.lang.CharacterDataLatin1::toUpperCaseEx (71 bytes)
Event: 2.729 Thread 0x1689b000 nmethod 183 0x0429e448 code [0x0429e540, 0x0429e640]
Event: 2.729 Thread 0x1689b000  184   !         java.net.URL::<init> (543 bytes)
Event: 2.730 Thread 0x1689b000 nmethod 184 0x0429e748 code [0x0429ea30, 0x0429f6f8]

GC Heap History (2 events):
Event: 1.120 GC heap before
{Heap before GC invocations=0 (full 0):
 def new generation   total 4928K, used 4416K [0x06400000, 0x06950000, 0x0b950000)
  eden space 4416K, 100% used [0x06400000, 0x06850000, 0x06850000)
  from space 512K,   0% used [0x06850000, 0x06850000, 0x068d0000)
  to   space 512K,   0% used [0x068d0000, 0x068d0000, 0x06950000)
 tenured generation   total 10944K, used 0K [0x0b950000, 0x0c400000, 0x16400000)
   the space 10944K,   0% used [0x0b950000, 0x0b950000, 0x0b950200, 0x0c400000)
 Metaspace       used 3535K, capacity 3748K, committed 3776K, reserved 4480K
Event: 1.124 GC heap after
Heap after GC invocations=1 (full 0):
 def new generation   total 4928K, used 512K [0x06400000, 0x06950000, 0x0b950000)
  eden space 4416K,   0% used [0x06400000, 0x06400000, 0x06850000)
  from space 512K, 100% used [0x068d0000, 0x06950000, 0x06950000)
  to   space 512K,   0% used [0x06850000, 0x06850000, 0x068d0000)
 tenured generation   total 10944K, used 490K [0x0b950000, 0x0c400000, 0x16400000)
   the space 10944K,   4% used [0x0b950000, 0x0b9ca910, 0x0b9caa00, 0x0c400000)
 Metaspace       used 3535K, capacity 3748K, committed 3776K, reserved 4480K
}

Deoptimization events (0 events):
No events

Internal exceptions (10 events):
Event: 1.139 Thread 0x026dd400 Exception <a 'sun/nio/fs/WindowsException'> (0x064a8230) thrown at [C:\re\workspace\8-2-build-windows-i586-cygwin\jdk8u112\7884\hotspot\src\share\vm\prims\jni.cpp, line 709]
Event: 1.139 Thread 0x026dd400 Exception <a 'sun/nio/fs/WindowsException'> (0x064a8800) thrown at [C:\re\workspace\8-2-build-windows-i586-cygwin\jdk8u112\7884\hotspot\src\share\vm\prims\jni.cpp, line 709]
Event: 1.140 Thread 0x026dd400 Exception <a 'sun/nio/fs/WindowsException'> (0x064a93e0) thrown at [C:\re\workspace\8-2-build-windows-i586-cygwin\jdk8u112\7884\hotspot\src\share\vm\prims\jni.cpp, line 709]
Event: 1.140 Thread 0x026dd400 Exception <a 'sun/nio/fs/WindowsException'> (0x064ad100) thrown at [C:\re\workspace\8-2-build-windows-i586-cygwin\jdk8u112\7884\hotspot\src\share\vm\prims\jni.cpp, line 709]
Event: 2.091 Thread 0x026dd400 Exception <a 'sun/nio/fs/WindowsException'> (0x065840a8) thrown at [C:\re\workspace\8-2-build-windows-i586-cygwin\jdk8u112\7884\hotspot\src\share\vm\prims\jni.cpp, line 709]
Event: 2.091 Thread 0x026dd400 Exception <a 'sun/nio/fs/WindowsException'> (0x065846c8) thrown at [C:\re\workspace\8-2-build-windows-i586-cygwin\jdk8u112\7884\hotspot\src\share\vm\prims\jni.cpp, line 709]
Event: 2.091 Thread 0x026dd400 Exception <a 'sun/nio/fs/WindowsException'> (0x065852c8) thrown at [C:\re\workspace\8-2-build-windows-i586-cygwin\jdk8u112\7884\hotspot\src\share\vm\prims\jni.cpp, line 709]
Event: 2.092 Thread 0x026dd400 Exception <a 'sun/nio/fs/WindowsException'> (0x06589018) thrown at [C:\re\workspace\8-2-build-windows-i586-cygwin\jdk8u112\7884\hotspot\src\share\vm\prims\jni.cpp, line 709]
Event: 2.730 Thread 0x026dd400 Exception <a 'sun/nio/fs/WindowsException'> (0x06598248) thrown at [C:\re\workspace\8-2-build-windows-i586-cygwin\jdk8u112\7884\hotspot\src\share\vm\prims\jni.cpp, line 709]
Event: 2.730 Thread 0x026dd400 Exception <a 'sun/nio/fs/WindowsException'> (0x06598828) thrown at [C:\re\workspace\8-2-build-windows-i586-cygwin\jdk8u112\7884\hotspot\src\share\vm\prims\jni.cpp, line 709]

Events (10 events):
Event: 2.090 loading class org/lwjgl/opengl/GL$ICDStatic
Event: 2.090 loading class org/lwjgl/opengl/GL$ICDStatic done
Event: 2.729 loading class org/lwjgl/opengl/GL$4
Event: 2.729 loading class org/lwjgl/opengl/GL$4 done
Event: 2.730 loading class org/lwjgl/opengl/GL$1
Event: 2.730 loading class org/lwjgl/opengl/GL$1 done
Event: 2.730 loading class org/lwjgl/opengl/GL$SharedLibraryGL
Event: 2.730 loading class org/lwjgl/opengl/GL$SharedLibraryGL done
Event: 2.730 loading class org/lwjgl/system/SharedLibrary$Delegate
Event: 2.730 loading class org/lwjgl/system/SharedLibrary$Delegate done


Dynamic libraries:
0x00040000 - 0x00073000 	C:\Program Files (x86)\Java\jdk1.8.0_112\bin\java.exe
0x77d10000 - 0x77e9d000 	C:\WINDOWS\SYSTEM32\ntdll.dll
0x748d0000 - 0x749a0000 	C:\WINDOWS\System32\KERNEL32.DLL
0x76b80000 - 0x76d57000 	C:\WINDOWS\System32\KERNELBASE.dll
0x6d430000 - 0x6d4ca000 	C:\WINDOWS\SYSTEM32\apphelp.dll
0x74b50000 - 0x74bc8000 	C:\WINDOWS\System32\ADVAPI32.dll
0x76ec0000 - 0x76f7d000 	C:\WINDOWS\System32\msvcrt.dll
0x774b0000 - 0x774f3000 	C:\WINDOWS\System32\sechost.dll
0x77610000 - 0x776ce000 	C:\WINDOWS\System32\RPCRT4.dll
0x74730000 - 0x74750000 	C:\WINDOWS\System32\SspiCli.dll
0x74720000 - 0x7472a000 	C:\WINDOWS\System32\CRYPTBASE.dll
0x77510000 - 0x77567000 	C:\WINDOWS\System32\bcryptPrimitives.dll
0x74750000 - 0x748c5000 	C:\WINDOWS\System32\USER32.dll
0x77cf0000 - 0x77d06000 	C:\WINDOWS\System32\win32u.dll
0x77720000 - 0x77742000 	C:\WINDOWS\System32\GDI32.dll
0x77750000 - 0x778ae000 	C:\WINDOWS\System32\gdi32full.dll
0x778b0000 - 0x7792c000 	C:\WINDOWS\System32\msvcp_win.dll
0x77bd0000 - 0x77ce7000 	C:\WINDOWS\System32\ucrtbase.dll
0x5ad50000 - 0x5af61000 	C:\WINDOWS\WinSxS\x86_microsoft.windows.common-controls_6595b64144ccf1df_6.0.16299.125_none_5d79065fa7de350f\COMCTL32.dll
0x77930000 - 0x77b76000 	C:\WINDOWS\System32\combase.dll
0x772f0000 - 0x77315000 	C:\WINDOWS\System32\IMM32.DLL
0x78020000 - 0x780df000 	C:\Program Files (x86)\Java\jdk1.8.0_112\jre\bin\msvcr100.dll
0x6c5a0000 - 0x6c96e000 	C:\Program Files (x86)\Java\jdk1.8.0_112\jre\bin\client\jvm.dll
0x77500000 - 0x77506000 	C:\WINDOWS\System32\PSAPI.DLL
0x69b80000 - 0x69b88000 	C:\WINDOWS\SYSTEM32\WSOCK32.dll
0x74590000 - 0x745b4000 	C:\WINDOWS\SYSTEM32\WINMM.dll
0x745d0000 - 0x745d8000 	C:\WINDOWS\SYSTEM32\VERSION.dll
0x770e0000 - 0x77146000 	C:\WINDOWS\System32\WS2_32.dll
0x74210000 - 0x74233000 	C:\WINDOWS\SYSTEM32\WINMMBASE.dll
0x77b90000 - 0x77bc8000 	C:\WINDOWS\System32\cfgmgr32.dll
0x52370000 - 0x5237c000 	C:\Program Files (x86)\Java\jdk1.8.0_112\jre\bin\verify.dll
0x6da70000 - 0x6da91000 	C:\Program Files (x86)\Java\jdk1.8.0_112\jre\bin\java.dll
0x70400000 - 0x70413000 	C:\Program Files (x86)\Java\jdk1.8.0_112\jre\bin\zip.dll
0x75210000 - 0x76543000 	C:\WINDOWS\System32\SHELL32.dll
0x76af0000 - 0x76b78000 	C:\WINDOWS\System32\shcore.dll
0x74be0000 - 0x751a6000 	C:\WINDOWS\System32\windows.storage.dll
0x76f90000 - 0x76fd5000 	C:\WINDOWS\System32\shlwapi.dll
0x74bd0000 - 0x74bde000 	C:\WINDOWS\System32\kernel.appcore.dll
0x77070000 - 0x770b5000 	C:\WINDOWS\System32\powrprof.dll
0x77240000 - 0x77254000 	C:\WINDOWS\System32\profapi.dll
0x063d0000 - 0x063d7000 	C:\Program Files (x86)\JetBrains\IntelliJ IDEA 2016.2.2\bin\breakgen.dll
0x6fb40000 - 0x6fb56000 	C:\Program Files (x86)\Java\jdk1.8.0_112\jre\bin\net.dll
0x737e0000 - 0x73835000 	C:\WINDOWS\system32\mswsock.dll
0x6f6b0000 - 0x6f6bf000 	C:\Program Files (x86)\Java\jdk1.8.0_112\jre\bin\nio.dll
0x17450000 - 0x174a1000 	C:\Users\opilane\AppData\Local\Temp\lwjglopilane\3.1.4-build-8\lwjgl32.dll
0x174c0000 - 0x17506000 	C:\Users\opilane\AppData\Local\Temp\lwjglopilane\3.1.4-build-8\glfw32.dll
0x73540000 - 0x735b9000 	C:\WINDOWS\system32\uxtheme.dll
0x17520000 - 0x17558000 	C:\WINDOWS\SYSTEM32\dinput8.dll
0x175f0000 - 0x175fd000 	C:\WINDOWS\SYSTEM32\xinput1_4.dll
0x70990000 - 0x709b2000 	C:\WINDOWS\SYSTEM32\DEVOBJ.dll
0x735c0000 - 0x735e3000 	C:\WINDOWS\SYSTEM32\dwmapi.dll
0x17700000 - 0x17726000 	C:\WINDOWS\SYSTEM32\inputhost.dll
0x6b590000 - 0x6b61c000 	C:\WINDOWS\SYSTEM32\CoreMessaging.dll
0x6a210000 - 0x6a444000 	C:\WINDOWS\SYSTEM32\CoreUIComponents.dll
0x6d5c0000 - 0x6d5e8000 	C:\WINDOWS\SYSTEM32\ntmarta.dll
0x6bf00000 - 0x6bfcb000 	C:\WINDOWS\SYSTEM32\wintypes.dll
0x74a00000 - 0x74b44000 	C:\WINDOWS\System32\MSCTF.dll
0x77570000 - 0x77603000 	C:\WINDOWS\System32\OLEAUT32.dll
0x58b10000 - 0x58b1a000 	C:\WINDOWS\SYSTEM32\HID.DLL
0x766c0000 - 0x76ae6000 	C:\WINDOWS\System32\SETUPAPI.DLL
0x776d0000 - 0x77716000 	C:\WINDOWS\System32\WINTRUST.dll
0x76f80000 - 0x76f8e000 	C:\WINDOWS\System32\MSASN1.dll
0x77320000 - 0x774a2000 	C:\WINDOWS\System32\CRYPT32.dll
0x68320000 - 0x683ff000 	C:\WINDOWS\SYSTEM32\opengl32.dll
0x50bc0000 - 0x50be5000 	C:\WINDOWS\SYSTEM32\GLU32.dll
0x18530000 - 0x18f5a000 	C:\WINDOWS\System32\DriverStore\FileRepository\k120507.inf_amd64_86f83182248e6e51\ig9icd32.dll
0x73690000 - 0x7369f000 	C:\WINDOWS\SYSTEM32\WTSAPI32.dll
0x6a450000 - 0x6b32d000 	C:\WINDOWS\System32\DriverStore\FileRepository\k120507.inf_amd64_86f83182248e6e51\igc32.dll
0x73f30000 - 0x73fc3000 	C:\WINDOWS\SYSTEM32\dxgi.dll
0x74260000 - 0x7449e000 	C:\WINDOWS\SYSTEM32\d3d11.dll
0x649b0000 - 0x65a6a000 	C:\WINDOWS\System32\DriverStore\FileRepository\k120507.inf_amd64_86f83182248e6e51\igd10iumd32.dll
0x74540000 - 0x74559000 	C:\WINDOWS\SYSTEM32\bcrypt.dll
0x6b340000 - 0x6b360000 	C:\WINDOWS\SYSTEM32\ncrypt.dll
0x69fc0000 - 0x69fec000 	C:\WINDOWS\SYSTEM32\NTASN1.dll
0x65a70000 - 0x65ae7000 	C:\WINDOWS\System32\TextInputFramework.dll
0x1d500000 - 0x1d55b000 	C:\Users\opilane\AppData\Local\Temp\lwjglopilane\3.1.4-build-8\lwjgl_opengl32.dll
0x69e00000 - 0x69f81000 	C:\WINDOWS\SYSTEM32\dbghelp.dll

VM Arguments:
jvm_args: -Didea.launcher.port=7532 -Didea.launcher.bin.path=C:\Program Files (x86)\JetBrains\IntelliJ IDEA 2016.2.2\bin -Dfile.encoding=UTF-8 
java_command: com.intellij.rt.execution.application.AppMain Engine.Main
java_class_path (initial): C:\Program Files (x86)\Java\jdk1.8.0_112\jre\lib\charsets.jar;C:\Program Files (x86)\Java\jdk1.8.0_112\jre\lib\deploy.jar;C:\Program Files (x86)\Java\jdk1.8.0_112\jre\lib\ext\access-bridge-32.jar;C:\Program Files (x86)\Java\jdk1.8.0_112\jre\lib\ext\cldrdata.jar;C:\Program Files (x86)\Java\jdk1.8.0_112\jre\lib\ext\dnsns.jar;C:\Program Files (x86)\Java\jdk1.8.0_112\jre\lib\ext\jaccess.jar;C:\Program Files (x86)\Java\jdk1.8.0_112\jre\lib\ext\jfxrt.jar;C:\Program Files (x86)\Java\jdk1.8.0_112\jre\lib\ext\localedata.jar;C:\Program Files (x86)\Java\jdk1.8.0_112\jre\lib\ext\nashorn.jar;C:\Program Files (x86)\Java\jdk1.8.0_112\jre\lib\ext\sunec.jar;C:\Program Files (x86)\Java\jdk1.8.0_112\jre\lib\ext\sunjce_provider.jar;C:\Program Files (x86)\Java\jdk1.8.0_112\jre\lib\ext\sunmscapi.jar;C:\Program Files (x86)\Java\jdk1.8.0_112\jre\lib\ext\sunpkcs11.jar;C:\Program Files (x86)\Java\jdk1.8.0_112\jre\lib\ext\zipfs.jar;C:\Program Files (x86)\Java\jdk1.8.0_112\jre\lib\javaws.jar;C:\Program Files (x86)\Java\jdk1.8.0_112\jre\lib\jce.jar;C:\Program Files (x86)\Java\jdk1.8.0_112\jre\lib\jfr.jar;C:\Program Files (x86)\Java\jdk1.8.0_112\jre\lib\jfxswt.jar;C:\Program Files (x86)\Java\jdk1.8.0_112\jre\lib\jsse.jar;C:\Program Files (x86)\Java\jdk1.8.0_112\jre\lib\management-agent.jar;C:\Program Files (x86)\Java\jdk1.8.0_112\jre\lib\plugin.jar;C:\Program Files (x86)\Java\jdk1.8.0_112\jre\lib\resources.jar;C:\Program Files (x86)\Java\jdk1.8.0_112\jre\lib\rt.jar;C:\Users\opilane\Desktop\silorex\out\production\silorex;C:\Users\opilane\Desktop\silorex\lwjgl\lwjgl-natives-linux.jar;C:\Users\opilane\Desktop\silorex\lwjgl\lwjgl-natives-macos.jar;C:\Users\opilane\Desktop\silorex\lwjgl\lwjgl-natives-windows.jar;C:\Users\opilane\Desktop\silorex\lwjgl\lwjgl.jar;C:\Users\opilane\Desktop\silorex\lwjgl\lwjgl-opengl-natives-linux.jar;C:\Users\opilane\Desktop\silorex\lwjgl\lwjgl-opengl-natives-macos.jar;C:\Users\opilane\Desktop\silorex\lwjgl\lwjgl-opengl-natives-windows.jar;C:\
Launcher Type: SUN_STANDARD

Environment Variables:
JAVA_HOME=C:\Program Files\Java\jdk1.8.0_112
PATH=C:\ProgramData\Oracle\Java\javapath;C:\Windows\system32;C:\Windows;C:\Windows\System32\Wbem;C:\Windows\System32\WindowsPowerShell\v1.0\;C:\Users\admin\.dnx\bin;C:\Program Files\Microsoft DNX\Dnvm\;C:\Program Files\Microsoft SQL Server\120\Tools\Binn\;C:\Program Files\Microsoft SQL Server\130\Tools\Binn\;C:\Program Files (x86)\nodejs\;C:\Users\admin\AppData\Local\Microsoft\WindowsApps;c:\Program Files\Maven\bin;C:\WINDOWS\system32;C:\WINDOWS;C:\WINDOWS\System32\Wbem;C:\WINDOWS\System32\WindowsPowerShell\v1.0\;C:\Program Files\dotnet\;C:\Program Files\Git\cmd;C:\Program Files (x86)\Microsoft SQL Server\Client SDK\ODBC\130\Tools\Binn\;C:\Program Files (x86)\Microsoft SQL Server\140\Tools\Binn\;C:\Program Files (x86)\Microsoft SQL Server\140\DTS\Binn\;C:\Program Files (x86)\Microsoft SQL Server\140\Tools\Binn\ManagementStudio\;C:\Users\opilane\AppData\Local\Microsoft\WindowsApps;
USERNAME=opilane
OS=Windows_NT
PROCESSOR_IDENTIFIER=Intel64 Family 6 Model 94 Stepping 3, GenuineIntel



---------------  S Y S T E M  ---------------

OS: Windows 10.0 , 64 bit Build 16299 (10.0.16299.15)

CPU:total 8 (4 cores per cpu, 2 threads per core) family 6 model 94 stepping 3, cmov, cx8, fxsr, mmx, sse, sse2, sse3, ssse3, sse4.1, sse4.2, popcnt, avx, avx2, aes, clmul, erms, rtm, 3dnowpref, lzcnt, ht, tsc, tscinvbit, bmi1, bmi2, adx

Memory: 4k page, physical 16654940k(12225516k free), swap 19145308k(14202388k free)

vm_info: Java HotSpot(TM) Client VM (25.112-b15) for windows-x86 JRE (1.8.0_112-b15), built on Sep 22 2016 21:03:20 by "java_re" with MS VC++ 10.0 (VS2010)

time: Thu Jan 11 09:04:10 2018
elapsed time: 2 seconds (0d 0h 0m 2s)

