#
# A fatal error has been detected by the Java Runtime Environment:
#
#  SIGSEGV (0xb) at pc=0x00007fcff84846ec, pid=7039, tid=0x00007fd06c911700
#
# JRE version: OpenJDK Runtime Environment (8.0_151-b12) (build 1.8.0_151-8u151-b12-1-b12)
# Java VM: OpenJDK 64-Bit Server VM (25.151-b12 mixed mode linux-amd64 compressed oops)
# Problematic frame:
# C  [liblwjgl_opengl.so+0x446ec]  Java_org_lwjgl_opengl_GL30_nglGenVertexArrays__IJ+0xc
#
# Failed to write core dump. Core dumps have been disabled. To enable core dumping, try "ulimit -c unlimited" before starting Java again
#
# If you would like to submit a bug report, please visit:
#   http://bugreport.java.com/bugreport/crash.jsp
# The crash happened outside the Java Virtual Machine in native code.
# See problematic frame for where to report the bug.
#

---------------  T H R E A D  ---------------

Current thread (0x00007fd06400b800):  JavaThread "main" [_thread_in_native, id=7041, stack(0x00007fd06c811000,0x00007fd06c912000)]

siginfo: si_signo: 11 (SIGSEGV), si_code: 1 (SEGV_MAPERR), si_addr: 0x0000000000000f70

Registers:
RAX=0x0000000000000000, RBX=0x00007fd0375990b0, RCX=0x00007fd0644443cc, RDX=0x0000000000000001
RSP=0x00007fd06c9107c8, RBP=0x00007fd06c910828, RSI=0x00007fd0644443cc, RDI=0x0000000000000001
R8 =0x00007fd0375990b0, R9 =0x0000000000000004, R10=0x00007fd055017108, R11=0x00007fd06b5081e0
R12=0x0000000000000000, R13=0x00007fd0375990b0, R14=0x00007fd06c910858, R15=0x00007fd06400b800
RIP=0x00007fcff84846ec, EFLAGS=0x0000000000010287, CSGSFS=0x002b000000000033, ERR=0x0000000000000004
  TRAPNO=0x000000000000000e

Top of Stack: (sp=0x00007fd06c9107c8)
0x00007fd06c9107c8:   00007fd055017134 00007fd06c910828
0x00007fd06c9107d8:   00007fd055016ec7 00007fd055016e82
0x00007fd06c9107e8:   00007fd06c9107e8 00007fd0375990b0
0x00007fd06c9107f8:   00007fd06c910858 00007fd03759bb98
0x00007fd06c910808:   0000000000000000 00007fd0375990b0
0x00007fd06c910818:   0000000000000000 00007fd06c910848
0x00007fd06c910828:   00007fd06c9108a0 00007fd055007ffd
0x00007fd06c910838:   000000076d595b50 00007fd055011278
0x00007fd06c910848:   00007fd0644443cc 000000076d5ecca8
0x00007fd06c910858:   0000000000000001 00007fd06c910860
0x00007fd06c910868:   00007fd037599224 00007fd06c9108d0
0x00007fd06c910878:   00007fd03759bb98 0000000000000000
0x00007fd06c910888:   00007fd037599290 00007fd06c910848
0x00007fd06c910898:   00007fd06c9108d8 00007fd06c910918
0x00007fd06c9108a8:   00007fd055007a40 0000000000000000
0x00007fd06c9108b8:   0000000000000000 000000076d5ecca8
0x00007fd06c9108c8:   0000000000010000 000000076d1a08f0
0x00007fd06c9108d8:   00007fd06c9108d8 00007fd03758b770
0x00007fd06c9108e8:   00007fd06c910930 00007fd03758bb20
0x00007fd06c9108f8:   0000000000000000 00007fd03758b7a8
0x00007fd06c910908:   00007fd06c9108d8 00007fd06c910930
0x00007fd06c910918:   00007fd06c910978 00007fd055007a40
0x00007fd06c910928:   0000000000000000 000000076d55d6c0
0x00007fd06c910938:   00007fd06c910938 00007fd03758b579
0x00007fd06c910948:   00007fd06c910998 00007fd03758bb20
0x00007fd06c910958:   0000000000000000 00007fd03758b5c8
0x00007fd06c910968:   00007fd06c910930 00007fd06c910990
0x00007fd06c910978:   00007fd06c9109e0 00007fd055007d80
0x00007fd06c910988:   0000000000000000 000000076d560e00
0x00007fd06c910998:   000000076d55d6c0 00007fd06c9109a0
0x00007fd06c9109a8:   00007fd037432d0b 00007fd06c9109f8
0x00007fd06c9109b8:   00007fd037433028 0000000000000000 

Instructions: (pc=0x00007fcff84846ec)
0x00007fcff84846cc:   78 1c 00 00 ff e0 66 66 66 66 66 2e 0f 1f 84 00
0x00007fcff84846dc:   00 00 00 00 48 8b 07 48 89 ce 89 d7 48 8b 40 18
0x00007fcff84846ec:   48 8b 80 70 0f 00 00 ff e0 66 66 2e 0f 1f 84 00
0x00007fcff84846fc:   00 00 00 00 48 8b 07 48 89 ce 89 d7 48 8b 40 18 

Register to memory mapping:

RAX=0x0000000000000000 is an unknown value
RBX={method} {0x00007fd0375990b0} 'nglGenVertexArrays' '(IJ)V' in 'org/lwjgl/opengl/GL30'
RCX=0x00007fd0644443cc is an unknown value
RDX=0x0000000000000001 is an unknown value
RSP=0x00007fd06c9107c8 is pointing into the stack for thread: 0x00007fd06400b800
RBP=0x00007fd06c910828 is pointing into the stack for thread: 0x00007fd06400b800
RSI=0x00007fd0644443cc is an unknown value
RDI=0x0000000000000001 is an unknown value
R8 ={method} {0x00007fd0375990b0} 'nglGenVertexArrays' '(IJ)V' in 'org/lwjgl/opengl/GL30'
R9 =0x0000000000000004 is an unknown value
R10=0x00007fd055017108 is at code_begin+808 in an Interpreter codelet
method entry point (kind = native)  [0x00007fd055016de0, 0x00007fd0550176e0]  2304 bytes
R11=0x00007fd06b5081e0: <offset 0x9901e0> in /usr/lib/jvm/java-8-openjdk-amd64/jre/lib/amd64/server/libjvm.so at 0x00007fd06ab78000
R12=0x0000000000000000 is an unknown value
R13={method} {0x00007fd0375990b0} 'nglGenVertexArrays' '(IJ)V' in 'org/lwjgl/opengl/GL30'
R14=0x00007fd06c910858 is pointing into the stack for thread: 0x00007fd06400b800
R15=0x00007fd06400b800 is a thread


Stack: [0x00007fd06c811000,0x00007fd06c912000],  sp=0x00007fd06c9107c8,  free space=1021k
Native frames: (J=compiled Java code, j=interpreted, Vv=VM code, C=native code)
C  [liblwjgl_opengl.so+0x446ec]  Java_org_lwjgl_opengl_GL30_nglGenVertexArrays__IJ+0xc
j  org.lwjgl.opengl.GL30.glGenVertexArrays()I+20
j  RenderEngine.Loader.createVAO()I+0
j  RenderEngine.Loader.loadToVAO([F)LRenderEngine/RawModel;+1
j  Engine.Main.main([Ljava/lang/String;)V+131
v  ~StubRoutines::call_stub
V  [libjvm.so+0x67b49b]
V  [libjvm.so+0x69f617]
V  [libjvm.so+0x6a1fd3]
C  [libjli.so+0x3726]
C  [libjli.so+0x76dd]
C  [libpthread.so.0+0x7519]  start_thread+0xd9

Java frames: (J=compiled Java code, j=interpreted, Vv=VM code)
j  org.lwjgl.opengl.GL30.nglGenVertexArrays(IJ)V+0
j  org.lwjgl.opengl.GL30.glGenVertexArrays()I+20
j  RenderEngine.Loader.createVAO()I+0
j  RenderEngine.Loader.loadToVAO([F)LRenderEngine/RawModel;+1
j  Engine.Main.main([Ljava/lang/String;)V+131
v  ~StubRoutines::call_stub

---------------  P R O C E S S  ---------------

Java Threads: ( => current thread )
  0x00007fd06436e000 JavaThread "Service Thread" daemon [_thread_blocked, id=7077, stack(0x00007fd034ae7000,0x00007fd034be8000)]
  0x00007fd064369000 JavaThread "C1 CompilerThread3" daemon [_thread_blocked, id=7076, stack(0x00007fd034e05000,0x00007fd034f06000)]
  0x00007fd064367000 JavaThread "C2 CompilerThread2" daemon [_thread_blocked, id=7075, stack(0x00007fd034f06000,0x00007fd035007000)]
  0x00007fd064364800 JavaThread "C2 CompilerThread1" daemon [_thread_blocked, id=7074, stack(0x00007fd035007000,0x00007fd035108000)]
  0x00007fd064362800 JavaThread "C2 CompilerThread0" daemon [_thread_blocked, id=7073, stack(0x00007fd035108000,0x00007fd035209000)]
  0x00007fd064361000 JavaThread "Monitor Ctrl-Break" daemon [_thread_in_native, id=7072, stack(0x00007fd035209000,0x00007fd03530a000)]
  0x00007fd064200000 JavaThread "Signal Dispatcher" daemon [_thread_blocked, id=7071, stack(0x00007fd0353df000,0x00007fd0354e0000)]
  0x00007fd0641d4800 JavaThread "Finalizer" daemon [_thread_blocked, id=7063, stack(0x00007fd035616000,0x00007fd035717000)]
  0x00007fd0641d0000 JavaThread "Reference Handler" daemon [_thread_blocked, id=7062, stack(0x00007fd035717000,0x00007fd035818000)]
=>0x00007fd06400b800 JavaThread "main" [_thread_in_native, id=7041, stack(0x00007fd06c811000,0x00007fd06c912000)]

Other Threads:
  0x00007fd0641c8800 VMThread [stack: 0x00007fd035818000,0x00007fd035919000] [id=7059]
  0x00007fd064370800 WatcherThread [stack: 0x00007fd0349e6000,0x00007fd034ae7000] [id=7078]

VM state:not at safepoint (normal execution)

VM Mutex/Monitor currently owned by a thread: None

Heap:
 PSYoungGen      total 74752K, used 11637K [0x000000076cb00000, 0x0000000771e00000, 0x00000007c0000000)
  eden space 64512K, 18% used [0x000000076cb00000,0x000000076d65d5c8,0x0000000770a00000)
  from space 10240K, 0% used [0x0000000771400000,0x0000000771400000,0x0000000771e00000)
  to   space 10240K, 0% used [0x0000000770a00000,0x0000000770a00000,0x0000000771400000)
 ParOldGen       total 171008K, used 0K [0x00000006c6000000, 0x00000006d0700000, 0x000000076cb00000)
  object space 171008K, 0% used [0x00000006c6000000,0x00000006c6000000,0x00000006d0700000)
 Metaspace       used 6157K, capacity 6344K, committed 6400K, reserved 1056768K
  class space    used 660K, capacity 738K, committed 768K, reserved 1048576K

Card table byte_map: [0x00007fd06847f000,0x00007fd068c50000] byte_map_base: 0x00007fd064e4f000

Marking Bits: (ParMarkBitMap*) 0x00007fd06bad10e0
 Begin Bits: [0x00007fd028300000, 0x00007fd02c180000)
 End Bits:   [0x00007fd02c180000, 0x00007fd030000000)

Polling page: 0x00007fd06c810000

CodeCache: size=245760Kb used=2218Kb max_used=2218Kb free=243541Kb
 bounds [0x00007fd055000000, 0x00007fd055270000, 0x00007fd064000000]
 total_blobs=1182 nmethods=455 adapters=643
 compilation: enabled

Compilation events (10 events):
Event: 0.619 Thread 0x00007fd064369000 nmethod 450 0x00007fd0552288d0 code [0x00007fd055228a20, 0x00007fd055228b30]
Event: 0.620 Thread 0x00007fd064369000  451       3       sun.nio.fs.UnixPath::checkNotNul (16 bytes)
Event: 0.620 Thread 0x00007fd064369000 nmethod 451 0x00007fd055228b90 code [0x00007fd055228d00, 0x00007fd055228f08]
Event: 0.620 Thread 0x00007fd064369000  452       3       java.util.WeakHashMap::maskNull (12 bytes)
Event: 0.621 Thread 0x00007fd064369000 nmethod 452 0x00007fd055228fd0 code [0x00007fd055229140, 0x00007fd0552292d0]
Event: 0.621 Thread 0x00007fd064369000  453       3       java.util.WeakHashMap::hash (28 bytes)
Event: 0.621 Thread 0x00007fd064369000 nmethod 453 0x00007fd055229350 code [0x00007fd0552294c0, 0x00007fd055229708]
Event: 0.621 Thread 0x00007fd064369000  454       3       java.util.WeakHashMap::getTable (9 bytes)
Event: 0.621 Thread 0x00007fd064369000 nmethod 454 0x00007fd0552297d0 code [0x00007fd055229940, 0x00007fd055229ae8]
Event: 0.621 Thread 0x00007fd064369000  455   !   3       java.util.WeakHashMap::expungeStaleEntries (139 bytes)

GC Heap History (0 events):
No events

Deoptimization events (1 events):
Event: 0.268 Thread 0x00007fd06400b800 Uncommon trap: reason=unstable_if action=reinterpret pc=0x00007fd0551ae10c method=java.lang.String.replace(CC)Ljava/lang/String; @ 26

Internal exceptions (10 events):
Event: 0.160 Thread 0x00007fd06400b800 Exception <a 'java/lang/NoSuchMethodError': java.lang.Object.lambda$static$0(Ljava/lang/String;)Ljava/lang/Boolean;> (0x000000076d045568) thrown at [/build/openjdk-8-O5BLDv/openjdk-8-8u151-b12/src/hotspot/src/share/vm/interpreter/linkResolver.cpp, line 61
Event: 0.180 Thread 0x00007fd06400b800 Exception <a 'java/lang/NoSuchFieldError': method resolution failed> (0x000000076d0c7ad8) thrown at [/build/openjdk-8-O5BLDv/openjdk-8-8u151-b12/src/hotspot/src/share/vm/prims/methodHandles.cpp, line 1146]
Event: 0.183 Thread 0x00007fd06400b800 Exception <a 'java/lang/NoSuchFieldError': method resolution failed> (0x000000076d0d5980) thrown at [/build/openjdk-8-O5BLDv/openjdk-8-8u151-b12/src/hotspot/src/share/vm/prims/methodHandles.cpp, line 1146]
Event: 0.245 Thread 0x00007fd06400b800 Exception <a 'java/security/PrivilegedActionException'> (0x000000076d2dabd0) thrown at [/build/openjdk-8-O5BLDv/openjdk-8-8u151-b12/src/hotspot/src/share/vm/prims/jvm.cpp, line 1390]
Event: 0.245 Thread 0x00007fd06400b800 Exception <a 'java/security/PrivilegedActionException'> (0x000000076d2dade0) thrown at [/build/openjdk-8-O5BLDv/openjdk-8-8u151-b12/src/hotspot/src/share/vm/prims/jvm.cpp, line 1390]
Event: 0.245 Thread 0x00007fd06400b800 Exception <a 'java/security/PrivilegedActionException'> (0x000000076d2dd050) thrown at [/build/openjdk-8-O5BLDv/openjdk-8-8u151-b12/src/hotspot/src/share/vm/prims/jvm.cpp, line 1390]
Event: 0.245 Thread 0x00007fd06400b800 Exception <a 'java/security/PrivilegedActionException'> (0x000000076d2dd260) thrown at [/build/openjdk-8-O5BLDv/openjdk-8-8u151-b12/src/hotspot/src/share/vm/prims/jvm.cpp, line 1390]
Event: 0.245 Thread 0x00007fd06400b800 Exception <a 'java/security/PrivilegedActionException'> (0x000000076d2ddf20) thrown at [/build/openjdk-8-O5BLDv/openjdk-8-8u151-b12/src/hotspot/src/share/vm/prims/jvm.cpp, line 1390]
Event: 0.245 Thread 0x00007fd06400b800 Exception <a 'java/security/PrivilegedActionException'> (0x000000076d2de130) thrown at [/build/openjdk-8-O5BLDv/openjdk-8-8u151-b12/src/hotspot/src/share/vm/prims/jvm.cpp, line 1390]
Event: 0.620 Thread 0x00007fd06400b800 Exception <a 'sun/nio/fs/UnixException'> (0x000000076d5d9df0) thrown at [/build/openjdk-8-O5BLDv/openjdk-8-8u151-b12/src/hotspot/src/share/vm/prims/jni.cpp, line 709]

Events (10 events):
Event: 0.620 loading class java/nio/file/NoSuchFileException
Event: 0.620 loading class java/nio/file/FileSystemException
Event: 0.620 loading class java/nio/file/FileSystemException done
Event: 0.620 loading class java/nio/file/NoSuchFileException done
Event: 0.620 loading class org/lwjgl/opengl/GL$2
Event: 0.620 loading class org/lwjgl/opengl/GL$2 done
Event: 0.620 loading class org/lwjgl/opengl/GL$SharedLibraryGL
Event: 0.620 loading class org/lwjgl/opengl/GL$SharedLibraryGL done
Event: 0.621 loading class org/lwjgl/system/SharedLibrary$Delegate
Event: 0.621 loading class org/lwjgl/system/SharedLibrary$Delegate done


Dynamic libraries:
40a7f000-40b20000 rw-p 00000000 00:00 0 
41b20000-41b22000 r-xs 00000000 08:12 33                                 /tmp/.glY9wG3P (deleted)
6c6000000-6d0700000 rw-p 00000000 00:00 0 
6d0700000-76cb00000 ---p 00000000 00:00 0 
76cb00000-771e00000 rw-p 00000000 00:00 0 
771e00000-7c0000000 ---p 00000000 00:00 0 
7c0000000-7c00c0000 rw-p 00000000 00:00 0 
7c00c0000-800000000 ---p 00000000 00:00 0 
55a4d796f000-55a4d7970000 r-xp 00000000 08:02 6162004                    /usr/lib/jvm/java-8-openjdk-amd64/jre/bin/java
55a4d7b6f000-55a4d7b70000 r--p 00000000 08:02 6162004                    /usr/lib/jvm/java-8-openjdk-amd64/jre/bin/java
55a4d7b70000-55a4d7b71000 rw-p 00001000 08:02 6162004                    /usr/lib/jvm/java-8-openjdk-amd64/jre/bin/java
55a4d9a39000-55a4d9a5a000 rw-p 00000000 00:00 0                          [heap]
7fcff4000000-7fcff4021000 rw-p 00000000 00:00 0 
7fcff4021000-7fcff8000000 ---p 00000000 00:00 0 
7fcff8440000-7fcff84ab000 r-xp 00000000 08:12 390920                     /tmp/lwjglmart/3.1.4-build-8/liblwjgl_opengl.so
7fcff84ab000-7fcff86aa000 ---p 0006b000 08:12 390920                     /tmp/lwjglmart/3.1.4-build-8/liblwjgl_opengl.so
7fcff86aa000-7fcff86ab000 r--p 0006a000 08:12 390920                     /tmp/lwjglmart/3.1.4-build-8/liblwjgl_opengl.so
7fcff86ab000-7fcff86ac000 rw-p 0006b000 08:12 390920                     /tmp/lwjglmart/3.1.4-build-8/liblwjgl_opengl.so
7fcff86b0000-7fcff8730000 rw-s 00000000 00:06 17890                      /dev/nvidiactl
7fcff8730000-7fcff87b0000 rw-s 00000000 00:06 17890                      /dev/nvidiactl
7fcff87b0000-7fcff8830000 rw-s 00000000 00:06 17890                      /dev/nvidiactl
7fcff8830000-7fcff8930000 rw-s 00000000 00:06 17890                      /dev/nvidiactl
7fcff8930000-7fcff8a35000 rw-s 00000000 00:06 17890                      /dev/nvidiactl
7fcff8a38000-7fcff9ed5000 r-xp 00000000 08:02 5521144                    /usr/lib/x86_64-linux-gnu/libnvidia-glcore.so.384.98
7fcff9ed5000-7fcff9ef6000 rwxp 0149d000 08:02 5521144                    /usr/lib/x86_64-linux-gnu/libnvidia-glcore.so.384.98
7fcff9ef6000-7fcffa2d8000 r-xp 014be000 08:02 5521144                    /usr/lib/x86_64-linux-gnu/libnvidia-glcore.so.384.98
7fcffa2d8000-7fcffa4d8000 ---p 018a0000 08:02 5521144                    /usr/lib/x86_64-linux-gnu/libnvidia-glcore.so.384.98
7fcffa4d8000-7fcffa8db000 rw-p 018a0000 08:02 5521144                    /usr/lib/x86_64-linux-gnu/libnvidia-glcore.so.384.98
7fcffa8db000-7fcffa8f4000 rw-p 00000000 00:00 0 
7fcffa8f8000-7fcffa8fb000 r-xp 00000000 08:02 5521309                    /usr/lib/x86_64-linux-gnu/tls/libnvidia-tls.so.384.98
7fcffa8fb000-7fcffaafb000 ---p 00003000 08:02 5521309                    /usr/lib/x86_64-linux-gnu/tls/libnvidia-tls.so.384.98
7fcffaafb000-7fcffaafc000 rw-p 00003000 08:02 5521309                    /usr/lib/x86_64-linux-gnu/tls/libnvidia-tls.so.384.98
7fcffab00000-7fcffabcb000 r-xp 00000000 08:02 5521310                    /usr/lib/x86_64-linux-gnu/nvidia/current/libGLX_nvidia.so.384.98
7fcffabcb000-7fcffabff000 rwxp 000cb000 08:02 5521310                    /usr/lib/x86_64-linux-gnu/nvidia/current/libGLX_nvidia.so.384.98
7fcffabff000-7fcffac13000 r-xp 000ff000 08:02 5521310                    /usr/lib/x86_64-linux-gnu/nvidia/current/libGLX_nvidia.so.384.98
7fcffac13000-7fcffae12000 ---p 00113000 08:02 5521310                    /usr/lib/x86_64-linux-gnu/nvidia/current/libGLX_nvidia.so.384.98
7fcffae12000-7fcffae3b000 rw-p 00112000 08:02 5521310                    /usr/lib/x86_64-linux-gnu/nvidia/current/libGLX_nvidia.so.384.98
7fcffae3b000-7fcffae42000 rw-p 00000000 00:00 0 
7fcffae48000-7fcffae8a000 r-xp 00000000 08:02 5509326                    /usr/lib/x86_64-linux-gnu/libGLdispatch.so.0.0.0
7fcffae8a000-7fcffaea3000 r-xp 00042000 08:02 5509326                    /usr/lib/x86_64-linux-gnu/libGLdispatch.so.0.0.0
7fcffaea3000-7fcffaeb6000 r-xp 0005b000 08:02 5509326                    /usr/lib/x86_64-linux-gnu/libGLdispatch.so.0.0.0
7fcffaeb6000-7fcffb0b5000 ---p 0006e000 08:02 5509326                    /usr/lib/x86_64-linux-gnu/libGLdispatch.so.0.0.0
7fcffb0b5000-7fcffb0dd000 r--p 0006d000 08:02 5509326                    /usr/lib/x86_64-linux-gnu/libGLdispatch.so.0.0.0
7fcffb0dd000-7fcffb0de000 rw-p 00095000 08:02 5509326                    /usr/lib/x86_64-linux-gnu/libGLdispatch.so.0.0.0
7fcffb0de000-7fcffb0fe000 rw-p 00000000 00:00 0 
7fcffb100000-7fcffb110000 r-xp 00000000 08:02 5509319                    /usr/lib/x86_64-linux-gnu/libGLX.so.0.0.0
7fcffb110000-7fcffb30f000 ---p 00010000 08:02 5509319                    /usr/lib/x86_64-linux-gnu/libGLX.so.0.0.0
7fcffb30f000-7fcffb310000 r--p 0000f000 08:02 5509319                    /usr/lib/x86_64-linux-gnu/libGLX.so.0.0.0
7fcffb310000-7fcffb311000 rw-p 00010000 08:02 5509319                    /usr/lib/x86_64-linux-gnu/libGLX.so.0.0.0
7fcffb311000-7fcffb331000 rw-p 00000000 00:00 0 
7fcffb338000-7fcffb37c000 r-xp 00000000 08:02 5509294                    /usr/lib/mesa-diverted/x86_64-linux-gnu/libGL.so.1.0.0
7fcffb37c000-7fcffb395000 r-xp 00044000 08:02 5509294                    /usr/lib/mesa-diverted/x86_64-linux-gnu/libGL.so.1.0.0
7fcffb395000-7fcffb3a9000 r-xp 0005d000 08:02 5509294                    /usr/lib/mesa-diverted/x86_64-linux-gnu/libGL.so.1.0.0
7fcffb3a9000-7fcffb5a8000 ---p 00071000 08:02 5509294                    /usr/lib/mesa-diverted/x86_64-linux-gnu/libGL.so.1.0.0
7fcffb5a8000-7fcffb5c2000 r--p 00070000 08:02 5509294                    /usr/lib/mesa-diverted/x86_64-linux-gnu/libGL.so.1.0.0
7fcffb5c2000-7fcffb5c3000 rw-p 0008a000 08:02 5509294                    /usr/lib/mesa-diverted/x86_64-linux-gnu/libGL.so.1.0.0
7fcffb5c3000-7fcffb5c4000 rw-p 00000000 00:00 0 
7fcffb5c8000-7fcffb5c9000 r-xp 00000000 08:02 5518006                    /usr/lib/x86_64-linux-gnu/libX11-xcb.so.1.0.0
7fcffb5c9000-7fcffb7c8000 ---p 00001000 08:02 5518006                    /usr/lib/x86_64-linux-gnu/libX11-xcb.so.1.0.0
7fcffb7c8000-7fcffb7c9000 r--p 00000000 08:02 5518006                    /usr/lib/x86_64-linux-gnu/libX11-xcb.so.1.0.0
7fcffb7c9000-7fcffb7ca000 rw-p 00001000 08:02 5518006                    /usr/lib/x86_64-linux-gnu/libX11-xcb.so.1.0.0
7fcffb7d0000-7fcffb7d2000 r-xp 00000000 08:02 5518049                    /usr/lib/x86_64-linux-gnu/libXinerama.so.1.0.0
7fcffb7d2000-7fcffb9d1000 ---p 00002000 08:02 5518049                    /usr/lib/x86_64-linux-gnu/libXinerama.so.1.0.0
7fcffb9d1000-7fcffb9d2000 r--p 00001000 08:02 5518049                    /usr/lib/x86_64-linux-gnu/libXinerama.so.1.0.0
7fcffb9d2000-7fcffb9d3000 rw-p 00002000 08:02 5518049                    /usr/lib/x86_64-linux-gnu/libXinerama.so.1.0.0
7fcffb9d8000-7fcffb9dd000 r-xp 00000000 08:02 5518039                    /usr/lib/x86_64-linux-gnu/libXfixes.so.3.1.0
7fcffb9dd000-7fcffbbdc000 ---p 00005000 08:02 5518039                    /usr/lib/x86_64-linux-gnu/libXfixes.so.3.1.0
7fcffbbdc000-7fcffbbdd000 r--p 00004000 08:02 5518039                    /usr/lib/x86_64-linux-gnu/libXfixes.so.3.1.0
7fcffbbdd000-7fcffbbde000 rw-p 00005000 08:02 5518039                    /usr/lib/x86_64-linux-gnu/libXfixes.so.3.1.0
7fcffbbe0000-7fcffbbe9000 r-xp 00000000 08:02 5505363                    /usr/lib/x86_64-linux-gnu/libXcursor.so.1.0.2
7fcffbbe9000-7fcffbde8000 ---p 00009000 08:02 5505363                    /usr/lib/x86_64-linux-gnu/libXcursor.so.1.0.2
7fcffbde8000-7fcffbde9000 r--p 00008000 08:02 5505363                    /usr/lib/x86_64-linux-gnu/libXcursor.so.1.0.2
7fcffbde9000-7fcffbdea000 rw-p 00009000 08:02 5505363                    /usr/lib/x86_64-linux-gnu/libXcursor.so.1.0.2
7fcffbdf0000-7fcffbdf9000 r-xp 00000000 08:02 5518062                    /usr/lib/x86_64-linux-gnu/libXrender.so.1.3.0
7fcffbdf9000-7fcffbff8000 ---p 00009000 08:02 5518062                    /usr/lib/x86_64-linux-gnu/libXrender.so.1.3.0
7fcffbff8000-7fcffbff9000 r--p 00008000 08:02 5518062                    /usr/lib/x86_64-linux-gnu/libXrender.so.1.3.0
7fcffbff9000-7fcffbffa000 rw-p 00009000 08:02 5518062                    /usr/lib/x86_64-linux-gnu/libXrender.so.1.3.0
7fcffc000000-7fcffc021000 rw-p 00000000 00:00 0 
7fcffc021000-7fd000000000 ---p 00000000 00:00 0 
7fd000058000-7fd000062000 r-xp 00000000 08:02 5518060                    /usr/lib/x86_64-linux-gnu/libXrandr.so.2.2.0
7fd000062000-7fd000261000 ---p 0000a000 08:02 5518060                    /usr/lib/x86_64-linux-gnu/libXrandr.so.2.2.0
7fd000261000-7fd000262000 r--p 00009000 08:02 5518060                    /usr/lib/x86_64-linux-gnu/libXrandr.so.2.2.0
7fd000262000-7fd000263000 rw-p 0000a000 08:02 5518060                    /usr/lib/x86_64-linux-gnu/libXrandr.so.2.2.0
7fd000268000-7fd000277000 r-xp 00000000 08:02 5518047                    /usr/lib/x86_64-linux-gnu/libXi.so.6.1.0
7fd000277000-7fd000476000 ---p 0000f000 08:02 5518047                    /usr/lib/x86_64-linux-gnu/libXi.so.6.1.0
7fd000476000-7fd000477000 r--p 0000e000 08:02 5518047                    /usr/lib/x86_64-linux-gnu/libXi.so.6.1.0
7fd000477000-7fd000478000 rw-p 0000f000 08:02 5518047                    /usr/lib/x86_64-linux-gnu/libXi.so.6.1.0
7fd000478000-7fd000489000 r-xp 00000000 08:02 5518035                    /usr/lib/x86_64-linux-gnu/libXext.so.6.4.0
7fd000489000-7fd000688000 ---p 00011000 08:02 5518035                    /usr/lib/x86_64-linux-gnu/libXext.so.6.4.0
7fd000688000-7fd000689000 r--p 00010000 08:02 5518035                    /usr/lib/x86_64-linux-gnu/libXext.so.6.4.0
7fd000689000-7fd00068a000 rw-p 00011000 08:02 5518035                    /usr/lib/x86_64-linux-gnu/libXext.so.6.4.0
7fd000690000-7fd000695000 r-xp 00000000 08:02 5518082                    /usr/lib/x86_64-linux-gnu/libXxf86vm.so.1.0.0
7fd000695000-7fd000894000 ---p 00005000 08:02 5518082                    /usr/lib/x86_64-linux-gnu/libXxf86vm.so.1.0.0
7fd000894000-7fd000895000 r--p 00004000 08:02 5518082                    /usr/lib/x86_64-linux-gnu/libXxf86vm.so.1.0.0
7fd000895000-7fd000896000 rw-p 00005000 08:02 5518082                    /usr/lib/x86_64-linux-gnu/libXxf86vm.so.1.0.0
7fd000898000-7fd0008ab000 r-xp 00000000 08:02 1443817                    /lib/x86_64-linux-gnu/libbsd.so.0.8.6
7fd0008ab000-7fd000aaa000 ---p 00013000 08:02 1443817                    /lib/x86_64-linux-gnu/libbsd.so.0.8.6
7fd000aaa000-7fd000aab000 r--p 00012000 08:02 1443817                    /lib/x86_64-linux-gnu/libbsd.so.0.8.6
7fd000aab000-7fd000aac000 rw-p 00013000 08:02 1443817                    /lib/x86_64-linux-gnu/libbsd.so.0.8.6
7fd000aac000-7fd000aad000 rw-p 00000000 00:00 0 
7fd000ab0000-7fd000ab5000 r-xp 00000000 08:02 5518031                    /usr/lib/x86_64-linux-gnu/libXdmcp.so.6.0.0
7fd000ab5000-7fd000cb4000 ---p 00005000 08:02 5518031                    /usr/lib/x86_64-linux-gnu/libXdmcp.so.6.0.0
7fd000cb4000-7fd000cb5000 r--p 00004000 08:02 5518031                    /usr/lib/x86_64-linux-gnu/libXdmcp.so.6.0.0
7fd000cb5000-7fd000cb6000 rw-p 00005000 08:02 5518031                    /usr/lib/x86_64-linux-gnu/libXdmcp.so.6.0.0
7fd000cb8000-7fd000df2000 r-xp 00000000 08:02 5518010                    /usr/lib/x86_64-linux-gnu/libX11.so.6.3.0
7fd000df2000-7fd000ff2000 ---p 0013a000 08:02 5518010                    /usr/lib/x86_64-linux-gnu/libX11.so.6.3.0
7fd000ff2000-7fd000ff3000 r--p 0013a000 08:02 5518010                    /usr/lib/x86_64-linux-gnu/libX11.so.6.3.0
7fd000ff3000-7fd000ff8000 rw-p 0013b000 08:02 5518010                    /usr/lib/x86_64-linux-gnu/libX11.so.6.3.0
7fd000fff000-7fd004000000 rw-p 00000000 00:00 0 
7fd004000000-7fd004033000 rw-p 00000000 00:00 0 
7fd004033000-7fd008000000 ---p 00000000 00:00 0 
7fd008000000-7fd008141000 rw-p 00000000 00:00 0 
7fd008141000-7fd00c000000 ---p 00000000 00:00 0 
7fd00c000000-7fd00c117000 rw-p 00000000 00:00 0 
7fd00c117000-7fd010000000 ---p 00000000 00:00 0 
7fd010000000-7fd01004c000 rw-p 00000000 00:00 0 
7fd01004c000-7fd014000000 ---p 00000000 00:00 0 
7fd014000000-7fd014021000 rw-p 00000000 00:00 0 
7fd014021000-7fd018000000 ---p 00000000 00:00 0 
7fd018000000-7fd018029000 rw-p 00000000 00:00 0 
7fd018029000-7fd01c000000 ---p 00000000 00:00 0 
7fd01c000000-7fd01c021000 rw-p 00000000 00:00 0 
7fd01c021000-7fd020000000 ---p 00000000 00:00 0 
7fd020000000-7fd020021000 rw-p 00000000 00:00 0 
7fd020021000-7fd024000000 ---p 00000000 00:00 0 
7fd024000000-7fd024021000 rw-p 00000000 00:00 0 
7fd024021000-7fd028000000 ---p 00000000 00:00 0 
7fd028037000-7fd0280ab000 rw-p 00000000 00:00 0 
7fd0280c0000-7fd0280d3000 rw-s 00000000 00:06 17890                      /dev/nvidiactl
7fd0280d8000-7fd0280f8000 rw-s 00000000 00:06 16745                      /dev/nvidia0
7fd0280f8000-7fd0280fa000 r-xp 00000000 08:02 5518016                    /usr/lib/x86_64-linux-gnu/libXau.so.6.0.0
7fd0280fa000-7fd0282fa000 ---p 00002000 08:02 5518016                    /usr/lib/x86_64-linux-gnu/libXau.so.6.0.0
7fd0282fa000-7fd0282fb000 r--p 00002000 08:02 5518016                    /usr/lib/x86_64-linux-gnu/libXau.so.6.0.0
7fd0282fb000-7fd0282fc000 rw-p 00003000 08:02 5518016                    /usr/lib/x86_64-linux-gnu/libXau.so.6.0.0
7fd028300000-7fd030000000 rw-p 00000000 00:00 0 
7fd030000000-7fd030021000 rw-p 00000000 00:00 0 
7fd030021000-7fd034000000 ---p 00000000 00:00 0 
7fd034008000-7fd03400a000 rw-s 00000000 08:12 33                         /tmp/.glY9wG3P (deleted)
7fd034010000-7fd034011000 rw-s 00000000 00:06 17890                      /dev/nvidiactl
7fd034018000-7fd03401c000 rw-s 00000000 00:06 17890                      /dev/nvidiactl
7fd034020000-7fd034060000 rw-s 00000000 00:06 17890                      /dev/nvidiactl
7fd034060000-7fd034080000 rw-s 00000000 00:06 17890                      /dev/nvidiactl
7fd034080000-7fd0340c0000 rw-s 00000000 00:06 17890                      /dev/nvidiactl
7fd0340c0000-7fd0340e7000 r-xp 00000000 08:02 5520824                    /usr/lib/x86_64-linux-gnu/libxcb.so.1.1.0
7fd0340e7000-7fd0342e6000 ---p 00027000 08:02 5520824                    /usr/lib/x86_64-linux-gnu/libxcb.so.1.1.0
7fd0342e6000-7fd0342e7000 r--p 00026000 08:02 5520824                    /usr/lib/x86_64-linux-gnu/libxcb.so.1.1.0
7fd0342e7000-7fd0342e8000 rw-p 00027000 08:02 5520824                    /usr/lib/x86_64-linux-gnu/libxcb.so.1.1.0
7fd0342e8000-7fd0342e9000 rw-s 00000000 00:06 16745                      /dev/nvidia0
7fd0342f0000-7fd0342f1000 rw-s 00000000 00:06 16745                      /dev/nvidia0
7fd0342f8000-7fd034318000 rw-s 00000000 00:06 17890                      /dev/nvidiactl
7fd034318000-7fd034319000 rw-s 00000000 00:06 17890                      /dev/nvidiactl
7fd034320000-7fd03434f000 r-xp 00000000 08:12 390919                     /tmp/lwjglmart/3.1.4-build-8/libglfw.so
7fd03434f000-7fd03454e000 ---p 0002f000 08:12 390919                     /tmp/lwjglmart/3.1.4-build-8/libglfw.so
7fd03454e000-7fd03454f000 r--p 0002e000 08:12 390919                     /tmp/lwjglmart/3.1.4-build-8/libglfw.so
7fd03454f000-7fd034550000 rw-p 0002f000 08:12 390919                     /tmp/lwjglmart/3.1.4-build-8/libglfw.so
7fd034550000-7fd034571000 rw-p 00000000 00:00 0 
7fd034578000-7fd0345ce000 r-xp 00000000 08:12 390918                     /tmp/lwjglmart/3.1.4-build-8/liblwjgl.so
7fd0345ce000-7fd0347cd000 ---p 00056000 08:12 390918                     /tmp/lwjglmart/3.1.4-build-8/liblwjgl.so
7fd0347cd000-7fd0347ce000 r--p 00055000 08:12 390918                     /tmp/lwjglmart/3.1.4-build-8/liblwjgl.so
7fd0347ce000-7fd0347cf000 rw-p 00056000 08:12 390918                     /tmp/lwjglmart/3.1.4-build-8/liblwjgl.so
7fd0347d0000-7fd0347e1000 r-xp 00000000 08:02 6162049                    /usr/lib/jvm/java-8-openjdk-amd64/jre/lib/amd64/libnio.so
7fd0347e1000-7fd0349e1000 ---p 00011000 08:02 6162049                    /usr/lib/jvm/java-8-openjdk-amd64/jre/lib/amd64/libnio.so
7fd0349e1000-7fd0349e2000 r--p 00011000 08:02 6162049                    /usr/lib/jvm/java-8-openjdk-amd64/jre/lib/amd64/libnio.so
7fd0349e2000-7fd0349e3000 rw-p 00012000 08:02 6162049                    /usr/lib/jvm/java-8-openjdk-amd64/jre/lib/amd64/libnio.so
7fd0349e6000-7fd0349e7000 ---p 00000000 00:00 0 
7fd0349e7000-7fd034ae7000 rw-p 00000000 00:00 0 
7fd034ae7000-7fd034aea000 ---p 00000000 00:00 0 
7fd034aea000-7fd034be8000 rw-p 00000000 00:00 0 
7fd034be8000-7fd034bff000 r-xp 00000000 08:02 6162048                    /usr/lib/jvm/java-8-openjdk-amd64/jre/lib/amd64/libnet.so
7fd034bff000-7fd034dfe000 ---p 00017000 08:02 6162048                    /usr/lib/jvm/java-8-openjdk-amd64/jre/lib/amd64/libnet.so
7fd034dfe000-7fd034dff000 r--p 00016000 08:02 6162048                    /usr/lib/jvm/java-8-openjdk-amd64/jre/lib/amd64/libnet.so
7fd034dff000-7fd034e00000 rw-p 00017000 08:02 6162048                    /usr/lib/jvm/java-8-openjdk-amd64/jre/lib/amd64/libnet.so
7fd034e05000-7fd034e08000 ---p 00000000 00:00 0 
7fd034e08000-7fd034f06000 rw-p 00000000 00:00 0 
7fd034f06000-7fd034f09000 ---p 00000000 00:00 0 
7fd034f09000-7fd035007000 rw-p 00000000 00:00 0 
7fd035007000-7fd03500a000 ---p 00000000 00:00 0 
7fd03500a000-7fd035108000 rw-p 00000000 00:00 0 
7fd035108000-7fd03510b000 ---p 00000000 00:00 0 
7fd03510b000-7fd035209000 rw-p 00000000 00:00 0 
7fd035209000-7fd03520c000 ---p 00000000 00:00 0 
7fd03520c000-7fd03530a000 rw-p 00000000 00:00 0 
7fd03530a000-7fd03530c000 r--s 0001a000 08:02 1055240                    /opt/intellij/lib/idea_rt.jar
7fd03530f000-7fd035313000 r--s 00017000 08:14 13768678                   /home/mart/IdeaProjects/silorex/lwjgl/lwjgl-glfw.jar
7fd035315000-7fd035316000 r--s 0003d000 08:14 13768676                   /home/mart/IdeaProjects/silorex/lwjgl/lwjgl-glfw-natives-windows.jar
7fd03531d000-7fd03531e000 r--s 0000d000 08:14 13768675                   /home/mart/IdeaProjects/silorex/lwjgl/lwjgl-glfw-natives-macos.jar
7fd03531f000-7fd035320000 r--s 0001f000 08:14 13768674                   /home/mart/IdeaProjects/silorex/lwjgl/lwjgl-glfw-natives-linux.jar
7fd035326000-7fd035330000 r--s 000be000 08:14 13769182                   /home/mart/IdeaProjects/silorex/lwjgl/lwjgl-opengl.jar
7fd035332000-7fd035333000 r--s 0002a000 08:14 13769186                   /home/mart/IdeaProjects/silorex/lwjgl/lwjgl-opengl-natives-windows.jar
7fd035333000-7fd035334000 r--s 0000b000 08:14 13769185                   /home/mart/IdeaProjects/silorex/lwjgl/lwjgl-opengl-natives-macos.jar
7fd035336000-7fd035337000 r--s 00016000 08:14 13769184                   /home/mart/IdeaProjects/silorex/lwjgl/lwjgl-opengl-natives-linux.jar
7fd03533a000-7fd03533f000 r--s 00042000 08:14 13768649                   /home/mart/IdeaProjects/silorex/lwjgl/lwjgl.jar
7fd035341000-7fd035342000 r--s 00039000 08:14 13768647                   /home/mart/IdeaProjects/silorex/lwjgl/lwjgl-natives-windows.jar
7fd035349000-7fd03534a000 r--s 00009000 08:14 13768646                   /home/mart/IdeaProjects/silorex/lwjgl/lwjgl-natives-macos.jar
7fd03534b000-7fd03534c000 r--s 00013000 08:14 13768645                   /home/mart/IdeaProjects/silorex/lwjgl/lwjgl-natives-linux.jar
7fd03534e000-7fd035361000 r--s 00346000 08:02 6162100                    /usr/lib/jvm/java-8-openjdk-amd64/jre/lib/resources.jar
7fd035368000-7fd035369000 r--s 00000000 08:02 6162098                    /usr/lib/jvm/java-8-openjdk-amd64/jre/lib/management-agent.jar
7fd03536a000-7fd03536f000 r--s 0009a000 08:02 6162095                    /usr/lib/jvm/java-8-openjdk-amd64/jre/lib/jsse.jar
7fd035375000-7fd035378000 r--s 00015000 08:02 6162093                    /usr/lib/jvm/java-8-openjdk-amd64/jre/lib/jce.jar
7fd03537f000-7fd035381000 r--s 00007000 08:02 1711658                    /usr/share/java/java-atk-wrapper.jar
7fd035381000-7fd035386000 r--s 002f9000 08:02 6162062                    /usr/lib/jvm/java-8-openjdk-amd64/jre/lib/charsets.jar
7fd035387000-7fd03538a000 r--s 0000f000 08:02 6162074                    /usr/lib/jvm/java-8-openjdk-amd64/jre/lib/ext/icedtea-sound.jar
7fd03538e000-7fd0353a9000 r--s 001d6000 08:02 6162077                    /usr/lib/jvm/java-8-openjdk-amd64/jre/lib/ext/nashorn.jar
7fd0353af000-7fd0353b3000 r--s 00037000 08:02 6162080                    /usr/lib/jvm/java-8-openjdk-amd64/jre/lib/ext/sunpkcs11.jar
7fd0353b6000-7fd0353c0000 r--s 00116000 08:02 6162076                    /usr/lib/jvm/java-8-openjdk-amd64/jre/lib/ext/localedata.jar
7fd0353c4000-7fd0353df000 r--s 00394000 08:02 6162072                    /usr/lib/jvm/java-8-openjdk-amd64/jre/lib/ext/cldrdata.jar
7fd0353df000-7fd0353e2000 ---p 00000000 00:00 0 
7fd0353e2000-7fd0354e0000 rw-p 00000000 00:00 0 
7fd0354e0000-7fd035610000 r--p 00000000 08:02 6162747                    /usr/lib/locale/aa_DJ.utf8/LC_COLLATE
7fd035616000-7fd035619000 ---p 00000000 00:00 0 
7fd035619000-7fd035717000 rw-p 00000000 00:00 0 
7fd035717000-7fd03571a000 ---p 00000000 00:00 0 
7fd03571a000-7fd035818000 rw-p 00000000 00:00 0 
7fd035818000-7fd035819000 ---p 00000000 00:00 0 
7fd035819000-7fd037030000 rw-p 00000000 00:00 0 
7fd037030000-7fd0375b0000 rw-p 00000000 00:00 0 
7fd0375b0000-7fd037830000 ---p 00000000 00:00 0 
7fd037830000-7fd038000000 rw-p 00000000 00:00 0 
7fd038000000-7fd038021000 rw-p 00000000 00:00 0 
7fd038021000-7fd03c000000 ---p 00000000 00:00 0 
7fd03c000000-7fd03c021000 rw-p 00000000 00:00 0 
7fd03c021000-7fd040000000 ---p 00000000 00:00 0 
7fd040000000-7fd040021000 rw-p 00000000 00:00 0 
7fd040021000-7fd044000000 ---p 00000000 00:00 0 
7fd044000000-7fd044021000 rw-p 00000000 00:00 0 
7fd044021000-7fd048000000 ---p 00000000 00:00 0 
7fd048000000-7fd048021000 rw-p 00000000 00:00 0 
7fd048021000-7fd04c000000 ---p 00000000 00:00 0 
7fd04c000000-7fd04c021000 rw-p 00000000 00:00 0 
7fd04c021000-7fd050000000 ---p 00000000 00:00 0 
7fd050000000-7fd050021000 rw-p 00000000 00:00 0 
7fd050021000-7fd054000000 ---p 00000000 00:00 0 
7fd054002000-7fd054008000 r--s 0003a000 08:02 6162079                    /usr/lib/jvm/java-8-openjdk-amd64/jre/lib/ext/sunjce_provider.jar
7fd05400f000-7fd054011000 r--s 00007000 08:02 1711658                    /usr/share/java/java-atk-wrapper.jar
7fd054012000-7fd054013000 r--s 0000a000 08:02 6162075                    /usr/lib/jvm/java-8-openjdk-amd64/jre/lib/ext/jaccess.jar
7fd054019000-7fd05401b000 r--s 00001000 08:02 6162073                    /usr/lib/jvm/java-8-openjdk-amd64/jre/lib/ext/dnsns.jar
7fd054020000-7fd054021000 r--s 00010000 08:02 6162081                    /usr/lib/jvm/java-8-openjdk-amd64/jre/lib/ext/zipfs.jar
7fd054028000-7fd05402a000 r--s 00008000 08:02 6162078                    /usr/lib/jvm/java-8-openjdk-amd64/jre/lib/ext/sunec.jar
7fd054030000-7fd054081000 r--p 00000000 08:02 6162749                    /usr/lib/locale/aa_DJ.utf8/LC_CTYPE
7fd054088000-7fd054089000 r--p 00000000 08:02 6162778                    /usr/lib/locale/aa_ET/LC_NUMERIC
7fd054090000-7fd054091000 r--p 00000000 08:02 6165421                    /usr/lib/locale/en_GB.utf8/LC_TIME
7fd054098000-7fd054099000 r--p 00000000 08:02 6165204                    /usr/lib/locale/cy_GB.utf8/LC_MONETARY
7fd05409f000-7fd0544f1000 rw-p 00000000 00:00 0 
7fd0544f1000-7fd0546c0000 r--s 03c21000 08:02 6162101                    /usr/lib/jvm/java-8-openjdk-amd64/jre/lib/rt.jar
7fd0546c6000-7fd0546c7000 ---p 00000000 00:00 0 
7fd0546c7000-7fd0547c7000 rw-p 00000000 00:00 0 
7fd0547c7000-7fd0547c8000 ---p 00000000 00:00 0 
7fd0547c8000-7fd0548c8000 rw-p 00000000 00:00 0 
7fd0548c8000-7fd0548c9000 ---p 00000000 00:00 0 
7fd0548c9000-7fd0549c9000 rw-p 00000000 00:00 0 
7fd0549c9000-7fd0549ca000 ---p 00000000 00:00 0 
7fd0549ca000-7fd054aca000 rw-p 00000000 00:00 0 
7fd054aca000-7fd054b1e000 rw-p 00000000 00:00 0 
7fd054b1e000-7fd055000000 ---p 00000000 00:00 0 
7fd055000000-7fd055270000 rwxp 00000000 00:00 0 
7fd055270000-7fd064000000 ---p 00000000 00:00 0 
7fd064000000-7fd06492e000 rw-p 00000000 00:00 0 
7fd06492e000-7fd068000000 ---p 00000000 00:00 0 
7fd068005000-7fd06807b000 rw-p 00000000 00:00 0 
7fd06807b000-7fd06807c000 ---p 00000000 00:00 0 
7fd06807c000-7fd06817c000 rw-p 00000000 00:00 0 
7fd06817c000-7fd06817d000 ---p 00000000 00:00 0 
7fd06817d000-7fd06827d000 rw-p 00000000 00:00 0 
7fd06827d000-7fd06827e000 ---p 00000000 00:00 0 
7fd06827e000-7fd06837e000 rw-p 00000000 00:00 0 
7fd06837e000-7fd06837f000 ---p 00000000 00:00 0 
7fd06837f000-7fd06847f000 rw-p 00000000 00:00 0 
7fd06847f000-7fd0684d3000 rw-p 00000000 00:00 0 
7fd0684d3000-7fd0689b4000 ---p 00000000 00:00 0 
7fd0689b4000-7fd0689de000 rw-p 00000000 00:00 0 
7fd0689de000-7fd068c4f000 ---p 00000000 00:00 0 
7fd068c4f000-7fd068c5a000 rw-p 00000000 00:00 0 
7fd068c5a000-7fd069010000 ---p 00000000 00:00 0 
7fd069010000-7fd069018000 r-xp 00000000 08:02 6162057                    /usr/lib/jvm/java-8-openjdk-amd64/jre/lib/amd64/libzip.so
7fd069018000-7fd069217000 ---p 00008000 08:02 6162057                    /usr/lib/jvm/java-8-openjdk-amd64/jre/lib/amd64/libzip.so
7fd069217000-7fd069218000 r--p 00007000 08:02 6162057                    /usr/lib/jvm/java-8-openjdk-amd64/jre/lib/amd64/libzip.so
7fd069218000-7fd069219000 rw-p 00008000 08:02 6162057                    /usr/lib/jvm/java-8-openjdk-amd64/jre/lib/amd64/libzip.so
7fd069220000-7fd06922b000 r-xp 00000000 08:02 1465569                    /lib/x86_64-linux-gnu/libnss_files-2.25.so
7fd06922b000-7fd06942a000 ---p 0000b000 08:02 1465569                    /lib/x86_64-linux-gnu/libnss_files-2.25.so
7fd06942a000-7fd06942b000 r--p 0000a000 08:02 1465569                    /lib/x86_64-linux-gnu/libnss_files-2.25.so
7fd06942b000-7fd06942c000 rw-p 0000b000 08:02 1465569                    /lib/x86_64-linux-gnu/libnss_files-2.25.so
7fd06942c000-7fd069432000 rw-p 00000000 00:00 0 
7fd069438000-7fd069443000 r-xp 00000000 08:02 1465571                    /lib/x86_64-linux-gnu/libnss_nis-2.25.so
7fd069443000-7fd069642000 ---p 0000b000 08:02 1465571                    /lib/x86_64-linux-gnu/libnss_nis-2.25.so
7fd069642000-7fd069643000 r--p 0000a000 08:02 1465571                    /lib/x86_64-linux-gnu/libnss_nis-2.25.so
7fd069643000-7fd069644000 rw-p 0000b000 08:02 1465571                    /lib/x86_64-linux-gnu/libnss_nis-2.25.so
7fd069648000-7fd06965d000 r-xp 00000000 08:02 1465566                    /lib/x86_64-linux-gnu/libnsl-2.25.so
7fd06965d000-7fd06985c000 ---p 00015000 08:02 1465566                    /lib/x86_64-linux-gnu/libnsl-2.25.so
7fd06985c000-7fd06985d000 r--p 00014000 08:02 1465566                    /lib/x86_64-linux-gnu/libnsl-2.25.so
7fd06985d000-7fd06985e000 rw-p 00015000 08:02 1465566                    /lib/x86_64-linux-gnu/libnsl-2.25.so
7fd06985e000-7fd069860000 rw-p 00000000 00:00 0 
7fd069860000-7fd069867000 r-xp 00000000 08:02 1465567                    /lib/x86_64-linux-gnu/libnss_compat-2.25.so
7fd069867000-7fd069a66000 ---p 00007000 08:02 1465567                    /lib/x86_64-linux-gnu/libnss_compat-2.25.so
7fd069a66000-7fd069a67000 r--p 00006000 08:02 1465567                    /lib/x86_64-linux-gnu/libnss_compat-2.25.so
7fd069a67000-7fd069a68000 rw-p 00007000 08:02 1465567                    /lib/x86_64-linux-gnu/libnss_compat-2.25.so
7fd069a68000-7fd069a72000 r-xp 00000000 08:02 6162031                    /usr/lib/jvm/java-8-openjdk-amd64/jre/lib/amd64/libinstrument.so
7fd069a72000-7fd069c71000 ---p 0000a000 08:02 6162031                    /usr/lib/jvm/java-8-openjdk-amd64/jre/lib/amd64/libinstrument.so
7fd069c71000-7fd069c72000 r--p 00009000 08:02 6162031                    /usr/lib/jvm/java-8-openjdk-amd64/jre/lib/amd64/libinstrument.so
7fd069c72000-7fd069c73000 rw-p 0000a000 08:02 6162031                    /usr/lib/jvm/java-8-openjdk-amd64/jre/lib/amd64/libinstrument.so
7fd069c78000-7fd069ca5000 r-xp 00000000 08:02 6162036                    /usr/lib/jvm/java-8-openjdk-amd64/jre/lib/amd64/libjava.so
7fd069ca5000-7fd069ea5000 ---p 0002d000 08:02 6162036                    /usr/lib/jvm/java-8-openjdk-amd64/jre/lib/amd64/libjava.so
7fd069ea5000-7fd069ea6000 r--p 0002d000 08:02 6162036                    /usr/lib/jvm/java-8-openjdk-amd64/jre/lib/amd64/libjava.so
7fd069ea6000-7fd069ea8000 rw-p 0002e000 08:02 6162036                    /usr/lib/jvm/java-8-openjdk-amd64/jre/lib/amd64/libjava.so
7fd069ea8000-7fd069eb8000 r-xp 00000000 08:02 6162056                    /usr/lib/jvm/java-8-openjdk-amd64/jre/lib/amd64/libverify.so
7fd069eb8000-7fd06a0b7000 ---p 00010000 08:02 6162056                    /usr/lib/jvm/java-8-openjdk-amd64/jre/lib/amd64/libverify.so
7fd06a0b7000-7fd06a0b9000 r--p 0000f000 08:02 6162056                    /usr/lib/jvm/java-8-openjdk-amd64/jre/lib/amd64/libverify.so
7fd06a0b9000-7fd06a0ba000 rw-p 00011000 08:02 6162056                    /usr/lib/jvm/java-8-openjdk-amd64/jre/lib/amd64/libverify.so
7fd06a0c0000-7fd06a0c7000 r-xp 00000000 08:02 1465576                    /lib/x86_64-linux-gnu/librt-2.25.so
7fd06a0c7000-7fd06a2c6000 ---p 00007000 08:02 1465576                    /lib/x86_64-linux-gnu/librt-2.25.so
7fd06a2c6000-7fd06a2c7000 r--p 00006000 08:02 1465576                    /lib/x86_64-linux-gnu/librt-2.25.so
7fd06a2c7000-7fd06a2c8000 rw-p 00007000 08:02 1465576                    /lib/x86_64-linux-gnu/librt-2.25.so
7fd06a2c8000-7fd06a2de000 r-xp 00000000 08:02 1444262                    /lib/x86_64-linux-gnu/libgcc_s.so.1
7fd06a2de000-7fd06a4dd000 ---p 00016000 08:02 1444262                    /lib/x86_64-linux-gnu/libgcc_s.so.1
7fd06a4dd000-7fd06a4de000 r--p 00015000 08:02 1444262                    /lib/x86_64-linux-gnu/libgcc_s.so.1
7fd06a4de000-7fd06a4df000 rw-p 00016000 08:02 1444262                    /lib/x86_64-linux-gnu/libgcc_s.so.1
7fd06a4e0000-7fd06a5f2000 r-xp 00000000 08:02 1465563                    /lib/x86_64-linux-gnu/libm-2.25.so
7fd06a5f2000-7fd06a7f1000 ---p 00112000 08:02 1465563                    /lib/x86_64-linux-gnu/libm-2.25.so
7fd06a7f1000-7fd06a7f2000 r--p 00111000 08:02 1465563                    /lib/x86_64-linux-gnu/libm-2.25.so
7fd06a7f2000-7fd06a7f3000 rw-p 00112000 08:02 1465563                    /lib/x86_64-linux-gnu/libm-2.25.so
7fd06a7f8000-7fd06a968000 r-xp 00000000 08:02 5508933                    /usr/lib/x86_64-linux-gnu/libstdc++.so.6.0.24
7fd06a968000-7fd06ab68000 ---p 00170000 08:02 5508933                    /usr/lib/x86_64-linux-gnu/libstdc++.so.6.0.24
7fd06ab68000-7fd06ab72000 r--p 00170000 08:02 5508933                    /usr/lib/x86_64-linux-gnu/libstdc++.so.6.0.24
7fd06ab72000-7fd06ab74000 rw-p 0017a000 08:02 5508933                    /usr/lib/x86_64-linux-gnu/libstdc++.so.6.0.24
7fd06ab74000-7fd06ab77000 rw-p 00000000 00:00 0 
7fd06ab78000-7fd06b802000 r-xp 00000000 08:02 6162061                    /usr/lib/jvm/java-8-openjdk-amd64/jre/lib/amd64/server/libjvm.so
7fd06b802000-7fd06ba02000 ---p 00c8a000 08:02 6162061                    /usr/lib/jvm/java-8-openjdk-amd64/jre/lib/amd64/server/libjvm.so
7fd06ba02000-7fd06ba95000 r--p 00c8a000 08:02 6162061                    /usr/lib/jvm/java-8-openjdk-amd64/jre/lib/amd64/server/libjvm.so
7fd06ba95000-7fd06babd000 rw-p 00d1d000 08:02 6162061                    /usr/lib/jvm/java-8-openjdk-amd64/jre/lib/amd64/server/libjvm.so
7fd06babd000-7fd06baee000 rw-p 00000000 00:00 0 
7fd06baf0000-7fd06bc89000 r-xp 00000000 08:02 1465559                    /lib/x86_64-linux-gnu/libc-2.25.so
7fd06bc89000-7fd06be89000 ---p 00199000 08:02 1465559                    /lib/x86_64-linux-gnu/libc-2.25.so
7fd06be89000-7fd06be8d000 r--p 00199000 08:02 1465559                    /lib/x86_64-linux-gnu/libc-2.25.so
7fd06be8d000-7fd06be8f000 rw-p 0019d000 08:02 1465559                    /lib/x86_64-linux-gnu/libc-2.25.so
7fd06be8f000-7fd06be93000 rw-p 00000000 00:00 0 
7fd06be98000-7fd06be9b000 r-xp 00000000 08:02 1465562                    /lib/x86_64-linux-gnu/libdl-2.25.so
7fd06be9b000-7fd06c09a000 ---p 00003000 08:02 1465562                    /lib/x86_64-linux-gnu/libdl-2.25.so
7fd06c09a000-7fd06c09b000 r--p 00002000 08:02 1465562                    /lib/x86_64-linux-gnu/libdl-2.25.so
7fd06c09b000-7fd06c09c000 rw-p 00003000 08:02 1465562                    /lib/x86_64-linux-gnu/libdl-2.25.so
7fd06c0a0000-7fd06c0ae000 r-xp 00000000 08:02 6162021                    /usr/lib/jvm/java-8-openjdk-amd64/jre/lib/amd64/jli/libjli.so
7fd06c0ae000-7fd06c2ad000 ---p 0000e000 08:02 6162021                    /usr/lib/jvm/java-8-openjdk-amd64/jre/lib/amd64/jli/libjli.so
7fd06c2ad000-7fd06c2ae000 r--p 0000d000 08:02 6162021                    /usr/lib/jvm/java-8-openjdk-amd64/jre/lib/amd64/jli/libjli.so
7fd06c2ae000-7fd06c2af000 rw-p 0000e000 08:02 6162021                    /usr/lib/jvm/java-8-openjdk-amd64/jre/lib/amd64/jli/libjli.so
7fd06c2b0000-7fd06c2c9000 r-xp 00000000 08:02 1444460                    /lib/x86_64-linux-gnu/libz.so.1.2.8
7fd06c2c9000-7fd06c4c8000 ---p 00019000 08:02 1444460                    /lib/x86_64-linux-gnu/libz.so.1.2.8
7fd06c4c8000-7fd06c4c9000 r--p 00018000 08:02 1444460                    /lib/x86_64-linux-gnu/libz.so.1.2.8
7fd06c4c9000-7fd06c4ca000 rw-p 00019000 08:02 1444460                    /lib/x86_64-linux-gnu/libz.so.1.2.8
7fd06c4d0000-7fd06c4e9000 r-xp 00000000 08:02 1465574                    /lib/x86_64-linux-gnu/libpthread-2.25.so
7fd06c4e9000-7fd06c6e8000 ---p 00019000 08:02 1465574                    /lib/x86_64-linux-gnu/libpthread-2.25.so
7fd06c6e8000-7fd06c6e9000 r--p 00018000 08:02 1465574                    /lib/x86_64-linux-gnu/libpthread-2.25.so
7fd06c6e9000-7fd06c6ea000 rw-p 00019000 08:02 1465574                    /lib/x86_64-linux-gnu/libpthread-2.25.so
7fd06c6ea000-7fd06c6ee000 rw-p 00000000 00:00 0 
7fd06c6f0000-7fd06c713000 r-xp 00000000 08:02 1459620                    /lib/x86_64-linux-gnu/ld-2.25.so
7fd06c718000-7fd06c719000 r--p 00000000 08:02 6165354                    /usr/lib/locale/en_AG/LC_MESSAGES/SYS_LC_MESSAGES
7fd06c720000-7fd06c721000 r--p 00000000 08:02 6162757                    /usr/lib/locale/aa_DJ.utf8/LC_PAPER
7fd06c728000-7fd06c729000 r--p 00000000 08:02 6165139                    /usr/lib/locale/chr_US/LC_NAME
7fd06c730000-7fd06c731000 r--p 00000000 08:02 6165419                    /usr/lib/locale/en_GB.utf8/LC_ADDRESS
7fd06c738000-7fd06c739000 r--p 00000000 08:02 6165205                    /usr/lib/locale/cy_GB.utf8/LC_TELEPHONE
7fd06c740000-7fd06c741000 r--p 00000000 08:02 6162751                    /usr/lib/locale/aa_DJ.utf8/LC_MEASUREMENT
7fd06c748000-7fd06c74f000 r--s 00000000 08:02 6164888                    /usr/lib/x86_64-linux-gnu/gconv/gconv-modules.cache
7fd06c750000-7fd06c751000 r--p 00000000 08:02 6165420                    /usr/lib/locale/en_GB.utf8/LC_IDENTIFICATION
7fd06c756000-7fd06c7b1000 rw-p 00000000 00:00 0 
7fd06c7b1000-7fd06c800000 rw-p 00000000 00:00 0 
7fd06c800000-7fd06c808000 rw-s 00000000 08:12 260616                     /tmp/hsperfdata_mart/7039
7fd06c80d000-7fd06c80f000 r-xp 00000000 00:00 0 
7fd06c80f000-7fd06c810000 rw-p 00000000 00:00 0 
7fd06c810000-7fd06c811000 r--p 00000000 00:00 0 
7fd06c811000-7fd06c814000 ---p 00000000 00:00 0 
7fd06c814000-7fd06c912000 rw-p 00000000 00:00 0 
7fd06c912000-7fd06c913000 r--p 00022000 08:02 1459620                    /lib/x86_64-linux-gnu/ld-2.25.so
7fd06c913000-7fd06c914000 rw-p 00023000 08:02 1459620                    /lib/x86_64-linux-gnu/ld-2.25.so
7fd06c914000-7fd06c917000 rw-p 00000000 00:00 0 
7fd06c917000-7fd06c919000 rw-p 00000000 00:00 0 
7fff377dd000-7fff377fe000 rw-p 00000000 00:00 0                          [stack]
7fff37810000-7fff37813000 r--p 00000000 00:00 0                          [vvar]
7fff37813000-7fff37815000 r-xp 00000000 00:00 0                          [vdso]

VM Arguments:
jvm_args: -javaagent:/opt/intellij/lib/idea_rt.jar=38291:/opt/intellij/bin -Dfile.encoding=UTF-8 
java_command: Engine.Main
java_class_path (initial): /usr/lib/jvm/java-1.8.0-openjdk-amd64/jre/lib/charsets.jar:/usr/lib/jvm/java-1.8.0-openjdk-amd64/jre/lib/ext/cldrdata.jar:/usr/lib/jvm/java-1.8.0-openjdk-amd64/jre/lib/ext/dnsns.jar:/usr/lib/jvm/java-1.8.0-openjdk-amd64/jre/lib/ext/icedtea-sound.jar:/usr/lib/jvm/java-1.8.0-openjdk-amd64/jre/lib/ext/jaccess.jar:/usr/lib/jvm/java-1.8.0-openjdk-amd64/jre/lib/ext/java-atk-wrapper.jar:/usr/lib/jvm/java-1.8.0-openjdk-amd64/jre/lib/ext/localedata.jar:/usr/lib/jvm/java-1.8.0-openjdk-amd64/jre/lib/ext/nashorn.jar:/usr/lib/jvm/java-1.8.0-openjdk-amd64/jre/lib/ext/sunec.jar:/usr/lib/jvm/java-1.8.0-openjdk-amd64/jre/lib/ext/sunjce_provider.jar:/usr/lib/jvm/java-1.8.0-openjdk-amd64/jre/lib/ext/sunpkcs11.jar:/usr/lib/jvm/java-1.8.0-openjdk-amd64/jre/lib/ext/zipfs.jar:/usr/lib/jvm/java-1.8.0-openjdk-amd64/jre/lib/jce.jar:/usr/lib/jvm/java-1.8.0-openjdk-amd64/jre/lib/jsse.jar:/usr/lib/jvm/java-1.8.0-openjdk-amd64/jre/lib/management-agent.jar:/usr/lib/jvm/java-1.8.0-openjdk-amd64/jre/lib/resources.jar:/usr/lib/jvm/java-1.8.0-openjdk-amd64/jre/lib/rt.jar:/home/mart/IdeaProjects/silorex/out/production/silorex:/home/mart/IdeaProjects/silorex/lwjgl/lwjgl-natives-linux.jar:/home/mart/IdeaProjects/silorex/lwjgl/lwjgl-natives-macos.jar:/home/mart/IdeaProjects/silorex/lwjgl/lwjgl-natives-windows.jar:/home/mart/IdeaProjects/silorex/lwjgl/lwjgl.jar:/home/mart/IdeaProjects/silorex/lwjgl/lwjgl-opengl-natives-linux.jar:/home/mart/IdeaProjects/silorex/lwjgl/lwjgl-opengl-natives-macos.jar:/home/mart/IdeaProjects/silorex/lwjgl/lwjgl-opengl-natives-windows.jar:/home/mart/IdeaProjects/silorex/lwjgl/lwjgl-opengl.jar:/home/mart/IdeaProjects/silorex/lwjgl/lwjgl-glfw-natives-linux.jar:/home/mart/IdeaProjects/silorex/lwjgl/lwjgl-glfw-natives-macos.jar:/home/mart/IdeaProjects/silorex/lwjgl/lwjgl-glfw-natives-windows.jar:/home/mart/IdeaProjects/silorex/lwjgl/lwjgl-glfw.jar:/opt/intellij/lib/idea_rt.jar
Launcher Type: SUN_STANDARD

Environment Variables:
PATH=/usr/local/bin:/usr/bin:/bin:/usr/local/games:/usr/games
USERNAME=mart
SHELL=/bin/bash
DISPLAY=:1

Signal Handlers:
SIGSEGV: [libjvm.so+0xaa6ae0], sa_mask[0]=11111111011111111101111111111110, sa_flags=SA_RESTART|SA_SIGINFO
SIGBUS: [libjvm.so+0xaa6ae0], sa_mask[0]=11111111011111111101111111111110, sa_flags=SA_RESTART|SA_SIGINFO
SIGFPE: [libjvm.so+0x8ddf00], sa_mask[0]=11111111011111111101111111111110, sa_flags=SA_RESTART|SA_SIGINFO
SIGPIPE: [libjvm.so+0x8ddf00], sa_mask[0]=11111111011111111101111111111110, sa_flags=SA_RESTART|SA_SIGINFO
SIGXFSZ: [libjvm.so+0x8ddf00], sa_mask[0]=11111111011111111101111111111110, sa_flags=SA_RESTART|SA_SIGINFO
SIGILL: [libjvm.so+0x8ddf00], sa_mask[0]=11111111011111111101111111111110, sa_flags=SA_RESTART|SA_SIGINFO
SIGUSR1: SIG_DFL, sa_mask[0]=00000000000000000000000000000000, sa_flags=none
SIGUSR2: [libjvm.so+0x8dddb0], sa_mask[0]=00100000000000000000000000000000, sa_flags=SA_RESTART|SA_SIGINFO
SIGHUP: [libjvm.so+0x8de260], sa_mask[0]=11111111011111111101111111111110, sa_flags=SA_RESTART|SA_SIGINFO
SIGINT: [libjvm.so+0x8de260], sa_mask[0]=11111111011111111101111111111110, sa_flags=SA_RESTART|SA_SIGINFO
SIGTERM: [libjvm.so+0x8de260], sa_mask[0]=11111111011111111101111111111110, sa_flags=SA_RESTART|SA_SIGINFO
SIGQUIT: [libjvm.so+0x8de260], sa_mask[0]=11111111011111111101111111111110, sa_flags=SA_RESTART|SA_SIGINFO


---------------  S Y S T E M  ---------------

OS:DISTRIB_ID=Kali
DISTRIB_RELEASE=kali-rolling
DISTRIB_CODENAME=kali-rolling
DISTRIB_DESCRIPTION="Kali GNU/Linux Rolling"

uname:Linux 4.14.0-kali1-amd64 #1 SMP Debian 4.14.2-1kali1 (2017-12-04) x86_64
libc:glibc 2.25 NPTL 2.25 
rlimit: STACK 8192k, CORE 0k, NPROC 63609, NOFILE 1048576, AS infinity
load average:1.73 1.26 1.30

/proc/meminfo:
MemTotal:       16383060 kB
MemFree:         7342180 kB
MemAvailable:    9499908 kB
Buffers:          352348 kB
Cached:          2135400 kB
SwapCached:            0 kB
Active:          6933988 kB
Inactive:        1561224 kB
Active(anon):    6008880 kB
Inactive(anon):   253192 kB
Active(file):     925108 kB
Inactive(file):  1308032 kB
Unevictable:          16 kB
Mlocked:              16 kB
SwapTotal:      19530748 kB
SwapFree:       19530748 kB
Dirty:               276 kB
Writeback:            84 kB
AnonPages:       4902124 kB
Mapped:           712764 kB
Shmem:            254624 kB
Slab:             331000 kB
SReclaimable:     262784 kB
SUnreclaim:        68216 kB
KernelStack:       16020 kB
PageTables:        53216 kB
NFS_Unstable:          0 kB
Bounce:                0 kB
WritebackTmp:          0 kB
CommitLimit:    27722276 kB
Committed_AS:   12252356 kB
VmallocTotal:   34359738367 kB
VmallocUsed:           0 kB
VmallocChunk:          0 kB
HardwareCorrupted:     0 kB
AnonHugePages:   2297856 kB
ShmemHugePages:        0 kB
ShmemPmdMapped:        0 kB
HugePages_Total:       0
HugePages_Free:        0
HugePages_Rsvd:        0
HugePages_Surp:        0
Hugepagesize:       2048 kB
DirectMap4k:      258484 kB
DirectMap2M:    10174464 kB
DirectMap1G:     6291456 kB


CPU:total 8 (initial active 8) (8 cores per cpu, 1 threads per core) family 21 model 2 stepping 0, cmov, cx8, fxsr, mmx, sse, sse2, sse3, ssse3, sse4.1, sse4.2, popcnt, avx, aes, clmul, mmxext, 3dnowpref, lzcnt, sse4a, tsc, tscinvbit, tscinv, bmi1

/proc/cpuinfo:
processor	: 0
vendor_id	: AuthenticAMD
cpu family	: 21
model		: 2
model name	: AMD FX(tm)-8320 Eight-Core Processor
stepping	: 0
microcode	: 0x600084f
cpu MHz		: 3500.000
cache size	: 2048 KB
physical id	: 0
siblings	: 8
core id		: 0
cpu cores	: 4
apicid		: 16
initial apicid	: 0
fpu		: yes
fpu_exception	: yes
cpuid level	: 13
wp		: yes
flags		: fpu vme de pse tsc msr pae mce cx8 apic sep mtrr pge mca cmov pat pse36 clflush mmx fxsr sse sse2 ht syscall nx mmxext fxsr_opt pdpe1gb rdtscp lm constant_tsc rep_good nopl nonstop_tsc cpuid extd_apicid aperfmperf pni pclmulqdq monitor ssse3 fma cx16 sse4_1 sse4_2 popcnt aes xsave avx f16c lahf_lm cmp_legacy svm extapic cr8_legacy abm sse4a misalignsse 3dnowprefetch osvw ibs xop skinit wdt lwp fma4 tce nodeid_msr tbm topoext perfctr_core perfctr_nb cpb hw_pstate vmmcall bmi1 arat npt lbrv svm_lock nrip_save tsc_scale vmcb_clean flushbyasid decodeassists pausefilter pfthreshold
bugs		: fxsave_leak sysret_ss_attrs null_seg
bogomips	: 7000.67
TLB size	: 1536 4K pages
clflush size	: 64
cache_alignment	: 64
address sizes	: 48 bits physical, 48 bits virtual
power management: ts ttp tm 100mhzsteps hwpstate cpb eff_freq_ro

processor	: 1
vendor_id	: AuthenticAMD
cpu family	: 21
model		: 2
model name	: AMD FX(tm)-8320 Eight-Core Processor
stepping	: 0
microcode	: 0x600084f
cpu MHz		: 2900.000
cache size	: 2048 KB
physical id	: 0
siblings	: 8
core id		: 1
cpu cores	: 4
apicid		: 17
initial apicid	: 1
fpu		: yes
fpu_exception	: yes
cpuid level	: 13
wp		: yes
flags		: fpu vme de pse tsc msr pae mce cx8 apic sep mtrr pge mca cmov pat pse36 clflush mmx fxsr sse sse2 ht syscall nx mmxext fxsr_opt pdpe1gb rdtscp lm constant_tsc rep_good nopl nonstop_tsc cpuid extd_apicid aperfmperf pni pclmulqdq monitor ssse3 fma cx16 sse4_1 sse4_2 popcnt aes xsave avx f16c lahf_lm cmp_legacy svm extapic cr8_legacy abm sse4a misalignsse 3dnowprefetch osvw ibs xop skinit wdt lwp fma4 tce nodeid_msr tbm topoext perfctr_core perfctr_nb cpb hw_pstate vmmcall bmi1 arat npt lbrv svm_lock nrip_save tsc_scale vmcb_clean flushbyasid decodeassists pausefilter pfthreshold
bugs		: fxsave_leak sysret_ss_attrs null_seg
bogomips	: 7000.67
TLB size	: 1536 4K pages
clflush size	: 64
cache_alignment	: 64
address sizes	: 48 bits physical, 48 bits virtual
power management: ts ttp tm 100mhzsteps hwpstate cpb eff_freq_ro

processor	: 2
vendor_id	: AuthenticAMD
cpu family	: 21
model		: 2
model name	: AMD FX(tm)-8320 Eight-Core Processor
stepping	: 0
microcode	: 0x600084f
cpu MHz		: 2900.000
cache size	: 2048 KB
physical id	: 0
siblings	: 8
core id		: 2
cpu cores	: 4
apicid		: 18
initial apicid	: 2
fpu		: yes
fpu_exception	: yes
cpuid level	: 13
wp		: yes
flags		: fpu vme de pse tsc msr pae mce cx8 apic sep mtrr pge mca cmov pat pse36 clflush mmx fxsr sse sse2 ht syscall nx mmxext fxsr_opt pdpe1gb rdtscp lm constant_tsc rep_good nopl nonstop_tsc cpuid extd_apicid aperfmperf pni pclmulqdq monitor ssse3 fma cx16 sse4_1 sse4_2 popcnt aes xsave avx f16c lahf_lm cmp_legacy svm extapic cr8_legacy abm sse4a misalignsse 3dnowprefetch osvw ibs xop skinit wdt lwp fma4 tce nodeid_msr tbm topoext perfctr_core perfctr_nb cpb hw_pstate vmmcall bmi1 arat npt lbrv svm_lock nrip_save tsc_scale vmcb_clean flushbyasid decodeassists pausefilter pfthreshold
bugs		: fxsave_leak sysret_ss_attrs null_seg
bogomips	: 7000.67
TLB size	: 1536 4K pages
clflush size	: 64
cache_alignment	: 64
address sizes	: 48 bits physical, 48 bits virtual
power management: ts ttp tm 100mhzsteps hwpstate cpb eff_freq_ro

processor	: 3
vendor_id	: AuthenticAMD
cpu family	: 21
model		: 2
model name	: AMD FX(tm)-8320 Eight-Core Processor
stepping	: 0
microcode	: 0x600084f
cpu MHz		: 2900.000
cache size	: 2048 KB
physical id	: 0
siblings	: 8
core id		: 3
cpu cores	: 4
apicid		: 19
initial apicid	: 3
fpu		: yes
fpu_exception	: yes
cpuid level	: 13
wp		: yes
flags		: fpu vme de pse tsc msr pae mce cx8 apic sep mtrr pge mca cmov pat pse36 clflush mmx fxsr sse sse2 ht syscall nx mmxext fxsr_opt pdpe1gb rdtscp lm constant_tsc rep_good nopl nonstop_tsc cpuid extd_apicid aperfmperf pni pclmulqdq monitor ssse3 fma cx16 sse4_1 sse4_2 popcnt aes xsave avx f16c lahf_lm cmp_legacy svm extapic cr8_legacy abm sse4a misalignsse 3dnowprefetch osvw ibs xop skinit wdt lwp fma4 tce nodeid_msr tbm topoext perfctr_core perfctr_nb cpb hw_pstate vmmcall bmi1 arat npt lbrv svm_lock nrip_save tsc_scale vmcb_clean flushbyasid decodeassists pausefilter pfthreshold
bugs		: fxsave_leak sysret_ss_attrs null_seg
bogomips	: 7000.67
TLB size	: 1536 4K pages
clflush size	: 64
cache_alignment	: 64
address sizes	: 48 bits physical, 48 bits virtual
power management: ts ttp tm 100mhzsteps hwpstate cpb eff_freq_ro

processor	: 4
vendor_id	: AuthenticAMD
cpu family	: 21
model		: 2
model name	: AMD FX(tm)-8320 Eight-Core Processor
stepping	: 0
microcode	: 0x600084f
cpu MHz		: 1700.000
cache size	: 2048 KB
physical id	: 0
siblings	: 8
core id		: 4
cpu cores	: 4
apicid		: 20
initial apicid	: 4
fpu		: yes
fpu_exception	: yes
cpuid level	: 13
wp		: yes
flags		: fpu vme de pse tsc msr pae mce cx8 apic sep mtrr pge mca cmov pat pse36 clflush mmx fxsr sse sse2 ht syscall nx mmxext fxsr_opt pdpe1gb rdtscp lm constant_tsc rep_good nopl nonstop_tsc cpuid extd_apicid aperfmperf pni pclmulqdq monitor ssse3 fma cx16 sse4_1 sse4_2 popcnt aes xsave avx f16c lahf_lm cmp_legacy svm extapic cr8_legacy abm sse4a misalignsse 3dnowprefetch osvw ibs xop skinit wdt lwp fma4 tce nodeid_msr tbm topoext perfctr_core perfctr_nb cpb hw_pstate vmmcall bmi1 arat npt lbrv svm_lock nrip_save tsc_scale vmcb_clean flushbyasid decodeassists pausefilter pfthreshold
bugs		: fxsave_leak sysret_ss_attrs null_seg
bogomips	: 7000.67
TLB size	: 1536 4K pages
clflush size	: 64
cache_alignment	: 64
address sizes	: 48 bits physical, 48 bits virtual
power management: ts ttp tm 100mhzsteps hwpstate cpb eff_freq_ro

processor	: 5
vendor_id	: AuthenticAMD
cpu family	: 21
model		: 2
model name	: AMD FX(tm)-8320 Eight-Core Processor
stepping	: 0
microcode	: 0x600084f
cpu MHz		: 3500.000
cache size	: 2048 KB
physical id	: 0
siblings	: 8
core id		: 5
cpu cores	: 4
apicid		: 21
initial apicid	: 5
fpu		: yes
fpu_exception	: yes
cpuid level	: 13
wp		: yes
flags		: fpu vme de pse tsc msr pae mce cx8 apic sep mtrr pge mca cmov pat pse36 clflush mmx fxsr sse sse2 ht syscall nx mmxext fxsr_opt pdpe1gb rdtscp lm constant_tsc rep_good nopl nonstop_tsc cpuid extd_apicid aperfmperf pni pclmulqdq monitor ssse3 fma cx16 sse4_1 sse4_2 popcnt aes xsave avx f16c lahf_lm cmp_legacy svm extapic cr8_legacy abm sse4a misalignsse 3dnowprefetch osvw ibs xop skinit wdt lwp fma4 tce nodeid_msr tbm topoext perfctr_core perfctr_nb cpb hw_pstate vmmcall bmi1 arat npt lbrv svm_lock nrip_save tsc_scale vmcb_clean flushbyasid decodeassists pausefilter pfthreshold
bugs		: fxsave_leak sysret_ss_attrs null_seg
bogomips	: 7000.67
TLB size	: 1536 4K pages
clflush size	: 64
cache_alignment	: 64
address sizes	: 48 bits physical, 48 bits virtual
power management: ts ttp tm 100mhzsteps hwpstate cpb eff_freq_ro

processor	: 6
vendor_id	: AuthenticAMD
cpu family	: 21
model		: 2
model name	: AMD FX(tm)-8320 Eight-Core Processor
stepping	: 0
microcode	: 0x600084f
cpu MHz		: 3500.000
cache size	: 2048 KB
physical id	: 0
siblings	: 8
core id		: 6
cpu cores	: 4
apicid		: 22
initial apicid	: 6
fpu		: yes
fpu_exception	: yes
cpuid level	: 13
wp		: yes
flags		: fpu vme de pse tsc msr pae mce cx8 apic sep mtrr pge mca cmov pat pse36 clflush mmx fxsr sse sse2 ht syscall nx mmxext fxsr_opt pdpe1gb rdtscp lm constant_tsc rep_good nopl nonstop_tsc cpuid extd_apicid aperfmperf pni pclmulqdq monitor ssse3 fma cx16 sse4_1 sse4_2 popcnt aes xsave avx f16c lahf_lm cmp_legacy svm extapic cr8_legacy abm sse4a misalignsse 3dnowprefetch osvw ibs xop skinit wdt lwp fma4 tce nodeid_msr tbm topoext perfctr_core perfctr_nb cpb hw_pstate vmmcall bmi1 arat npt lbrv svm_lock nrip_save tsc_scale vmcb_clean flushbyasid decodeassists pausefilter pfthreshold
bugs		: fxsave_leak sysret_ss_attrs null_seg
bogomips	: 7000.67
TLB size	: 1536 4K pages
clflush size	: 64
cache_alignment	: 64
address sizes	: 48 bits physical, 48 bits virtual
power management: ts ttp tm 100mhzsteps hwpstate cpb eff_freq_ro

processor	: 7
vendor_id	: AuthenticAMD
cpu family	: 21
model		: 2
model name	: AMD FX(tm)-8320 Eight-Core Processor
stepping	: 0
microcode	: 0x600084f
cpu MHz		: 2300.000
cache size	: 2048 KB
physical id	: 0
siblings	: 8
core id		: 7
cpu cores	: 4
apicid		: 23
initial apicid	: 7
fpu		: yes
fpu_exception	: yes
cpuid level	: 13
wp		: yes
flags		: fpu vme de pse tsc msr pae mce cx8 apic sep mtrr pge mca cmov pat pse36 clflush mmx fxsr sse sse2 ht syscall nx mmxext fxsr_opt pdpe1gb rdtscp lm constant_tsc rep_good nopl nonstop_tsc cpuid extd_apicid aperfmperf pni pclmulqdq monitor ssse3 fma cx16 sse4_1 sse4_2 popcnt aes xsave avx f16c lahf_lm cmp_legacy svm extapic cr8_legacy abm sse4a misalignsse 3dnowprefetch osvw ibs xop skinit wdt lwp fma4 tce nodeid_msr tbm topoext perfctr_core perfctr_nb cpb hw_pstate vmmcall bmi1 arat npt lbrv svm_lock nrip_save tsc_scale vmcb_clean flushbyasid decodeassists pausefilter pfthreshold
bugs		: fxsave_leak sysret_ss_attrs null_seg
bogomips	: 7000.67
TLB size	: 1536 4K pages
clflush size	: 64
cache_alignment	: 64
address sizes	: 48 bits physical, 48 bits virtual
power management: ts ttp tm 100mhzsteps hwpstate cpb eff_freq_ro



Memory: 4k page, physical 16383060k(7342180k free), swap 19530748k(19530748k free)

vm_info: OpenJDK 64-Bit Server VM (25.151-b12) for linux-amd64 JRE (1.8.0_151-8u151-b12-1-b12), built on Nov  1 2017 06:12:56 by "buildd" with gcc 7.2.1 20171025

time: Sat Jan  6 20:39:23 2018
elapsed time: 0 seconds (0d 0h 0m 0s)

